2023-09-27 11:26:55 [INFO]: 执行文件-> test_login.yaml
2023-09-27 11:26:55 [INFO]: 参数化数据-> [{'username': 'test1', 'password': '123456'}, {'username': 'test2', 'password': 'abdxxx'}]
2023-09-27 11:26:55 [INFO]: 用例步骤：1 -> 登录2
2023-09-27 11:26:55 [INFO]: 当前用例引用参数化数据-> {'request': <FixtureRequest for <Function test_login[test1-123456]>>, 'username': 'test1', 'password': '123456'}
2023-09-27 11:26:55 [INFO]: --------  request info ----------
{
    "url": "http://124.70.221.221:8201/api/v1/login/",
    "method": "POST",
    "headers": {
        "Content-Type": "application/json",
        "User-Agent": "python-requests/2.18.4"
    },
    "json": {
        "username": "test",
        "password": "123456"
    }
}
2023-09-27 11:26:55 [INFO]: 执行文件-> test_login.yaml
2023-09-27 11:26:55 [INFO]: 参数化数据-> [{'username': 'test1', 'password': '123456'}, {'username': 'test2', 'password': 'abdxxx'}]
2023-09-27 11:26:55 [INFO]: 用例步骤：1 -> 登录2
2023-09-27 11:26:55 [INFO]: 当前用例引用参数化数据-> {'request': <FixtureRequest for <Function test_login[test2-abdxxx]>>, 'username': 'test2', 'password': 'abdxxx'}
2023-09-27 11:26:55 [INFO]: --------  request info ----------
{
    "url": "http://124.70.221.221:8201/api/v1/login/",
    "method": "POST",
    "headers": {
        "Content-Type": "application/json",
        "User-Agent": "python-requests/2.18.4"
    },
    "json": {
        "username": "test",
        "password": "123456"
    }
}
