2023-11-10 17:36:40 [INFO]: 执行文件-> testnull.yaml
2023-11-10 17:36:40 [INFO]: 参数化数据-> [{'username': 'test1', 'password': '123456'}, {'username': 'test2', 'password': 'abdxxx'}]
2023-11-10 17:36:40 [INFO]: 用例步骤：1 -> 登录1
2023-11-10 17:36:40 [INFO]: 当前用例引用参数化数据-> {'request': <FixtureRequest for <Function testnull[test1-123456]>>, 'username': 'test1', 'password': '123456'}
2023-11-10 17:36:40 [ERROR]: MYSQL_HOST not found in config.py
2023-11-10 17:36:40 [INFO]: --------  request info ----------
{
    "url": "http://124.70.221.221:8201/api/v1/login/",
    "method": "POST",
    "headers": {
        "Content-Type": "application/json",
        "User-Agent": "python-requests/2.18.4"
    },
    "hooks": {
        "request_hooks": [
            "func1"
        ],
        "response_hooks": [
            "func2"
        ]
    },
    "json": {
        "username": "test1",
        "password": "123456",
        "code": "1406536",
        "sql": ""
    }
}
2023-11-10 17:36:40 [INFO]: f--------  执行前置条件 ----------
func1
2023-11-10 17:36:40 [INFO]: --------  response info ----------
status: True
msg: success
statusCode: 200
responseHeaders:
[
    {
        "name": "Date",
        "value": "Fri, 10 Nov 2023 09:36:49 GMT"
    },
    {
        "name": "Server",
        "value": "WSGIServer/0.2 CPython/3.6.8"
    },
    {
        "name": "Content-Type",
        "value": "application/json"
    },
    {
        "name": "Allow",
        "value": "POST, OPTIONS"
    },
    {
        "name": "X-Frame-Options",
        "value": "SAMEORIGIN"
    },
    {
        "name": "Content-Length",
        "value": "110"
    },
    {
        "name": "Vary",
        "value": "Cookie"
    },
    {
        "name": "Set-Cookie",
        "value": "sessionid=pucq326drbhoc7h79xlhe5xfybai4os4; expires=Fri, 24-Nov-2023 09:36:49 GMT; HttpOnly; Max-Age=1209600; Path=/"
    }
]
responseBody:
{
    "code": 0,
    "msg": "login success!",
    "username": "test1",
    "token": "7b698263ce39ebc31ae6843061b1beb7605d2574"
}
cookies: [{'name': 'sessionid', 'value': 'pucq326drbhoc7h79xlhe5xfybai4os4'}]
cost: 2193ms
cookie: <RequestsCookieJar[<Cookie sessionid=pucq326drbhoc7h79xlhe5xfybai4os4 for 124.70.221.221/>]>
2023-11-10 17:36:40 [INFO]: f--------  执行后置条件 ----------
func2
2023-11-10 17:36:40 [INFO]: 断言 -> [{'eq': ['$.msg', 'success']}]
2023-11-10 17:36:40 [INFO]: 执行文件-> testnull.yaml
2023-11-10 17:36:40 [INFO]: 参数化数据-> [{'username': 'test1', 'password': '123456'}, {'username': 'test2', 'password': 'abdxxx'}]
2023-11-10 17:36:40 [INFO]: 用例步骤：1 -> 登录1
2023-11-10 17:36:40 [INFO]: 当前用例引用参数化数据-> {'request': <FixtureRequest for <Function testnull[test2-abdxxx]>>, 'username': 'test2', 'password': 'abdxxx'}
2023-11-10 17:36:40 [ERROR]: MYSQL_HOST not found in config.py
2023-11-10 17:36:40 [INFO]: --------  request info ----------
{
    "url": "http://124.70.221.221:8201/api/v1/login/",
    "method": "POST",
    "headers": {
        "Content-Type": "application/json",
        "User-Agent": "python-requests/2.18.4"
    },
    "hooks": {
        "request_hooks": [
            "func1"
        ],
        "response_hooks": [
            "func2"
        ]
    },
    "json": {
        "username": "test2",
        "password": "abdxxx",
        "code": "1648223",
        "sql": ""
    }
}
2023-11-10 17:36:40 [INFO]: f--------  执行前置条件 ----------
func1
2023-11-10 17:36:40 [INFO]: --------  response info ----------
status: True
msg: success
statusCode: 200
responseHeaders:
[
    {
        "name": "Date",
        "value": "Fri, 10 Nov 2023 09:36:49 GMT"
    },
    {
        "name": "Server",
        "value": "WSGIServer/0.2 CPython/3.6.8"
    },
    {
        "name": "Content-Type",
        "value": "application/json"
    },
    {
        "name": "Allow",
        "value": "POST, OPTIONS"
    },
    {
        "name": "X-Frame-Options",
        "value": "SAMEORIGIN"
    },
    {
        "name": "Content-Length",
        "value": "76"
    },
    {
        "name": "Vary",
        "value": "Cookie"
    },
    {
        "name": "Set-Cookie",
        "value": "sessionid=kib23owup2tbdodslncfnnjkziw75tj7; expires=Fri, 24-Nov-2023 09:36:49 GMT; HttpOnly; Max-Age=1209600; Path=/"
    }
]
responseBody:
{
    "code": 3003,
    "msg": "账号或密码不正确",
    "username": "test2",
    "token": ""
}
cookies: [{'name': 'sessionid', 'value': 'kib23owup2tbdodslncfnnjkziw75tj7'}]
cost: 1891ms
cookie: <RequestsCookieJar[<Cookie sessionid=kib23owup2tbdodslncfnnjkziw75tj7 for 124.70.221.221/>]>
2023-11-10 17:36:40 [INFO]: f--------  执行后置条件 ----------
func2
2023-11-10 17:36:40 [INFO]: 断言 -> [{'eq': ['$.msg', 'success']}]
2023-11-10 17:36:40 [INFO]: 执行文件-> testnull.yaml
2023-11-10 17:36:40 [INFO]: 参数化数据-> [{'username': 'test1', 'password': '123456'}, {'username': 'test2', 'password': 'abdxxx'}]
2023-11-10 17:36:40 [INFO]: 用例步骤：1 -> 登录1
2023-11-10 17:36:40 [INFO]: 当前用例引用参数化数据-> {'request': <FixtureRequest for <Function testnull[test1-123456]>>, 'username': 'test1', 'password': '123456'}
2023-11-10 17:36:40 [ERROR]: MYSQL_HOST not found in config.py
2023-11-10 17:36:40 [INFO]: --------  request info ----------
{
    "url": "http://124.70.221.221:8201/api/v1/login/",
    "method": "POST",
    "headers": {
        "Content-Type": "application/json",
        "User-Agent": "python-requests/2.18.4"
    },
    "hooks": {
        "request_hooks": [
            "func1"
        ],
        "response_hooks": [
            "func2"
        ]
    },
    "json": {
        "username": "test1",
        "password": "123456",
        "code": "1790527",
        "sql": ""
    }
}
2023-11-10 17:36:40 [INFO]: f--------  执行前置条件 ----------
func1
2023-11-10 17:36:40 [INFO]: --------  response info ----------
status: True
msg: success
statusCode: 200
responseHeaders:
[
    {
        "name": "Date",
        "value": "Fri, 10 Nov 2023 09:36:49 GMT"
    },
    {
        "name": "Server",
        "value": "WSGIServer/0.2 CPython/3.6.8"
    },
    {
        "name": "Content-Type",
        "value": "application/json"
    },
    {
        "name": "Allow",
        "value": "POST, OPTIONS"
    },
    {
        "name": "X-Frame-Options",
        "value": "SAMEORIGIN"
    },
    {
        "name": "Content-Length",
        "value": "110"
    },
    {
        "name": "Vary",
        "value": "Cookie"
    },
    {
        "name": "Set-Cookie",
        "value": "sessionid=e8xew4ntxy2qko5vg6q2l01ymadpnlkf; expires=Fri, 24-Nov-2023 09:36:49 GMT; HttpOnly; Max-Age=1209600; Path=/"
    }
]
responseBody:
{
    "code": 0,
    "msg": "login success!",
    "username": "test1",
    "token": "f17d01933985459f9506cd31c3c25558aa7b1f98"
}
cookies: [{'name': 'sessionid', 'value': 'e8xew4ntxy2qko5vg6q2l01ymadpnlkf'}]
cost: 2068ms
cookie: <RequestsCookieJar[<Cookie sessionid=e8xew4ntxy2qko5vg6q2l01ymadpnlkf for 124.70.221.221/>]>
2023-11-10 17:36:40 [INFO]: f--------  执行后置条件 ----------
func2
2023-11-10 17:36:40 [INFO]: 断言 -> [{'eq': ['$.msg', 'success']}]
2023-11-10 17:36:40 [INFO]: 执行文件-> testnull.yaml
2023-11-10 17:36:40 [INFO]: 参数化数据-> [{'username': 'test1', 'password': '123456'}, {'username': 'test2', 'password': 'abdxxx'}]
2023-11-10 17:36:40 [INFO]: 用例步骤：1 -> 登录1
2023-11-10 17:36:40 [INFO]: 当前用例引用参数化数据-> {'request': <FixtureRequest for <Function testnull[test2-abdxxx]>>, 'username': 'test2', 'password': 'abdxxx'}
2023-11-10 17:36:40 [ERROR]: MYSQL_HOST not found in config.py
2023-11-10 17:36:40 [INFO]: --------  request info ----------
{
    "url": "http://124.70.221.221:8201/api/v1/login/",
    "method": "POST",
    "headers": {
        "Content-Type": "application/json",
        "User-Agent": "python-requests/2.18.4"
    },
    "hooks": {
        "request_hooks": [
            "func1"
        ],
        "response_hooks": [
            "func2"
        ]
    },
    "json": {
        "username": "test2",
        "password": "abdxxx",
        "code": "1985035",
        "sql": ""
    }
}
2023-11-10 17:36:40 [INFO]: f--------  执行前置条件 ----------
func1
2023-11-10 17:36:40 [INFO]: --------  response info ----------
status: True
msg: success
statusCode: 200
responseHeaders:
[
    {
        "name": "Date",
        "value": "Fri, 10 Nov 2023 09:36:49 GMT"
    },
    {
        "name": "Server",
        "value": "WSGIServer/0.2 CPython/3.6.8"
    },
    {
        "name": "Content-Type",
        "value": "application/json"
    },
    {
        "name": "Allow",
        "value": "POST, OPTIONS"
    },
    {
        "name": "X-Frame-Options",
        "value": "SAMEORIGIN"
    },
    {
        "name": "Content-Length",
        "value": "76"
    },
    {
        "name": "Vary",
        "value": "Cookie"
    },
    {
        "name": "Set-Cookie",
        "value": "sessionid=5dbzopdbhyecnlyvfobjst59pzmj7eqb; expires=Fri, 24-Nov-2023 09:36:49 GMT; HttpOnly; Max-Age=1209600; Path=/"
    }
]
responseBody:
{
    "code": 3003,
    "msg": "账号或密码不正确",
    "username": "test2",
    "token": ""
}
cookies: [{'name': 'sessionid', 'value': '5dbzopdbhyecnlyvfobjst59pzmj7eqb'}]
cost: 2184ms
cookie: <RequestsCookieJar[<Cookie sessionid=5dbzopdbhyecnlyvfobjst59pzmj7eqb for 124.70.221.221/>]>
2023-11-10 17:36:40 [INFO]: f--------  执行后置条件 ----------
func2
2023-11-10 17:36:40 [INFO]: 断言 -> [{'eq': ['$.msg', 'success']}]
2023-11-10 17:36:40 [INFO]: 执行文件-> testnull.yaml
2023-11-10 17:36:40 [INFO]: 参数化数据-> [{'username': 'test1', 'password': '123456'}, {'username': 'test2', 'password': 'abdxxx'}]
2023-11-10 17:36:40 [INFO]: 用例步骤：1 -> 登录1
2023-11-10 17:36:40 [INFO]: 当前用例引用参数化数据-> {'request': <FixtureRequest for <Function testnull[test1-123456]>>, 'username': 'test1', 'password': '123456'}
2023-11-10 17:36:40 [ERROR]: MYSQL_HOST not found in config.py
2023-11-10 17:36:40 [INFO]: --------  request info ----------
{
    "url": "http://124.70.221.221:8201/api/v1/login/",
    "method": "POST",
    "headers": {
        "Content-Type": "application/json",
        "User-Agent": "python-requests/2.18.4"
    },
    "hooks": {
        "request_hooks": [
            "func1"
        ],
        "response_hooks": [
            "func2"
        ]
    },
    "json": {
        "username": "test1",
        "password": "123456",
        "code": "1795484",
        "sql": ""
    }
}
2023-11-10 17:36:40 [INFO]: f--------  执行前置条件 ----------
func1
2023-11-10 17:36:41 [INFO]: --------  response info ----------
status: True
msg: success
statusCode: 200
responseHeaders:
[
    {
        "name": "Date",
        "value": "Fri, 10 Nov 2023 09:36:50 GMT"
    },
    {
        "name": "Server",
        "value": "WSGIServer/0.2 CPython/3.6.8"
    },
    {
        "name": "Content-Type",
        "value": "application/json"
    },
    {
        "name": "Allow",
        "value": "POST, OPTIONS"
    },
    {
        "name": "X-Frame-Options",
        "value": "SAMEORIGIN"
    },
    {
        "name": "Content-Length",
        "value": "110"
    },
    {
        "name": "Vary",
        "value": "Cookie"
    },
    {
        "name": "Set-Cookie",
        "value": "sessionid=i76gckh9zy73811sz6um6gtk9qyv3npt; expires=Fri, 24-Nov-2023 09:36:49 GMT; HttpOnly; Max-Age=1209600; Path=/"
    }
]
responseBody:
{
    "code": 0,
    "msg": "login success!",
    "username": "test1",
    "token": "d8ddb603a428c8d54916029f1e6d40360d4c5bae"
}
cookies: [{'name': 'sessionid', 'value': 'i76gckh9zy73811sz6um6gtk9qyv3npt'}]
cost: 2321ms
cookie: <RequestsCookieJar[<Cookie sessionid=i76gckh9zy73811sz6um6gtk9qyv3npt for 124.70.221.221/>]>
2023-11-10 17:36:41 [INFO]: f--------  执行后置条件 ----------
func2
2023-11-10 17:36:41 [INFO]: 断言 -> [{'eq': ['$.msg', 'success']}]
2023-11-10 17:36:41 [INFO]: 执行文件-> testnull.yaml
2023-11-10 17:36:41 [INFO]: 参数化数据-> [{'username': 'test1', 'password': '123456'}, {'username': 'test2', 'password': 'abdxxx'}]
2023-11-10 17:36:41 [INFO]: 用例步骤：1 -> 登录1
2023-11-10 17:36:41 [INFO]: 当前用例引用参数化数据-> {'request': <FixtureRequest for <Function testnull[test2-abdxxx]>>, 'username': 'test2', 'password': 'abdxxx'}
2023-11-10 17:36:41 [ERROR]: MYSQL_HOST not found in config.py
2023-11-10 17:36:41 [INFO]: --------  request info ----------
{
    "url": "http://124.70.221.221:8201/api/v1/login/",
    "method": "POST",
    "headers": {
        "Content-Type": "application/json",
        "User-Agent": "python-requests/2.18.4"
    },
    "hooks": {
        "request_hooks": [
            "func1"
        ],
        "response_hooks": [
            "func2"
        ]
    },
    "json": {
        "username": "test2",
        "password": "abdxxx",
        "code": "1151363",
        "sql": ""
    }
}
2023-11-10 17:36:41 [INFO]: f--------  执行前置条件 ----------
func1
2023-11-10 17:36:41 [INFO]: --------  response info ----------
status: True
msg: success
statusCode: 200
responseHeaders:
[
    {
        "name": "Date",
        "value": "Fri, 10 Nov 2023 09:36:50 GMT"
    },
    {
        "name": "Server",
        "value": "WSGIServer/0.2 CPython/3.6.8"
    },
    {
        "name": "Content-Type",
        "value": "application/json"
    },
    {
        "name": "Allow",
        "value": "POST, OPTIONS"
    },
    {
        "name": "X-Frame-Options",
        "value": "SAMEORIGIN"
    },
    {
        "name": "Content-Length",
        "value": "76"
    },
    {
        "name": "Vary",
        "value": "Cookie"
    },
    {
        "name": "Set-Cookie",
        "value": "sessionid=stoqj4erpt6gmr10v9gcq3ldx22q2l8q; expires=Fri, 24-Nov-2023 09:36:50 GMT; HttpOnly; Max-Age=1209600; Path=/"
    }
]
responseBody:
{
    "code": 3003,
    "msg": "账号或密码不正确",
    "username": "test2",
    "token": ""
}
cookies: [{'name': 'sessionid', 'value': 'stoqj4erpt6gmr10v9gcq3ldx22q2l8q'}]
cost: 1982ms
cookie: <RequestsCookieJar[<Cookie sessionid=stoqj4erpt6gmr10v9gcq3ldx22q2l8q for 124.70.221.221/>]>
2023-11-10 17:36:41 [INFO]: f--------  执行后置条件 ----------
func2
2023-11-10 17:36:41 [INFO]: 断言 -> [{'eq': ['$.msg', 'success']}]
2023-11-10 17:36:41 [INFO]: 执行文件-> testnull.yaml
2023-11-10 17:36:41 [INFO]: 参数化数据-> [{'username': 'test1', 'password': '123456'}, {'username': 'test2', 'password': 'abdxxx'}]
2023-11-10 17:36:41 [INFO]: 用例步骤：1 -> 登录1
2023-11-10 17:36:41 [INFO]: 当前用例引用参数化数据-> {'request': <FixtureRequest for <Function testnull[test1-123456]>>, 'username': 'test1', 'password': '123456'}
2023-11-10 17:36:41 [ERROR]: MYSQL_HOST not found in config.py
2023-11-10 17:36:41 [INFO]: --------  request info ----------
{
    "url": "http://124.70.221.221:8201/api/v1/login/",
    "method": "POST",
    "headers": {
        "Content-Type": "application/json",
        "User-Agent": "python-requests/2.18.4"
    },
    "hooks": {
        "request_hooks": [
            "func1"
        ],
        "response_hooks": [
            "func2"
        ]
    },
    "json": {
        "username": "test1",
        "password": "123456",
        "code": "1601106",
        "sql": ""
    }
}
2023-11-10 17:36:41 [INFO]: f--------  执行前置条件 ----------
func1
2023-11-10 17:36:41 [INFO]: --------  response info ----------
status: True
msg: success
statusCode: 200
responseHeaders:
[
    {
        "name": "Date",
        "value": "Fri, 10 Nov 2023 09:36:50 GMT"
    },
    {
        "name": "Server",
        "value": "WSGIServer/0.2 CPython/3.6.8"
    },
    {
        "name": "Content-Type",
        "value": "application/json"
    },
    {
        "name": "Allow",
        "value": "POST, OPTIONS"
    },
    {
        "name": "X-Frame-Options",
        "value": "SAMEORIGIN"
    },
    {
        "name": "Content-Length",
        "value": "110"
    },
    {
        "name": "Vary",
        "value": "Cookie"
    },
    {
        "name": "Set-Cookie",
        "value": "sessionid=4kzsd0twamsjyv8dnmj30t8mg77hit41; expires=Fri, 24-Nov-2023 09:36:50 GMT; HttpOnly; Max-Age=1209600; Path=/"
    }
]
responseBody:
{
    "code": 0,
    "msg": "login success!",
    "username": "test1",
    "token": "c446c51993f39e99f413a1a116883474061c6907"
}
cookies: [{'name': 'sessionid', 'value': '4kzsd0twamsjyv8dnmj30t8mg77hit41'}]
cost: 2222ms
cookie: <RequestsCookieJar[<Cookie sessionid=4kzsd0twamsjyv8dnmj30t8mg77hit41 for 124.70.221.221/>]>
2023-11-10 17:36:41 [INFO]: f--------  执行后置条件 ----------
func2
2023-11-10 17:36:41 [INFO]: 断言 -> [{'eq': ['$.msg', 'success']}]
2023-11-10 17:36:41 [INFO]: 执行文件-> testnull.yaml
2023-11-10 17:36:41 [INFO]: 参数化数据-> [{'username': 'test1', 'password': '123456'}, {'username': 'test2', 'password': 'abdxxx'}]
2023-11-10 17:36:41 [INFO]: 用例步骤：1 -> 登录1
2023-11-10 17:36:41 [INFO]: 当前用例引用参数化数据-> {'request': <FixtureRequest for <Function testnull[test2-abdxxx]>>, 'username': 'test2', 'password': 'abdxxx'}
2023-11-10 17:36:41 [ERROR]: MYSQL_HOST not found in config.py
2023-11-10 17:36:41 [INFO]: --------  request info ----------
{
    "url": "http://124.70.221.221:8201/api/v1/login/",
    "method": "POST",
    "headers": {
        "Content-Type": "application/json",
        "User-Agent": "python-requests/2.18.4"
    },
    "hooks": {
        "request_hooks": [
            "func1"
        ],
        "response_hooks": [
            "func2"
        ]
    },
    "json": {
        "username": "test2",
        "password": "abdxxx",
        "code": "1428539",
        "sql": ""
    }
}
2023-11-10 17:36:41 [INFO]: f--------  执行前置条件 ----------
func1
2023-11-10 17:36:41 [INFO]: --------  response info ----------
status: True
msg: success
statusCode: 200
responseHeaders:
[
    {
        "name": "Date",
        "value": "Fri, 10 Nov 2023 09:36:50 GMT"
    },
    {
        "name": "Server",
        "value": "WSGIServer/0.2 CPython/3.6.8"
    },
    {
        "name": "Content-Type",
        "value": "application/json"
    },
    {
        "name": "Allow",
        "value": "POST, OPTIONS"
    },
    {
        "name": "X-Frame-Options",
        "value": "SAMEORIGIN"
    },
    {
        "name": "Content-Length",
        "value": "76"
    },
    {
        "name": "Vary",
        "value": "Cookie"
    },
    {
        "name": "Set-Cookie",
        "value": "sessionid=0k4lrt8z9qc3w3ad8q47ejj5zs9i0xgx; expires=Fri, 24-Nov-2023 09:36:50 GMT; HttpOnly; Max-Age=1209600; Path=/"
    }
]
responseBody:
{
    "code": 3003,
    "msg": "账号或密码不正确",
    "username": "test2",
    "token": ""
}
cookies: [{'name': 'sessionid', 'value': '0k4lrt8z9qc3w3ad8q47ejj5zs9i0xgx'}]
cost: 1842ms
cookie: <RequestsCookieJar[<Cookie sessionid=0k4lrt8z9qc3w3ad8q47ejj5zs9i0xgx for 124.70.221.221/>]>
2023-11-10 17:36:41 [INFO]: f--------  执行后置条件 ----------
func2
2023-11-10 17:36:41 [INFO]: 断言 -> [{'eq': ['$.msg', 'success']}]
2023-11-10 17:36:41 [INFO]: 执行文件-> testnull.yaml
2023-11-10 17:36:41 [INFO]: 参数化数据-> [{'username': 'test1', 'password': '123456'}, {'username': 'test2', 'password': 'abdxxx'}]
2023-11-10 17:36:41 [INFO]: 用例步骤：1 -> 登录1
2023-11-10 17:36:41 [INFO]: 当前用例引用参数化数据-> {'request': <FixtureRequest for <Function testnull[test1-123456]>>, 'username': 'test1', 'password': '123456'}
2023-11-10 17:36:41 [ERROR]: MYSQL_HOST not found in config.py
2023-11-10 17:36:41 [INFO]: --------  request info ----------
{
    "url": "http://124.70.221.221:8201/api/v1/login/",
    "method": "POST",
    "headers": {
        "Content-Type": "application/json",
        "User-Agent": "python-requests/2.18.4"
    },
    "hooks": {
        "request_hooks": [
            "func1"
        ],
        "response_hooks": [
            "func2"
        ]
    },
    "json": {
        "username": "test1",
        "password": "123456",
        "code": "1202647",
        "sql": ""
    }
}
2023-11-10 17:36:41 [INFO]: f--------  执行前置条件 ----------
func1
2023-11-10 17:36:42 [INFO]: --------  response info ----------
status: True
msg: success
statusCode: 200
responseHeaders:
[
    {
        "name": "Date",
        "value": "Fri, 10 Nov 2023 09:36:50 GMT"
    },
    {
        "name": "Server",
        "value": "WSGIServer/0.2 CPython/3.6.8"
    },
    {
        "name": "Content-Type",
        "value": "application/json"
    },
    {
        "name": "Allow",
        "value": "POST, OPTIONS"
    },
    {
        "name": "X-Frame-Options",
        "value": "SAMEORIGIN"
    },
    {
        "name": "Content-Length",
        "value": "110"
    },
    {
        "name": "Vary",
        "value": "Cookie"
    },
    {
        "name": "Set-Cookie",
        "value": "sessionid=asson1f3te5s2q83y5c04xapha2nm8dp; expires=Fri, 24-Nov-2023 09:36:50 GMT; HttpOnly; Max-Age=1209600; Path=/"
    }
]
responseBody:
{
    "code": 0,
    "msg": "login success!",
    "username": "test1",
    "token": "ea82e7a1f06d974d0e712002d688107b1f6cb84e"
}
cookies: [{'name': 'sessionid', 'value': 'asson1f3te5s2q83y5c04xapha2nm8dp'}]
cost: 3271ms
cookie: <RequestsCookieJar[<Cookie sessionid=asson1f3te5s2q83y5c04xapha2nm8dp for 124.70.221.221/>]>
2023-11-10 17:36:42 [INFO]: f--------  执行后置条件 ----------
func2
2023-11-10 17:36:42 [INFO]: 断言 -> [{'eq': ['$.msg', 'success']}]
2023-11-10 17:36:42 [INFO]: 执行文件-> testnull.yaml
2023-11-10 17:36:42 [INFO]: 参数化数据-> [{'username': 'test1', 'password': '123456'}, {'username': 'test2', 'password': 'abdxxx'}]
2023-11-10 17:36:42 [INFO]: 用例步骤：1 -> 登录1
2023-11-10 17:36:42 [INFO]: 当前用例引用参数化数据-> {'request': <FixtureRequest for <Function testnull[test2-abdxxx]>>, 'username': 'test2', 'password': 'abdxxx'}
2023-11-10 17:36:42 [ERROR]: MYSQL_HOST not found in config.py
2023-11-10 17:36:42 [INFO]: --------  request info ----------
{
    "url": "http://124.70.221.221:8201/api/v1/login/",
    "method": "POST",
    "headers": {
        "Content-Type": "application/json",
        "User-Agent": "python-requests/2.18.4"
    },
    "hooks": {
        "request_hooks": [
            "func1"
        ],
        "response_hooks": [
            "func2"
        ]
    },
    "json": {
        "username": "test2",
        "password": "abdxxx",
        "code": "1781995",
        "sql": ""
    }
}
2023-11-10 17:36:42 [INFO]: f--------  执行前置条件 ----------
func1
2023-11-10 17:36:42 [INFO]: --------  response info ----------
status: True
msg: success
statusCode: 200
responseHeaders:
[
    {
        "name": "Date",
        "value": "Fri, 10 Nov 2023 09:36:51 GMT"
    },
    {
        "name": "Server",
        "value": "WSGIServer/0.2 CPython/3.6.8"
    },
    {
        "name": "Content-Type",
        "value": "application/json"
    },
    {
        "name": "Allow",
        "value": "POST, OPTIONS"
    },
    {
        "name": "X-Frame-Options",
        "value": "SAMEORIGIN"
    },
    {
        "name": "Content-Length",
        "value": "76"
    },
    {
        "name": "Vary",
        "value": "Cookie"
    },
    {
        "name": "Set-Cookie",
        "value": "sessionid=lvf3pcuc2tdczgo4h9v5598n07x54vmp; expires=Fri, 24-Nov-2023 09:36:51 GMT; HttpOnly; Max-Age=1209600; Path=/"
    }
]
responseBody:
{
    "code": 3003,
    "msg": "账号或密码不正确",
    "username": "test2",
    "token": ""
}
cookies: [{'name': 'sessionid', 'value': 'lvf3pcuc2tdczgo4h9v5598n07x54vmp'}]
cost: 2114ms
cookie: <RequestsCookieJar[<Cookie sessionid=lvf3pcuc2tdczgo4h9v5598n07x54vmp for 124.70.221.221/>]>
2023-11-10 17:36:42 [INFO]: f--------  执行后置条件 ----------
func2
2023-11-10 17:36:42 [INFO]: 断言 -> [{'eq': ['$.msg', 'success']}]
2023-11-10 17:36:42 [INFO]: 执行文件-> testnull.yaml
2023-11-10 17:36:42 [INFO]: 参数化数据-> [{'username': 'test1', 'password': '123456'}, {'username': 'test2', 'password': 'abdxxx'}]
2023-11-10 17:36:42 [INFO]: 用例步骤：1 -> 登录1
2023-11-10 17:36:42 [INFO]: 当前用例引用参数化数据-> {'request': <FixtureRequest for <Function testnull[test1-123456]>>, 'username': 'test1', 'password': '123456'}
2023-11-10 17:36:42 [ERROR]: MYSQL_HOST not found in config.py
2023-11-10 17:36:42 [INFO]: --------  request info ----------
{
    "url": "http://124.70.221.221:8201/api/v1/login/",
    "method": "POST",
    "headers": {
        "Content-Type": "application/json",
        "User-Agent": "python-requests/2.18.4"
    },
    "hooks": {
        "request_hooks": [
            "func1"
        ],
        "response_hooks": [
            "func2"
        ]
    },
    "json": {
        "username": "test1",
        "password": "123456",
        "code": "1534953",
        "sql": ""
    }
}
2023-11-10 17:36:42 [INFO]: f--------  执行前置条件 ----------
func1
2023-11-10 17:36:42 [INFO]: --------  response info ----------
status: True
msg: success
statusCode: 200
responseHeaders:
[
    {
        "name": "Date",
        "value": "Fri, 10 Nov 2023 09:36:51 GMT"
    },
    {
        "name": "Server",
        "value": "WSGIServer/0.2 CPython/3.6.8"
    },
    {
        "name": "Content-Type",
        "value": "application/json"
    },
    {
        "name": "Allow",
        "value": "POST, OPTIONS"
    },
    {
        "name": "X-Frame-Options",
        "value": "SAMEORIGIN"
    },
    {
        "name": "Content-Length",
        "value": "110"
    },
    {
        "name": "Vary",
        "value": "Cookie"
    },
    {
        "name": "Set-Cookie",
        "value": "sessionid=zli1mgplvxq1vb1glpe2fcob3ol1ogq1; expires=Fri, 24-Nov-2023 09:36:51 GMT; HttpOnly; Max-Age=1209600; Path=/"
    }
]
responseBody:
{
    "code": 0,
    "msg": "login success!",
    "username": "test1",
    "token": "c335490c7fb8f38e7275bd3ebb3af85a2bc5598c"
}
cookies: [{'name': 'sessionid', 'value': 'zli1mgplvxq1vb1glpe2fcob3ol1ogq1'}]
cost: 2639ms
cookie: <RequestsCookieJar[<Cookie sessionid=zli1mgplvxq1vb1glpe2fcob3ol1ogq1 for 124.70.221.221/>]>
2023-11-10 17:36:42 [INFO]: f--------  执行后置条件 ----------
func2
2023-11-10 17:36:42 [INFO]: 断言 -> [{'eq': ['$.msg', 'success']}]
2023-11-10 17:36:42 [INFO]: 执行文件-> testnull.yaml
2023-11-10 17:36:42 [INFO]: 参数化数据-> [{'username': 'test1', 'password': '123456'}, {'username': 'test2', 'password': 'abdxxx'}]
2023-11-10 17:36:42 [INFO]: 用例步骤：1 -> 登录1
2023-11-10 17:36:42 [INFO]: 当前用例引用参数化数据-> {'request': <FixtureRequest for <Function testnull[test2-abdxxx]>>, 'username': 'test2', 'password': 'abdxxx'}
2023-11-10 17:36:42 [ERROR]: MYSQL_HOST not found in config.py
2023-11-10 17:36:42 [INFO]: --------  request info ----------
{
    "url": "http://124.70.221.221:8201/api/v1/login/",
    "method": "POST",
    "headers": {
        "Content-Type": "application/json",
        "User-Agent": "python-requests/2.18.4"
    },
    "hooks": {
        "request_hooks": [
            "func1"
        ],
        "response_hooks": [
            "func2"
        ]
    },
    "json": {
        "username": "test2",
        "password": "abdxxx",
        "code": "1078496",
        "sql": ""
    }
}
2023-11-10 17:36:42 [INFO]: f--------  执行前置条件 ----------
func1
2023-11-10 17:36:42 [INFO]: --------  response info ----------
status: True
msg: success
statusCode: 200
responseHeaders:
[
    {
        "name": "Date",
        "value": "Fri, 10 Nov 2023 09:36:51 GMT"
    },
    {
        "name": "Server",
        "value": "WSGIServer/0.2 CPython/3.6.8"
    },
    {
        "name": "Content-Type",
        "value": "application/json"
    },
    {
        "name": "Allow",
        "value": "POST, OPTIONS"
    },
    {
        "name": "X-Frame-Options",
        "value": "SAMEORIGIN"
    },
    {
        "name": "Content-Length",
        "value": "76"
    },
    {
        "name": "Vary",
        "value": "Cookie"
    },
    {
        "name": "Set-Cookie",
        "value": "sessionid=dlbfaasexccnygi9utf8jwphxk9hsjg8; expires=Fri, 24-Nov-2023 09:36:51 GMT; HttpOnly; Max-Age=1209600; Path=/"
    }
]
responseBody:
{
    "code": 3003,
    "msg": "账号或密码不正确",
    "username": "test2",
    "token": ""
}
cookies: [{'name': 'sessionid', 'value': 'dlbfaasexccnygi9utf8jwphxk9hsjg8'}]
cost: 2859ms
cookie: <RequestsCookieJar[<Cookie sessionid=dlbfaasexccnygi9utf8jwphxk9hsjg8 for 124.70.221.221/>]>
2023-11-10 17:36:42 [INFO]: f--------  执行后置条件 ----------
func2
2023-11-10 17:36:42 [INFO]: 断言 -> [{'eq': ['$.msg', 'success']}]
2023-11-10 17:36:42 [INFO]: 执行文件-> testnull.yaml
2023-11-10 17:36:42 [INFO]: 参数化数据-> [{'username': 'test1', 'password': '123456'}, {'username': 'test2', 'password': 'abdxxx'}]
2023-11-10 17:36:42 [INFO]: 用例步骤：1 -> 登录1
2023-11-10 17:36:42 [INFO]: 当前用例引用参数化数据-> {'request': <FixtureRequest for <Function testnull[test1-123456]>>, 'username': 'test1', 'password': '123456'}
2023-11-10 17:36:42 [ERROR]: MYSQL_HOST not found in config.py
2023-11-10 17:36:42 [INFO]: --------  request info ----------
{
    "url": "http://124.70.221.221:8201/api/v1/login/",
    "method": "POST",
    "headers": {
        "Content-Type": "application/json",
        "User-Agent": "python-requests/2.18.4"
    },
    "hooks": {
        "request_hooks": [
            "func1"
        ],
        "response_hooks": [
            "func2"
        ]
    },
    "json": {
        "username": "test1",
        "password": "123456",
        "code": "1295757",
        "sql": ""
    }
}
2023-11-10 17:36:42 [INFO]: f--------  执行前置条件 ----------
func1
