2023-11-10 17:19:07 [INFO]: 执行文件-> testnull.yaml
2023-11-10 17:19:07 [INFO]: 参数化数据-> [{'username': 'test1', 'password': '123456'}, {'username': 'test2', 'password': 'abdxxx'}]
2023-11-10 17:19:07 [INFO]: 用例步骤：1 -> 登录1
2023-11-10 17:19:07 [INFO]: 当前用例引用参数化数据-> {'request': <FixtureRequest for <Function testnull[test1-123456]>>, 'username': 'test1', 'password': '123456'}
2023-11-10 17:19:07 [ERROR]: MYSQL_HOST not found in config.py
2023-11-10 17:19:07 [INFO]: --------  request info ----------
{
    "url": "http://124.70.221.221:8201/api/v1/login/",
    "method": "POST",
    "headers": {
        "Content-Type": "application/json",
        "User-Agent": "python-requests/2.18.4"
    },
    "hooks": {
        "request_hooks": [
            "func1"
        ],
        "response_hooks": [
            "func2"
        ]
    },
    "json": {
        "username": "test1",
        "password": "123456",
        "code": "1592527",
        "sql": ""
    }
}
2023-11-10 17:19:07 [INFO]: f--------  执行前置条件 ----------
func1
2023-11-10 17:19:07 [INFO]: --------  response info ----------
status: True
msg: success
statusCode: 200
responseHeaders:
[
    {
        "name": "Date",
        "value": "Fri, 10 Nov 2023 09:19:16 GMT"
    },
    {
        "name": "Server",
        "value": "WSGIServer/0.2 CPython/3.6.8"
    },
    {
        "name": "Content-Type",
        "value": "application/json"
    },
    {
        "name": "Allow",
        "value": "POST, OPTIONS"
    },
    {
        "name": "X-Frame-Options",
        "value": "SAMEORIGIN"
    },
    {
        "name": "Content-Length",
        "value": "110"
    },
    {
        "name": "Vary",
        "value": "Cookie"
    },
    {
        "name": "Set-Cookie",
        "value": "sessionid=68k2qelaqk22sae6exaa0bfkw19dn2o1; expires=Fri, 24-Nov-2023 09:19:16 GMT; HttpOnly; Max-Age=1209600; Path=/"
    }
]
responseBody:
{
    "code": 0,
    "msg": "login success!",
    "username": "test1",
    "token": "778baa29e06866724fd83c27e3979e24e42ab1ee"
}
cookies: [{'name': 'sessionid', 'value': '68k2qelaqk22sae6exaa0bfkw19dn2o1'}]
cost: 2148ms
cookie: <RequestsCookieJar[<Cookie sessionid=68k2qelaqk22sae6exaa0bfkw19dn2o1 for 124.70.221.221/>]>
2023-11-10 17:19:07 [INFO]: f--------  执行后置条件 ----------
func2
2023-11-10 17:19:07 [INFO]: 断言 -> [{'eq': ['$.msg', 'success']}]
2023-11-10 17:19:07 [INFO]: 执行文件-> testnull.yaml
2023-11-10 17:19:07 [INFO]: 参数化数据-> [{'username': 'test1', 'password': '123456'}, {'username': 'test2', 'password': 'abdxxx'}]
2023-11-10 17:19:07 [INFO]: 用例步骤：1 -> 登录1
2023-11-10 17:19:07 [INFO]: 当前用例引用参数化数据-> {'request': <FixtureRequest for <Function testnull[test2-abdxxx]>>, 'username': 'test2', 'password': 'abdxxx'}
2023-11-10 17:19:07 [ERROR]: MYSQL_HOST not found in config.py
2023-11-10 17:19:07 [INFO]: --------  request info ----------
{
    "url": "http://124.70.221.221:8201/api/v1/login/",
    "method": "POST",
    "headers": {
        "Content-Type": "application/json",
        "User-Agent": "python-requests/2.18.4"
    },
    "hooks": {
        "request_hooks": [
            "func1"
        ],
        "response_hooks": [
            "func2"
        ]
    },
    "json": {
        "username": "test2",
        "password": "abdxxx",
        "code": "1875656",
        "sql": ""
    }
}
2023-11-10 17:19:07 [INFO]: f--------  执行前置条件 ----------
func1
2023-11-10 17:19:07 [INFO]: --------  response info ----------
status: True
msg: success
statusCode: 200
responseHeaders:
[
    {
        "name": "Date",
        "value": "Fri, 10 Nov 2023 09:19:16 GMT"
    },
    {
        "name": "Server",
        "value": "WSGIServer/0.2 CPython/3.6.8"
    },
    {
        "name": "Content-Type",
        "value": "application/json"
    },
    {
        "name": "Allow",
        "value": "POST, OPTIONS"
    },
    {
        "name": "X-Frame-Options",
        "value": "SAMEORIGIN"
    },
    {
        "name": "Content-Length",
        "value": "76"
    },
    {
        "name": "Vary",
        "value": "Cookie"
    },
    {
        "name": "Set-Cookie",
        "value": "sessionid=gqkp2m15641pjxx6buijdka91t4zxnh3; expires=Fri, 24-Nov-2023 09:19:16 GMT; HttpOnly; Max-Age=1209600; Path=/"
    }
]
responseBody:
{
    "code": 3003,
    "msg": "账号或密码不正确",
    "username": "test2",
    "token": ""
}
cookies: [{'name': 'sessionid', 'value': 'gqkp2m15641pjxx6buijdka91t4zxnh3'}]
cost: 2277ms
cookie: <RequestsCookieJar[<Cookie sessionid=gqkp2m15641pjxx6buijdka91t4zxnh3 for 124.70.221.221/>]>
2023-11-10 17:19:07 [INFO]: f--------  执行后置条件 ----------
func2
2023-11-10 17:19:07 [INFO]: 断言 -> [{'eq': ['$.msg', 'success']}]
2023-11-10 17:19:07 [INFO]: 执行文件-> testnull.yaml
2023-11-10 17:19:07 [INFO]: 参数化数据-> [{'username': 'test1', 'password': '123456'}, {'username': 'test2', 'password': 'abdxxx'}]
2023-11-10 17:19:07 [INFO]: 用例步骤：1 -> 登录1
2023-11-10 17:19:07 [INFO]: 当前用例引用参数化数据-> {'request': <FixtureRequest for <Function testnull[test1-123456]>>, 'username': 'test1', 'password': '123456'}
2023-11-10 17:19:07 [ERROR]: MYSQL_HOST not found in config.py
2023-11-10 17:19:07 [INFO]: --------  request info ----------
{
    "url": "http://124.70.221.221:8201/api/v1/login/",
    "method": "POST",
    "headers": {
        "Content-Type": "application/json",
        "User-Agent": "python-requests/2.18.4"
    },
    "hooks": {
        "request_hooks": [
            "func1"
        ],
        "response_hooks": [
            "func2"
        ]
    },
    "json": {
        "username": "test1",
        "password": "123456",
        "code": "1807672",
        "sql": ""
    }
}
2023-11-10 17:19:07 [INFO]: f--------  执行前置条件 ----------
func1
2023-11-10 17:19:08 [INFO]: --------  response info ----------
status: True
msg: success
statusCode: 200
responseHeaders:
[
    {
        "name": "Date",
        "value": "Fri, 10 Nov 2023 09:19:16 GMT"
    },
    {
        "name": "Server",
        "value": "WSGIServer/0.2 CPython/3.6.8"
    },
    {
        "name": "Content-Type",
        "value": "application/json"
    },
    {
        "name": "Allow",
        "value": "POST, OPTIONS"
    },
    {
        "name": "X-Frame-Options",
        "value": "SAMEORIGIN"
    },
    {
        "name": "Content-Length",
        "value": "110"
    },
    {
        "name": "Vary",
        "value": "Cookie"
    },
    {
        "name": "Set-Cookie",
        "value": "sessionid=j3yh1wr723chkrs3gmfjpp70o81cq30w; expires=Fri, 24-Nov-2023 09:19:16 GMT; HttpOnly; Max-Age=1209600; Path=/"
    }
]
responseBody:
{
    "code": 0,
    "msg": "login success!",
    "username": "test1",
    "token": "8cb3c2e17fc1792ad44156a8e4f87536cb4c8ed3"
}
cookies: [{'name': 'sessionid', 'value': 'j3yh1wr723chkrs3gmfjpp70o81cq30w'}]
cost: 2588ms
cookie: <RequestsCookieJar[<Cookie sessionid=j3yh1wr723chkrs3gmfjpp70o81cq30w for 124.70.221.221/>]>
2023-11-10 17:19:08 [INFO]: f--------  执行后置条件 ----------
func2
2023-11-10 17:19:08 [INFO]: 断言 -> [{'eq': ['$.msg', 'success']}]
2023-11-10 17:19:08 [INFO]: 执行文件-> testnull.yaml
2023-11-10 17:19:08 [INFO]: 参数化数据-> [{'username': 'test1', 'password': '123456'}, {'username': 'test2', 'password': 'abdxxx'}]
2023-11-10 17:19:08 [INFO]: 用例步骤：1 -> 登录1
2023-11-10 17:19:08 [INFO]: 当前用例引用参数化数据-> {'request': <FixtureRequest for <Function testnull[test2-abdxxx]>>, 'username': 'test2', 'password': 'abdxxx'}
2023-11-10 17:19:08 [ERROR]: MYSQL_HOST not found in config.py
2023-11-10 17:19:08 [INFO]: --------  request info ----------
{
    "url": "http://124.70.221.221:8201/api/v1/login/",
    "method": "POST",
    "headers": {
        "Content-Type": "application/json",
        "User-Agent": "python-requests/2.18.4"
    },
    "hooks": {
        "request_hooks": [
            "func1"
        ],
        "response_hooks": [
            "func2"
        ]
    },
    "json": {
        "username": "test2",
        "password": "abdxxx",
        "code": "1712651",
        "sql": ""
    }
}
2023-11-10 17:19:08 [INFO]: f--------  执行前置条件 ----------
func1
2023-11-10 17:19:08 [INFO]: --------  response info ----------
status: True
msg: success
statusCode: 200
responseHeaders:
[
    {
        "name": "Date",
        "value": "Fri, 10 Nov 2023 09:19:17 GMT"
    },
    {
        "name": "Server",
        "value": "WSGIServer/0.2 CPython/3.6.8"
    },
    {
        "name": "Content-Type",
        "value": "application/json"
    },
    {
        "name": "Allow",
        "value": "POST, OPTIONS"
    },
    {
        "name": "X-Frame-Options",
        "value": "SAMEORIGIN"
    },
    {
        "name": "Content-Length",
        "value": "76"
    },
    {
        "name": "Vary",
        "value": "Cookie"
    },
    {
        "name": "Set-Cookie",
        "value": "sessionid=anv0ly0oiyut47vzer7r6nqlzpfo9vpr; expires=Fri, 24-Nov-2023 09:19:17 GMT; HttpOnly; Max-Age=1209600; Path=/"
    }
]
responseBody:
{
    "code": 3003,
    "msg": "账号或密码不正确",
    "username": "test2",
    "token": ""
}
cookies: [{'name': 'sessionid', 'value': 'anv0ly0oiyut47vzer7r6nqlzpfo9vpr'}]
cost: 1936ms
cookie: <RequestsCookieJar[<Cookie sessionid=anv0ly0oiyut47vzer7r6nqlzpfo9vpr for 124.70.221.221/>]>
2023-11-10 17:19:08 [INFO]: f--------  执行后置条件 ----------
func2
2023-11-10 17:19:08 [INFO]: 断言 -> [{'eq': ['$.msg', 'success']}]
2023-11-10 17:19:08 [INFO]: 执行文件-> testnull.yaml
2023-11-10 17:19:08 [INFO]: 参数化数据-> [{'username': 'test1', 'password': '123456'}, {'username': 'test2', 'password': 'abdxxx'}]
2023-11-10 17:19:08 [INFO]: 用例步骤：1 -> 登录1
2023-11-10 17:19:08 [INFO]: 当前用例引用参数化数据-> {'request': <FixtureRequest for <Function testnull[test1-123456]>>, 'username': 'test1', 'password': '123456'}
2023-11-10 17:19:08 [ERROR]: MYSQL_HOST not found in config.py
2023-11-10 17:19:08 [INFO]: --------  request info ----------
{
    "url": "http://124.70.221.221:8201/api/v1/login/",
    "method": "POST",
    "headers": {
        "Content-Type": "application/json",
        "User-Agent": "python-requests/2.18.4"
    },
    "hooks": {
        "request_hooks": [
            "func1"
        ],
        "response_hooks": [
            "func2"
        ]
    },
    "json": {
        "username": "test1",
        "password": "123456",
        "code": "1136630",
        "sql": ""
    }
}
2023-11-10 17:19:08 [INFO]: f--------  执行前置条件 ----------
func1
2023-11-10 17:19:08 [INFO]: --------  response info ----------
status: True
msg: success
statusCode: 200
responseHeaders:
[
    {
        "name": "Date",
        "value": "Fri, 10 Nov 2023 09:19:17 GMT"
    },
    {
        "name": "Server",
        "value": "WSGIServer/0.2 CPython/3.6.8"
    },
    {
        "name": "Content-Type",
        "value": "application/json"
    },
    {
        "name": "Allow",
        "value": "POST, OPTIONS"
    },
    {
        "name": "X-Frame-Options",
        "value": "SAMEORIGIN"
    },
    {
        "name": "Content-Length",
        "value": "110"
    },
    {
        "name": "Vary",
        "value": "Cookie"
    },
    {
        "name": "Set-Cookie",
        "value": "sessionid=87w3q893q22i338ye736staiier1m26b; expires=Fri, 24-Nov-2023 09:19:17 GMT; HttpOnly; Max-Age=1209600; Path=/"
    }
]
responseBody:
{
    "code": 0,
    "msg": "login success!",
    "username": "test1",
    "token": "a410a2019f717ac9168b200bfc44702b43b6aa25"
}
cookies: [{'name': 'sessionid', 'value': '87w3q893q22i338ye736staiier1m26b'}]
cost: 2262ms
cookie: <RequestsCookieJar[<Cookie sessionid=87w3q893q22i338ye736staiier1m26b for 124.70.221.221/>]>
2023-11-10 17:19:08 [INFO]: f--------  执行后置条件 ----------
func2
2023-11-10 17:19:08 [INFO]: 断言 -> [{'eq': ['$.msg', 'success']}]
2023-11-10 17:19:08 [INFO]: 执行文件-> testnull.yaml
2023-11-10 17:19:08 [INFO]: 参数化数据-> [{'username': 'test1', 'password': '123456'}, {'username': 'test2', 'password': 'abdxxx'}]
2023-11-10 17:19:08 [INFO]: 用例步骤：1 -> 登录1
2023-11-10 17:19:08 [INFO]: 当前用例引用参数化数据-> {'request': <FixtureRequest for <Function testnull[test2-abdxxx]>>, 'username': 'test2', 'password': 'abdxxx'}
2023-11-10 17:19:08 [ERROR]: MYSQL_HOST not found in config.py
2023-11-10 17:19:08 [INFO]: --------  request info ----------
{
    "url": "http://124.70.221.221:8201/api/v1/login/",
    "method": "POST",
    "headers": {
        "Content-Type": "application/json",
        "User-Agent": "python-requests/2.18.4"
    },
    "hooks": {
        "request_hooks": [
            "func1"
        ],
        "response_hooks": [
            "func2"
        ]
    },
    "json": {
        "username": "test2",
        "password": "abdxxx",
        "code": "1358637",
        "sql": ""
    }
}
2023-11-10 17:19:08 [INFO]: f--------  执行前置条件 ----------
func1
2023-11-10 17:19:08 [INFO]: --------  response info ----------
status: True
msg: success
statusCode: 200
responseHeaders:
[
    {
        "name": "Date",
        "value": "Fri, 10 Nov 2023 09:19:17 GMT"
    },
    {
        "name": "Server",
        "value": "WSGIServer/0.2 CPython/3.6.8"
    },
    {
        "name": "Content-Type",
        "value": "application/json"
    },
    {
        "name": "Allow",
        "value": "POST, OPTIONS"
    },
    {
        "name": "X-Frame-Options",
        "value": "SAMEORIGIN"
    },
    {
        "name": "Content-Length",
        "value": "76"
    },
    {
        "name": "Vary",
        "value": "Cookie"
    },
    {
        "name": "Set-Cookie",
        "value": "sessionid=ou6p5ftlxn2dn6irf71dys9pa16lr4x1; expires=Fri, 24-Nov-2023 09:19:17 GMT; HttpOnly; Max-Age=1209600; Path=/"
    }
]
responseBody:
{
    "code": 3003,
    "msg": "账号或密码不正确",
    "username": "test2",
    "token": ""
}
cookies: [{'name': 'sessionid', 'value': 'ou6p5ftlxn2dn6irf71dys9pa16lr4x1'}]
cost: 2316ms
cookie: <RequestsCookieJar[<Cookie sessionid=ou6p5ftlxn2dn6irf71dys9pa16lr4x1 for 124.70.221.221/>]>
2023-11-10 17:19:08 [INFO]: f--------  执行后置条件 ----------
func2
2023-11-10 17:19:08 [INFO]: 断言 -> [{'eq': ['$.msg', 'success']}]
2023-11-10 17:19:08 [INFO]: 执行文件-> testnull.yaml
2023-11-10 17:19:08 [INFO]: 参数化数据-> [{'username': 'test1', 'password': '123456'}, {'username': 'test2', 'password': 'abdxxx'}]
2023-11-10 17:19:08 [INFO]: 用例步骤：1 -> 登录1
2023-11-10 17:19:08 [INFO]: 当前用例引用参数化数据-> {'request': <FixtureRequest for <Function testnull[test1-123456]>>, 'username': 'test1', 'password': '123456'}
2023-11-10 17:19:08 [ERROR]: MYSQL_HOST not found in config.py
2023-11-10 17:19:08 [INFO]: --------  request info ----------
{
    "url": "http://124.70.221.221:8201/api/v1/login/",
    "method": "POST",
    "headers": {
        "Content-Type": "application/json",
        "User-Agent": "python-requests/2.18.4"
    },
    "hooks": {
        "request_hooks": [
            "func1"
        ],
        "response_hooks": [
            "func2"
        ]
    },
    "json": {
        "username": "test1",
        "password": "123456",
        "code": "1291185",
        "sql": ""
    }
}
2023-11-10 17:19:08 [INFO]: f--------  执行前置条件 ----------
func1
2023-11-10 17:19:08 [INFO]: --------  response info ----------
status: True
msg: success
statusCode: 200
responseHeaders:
[
    {
        "name": "Date",
        "value": "Fri, 10 Nov 2023 09:19:17 GMT"
    },
    {
        "name": "Server",
        "value": "WSGIServer/0.2 CPython/3.6.8"
    },
    {
        "name": "Content-Type",
        "value": "application/json"
    },
    {
        "name": "Allow",
        "value": "POST, OPTIONS"
    },
    {
        "name": "X-Frame-Options",
        "value": "SAMEORIGIN"
    },
    {
        "name": "Content-Length",
        "value": "110"
    },
    {
        "name": "Vary",
        "value": "Cookie"
    },
    {
        "name": "Set-Cookie",
        "value": "sessionid=vqc299frvaaxoj49ilv1x97ruz9jbqy1; expires=Fri, 24-Nov-2023 09:19:17 GMT; HttpOnly; Max-Age=1209600; Path=/"
    }
]
responseBody:
{
    "code": 0,
    "msg": "login success!",
    "username": "test1",
    "token": "5cb7a552101f303b6ab74b2ce59fbcbff7e807c0"
}
cookies: [{'name': 'sessionid', 'value': 'vqc299frvaaxoj49ilv1x97ruz9jbqy1'}]
cost: 2581ms
cookie: <RequestsCookieJar[<Cookie sessionid=vqc299frvaaxoj49ilv1x97ruz9jbqy1 for 124.70.221.221/>]>
2023-11-10 17:19:08 [INFO]: f--------  执行后置条件 ----------
func2
2023-11-10 17:19:08 [INFO]: 断言 -> [{'eq': ['$.msg', 'success']}]
2023-11-10 17:19:08 [INFO]: 执行文件-> testnull.yaml
2023-11-10 17:19:08 [INFO]: 参数化数据-> [{'username': 'test1', 'password': '123456'}, {'username': 'test2', 'password': 'abdxxx'}]
2023-11-10 17:19:08 [INFO]: 用例步骤：1 -> 登录1
2023-11-10 17:19:08 [INFO]: 当前用例引用参数化数据-> {'request': <FixtureRequest for <Function testnull[test2-abdxxx]>>, 'username': 'test2', 'password': 'abdxxx'}
2023-11-10 17:19:08 [ERROR]: MYSQL_HOST not found in config.py
2023-11-10 17:19:08 [INFO]: --------  request info ----------
{
    "url": "http://124.70.221.221:8201/api/v1/login/",
    "method": "POST",
    "headers": {
        "Content-Type": "application/json",
        "User-Agent": "python-requests/2.18.4"
    },
    "hooks": {
        "request_hooks": [
            "func1"
        ],
        "response_hooks": [
            "func2"
        ]
    },
    "json": {
        "username": "test2",
        "password": "abdxxx",
        "code": "1279251",
        "sql": ""
    }
}
2023-11-10 17:19:08 [INFO]: f--------  执行前置条件 ----------
func1
2023-11-10 17:19:09 [INFO]: --------  response info ----------
status: True
msg: success
statusCode: 200
responseHeaders:
[
    {
        "name": "Date",
        "value": "Fri, 10 Nov 2023 09:19:17 GMT"
    },
    {
        "name": "Server",
        "value": "WSGIServer/0.2 CPython/3.6.8"
    },
    {
        "name": "Content-Type",
        "value": "application/json"
    },
    {
        "name": "Allow",
        "value": "POST, OPTIONS"
    },
    {
        "name": "X-Frame-Options",
        "value": "SAMEORIGIN"
    },
    {
        "name": "Content-Length",
        "value": "76"
    },
    {
        "name": "Vary",
        "value": "Cookie"
    },
    {
        "name": "Set-Cookie",
        "value": "sessionid=1iqj2b9me9pdbn3uve32a8l1da7s5skt; expires=Fri, 24-Nov-2023 09:19:17 GMT; HttpOnly; Max-Age=1209600; Path=/"
    }
]
responseBody:
{
    "code": 3003,
    "msg": "账号或密码不正确",
    "username": "test2",
    "token": ""
}
cookies: [{'name': 'sessionid', 'value': '1iqj2b9me9pdbn3uve32a8l1da7s5skt'}]
cost: 1932ms
cookie: <RequestsCookieJar[<Cookie sessionid=1iqj2b9me9pdbn3uve32a8l1da7s5skt for 124.70.221.221/>]>
2023-11-10 17:19:09 [INFO]: f--------  执行后置条件 ----------
func2
2023-11-10 17:19:09 [INFO]: 断言 -> [{'eq': ['$.msg', 'success']}]
2023-11-10 17:19:09 [INFO]: 执行文件-> testnull.yaml
2023-11-10 17:19:09 [INFO]: 参数化数据-> [{'username': 'test1', 'password': '123456'}, {'username': 'test2', 'password': 'abdxxx'}]
2023-11-10 17:19:09 [INFO]: 用例步骤：1 -> 登录1
2023-11-10 17:19:09 [INFO]: 当前用例引用参数化数据-> {'request': <FixtureRequest for <Function testnull[test1-123456]>>, 'username': 'test1', 'password': '123456'}
2023-11-10 17:19:09 [ERROR]: MYSQL_HOST not found in config.py
2023-11-10 17:19:09 [INFO]: --------  request info ----------
{
    "url": "http://124.70.221.221:8201/api/v1/login/",
    "method": "POST",
    "headers": {
        "Content-Type": "application/json",
        "User-Agent": "python-requests/2.18.4"
    },
    "hooks": {
        "request_hooks": [
            "func1"
        ],
        "response_hooks": [
            "func2"
        ]
    },
    "json": {
        "username": "test1",
        "password": "123456",
        "code": "1343783",
        "sql": ""
    }
}
2023-11-10 17:19:09 [INFO]: f--------  执行前置条件 ----------
func1
2023-11-10 17:19:09 [INFO]: --------  response info ----------
status: True
msg: success
statusCode: 200
responseHeaders:
[
    {
        "name": "Date",
        "value": "Fri, 10 Nov 2023 09:19:18 GMT"
    },
    {
        "name": "Server",
        "value": "WSGIServer/0.2 CPython/3.6.8"
    },
    {
        "name": "Content-Type",
        "value": "application/json"
    },
    {
        "name": "Allow",
        "value": "POST, OPTIONS"
    },
    {
        "name": "X-Frame-Options",
        "value": "SAMEORIGIN"
    },
    {
        "name": "Content-Length",
        "value": "110"
    },
    {
        "name": "Vary",
        "value": "Cookie"
    },
    {
        "name": "Set-Cookie",
        "value": "sessionid=71rigqh679ir1q1kekwa07v5ujgvwrzo; expires=Fri, 24-Nov-2023 09:19:18 GMT; HttpOnly; Max-Age=1209600; Path=/"
    }
]
responseBody:
{
    "code": 0,
    "msg": "login success!",
    "username": "test1",
    "token": "31bc298511fa0dc676507f685f3ca3ac488ae1d6"
}
cookies: [{'name': 'sessionid', 'value': '71rigqh679ir1q1kekwa07v5ujgvwrzo'}]
cost: 2133ms
cookie: <RequestsCookieJar[<Cookie sessionid=71rigqh679ir1q1kekwa07v5ujgvwrzo for 124.70.221.221/>]>
2023-11-10 17:19:09 [INFO]: f--------  执行后置条件 ----------
func2
2023-11-10 17:19:09 [INFO]: 断言 -> [{'eq': ['$.msg', 'success']}]
2023-11-10 17:19:09 [INFO]: 执行文件-> testnull.yaml
2023-11-10 17:19:09 [INFO]: 参数化数据-> [{'username': 'test1', 'password': '123456'}, {'username': 'test2', 'password': 'abdxxx'}]
2023-11-10 17:19:09 [INFO]: 用例步骤：1 -> 登录1
2023-11-10 17:19:09 [INFO]: 当前用例引用参数化数据-> {'request': <FixtureRequest for <Function testnull[test2-abdxxx]>>, 'username': 'test2', 'password': 'abdxxx'}
2023-11-10 17:19:09 [ERROR]: MYSQL_HOST not found in config.py
2023-11-10 17:19:09 [INFO]: --------  request info ----------
{
    "url": "http://124.70.221.221:8201/api/v1/login/",
    "method": "POST",
    "headers": {
        "Content-Type": "application/json",
        "User-Agent": "python-requests/2.18.4"
    },
    "hooks": {
        "request_hooks": [
            "func1"
        ],
        "response_hooks": [
            "func2"
        ]
    },
    "json": {
        "username": "test2",
        "password": "abdxxx",
        "code": "1578701",
        "sql": ""
    }
}
2023-11-10 17:19:09 [INFO]: f--------  执行前置条件 ----------
func1
2023-11-10 17:19:09 [INFO]: --------  response info ----------
status: True
msg: success
statusCode: 200
responseHeaders:
[
    {
        "name": "Date",
        "value": "Fri, 10 Nov 2023 09:19:18 GMT"
    },
    {
        "name": "Server",
        "value": "WSGIServer/0.2 CPython/3.6.8"
    },
    {
        "name": "Content-Type",
        "value": "application/json"
    },
    {
        "name": "Allow",
        "value": "POST, OPTIONS"
    },
    {
        "name": "X-Frame-Options",
        "value": "SAMEORIGIN"
    },
    {
        "name": "Content-Length",
        "value": "76"
    },
    {
        "name": "Vary",
        "value": "Cookie"
    },
    {
        "name": "Set-Cookie",
        "value": "sessionid=izdztfo6a9qzxod76180tkhch8aukioe; expires=Fri, 24-Nov-2023 09:19:18 GMT; HttpOnly; Max-Age=1209600; Path=/"
    }
]
responseBody:
{
    "code": 3003,
    "msg": "账号或密码不正确",
    "username": "test2",
    "token": ""
}
cookies: [{'name': 'sessionid', 'value': 'izdztfo6a9qzxod76180tkhch8aukioe'}]
cost: 2123ms
cookie: <RequestsCookieJar[<Cookie sessionid=izdztfo6a9qzxod76180tkhch8aukioe for 124.70.221.221/>]>
2023-11-10 17:19:09 [INFO]: f--------  执行后置条件 ----------
func2
2023-11-10 17:19:09 [INFO]: 断言 -> [{'eq': ['$.msg', 'success']}]
2023-11-10 17:19:09 [INFO]: 执行文件-> testnull.yaml
2023-11-10 17:19:09 [INFO]: 参数化数据-> [{'username': 'test1', 'password': '123456'}, {'username': 'test2', 'password': 'abdxxx'}]
2023-11-10 17:19:09 [INFO]: 用例步骤：1 -> 登录1
2023-11-10 17:19:09 [INFO]: 当前用例引用参数化数据-> {'request': <FixtureRequest for <Function testnull[test1-123456]>>, 'username': 'test1', 'password': '123456'}
2023-11-10 17:19:09 [ERROR]: MYSQL_HOST not found in config.py
2023-11-10 17:19:09 [INFO]: --------  request info ----------
{
    "url": "http://124.70.221.221:8201/api/v1/login/",
    "method": "POST",
    "headers": {
        "Content-Type": "application/json",
        "User-Agent": "python-requests/2.18.4"
    },
    "hooks": {
        "request_hooks": [
            "func1"
        ],
        "response_hooks": [
            "func2"
        ]
    },
    "json": {
        "username": "test1",
        "password": "123456",
        "code": "1436084",
        "sql": ""
    }
}
2023-11-10 17:19:09 [INFO]: f--------  执行前置条件 ----------
func1
2023-11-10 17:19:09 [INFO]: --------  response info ----------
status: True
msg: success
statusCode: 200
responseHeaders:
[
    {
        "name": "Date",
        "value": "Fri, 10 Nov 2023 09:19:18 GMT"
    },
    {
        "name": "Server",
        "value": "WSGIServer/0.2 CPython/3.6.8"
    },
    {
        "name": "Content-Type",
        "value": "application/json"
    },
    {
        "name": "Allow",
        "value": "POST, OPTIONS"
    },
    {
        "name": "X-Frame-Options",
        "value": "SAMEORIGIN"
    },
    {
        "name": "Content-Length",
        "value": "110"
    },
    {
        "name": "Vary",
        "value": "Cookie"
    },
    {
        "name": "Set-Cookie",
        "value": "sessionid=kug3ndyq8mbg1cqtqb3sw28hg3k7cxlk; expires=Fri, 24-Nov-2023 09:19:18 GMT; HttpOnly; Max-Age=1209600; Path=/"
    }
]
responseBody:
{
    "code": 0,
    "msg": "login success!",
    "username": "test1",
    "token": "c6e706d398fdcb62e37636ec143e0f374dd01701"
}
cookies: [{'name': 'sessionid', 'value': 'kug3ndyq8mbg1cqtqb3sw28hg3k7cxlk'}]
cost: 2909ms
cookie: <RequestsCookieJar[<Cookie sessionid=kug3ndyq8mbg1cqtqb3sw28hg3k7cxlk for 124.70.221.221/>]>
2023-11-10 17:19:09 [INFO]: f--------  执行后置条件 ----------
func2
2023-11-10 17:19:09 [INFO]: 断言 -> [{'eq': ['$.msg', 'success']}]
2023-11-10 17:19:09 [INFO]: 执行文件-> testnull.yaml
2023-11-10 17:19:09 [INFO]: 参数化数据-> [{'username': 'test1', 'password': '123456'}, {'username': 'test2', 'password': 'abdxxx'}]
2023-11-10 17:19:09 [INFO]: 用例步骤：1 -> 登录1
2023-11-10 17:19:09 [INFO]: 当前用例引用参数化数据-> {'request': <FixtureRequest for <Function testnull[test2-abdxxx]>>, 'username': 'test2', 'password': 'abdxxx'}
2023-11-10 17:19:09 [ERROR]: MYSQL_HOST not found in config.py
2023-11-10 17:19:09 [INFO]: --------  request info ----------
{
    "url": "http://124.70.221.221:8201/api/v1/login/",
    "method": "POST",
    "headers": {
        "Content-Type": "application/json",
        "User-Agent": "python-requests/2.18.4"
    },
    "hooks": {
        "request_hooks": [
            "func1"
        ],
        "response_hooks": [
            "func2"
        ]
    },
    "json": {
        "username": "test2",
        "password": "abdxxx",
        "code": "1875124",
        "sql": ""
    }
}
2023-11-10 17:19:09 [INFO]: f--------  执行前置条件 ----------
func1
2023-11-10 17:19:10 [INFO]: --------  response info ----------
status: True
msg: success
statusCode: 200
responseHeaders:
[
    {
        "name": "Date",
        "value": "Fri, 10 Nov 2023 09:19:18 GMT"
    },
    {
        "name": "Server",
        "value": "WSGIServer/0.2 CPython/3.6.8"
    },
    {
        "name": "Content-Type",
        "value": "application/json"
    },
    {
        "name": "Allow",
        "value": "POST, OPTIONS"
    },
    {
        "name": "X-Frame-Options",
        "value": "SAMEORIGIN"
    },
    {
        "name": "Content-Length",
        "value": "76"
    },
    {
        "name": "Vary",
        "value": "Cookie"
    },
    {
        "name": "Set-Cookie",
        "value": "sessionid=9aeyf34amigngeiti420dxgmzmigeatk; expires=Fri, 24-Nov-2023 09:19:18 GMT; HttpOnly; Max-Age=1209600; Path=/"
    }
]
responseBody:
{
    "code": 3003,
    "msg": "账号或密码不正确",
    "username": "test2",
    "token": ""
}
cookies: [{'name': 'sessionid', 'value': '9aeyf34amigngeiti420dxgmzmigeatk'}]
cost: 1910ms
cookie: <RequestsCookieJar[<Cookie sessionid=9aeyf34amigngeiti420dxgmzmigeatk for 124.70.221.221/>]>
2023-11-10 17:19:10 [INFO]: f--------  执行后置条件 ----------
func2
2023-11-10 17:19:10 [INFO]: 断言 -> [{'eq': ['$.msg', 'success']}]
2023-11-10 17:19:10 [INFO]: 执行文件-> testnull.yaml
2023-11-10 17:19:10 [INFO]: 参数化数据-> [{'username': 'test1', 'password': '123456'}, {'username': 'test2', 'password': 'abdxxx'}]
2023-11-10 17:19:10 [INFO]: 用例步骤：1 -> 登录1
2023-11-10 17:19:10 [INFO]: 当前用例引用参数化数据-> {'request': <FixtureRequest for <Function testnull[test1-123456]>>, 'username': 'test1', 'password': '123456'}
2023-11-10 17:19:10 [ERROR]: MYSQL_HOST not found in config.py
2023-11-10 17:19:10 [INFO]: --------  request info ----------
{
    "url": "http://124.70.221.221:8201/api/v1/login/",
    "method": "POST",
    "headers": {
        "Content-Type": "application/json",
        "User-Agent": "python-requests/2.18.4"
    },
    "hooks": {
        "request_hooks": [
            "func1"
        ],
        "response_hooks": [
            "func2"
        ]
    },
    "json": {
        "username": "test1",
        "password": "123456",
        "code": "1811394",
        "sql": ""
    }
}
2023-11-10 17:19:10 [INFO]: f--------  执行前置条件 ----------
func1
2023-11-10 17:19:10 [INFO]: --------  response info ----------
status: True
msg: success
statusCode: 200
responseHeaders:
[
    {
        "name": "Date",
        "value": "Fri, 10 Nov 2023 09:19:19 GMT"
    },
    {
        "name": "Server",
        "value": "WSGIServer/0.2 CPython/3.6.8"
    },
    {
        "name": "Content-Type",
        "value": "application/json"
    },
    {
        "name": "Allow",
        "value": "POST, OPTIONS"
    },
    {
        "name": "X-Frame-Options",
        "value": "SAMEORIGIN"
    },
    {
        "name": "Content-Length",
        "value": "110"
    },
    {
        "name": "Vary",
        "value": "Cookie"
    },
    {
        "name": "Set-Cookie",
        "value": "sessionid=8nz68irancka5sgv0wmkr8e0ymt1mzh6; expires=Fri, 24-Nov-2023 09:19:19 GMT; HttpOnly; Max-Age=1209600; Path=/"
    }
]
responseBody:
{
    "code": 0,
    "msg": "login success!",
    "username": "test1",
    "token": "c2601d81a1eee1e9ec0a2dce664d24637edc2072"
}
cookies: [{'name': 'sessionid', 'value': '8nz68irancka5sgv0wmkr8e0ymt1mzh6'}]
cost: 2354ms
cookie: <RequestsCookieJar[<Cookie sessionid=8nz68irancka5sgv0wmkr8e0ymt1mzh6 for 124.70.221.221/>]>
2023-11-10 17:19:10 [INFO]: f--------  执行后置条件 ----------
func2
2023-11-10 17:19:10 [INFO]: 断言 -> [{'eq': ['$.msg', 'success']}]
2023-11-10 17:19:10 [INFO]: 执行文件-> testnull.yaml
2023-11-10 17:19:10 [INFO]: 参数化数据-> [{'username': 'test1', 'password': '123456'}, {'username': 'test2', 'password': 'abdxxx'}]
2023-11-10 17:19:10 [INFO]: 用例步骤：1 -> 登录1
2023-11-10 17:19:10 [INFO]: 当前用例引用参数化数据-> {'request': <FixtureRequest for <Function testnull[test2-abdxxx]>>, 'username': 'test2', 'password': 'abdxxx'}
2023-11-10 17:19:10 [ERROR]: MYSQL_HOST not found in config.py
2023-11-10 17:19:10 [INFO]: --------  request info ----------
{
    "url": "http://124.70.221.221:8201/api/v1/login/",
    "method": "POST",
    "headers": {
        "Content-Type": "application/json",
        "User-Agent": "python-requests/2.18.4"
    },
    "hooks": {
        "request_hooks": [
            "func1"
        ],
        "response_hooks": [
            "func2"
        ]
    },
    "json": {
        "username": "test2",
        "password": "abdxxx",
        "code": "1536591",
        "sql": ""
    }
}
2023-11-10 17:19:10 [INFO]: f--------  执行前置条件 ----------
func1
2023-11-10 17:19:10 [INFO]: --------  response info ----------
status: True
msg: success
statusCode: 200
responseHeaders:
[
    {
        "name": "Date",
        "value": "Fri, 10 Nov 2023 09:19:19 GMT"
    },
    {
        "name": "Server",
        "value": "WSGIServer/0.2 CPython/3.6.8"
    },
    {
        "name": "Content-Type",
        "value": "application/json"
    },
    {
        "name": "Allow",
        "value": "POST, OPTIONS"
    },
    {
        "name": "X-Frame-Options",
        "value": "SAMEORIGIN"
    },
    {
        "name": "Content-Length",
        "value": "76"
    },
    {
        "name": "Vary",
        "value": "Cookie"
    },
    {
        "name": "Set-Cookie",
        "value": "sessionid=htz9vkvanrbd6vflqjipg96n866db7lg; expires=Fri, 24-Nov-2023 09:19:19 GMT; HttpOnly; Max-Age=1209600; Path=/"
    }
]
responseBody:
{
    "code": 3003,
    "msg": "账号或密码不正确",
    "username": "test2",
    "token": ""
}
cookies: [{'name': 'sessionid', 'value': 'htz9vkvanrbd6vflqjipg96n866db7lg'}]
cost: 2681ms
cookie: <RequestsCookieJar[<Cookie sessionid=htz9vkvanrbd6vflqjipg96n866db7lg for 124.70.221.221/>]>
2023-11-10 17:19:10 [INFO]: f--------  执行后置条件 ----------
func2
2023-11-10 17:19:10 [INFO]: 断言 -> [{'eq': ['$.msg', 'success']}]
2023-11-10 17:19:10 [INFO]: 执行文件-> testnull.yaml
2023-11-10 17:19:10 [INFO]: 参数化数据-> [{'username': 'test1', 'password': '123456'}, {'username': 'test2', 'password': 'abdxxx'}]
2023-11-10 17:19:10 [INFO]: 用例步骤：1 -> 登录1
2023-11-10 17:19:10 [INFO]: 当前用例引用参数化数据-> {'request': <FixtureRequest for <Function testnull[test1-123456]>>, 'username': 'test1', 'password': '123456'}
2023-11-10 17:19:10 [ERROR]: MYSQL_HOST not found in config.py
2023-11-10 17:19:10 [INFO]: --------  request info ----------
{
    "url": "http://124.70.221.221:8201/api/v1/login/",
    "method": "POST",
    "headers": {
        "Content-Type": "application/json",
        "User-Agent": "python-requests/2.18.4"
    },
    "hooks": {
        "request_hooks": [
            "func1"
        ],
        "response_hooks": [
            "func2"
        ]
    },
    "json": {
        "username": "test1",
        "password": "123456",
        "code": "1259851",
        "sql": ""
    }
}
2023-11-10 17:19:10 [INFO]: f--------  执行前置条件 ----------
func1
2023-11-10 17:19:10 [INFO]: --------  response info ----------
status: True
msg: success
statusCode: 200
responseHeaders:
[
    {
        "name": "Date",
        "value": "Fri, 10 Nov 2023 09:19:19 GMT"
    },
    {
        "name": "Server",
        "value": "WSGIServer/0.2 CPython/3.6.8"
    },
    {
        "name": "Content-Type",
        "value": "application/json"
    },
    {
        "name": "Allow",
        "value": "POST, OPTIONS"
    },
    {
        "name": "X-Frame-Options",
        "value": "SAMEORIGIN"
    },
    {
        "name": "Content-Length",
        "value": "110"
    },
    {
        "name": "Vary",
        "value": "Cookie"
    },
    {
        "name": "Set-Cookie",
        "value": "sessionid=wnnawt503k3vw4a9s7zva3oeihmjlh2u; expires=Fri, 24-Nov-2023 09:19:19 GMT; HttpOnly; Max-Age=1209600; Path=/"
    }
]
responseBody:
{
    "code": 0,
    "msg": "login success!",
    "username": "test1",
    "token": "250b8a8774886550256cbfde238611610df58268"
}
cookies: [{'name': 'sessionid', 'value': 'wnnawt503k3vw4a9s7zva3oeihmjlh2u'}]
cost: 2373ms
cookie: <RequestsCookieJar[<Cookie sessionid=wnnawt503k3vw4a9s7zva3oeihmjlh2u for 124.70.221.221/>]>
2023-11-10 17:19:10 [INFO]: f--------  执行后置条件 ----------
func2
2023-11-10 17:19:10 [INFO]: 断言 -> [{'eq': ['$.msg', 'success']}]
2023-11-10 17:19:10 [INFO]: 执行文件-> testnull.yaml
2023-11-10 17:19:10 [INFO]: 参数化数据-> [{'username': 'test1', 'password': '123456'}, {'username': 'test2', 'password': 'abdxxx'}]
2023-11-10 17:19:10 [INFO]: 用例步骤：1 -> 登录1
2023-11-10 17:19:10 [INFO]: 当前用例引用参数化数据-> {'request': <FixtureRequest for <Function testnull[test2-abdxxx]>>, 'username': 'test2', 'password': 'abdxxx'}
2023-11-10 17:19:10 [ERROR]: MYSQL_HOST not found in config.py
2023-11-10 17:19:10 [INFO]: --------  request info ----------
{
    "url": "http://124.70.221.221:8201/api/v1/login/",
    "method": "POST",
    "headers": {
        "Content-Type": "application/json",
        "User-Agent": "python-requests/2.18.4"
    },
    "hooks": {
        "request_hooks": [
            "func1"
        ],
        "response_hooks": [
            "func2"
        ]
    },
    "json": {
        "username": "test2",
        "password": "abdxxx",
        "code": "1709248",
        "sql": ""
    }
}
2023-11-10 17:19:10 [INFO]: f--------  执行前置条件 ----------
func1
2023-11-10 17:19:11 [INFO]: --------  response info ----------
status: True
msg: success
statusCode: 200
responseHeaders:
[
    {
        "name": "Date",
        "value": "Fri, 10 Nov 2023 09:19:19 GMT"
    },
    {
        "name": "Server",
        "value": "WSGIServer/0.2 CPython/3.6.8"
    },
    {
        "name": "Content-Type",
        "value": "application/json"
    },
    {
        "name": "Allow",
        "value": "POST, OPTIONS"
    },
    {
        "name": "X-Frame-Options",
        "value": "SAMEORIGIN"
    },
    {
        "name": "Content-Length",
        "value": "76"
    },
    {
        "name": "Vary",
        "value": "Cookie"
    },
    {
        "name": "Set-Cookie",
        "value": "sessionid=530s1whgxpl9qkjwbjxhy70408gn5irf; expires=Fri, 24-Nov-2023 09:19:19 GMT; HttpOnly; Max-Age=1209600; Path=/"
    }
]
responseBody:
{
    "code": 3003,
    "msg": "账号或密码不正确",
    "username": "test2",
    "token": ""
}
cookies: [{'name': 'sessionid', 'value': '530s1whgxpl9qkjwbjxhy70408gn5irf'}]
cost: 1972ms
cookie: <RequestsCookieJar[<Cookie sessionid=530s1whgxpl9qkjwbjxhy70408gn5irf for 124.70.221.221/>]>
2023-11-10 17:19:11 [INFO]: f--------  执行后置条件 ----------
func2
2023-11-10 17:19:11 [INFO]: 断言 -> [{'eq': ['$.msg', 'success']}]
2023-11-10 17:19:11 [INFO]: 执行文件-> testnull.yaml
2023-11-10 17:19:11 [INFO]: 参数化数据-> [{'username': 'test1', 'password': '123456'}, {'username': 'test2', 'password': 'abdxxx'}]
2023-11-10 17:19:11 [INFO]: 用例步骤：1 -> 登录1
2023-11-10 17:19:11 [INFO]: 当前用例引用参数化数据-> {'request': <FixtureRequest for <Function testnull[test1-123456]>>, 'username': 'test1', 'password': '123456'}
2023-11-10 17:19:11 [ERROR]: MYSQL_HOST not found in config.py
2023-11-10 17:19:11 [INFO]: --------  request info ----------
{
    "url": "http://124.70.221.221:8201/api/v1/login/",
    "method": "POST",
    "headers": {
        "Content-Type": "application/json",
        "User-Agent": "python-requests/2.18.4"
    },
    "hooks": {
        "request_hooks": [
            "func1"
        ],
        "response_hooks": [
            "func2"
        ]
    },
    "json": {
        "username": "test1",
        "password": "123456",
        "code": "1969066",
        "sql": ""
    }
}
2023-11-10 17:19:11 [INFO]: f--------  执行前置条件 ----------
func1
