2023-09-27 11:46:34 [INFO]: 执行文件-> test_login.yaml
2023-09-27 11:46:34 [INFO]: 参数化数据-> []
2023-09-27 11:46:34 [INFO]: 用例步骤：1 -> 登录2
2023-09-27 11:46:34 [INFO]: 当前用例引用参数化数据-> {'request': <FixtureRequest for <Function test_login>>}
2023-09-27 11:46:34 [INFO]: --------  request info ----------
{
    "url": "http://124.70.221.221:8201/api/v1/login/",
    "method": "POST",
    "headers": {
        "Content-Type": "application/json",
        "User-Agent": "python-requests/2.18.4"
    },
    "json": {
        "username": "test",
        "password": "123456"
    }
}
2023-09-27 11:46:34 [INFO]: f--------  执行前置条件 ----------

2023-09-27 11:46:34 [INFO]: --------  response info ----------
status: True
msg: success
statusCode: 200
responseHeaders:
[
    {
        "name": "Date",
        "value": "Wed, 27 Sep 2023 03:46:34 GMT"
    },
    {
        "name": "Server",
        "value": "WSGIServer/0.2 CPython/3.6.8"
    },
    {
        "name": "Content-Type",
        "value": "application/json"
    },
    {
        "name": "Allow",
        "value": "POST, OPTIONS"
    },
    {
        "name": "X-Frame-Options",
        "value": "SAMEORIGIN"
    },
    {
        "name": "Content-Length",
        "value": "109"
    },
    {
        "name": "Vary",
        "value": "Cookie"
    },
    {
        "name": "Set-Cookie",
        "value": "sessionid=jde5r759vu3czcl80l0yy4jfb05jx98l; expires=Wed, 11-Oct-2023 03:46:34 GMT; HttpOnly; Max-Age=1209600; Path=/"
    }
]
responseBody:
{
    "code": 0,
    "msg": "login success!",
    "username": "test",
    "token": "ec879f8ee43e2b3f5ae6a4fbc4925de8096e8dcb"
}
cookies: [{'name': 'sessionid', 'value': 'jde5r759vu3czcl80l0yy4jfb05jx98l'}]
cost: 2175ms
cookie: <RequestsCookieJar[<Cookie sessionid=jde5r759vu3czcl80l0yy4jfb05jx98l for 124.70.221.221/>]>
2023-09-27 11:46:34 [INFO]: f--------  执行后置条件 ----------

