2023-11-10 17:32:47 [INFO]: 执行文件-> testnull.yaml
2023-11-10 17:32:47 [INFO]: 参数化数据-> [{'username': 'test1', 'password': '123456'}, {'username': 'test2', 'password': 'abdxxx'}]
2023-11-10 17:32:47 [INFO]: 用例步骤：1 -> 登录1
2023-11-10 17:32:47 [INFO]: 当前用例引用参数化数据-> {'request': <FixtureRequest for <Function testnull[test1-123456]>>, 'username': 'test1', 'password': '123456'}
2023-11-10 17:32:47 [ERROR]: MYSQL_HOST not found in config.py
2023-11-10 17:32:47 [INFO]: --------  request info ----------
{
    "url": "http://124.70.221.221:8201/api/v1/login/",
    "method": "POST",
    "headers": {
        "Content-Type": "application/json",
        "User-Agent": "python-requests/2.18.4"
    },
    "hooks": {
        "request_hooks": [
            "func1"
        ],
        "response_hooks": [
            "func2"
        ]
    },
    "json": {
        "username": "test1",
        "password": "123456",
        "code": "1107457",
        "sql": ""
    }
}
2023-11-10 17:32:47 [INFO]: f--------  执行前置条件 ----------
func1
2023-11-10 17:32:47 [INFO]: --------  response info ----------
status: True
msg: success
statusCode: 200
responseHeaders:
[
    {
        "name": "Date",
        "value": "Fri, 10 Nov 2023 09:32:56 GMT"
    },
    {
        "name": "Server",
        "value": "WSGIServer/0.2 CPython/3.6.8"
    },
    {
        "name": "Content-Type",
        "value": "application/json"
    },
    {
        "name": "Allow",
        "value": "POST, OPTIONS"
    },
    {
        "name": "X-Frame-Options",
        "value": "SAMEORIGIN"
    },
    {
        "name": "Content-Length",
        "value": "110"
    },
    {
        "name": "Vary",
        "value": "Cookie"
    },
    {
        "name": "Set-Cookie",
        "value": "sessionid=shg7wnjjp50vut3mqkqez6rfgobo5iam; expires=Fri, 24-Nov-2023 09:32:56 GMT; HttpOnly; Max-Age=1209600; Path=/"
    }
]
responseBody:
{
    "code": 0,
    "msg": "login success!",
    "username": "test1",
    "token": "704a7315867426320203efa216b519b44cd073b8"
}
cookies: [{'name': 'sessionid', 'value': 'shg7wnjjp50vut3mqkqez6rfgobo5iam'}]
cost: 2317ms
cookie: <RequestsCookieJar[<Cookie sessionid=shg7wnjjp50vut3mqkqez6rfgobo5iam for 124.70.221.221/>]>
2023-11-10 17:32:47 [INFO]: f--------  执行后置条件 ----------
func2
2023-11-10 17:32:47 [INFO]: 断言 -> [{'eq': ['$.msg', 'success']}]
2023-11-10 17:32:47 [INFO]: 执行文件-> testnull.yaml
2023-11-10 17:32:47 [INFO]: 参数化数据-> [{'username': 'test1', 'password': '123456'}, {'username': 'test2', 'password': 'abdxxx'}]
2023-11-10 17:32:47 [INFO]: 用例步骤：1 -> 登录1
2023-11-10 17:32:47 [INFO]: 当前用例引用参数化数据-> {'request': <FixtureRequest for <Function testnull[test2-abdxxx]>>, 'username': 'test2', 'password': 'abdxxx'}
2023-11-10 17:32:47 [ERROR]: MYSQL_HOST not found in config.py
2023-11-10 17:32:47 [INFO]: --------  request info ----------
{
    "url": "http://124.70.221.221:8201/api/v1/login/",
    "method": "POST",
    "headers": {
        "Content-Type": "application/json",
        "User-Agent": "python-requests/2.18.4"
    },
    "hooks": {
        "request_hooks": [
            "func1"
        ],
        "response_hooks": [
            "func2"
        ]
    },
    "json": {
        "username": "test2",
        "password": "abdxxx",
        "code": "1117892",
        "sql": ""
    }
}
2023-11-10 17:32:47 [INFO]: f--------  执行前置条件 ----------
func1
2023-11-10 17:32:47 [INFO]: --------  response info ----------
status: True
msg: success
statusCode: 200
responseHeaders:
[
    {
        "name": "Date",
        "value": "Fri, 10 Nov 2023 09:32:56 GMT"
    },
    {
        "name": "Server",
        "value": "WSGIServer/0.2 CPython/3.6.8"
    },
    {
        "name": "Content-Type",
        "value": "application/json"
    },
    {
        "name": "Allow",
        "value": "POST, OPTIONS"
    },
    {
        "name": "X-Frame-Options",
        "value": "SAMEORIGIN"
    },
    {
        "name": "Content-Length",
        "value": "76"
    },
    {
        "name": "Vary",
        "value": "Cookie"
    },
    {
        "name": "Set-Cookie",
        "value": "sessionid=7ddgxhrivizy3nfq3qsa4snoj8keky00; expires=Fri, 24-Nov-2023 09:32:56 GMT; HttpOnly; Max-Age=1209600; Path=/"
    }
]
responseBody:
{
    "code": 3003,
    "msg": "账号或密码不正确",
    "username": "test2",
    "token": ""
}
cookies: [{'name': 'sessionid', 'value': '7ddgxhrivizy3nfq3qsa4snoj8keky00'}]
cost: 2281ms
cookie: <RequestsCookieJar[<Cookie sessionid=7ddgxhrivizy3nfq3qsa4snoj8keky00 for 124.70.221.221/>]>
2023-11-10 17:32:47 [INFO]: f--------  执行后置条件 ----------
func2
2023-11-10 17:32:47 [INFO]: 断言 -> [{'eq': ['$.msg', 'success']}]
2023-11-10 17:32:47 [INFO]: 执行文件-> testnull.yaml
2023-11-10 17:32:47 [INFO]: 参数化数据-> [{'username': 'test1', 'password': '123456'}, {'username': 'test2', 'password': 'abdxxx'}]
2023-11-10 17:32:47 [INFO]: 用例步骤：1 -> 登录1
2023-11-10 17:32:47 [INFO]: 当前用例引用参数化数据-> {'request': <FixtureRequest for <Function testnull[test1-123456]>>, 'username': 'test1', 'password': '123456'}
2023-11-10 17:32:47 [ERROR]: MYSQL_HOST not found in config.py
2023-11-10 17:32:47 [INFO]: --------  request info ----------
{
    "url": "http://124.70.221.221:8201/api/v1/login/",
    "method": "POST",
    "headers": {
        "Content-Type": "application/json",
        "User-Agent": "python-requests/2.18.4"
    },
    "hooks": {
        "request_hooks": [
            "func1"
        ],
        "response_hooks": [
            "func2"
        ]
    },
    "json": {
        "username": "test1",
        "password": "123456",
        "code": "1521478",
        "sql": ""
    }
}
2023-11-10 17:32:47 [INFO]: f--------  执行前置条件 ----------
func1
2023-11-10 17:32:47 [INFO]: --------  response info ----------
status: True
msg: success
statusCode: 200
responseHeaders:
[
    {
        "name": "Date",
        "value": "Fri, 10 Nov 2023 09:32:56 GMT"
    },
    {
        "name": "Server",
        "value": "WSGIServer/0.2 CPython/3.6.8"
    },
    {
        "name": "Content-Type",
        "value": "application/json"
    },
    {
        "name": "Allow",
        "value": "POST, OPTIONS"
    },
    {
        "name": "X-Frame-Options",
        "value": "SAMEORIGIN"
    },
    {
        "name": "Content-Length",
        "value": "110"
    },
    {
        "name": "Vary",
        "value": "Cookie"
    },
    {
        "name": "Set-Cookie",
        "value": "sessionid=o7ghy1nexxaqvgubf1hcn61r6s1uj4lt; expires=Fri, 24-Nov-2023 09:32:56 GMT; HttpOnly; Max-Age=1209600; Path=/"
    }
]
responseBody:
{
    "code": 0,
    "msg": "login success!",
    "username": "test1",
    "token": "64ef39e17832f421ca03e9a673484cf2b86b9c7c"
}
cookies: [{'name': 'sessionid', 'value': 'o7ghy1nexxaqvgubf1hcn61r6s1uj4lt'}]
cost: 2190ms
cookie: <RequestsCookieJar[<Cookie sessionid=o7ghy1nexxaqvgubf1hcn61r6s1uj4lt for 124.70.221.221/>]>
2023-11-10 17:32:47 [INFO]: f--------  执行后置条件 ----------
func2
2023-11-10 17:32:47 [INFO]: 断言 -> [{'eq': ['$.msg', 'success']}]
2023-11-10 17:32:47 [INFO]: 执行文件-> testnull.yaml
2023-11-10 17:32:47 [INFO]: 参数化数据-> [{'username': 'test1', 'password': '123456'}, {'username': 'test2', 'password': 'abdxxx'}]
2023-11-10 17:32:47 [INFO]: 用例步骤：1 -> 登录1
2023-11-10 17:32:47 [INFO]: 当前用例引用参数化数据-> {'request': <FixtureRequest for <Function testnull[test2-abdxxx]>>, 'username': 'test2', 'password': 'abdxxx'}
2023-11-10 17:32:47 [ERROR]: MYSQL_HOST not found in config.py
2023-11-10 17:32:47 [INFO]: --------  request info ----------
{
    "url": "http://124.70.221.221:8201/api/v1/login/",
    "method": "POST",
    "headers": {
        "Content-Type": "application/json",
        "User-Agent": "python-requests/2.18.4"
    },
    "hooks": {
        "request_hooks": [
            "func1"
        ],
        "response_hooks": [
            "func2"
        ]
    },
    "json": {
        "username": "test2",
        "password": "abdxxx",
        "code": "1185453",
        "sql": ""
    }
}
2023-11-10 17:32:47 [INFO]: f--------  执行前置条件 ----------
func1
2023-11-10 17:32:47 [INFO]: --------  response info ----------
status: True
msg: success
statusCode: 200
responseHeaders:
[
    {
        "name": "Date",
        "value": "Fri, 10 Nov 2023 09:32:56 GMT"
    },
    {
        "name": "Server",
        "value": "WSGIServer/0.2 CPython/3.6.8"
    },
    {
        "name": "Content-Type",
        "value": "application/json"
    },
    {
        "name": "Allow",
        "value": "POST, OPTIONS"
    },
    {
        "name": "X-Frame-Options",
        "value": "SAMEORIGIN"
    },
    {
        "name": "Content-Length",
        "value": "76"
    },
    {
        "name": "Vary",
        "value": "Cookie"
    },
    {
        "name": "Set-Cookie",
        "value": "sessionid=tme7odiwfqol1al7zo5v3mnkkcppfe44; expires=Fri, 24-Nov-2023 09:32:56 GMT; HttpOnly; Max-Age=1209600; Path=/"
    }
]
responseBody:
{
    "code": 3003,
    "msg": "账号或密码不正确",
    "username": "test2",
    "token": ""
}
cookies: [{'name': 'sessionid', 'value': 'tme7odiwfqol1al7zo5v3mnkkcppfe44'}]
cost: 1903ms
cookie: <RequestsCookieJar[<Cookie sessionid=tme7odiwfqol1al7zo5v3mnkkcppfe44 for 124.70.221.221/>]>
2023-11-10 17:32:47 [INFO]: f--------  执行后置条件 ----------
func2
2023-11-10 17:32:47 [INFO]: 断言 -> [{'eq': ['$.msg', 'success']}]
2023-11-10 17:32:47 [INFO]: 执行文件-> testnull.yaml
2023-11-10 17:32:47 [INFO]: 参数化数据-> [{'username': 'test1', 'password': '123456'}, {'username': 'test2', 'password': 'abdxxx'}]
2023-11-10 17:32:47 [INFO]: 用例步骤：1 -> 登录1
2023-11-10 17:32:47 [INFO]: 当前用例引用参数化数据-> {'request': <FixtureRequest for <Function testnull[test1-123456]>>, 'username': 'test1', 'password': '123456'}
2023-11-10 17:32:47 [ERROR]: MYSQL_HOST not found in config.py
2023-11-10 17:32:47 [INFO]: --------  request info ----------
{
    "url": "http://124.70.221.221:8201/api/v1/login/",
    "method": "POST",
    "headers": {
        "Content-Type": "application/json",
        "User-Agent": "python-requests/2.18.4"
    },
    "hooks": {
        "request_hooks": [
            "func1"
        ],
        "response_hooks": [
            "func2"
        ]
    },
    "json": {
        "username": "test1",
        "password": "123456",
        "code": "1405584",
        "sql": ""
    }
}
2023-11-10 17:32:47 [INFO]: f--------  执行前置条件 ----------
func1
2023-11-10 17:32:48 [INFO]: --------  response info ----------
status: True
msg: success
statusCode: 200
responseHeaders:
[
    {
        "name": "Date",
        "value": "Fri, 10 Nov 2023 09:32:57 GMT"
    },
    {
        "name": "Server",
        "value": "WSGIServer/0.2 CPython/3.6.8"
    },
    {
        "name": "Content-Type",
        "value": "application/json"
    },
    {
        "name": "Allow",
        "value": "POST, OPTIONS"
    },
    {
        "name": "X-Frame-Options",
        "value": "SAMEORIGIN"
    },
    {
        "name": "Content-Length",
        "value": "110"
    },
    {
        "name": "Vary",
        "value": "Cookie"
    },
    {
        "name": "Set-Cookie",
        "value": "sessionid=4v9m9hzkm1uw3t2lkab2k105h8xa63t9; expires=Fri, 24-Nov-2023 09:32:57 GMT; HttpOnly; Max-Age=1209600; Path=/"
    }
]
responseBody:
{
    "code": 0,
    "msg": "login success!",
    "username": "test1",
    "token": "1b6ec5743667d70781574b6bb84aadd90815efbe"
}
cookies: [{'name': 'sessionid', 'value': '4v9m9hzkm1uw3t2lkab2k105h8xa63t9'}]
cost: 2399ms
cookie: <RequestsCookieJar[<Cookie sessionid=4v9m9hzkm1uw3t2lkab2k105h8xa63t9 for 124.70.221.221/>]>
2023-11-10 17:32:48 [INFO]: f--------  执行后置条件 ----------
func2
2023-11-10 17:32:48 [INFO]: 断言 -> [{'eq': ['$.msg', 'success']}]
2023-11-10 17:32:48 [INFO]: 执行文件-> testnull.yaml
2023-11-10 17:32:48 [INFO]: 参数化数据-> [{'username': 'test1', 'password': '123456'}, {'username': 'test2', 'password': 'abdxxx'}]
2023-11-10 17:32:48 [INFO]: 用例步骤：1 -> 登录1
2023-11-10 17:32:48 [INFO]: 当前用例引用参数化数据-> {'request': <FixtureRequest for <Function testnull[test2-abdxxx]>>, 'username': 'test2', 'password': 'abdxxx'}
2023-11-10 17:32:48 [ERROR]: MYSQL_HOST not found in config.py
2023-11-10 17:32:48 [INFO]: --------  request info ----------
{
    "url": "http://124.70.221.221:8201/api/v1/login/",
    "method": "POST",
    "headers": {
        "Content-Type": "application/json",
        "User-Agent": "python-requests/2.18.4"
    },
    "hooks": {
        "request_hooks": [
            "func1"
        ],
        "response_hooks": [
            "func2"
        ]
    },
    "json": {
        "username": "test2",
        "password": "abdxxx",
        "code": "1109422",
        "sql": ""
    }
}
2023-11-10 17:32:48 [INFO]: f--------  执行前置条件 ----------
func1
2023-11-10 17:32:48 [INFO]: --------  response info ----------
status: True
msg: success
statusCode: 200
responseHeaders:
[
    {
        "name": "Date",
        "value": "Fri, 10 Nov 2023 09:32:57 GMT"
    },
    {
        "name": "Server",
        "value": "WSGIServer/0.2 CPython/3.6.8"
    },
    {
        "name": "Content-Type",
        "value": "application/json"
    },
    {
        "name": "Allow",
        "value": "POST, OPTIONS"
    },
    {
        "name": "X-Frame-Options",
        "value": "SAMEORIGIN"
    },
    {
        "name": "Content-Length",
        "value": "76"
    },
    {
        "name": "Vary",
        "value": "Cookie"
    },
    {
        "name": "Set-Cookie",
        "value": "sessionid=4q50c89pz3eqyajxy92tn55y0tuv35hr; expires=Fri, 24-Nov-2023 09:32:57 GMT; HttpOnly; Max-Age=1209600; Path=/"
    }
]
responseBody:
{
    "code": 3003,
    "msg": "账号或密码不正确",
    "username": "test2",
    "token": ""
}
cookies: [{'name': 'sessionid', 'value': '4q50c89pz3eqyajxy92tn55y0tuv35hr'}]
cost: 2143ms
cookie: <RequestsCookieJar[<Cookie sessionid=4q50c89pz3eqyajxy92tn55y0tuv35hr for 124.70.221.221/>]>
2023-11-10 17:32:48 [INFO]: f--------  执行后置条件 ----------
func2
2023-11-10 17:32:48 [INFO]: 断言 -> [{'eq': ['$.msg', 'success']}]
2023-11-10 17:32:48 [INFO]: 执行文件-> testnull.yaml
2023-11-10 17:32:48 [INFO]: 参数化数据-> [{'username': 'test1', 'password': '123456'}, {'username': 'test2', 'password': 'abdxxx'}]
2023-11-10 17:32:48 [INFO]: 用例步骤：1 -> 登录1
2023-11-10 17:32:48 [INFO]: 当前用例引用参数化数据-> {'request': <FixtureRequest for <Function testnull[test1-123456]>>, 'username': 'test1', 'password': '123456'}
2023-11-10 17:32:48 [ERROR]: MYSQL_HOST not found in config.py
2023-11-10 17:32:48 [INFO]: --------  request info ----------
{
    "url": "http://124.70.221.221:8201/api/v1/login/",
    "method": "POST",
    "headers": {
        "Content-Type": "application/json",
        "User-Agent": "python-requests/2.18.4"
    },
    "hooks": {
        "request_hooks": [
            "func1"
        ],
        "response_hooks": [
            "func2"
        ]
    },
    "json": {
        "username": "test1",
        "password": "123456",
        "code": "1988241",
        "sql": ""
    }
}
2023-11-10 17:32:48 [INFO]: f--------  执行前置条件 ----------
func1
2023-11-10 17:32:48 [INFO]: --------  response info ----------
status: True
msg: success
statusCode: 200
responseHeaders:
[
    {
        "name": "Date",
        "value": "Fri, 10 Nov 2023 09:32:57 GMT"
    },
    {
        "name": "Server",
        "value": "WSGIServer/0.2 CPython/3.6.8"
    },
    {
        "name": "Content-Type",
        "value": "application/json"
    },
    {
        "name": "Allow",
        "value": "POST, OPTIONS"
    },
    {
        "name": "X-Frame-Options",
        "value": "SAMEORIGIN"
    },
    {
        "name": "Content-Length",
        "value": "110"
    },
    {
        "name": "Vary",
        "value": "Cookie"
    },
    {
        "name": "Set-Cookie",
        "value": "sessionid=ibb8zp9pjwt8dirp403xo75lu56wi2ex; expires=Fri, 24-Nov-2023 09:32:57 GMT; HttpOnly; Max-Age=1209600; Path=/"
    }
]
responseBody:
{
    "code": 0,
    "msg": "login success!",
    "username": "test1",
    "token": "910b63f20b3f4973cad31a8e35328665d750df38"
}
cookies: [{'name': 'sessionid', 'value': 'ibb8zp9pjwt8dirp403xo75lu56wi2ex'}]
cost: 2089ms
cookie: <RequestsCookieJar[<Cookie sessionid=ibb8zp9pjwt8dirp403xo75lu56wi2ex for 124.70.221.221/>]>
2023-11-10 17:32:48 [INFO]: f--------  执行后置条件 ----------
func2
2023-11-10 17:32:48 [INFO]: 断言 -> [{'eq': ['$.msg', 'success']}]
2023-11-10 17:32:48 [INFO]: 执行文件-> testnull.yaml
2023-11-10 17:32:48 [INFO]: 参数化数据-> [{'username': 'test1', 'password': '123456'}, {'username': 'test2', 'password': 'abdxxx'}]
2023-11-10 17:32:48 [INFO]: 用例步骤：1 -> 登录1
2023-11-10 17:32:48 [INFO]: 当前用例引用参数化数据-> {'request': <FixtureRequest for <Function testnull[test2-abdxxx]>>, 'username': 'test2', 'password': 'abdxxx'}
2023-11-10 17:32:48 [ERROR]: MYSQL_HOST not found in config.py
2023-11-10 17:32:48 [INFO]: --------  request info ----------
{
    "url": "http://124.70.221.221:8201/api/v1/login/",
    "method": "POST",
    "headers": {
        "Content-Type": "application/json",
        "User-Agent": "python-requests/2.18.4"
    },
    "hooks": {
        "request_hooks": [
            "func1"
        ],
        "response_hooks": [
            "func2"
        ]
    },
    "json": {
        "username": "test2",
        "password": "abdxxx",
        "code": "1998212",
        "sql": ""
    }
}
2023-11-10 17:32:48 [INFO]: f--------  执行前置条件 ----------
func1
2023-11-10 17:32:48 [INFO]: --------  response info ----------
status: True
msg: success
statusCode: 200
responseHeaders:
[
    {
        "name": "Date",
        "value": "Fri, 10 Nov 2023 09:32:57 GMT"
    },
    {
        "name": "Server",
        "value": "WSGIServer/0.2 CPython/3.6.8"
    },
    {
        "name": "Content-Type",
        "value": "application/json"
    },
    {
        "name": "Allow",
        "value": "POST, OPTIONS"
    },
    {
        "name": "X-Frame-Options",
        "value": "SAMEORIGIN"
    },
    {
        "name": "Content-Length",
        "value": "76"
    },
    {
        "name": "Vary",
        "value": "Cookie"
    },
    {
        "name": "Set-Cookie",
        "value": "sessionid=3fv2fku97gyiyk1x5u75x2rz5jqfsism; expires=Fri, 24-Nov-2023 09:32:57 GMT; HttpOnly; Max-Age=1209600; Path=/"
    }
]
responseBody:
{
    "code": 3003,
    "msg": "账号或密码不正确",
    "username": "test2",
    "token": ""
}
cookies: [{'name': 'sessionid', 'value': '3fv2fku97gyiyk1x5u75x2rz5jqfsism'}]
cost: 1987ms
cookie: <RequestsCookieJar[<Cookie sessionid=3fv2fku97gyiyk1x5u75x2rz5jqfsism for 124.70.221.221/>]>
2023-11-10 17:32:48 [INFO]: f--------  执行后置条件 ----------
func2
2023-11-10 17:32:48 [INFO]: 断言 -> [{'eq': ['$.msg', 'success']}]
2023-11-10 17:32:48 [INFO]: 执行文件-> testnull.yaml
2023-11-10 17:32:48 [INFO]: 参数化数据-> [{'username': 'test1', 'password': '123456'}, {'username': 'test2', 'password': 'abdxxx'}]
2023-11-10 17:32:48 [INFO]: 用例步骤：1 -> 登录1
2023-11-10 17:32:48 [INFO]: 当前用例引用参数化数据-> {'request': <FixtureRequest for <Function testnull[test1-123456]>>, 'username': 'test1', 'password': '123456'}
2023-11-10 17:32:48 [ERROR]: MYSQL_HOST not found in config.py
2023-11-10 17:32:48 [INFO]: --------  request info ----------
{
    "url": "http://124.70.221.221:8201/api/v1/login/",
    "method": "POST",
    "headers": {
        "Content-Type": "application/json",
        "User-Agent": "python-requests/2.18.4"
    },
    "hooks": {
        "request_hooks": [
            "func1"
        ],
        "response_hooks": [
            "func2"
        ]
    },
    "json": {
        "username": "test1",
        "password": "123456",
        "code": "1230322",
        "sql": ""
    }
}
2023-11-10 17:32:48 [INFO]: f--------  执行前置条件 ----------
func1
2023-11-10 17:32:49 [INFO]: --------  response info ----------
status: True
msg: success
statusCode: 200
responseHeaders:
[
    {
        "name": "Date",
        "value": "Fri, 10 Nov 2023 09:32:57 GMT"
    },
    {
        "name": "Server",
        "value": "WSGIServer/0.2 CPython/3.6.8"
    },
    {
        "name": "Content-Type",
        "value": "application/json"
    },
    {
        "name": "Allow",
        "value": "POST, OPTIONS"
    },
    {
        "name": "X-Frame-Options",
        "value": "SAMEORIGIN"
    },
    {
        "name": "Content-Length",
        "value": "110"
    },
    {
        "name": "Vary",
        "value": "Cookie"
    },
    {
        "name": "Set-Cookie",
        "value": "sessionid=sscotp610j855t39o4yrauhfoq08udmo; expires=Fri, 24-Nov-2023 09:32:57 GMT; HttpOnly; Max-Age=1209600; Path=/"
    }
]
responseBody:
{
    "code": 0,
    "msg": "login success!",
    "username": "test1",
    "token": "74ab85987521730d52ba86648cac3752500bcea3"
}
cookies: [{'name': 'sessionid', 'value': 'sscotp610j855t39o4yrauhfoq08udmo'}]
cost: 2116ms
cookie: <RequestsCookieJar[<Cookie sessionid=sscotp610j855t39o4yrauhfoq08udmo for 124.70.221.221/>]>
2023-11-10 17:32:49 [INFO]: f--------  执行后置条件 ----------
func2
2023-11-10 17:32:49 [INFO]: 断言 -> [{'eq': ['$.msg', 'success']}]
2023-11-10 17:32:49 [INFO]: 执行文件-> testnull.yaml
2023-11-10 17:32:49 [INFO]: 参数化数据-> [{'username': 'test1', 'password': '123456'}, {'username': 'test2', 'password': 'abdxxx'}]
2023-11-10 17:32:49 [INFO]: 用例步骤：1 -> 登录1
2023-11-10 17:32:49 [INFO]: 当前用例引用参数化数据-> {'request': <FixtureRequest for <Function testnull[test2-abdxxx]>>, 'username': 'test2', 'password': 'abdxxx'}
2023-11-10 17:32:49 [ERROR]: MYSQL_HOST not found in config.py
2023-11-10 17:32:49 [INFO]: --------  request info ----------
{
    "url": "http://124.70.221.221:8201/api/v1/login/",
    "method": "POST",
    "headers": {
        "Content-Type": "application/json",
        "User-Agent": "python-requests/2.18.4"
    },
    "hooks": {
        "request_hooks": [
            "func1"
        ],
        "response_hooks": [
            "func2"
        ]
    },
    "json": {
        "username": "test2",
        "password": "abdxxx",
        "code": "1869760",
        "sql": ""
    }
}
2023-11-10 17:32:49 [INFO]: f--------  执行前置条件 ----------
func1
