2023-11-10 17:32:01 [INFO]: 执行文件-> testnull.yaml
2023-11-10 17:32:01 [INFO]: 参数化数据-> [{'username': 'test1', 'password': '123456'}, {'username': 'test2', 'password': 'abdxxx'}]
2023-11-10 17:32:01 [INFO]: 用例步骤：1 -> 登录1
2023-11-10 17:32:01 [INFO]: 当前用例引用参数化数据-> {'request': <FixtureRequest for <Function testnull[test1-123456]>>, 'username': 'test1', 'password': '123456'}
2023-11-10 17:32:01 [ERROR]: MYSQL_HOST not found in config.py
2023-11-10 17:32:01 [INFO]: --------  request info ----------
{
    "url": "http://124.70.221.221:8201/api/v1/login/",
    "method": "POST",
    "headers": {
        "Content-Type": "application/json",
        "User-Agent": "python-requests/2.18.4"
    },
    "hooks": {
        "request_hooks": [
            "func1"
        ],
        "response_hooks": [
            "func2"
        ]
    },
    "json": {
        "username": "test1",
        "password": "123456",
        "code": "1496061",
        "sql": ""
    }
}
2023-11-10 17:32:01 [INFO]: f--------  执行前置条件 ----------
func1
2023-11-10 17:32:01 [INFO]: --------  response info ----------
status: True
msg: success
statusCode: 200
responseHeaders:
[
    {
        "name": "Date",
        "value": "Fri, 10 Nov 2023 09:32:10 GMT"
    },
    {
        "name": "Server",
        "value": "WSGIServer/0.2 CPython/3.6.8"
    },
    {
        "name": "Content-Type",
        "value": "application/json"
    },
    {
        "name": "Allow",
        "value": "POST, OPTIONS"
    },
    {
        "name": "X-Frame-Options",
        "value": "SAMEORIGIN"
    },
    {
        "name": "Content-Length",
        "value": "110"
    },
    {
        "name": "Vary",
        "value": "Cookie"
    },
    {
        "name": "Set-Cookie",
        "value": "sessionid=hmlx0g6oo8oqhxsbavox2hr2iuhph1vc; expires=Fri, 24-Nov-2023 09:32:10 GMT; HttpOnly; Max-Age=1209600; Path=/"
    }
]
responseBody:
{
    "code": 0,
    "msg": "login success!",
    "username": "test1",
    "token": "850f41ed6c1f34b3886e9307bd82dbbec1e8a021"
}
cookies: [{'name': 'sessionid', 'value': 'hmlx0g6oo8oqhxsbavox2hr2iuhph1vc'}]
cost: 2147ms
cookie: <RequestsCookieJar[<Cookie sessionid=hmlx0g6oo8oqhxsbavox2hr2iuhph1vc for 124.70.221.221/>]>
2023-11-10 17:32:01 [INFO]: f--------  执行后置条件 ----------
func2
2023-11-10 17:32:01 [INFO]: 断言 -> [{'eq': ['$.msg', 'success']}]
2023-11-10 17:32:01 [INFO]: 执行文件-> testnull.yaml
2023-11-10 17:32:01 [INFO]: 参数化数据-> [{'username': 'test1', 'password': '123456'}, {'username': 'test2', 'password': 'abdxxx'}]
2023-11-10 17:32:01 [INFO]: 用例步骤：1 -> 登录1
2023-11-10 17:32:01 [INFO]: 当前用例引用参数化数据-> {'request': <FixtureRequest for <Function testnull[test2-abdxxx]>>, 'username': 'test2', 'password': 'abdxxx'}
2023-11-10 17:32:01 [ERROR]: MYSQL_HOST not found in config.py
2023-11-10 17:32:01 [INFO]: --------  request info ----------
{
    "url": "http://124.70.221.221:8201/api/v1/login/",
    "method": "POST",
    "headers": {
        "Content-Type": "application/json",
        "User-Agent": "python-requests/2.18.4"
    },
    "hooks": {
        "request_hooks": [
            "func1"
        ],
        "response_hooks": [
            "func2"
        ]
    },
    "json": {
        "username": "test2",
        "password": "abdxxx",
        "code": "1120918",
        "sql": ""
    }
}
2023-11-10 17:32:01 [INFO]: f--------  执行前置条件 ----------
func1
2023-11-10 17:32:01 [INFO]: --------  response info ----------
status: True
msg: success
statusCode: 200
responseHeaders:
[
    {
        "name": "Date",
        "value": "Fri, 10 Nov 2023 09:32:10 GMT"
    },
    {
        "name": "Server",
        "value": "WSGIServer/0.2 CPython/3.6.8"
    },
    {
        "name": "Content-Type",
        "value": "application/json"
    },
    {
        "name": "Allow",
        "value": "POST, OPTIONS"
    },
    {
        "name": "X-Frame-Options",
        "value": "SAMEORIGIN"
    },
    {
        "name": "Content-Length",
        "value": "76"
    },
    {
        "name": "Vary",
        "value": "Cookie"
    },
    {
        "name": "Set-Cookie",
        "value": "sessionid=qed3g0navf1ufr196ihb08tyggp6m25n; expires=Fri, 24-Nov-2023 09:32:10 GMT; HttpOnly; Max-Age=1209600; Path=/"
    }
]
responseBody:
{
    "code": 3003,
    "msg": "账号或密码不正确",
    "username": "test2",
    "token": ""
}
cookies: [{'name': 'sessionid', 'value': 'qed3g0navf1ufr196ihb08tyggp6m25n'}]
cost: 2014ms
cookie: <RequestsCookieJar[<Cookie sessionid=qed3g0navf1ufr196ihb08tyggp6m25n for 124.70.221.221/>]>
2023-11-10 17:32:01 [INFO]: f--------  执行后置条件 ----------
func2
2023-11-10 17:32:01 [INFO]: 断言 -> [{'eq': ['$.msg', 'success']}]
2023-11-10 17:32:01 [INFO]: 执行文件-> testnull.yaml
2023-11-10 17:32:01 [INFO]: 参数化数据-> [{'username': 'test1', 'password': '123456'}, {'username': 'test2', 'password': 'abdxxx'}]
2023-11-10 17:32:01 [INFO]: 用例步骤：1 -> 登录1
2023-11-10 17:32:01 [INFO]: 当前用例引用参数化数据-> {'request': <FixtureRequest for <Function testnull[test1-123456]>>, 'username': 'test1', 'password': '123456'}
2023-11-10 17:32:01 [ERROR]: MYSQL_HOST not found in config.py
2023-11-10 17:32:01 [INFO]: --------  request info ----------
{
    "url": "http://124.70.221.221:8201/api/v1/login/",
    "method": "POST",
    "headers": {
        "Content-Type": "application/json",
        "User-Agent": "python-requests/2.18.4"
    },
    "hooks": {
        "request_hooks": [
            "func1"
        ],
        "response_hooks": [
            "func2"
        ]
    },
    "json": {
        "username": "test1",
        "password": "123456",
        "code": "1738528",
        "sql": ""
    }
}
2023-11-10 17:32:01 [INFO]: f--------  执行前置条件 ----------
func1
2023-11-10 17:32:01 [INFO]: --------  response info ----------
status: True
msg: success
statusCode: 200
responseHeaders:
[
    {
        "name": "Date",
        "value": "Fri, 10 Nov 2023 09:32:10 GMT"
    },
    {
        "name": "Server",
        "value": "WSGIServer/0.2 CPython/3.6.8"
    },
    {
        "name": "Content-Type",
        "value": "application/json"
    },
    {
        "name": "Allow",
        "value": "POST, OPTIONS"
    },
    {
        "name": "X-Frame-Options",
        "value": "SAMEORIGIN"
    },
    {
        "name": "Content-Length",
        "value": "110"
    },
    {
        "name": "Vary",
        "value": "Cookie"
    },
    {
        "name": "Set-Cookie",
        "value": "sessionid=uj05hoofzr8kux0x6bb0af73tc2lnyxb; expires=Fri, 24-Nov-2023 09:32:10 GMT; HttpOnly; Max-Age=1209600; Path=/"
    }
]
responseBody:
{
    "code": 0,
    "msg": "login success!",
    "username": "test1",
    "token": "58cbbd86c36f285c66a0fd369972f70ba897429b"
}
cookies: [{'name': 'sessionid', 'value': 'uj05hoofzr8kux0x6bb0af73tc2lnyxb'}]
cost: 2156ms
cookie: <RequestsCookieJar[<Cookie sessionid=uj05hoofzr8kux0x6bb0af73tc2lnyxb for 124.70.221.221/>]>
2023-11-10 17:32:01 [INFO]: f--------  执行后置条件 ----------
func2
2023-11-10 17:32:01 [INFO]: 断言 -> [{'eq': ['$.msg', 'success']}]
2023-11-10 17:32:01 [INFO]: 执行文件-> testnull.yaml
2023-11-10 17:32:01 [INFO]: 参数化数据-> [{'username': 'test1', 'password': '123456'}, {'username': 'test2', 'password': 'abdxxx'}]
2023-11-10 17:32:01 [INFO]: 用例步骤：1 -> 登录1
2023-11-10 17:32:01 [INFO]: 当前用例引用参数化数据-> {'request': <FixtureRequest for <Function testnull[test2-abdxxx]>>, 'username': 'test2', 'password': 'abdxxx'}
2023-11-10 17:32:01 [ERROR]: MYSQL_HOST not found in config.py
2023-11-10 17:32:01 [INFO]: --------  request info ----------
{
    "url": "http://124.70.221.221:8201/api/v1/login/",
    "method": "POST",
    "headers": {
        "Content-Type": "application/json",
        "User-Agent": "python-requests/2.18.4"
    },
    "hooks": {
        "request_hooks": [
            "func1"
        ],
        "response_hooks": [
            "func2"
        ]
    },
    "json": {
        "username": "test2",
        "password": "abdxxx",
        "code": "1078347",
        "sql": ""
    }
}
2023-11-10 17:32:01 [INFO]: f--------  执行前置条件 ----------
func1
2023-11-10 17:32:01 [INFO]: --------  response info ----------
status: True
msg: success
statusCode: 200
responseHeaders:
[
    {
        "name": "Date",
        "value": "Fri, 10 Nov 2023 09:32:10 GMT"
    },
    {
        "name": "Server",
        "value": "WSGIServer/0.2 CPython/3.6.8"
    },
    {
        "name": "Content-Type",
        "value": "application/json"
    },
    {
        "name": "Allow",
        "value": "POST, OPTIONS"
    },
    {
        "name": "X-Frame-Options",
        "value": "SAMEORIGIN"
    },
    {
        "name": "Content-Length",
        "value": "76"
    },
    {
        "name": "Vary",
        "value": "Cookie"
    },
    {
        "name": "Set-Cookie",
        "value": "sessionid=pamqg91hhi58xm0ejtifpnpar1j9vynz; expires=Fri, 24-Nov-2023 09:32:10 GMT; HttpOnly; Max-Age=1209600; Path=/"
    }
]
responseBody:
{
    "code": 3003,
    "msg": "账号或密码不正确",
    "username": "test2",
    "token": ""
}
cookies: [{'name': 'sessionid', 'value': 'pamqg91hhi58xm0ejtifpnpar1j9vynz'}]
cost: 2003ms
cookie: <RequestsCookieJar[<Cookie sessionid=pamqg91hhi58xm0ejtifpnpar1j9vynz for 124.70.221.221/>]>
2023-11-10 17:32:01 [INFO]: f--------  执行后置条件 ----------
func2
2023-11-10 17:32:01 [INFO]: 断言 -> [{'eq': ['$.msg', 'success']}]
2023-11-10 17:32:01 [INFO]: 执行文件-> testnull.yaml
2023-11-10 17:32:01 [INFO]: 参数化数据-> [{'username': 'test1', 'password': '123456'}, {'username': 'test2', 'password': 'abdxxx'}]
2023-11-10 17:32:01 [INFO]: 用例步骤：1 -> 登录1
2023-11-10 17:32:01 [INFO]: 当前用例引用参数化数据-> {'request': <FixtureRequest for <Function testnull[test1-123456]>>, 'username': 'test1', 'password': '123456'}
2023-11-10 17:32:01 [ERROR]: MYSQL_HOST not found in config.py
2023-11-10 17:32:01 [INFO]: --------  request info ----------
{
    "url": "http://124.70.221.221:8201/api/v1/login/",
    "method": "POST",
    "headers": {
        "Content-Type": "application/json",
        "User-Agent": "python-requests/2.18.4"
    },
    "hooks": {
        "request_hooks": [
            "func1"
        ],
        "response_hooks": [
            "func2"
        ]
    },
    "json": {
        "username": "test1",
        "password": "123456",
        "code": "1146201",
        "sql": ""
    }
}
2023-11-10 17:32:01 [INFO]: f--------  执行前置条件 ----------
func1
2023-11-10 17:32:02 [INFO]: --------  response info ----------
status: True
msg: success
statusCode: 200
responseHeaders:
[
    {
        "name": "Date",
        "value": "Fri, 10 Nov 2023 09:32:10 GMT"
    },
    {
        "name": "Server",
        "value": "WSGIServer/0.2 CPython/3.6.8"
    },
    {
        "name": "Content-Type",
        "value": "application/json"
    },
    {
        "name": "Allow",
        "value": "POST, OPTIONS"
    },
    {
        "name": "X-Frame-Options",
        "value": "SAMEORIGIN"
    },
    {
        "name": "Content-Length",
        "value": "110"
    },
    {
        "name": "Vary",
        "value": "Cookie"
    },
    {
        "name": "Set-Cookie",
        "value": "sessionid=3v3b0sir5dj8bjeunv0lr7znlsq8uiy7; expires=Fri, 24-Nov-2023 09:32:10 GMT; HttpOnly; Max-Age=1209600; Path=/"
    }
]
responseBody:
{
    "code": 0,
    "msg": "login success!",
    "username": "test1",
    "token": "ff5f1c6edb9044bf89ee3ca079e81332af2cfce8"
}
cookies: [{'name': 'sessionid', 'value': '3v3b0sir5dj8bjeunv0lr7znlsq8uiy7'}]
cost: 2173ms
cookie: <RequestsCookieJar[<Cookie sessionid=3v3b0sir5dj8bjeunv0lr7znlsq8uiy7 for 124.70.221.221/>]>
2023-11-10 17:32:02 [INFO]: f--------  执行后置条件 ----------
func2
2023-11-10 17:32:02 [INFO]: 断言 -> [{'eq': ['$.msg', 'success']}]
2023-11-10 17:32:02 [INFO]: 执行文件-> testnull.yaml
2023-11-10 17:32:02 [INFO]: 参数化数据-> [{'username': 'test1', 'password': '123456'}, {'username': 'test2', 'password': 'abdxxx'}]
2023-11-10 17:32:02 [INFO]: 用例步骤：1 -> 登录1
2023-11-10 17:32:02 [INFO]: 当前用例引用参数化数据-> {'request': <FixtureRequest for <Function testnull[test2-abdxxx]>>, 'username': 'test2', 'password': 'abdxxx'}
2023-11-10 17:32:02 [ERROR]: MYSQL_HOST not found in config.py
2023-11-10 17:32:02 [INFO]: --------  request info ----------
{
    "url": "http://124.70.221.221:8201/api/v1/login/",
    "method": "POST",
    "headers": {
        "Content-Type": "application/json",
        "User-Agent": "python-requests/2.18.4"
    },
    "hooks": {
        "request_hooks": [
            "func1"
        ],
        "response_hooks": [
            "func2"
        ]
    },
    "json": {
        "username": "test2",
        "password": "abdxxx",
        "code": "1745261",
        "sql": ""
    }
}
2023-11-10 17:32:02 [INFO]: f--------  执行前置条件 ----------
func1
2023-11-10 17:32:02 [INFO]: --------  response info ----------
status: True
msg: success
statusCode: 200
responseHeaders:
[
    {
        "name": "Date",
        "value": "Fri, 10 Nov 2023 09:32:11 GMT"
    },
    {
        "name": "Server",
        "value": "WSGIServer/0.2 CPython/3.6.8"
    },
    {
        "name": "Content-Type",
        "value": "application/json"
    },
    {
        "name": "Allow",
        "value": "POST, OPTIONS"
    },
    {
        "name": "X-Frame-Options",
        "value": "SAMEORIGIN"
    },
    {
        "name": "Content-Length",
        "value": "76"
    },
    {
        "name": "Vary",
        "value": "Cookie"
    },
    {
        "name": "Set-Cookie",
        "value": "sessionid=xps0jw3ysdz5h25ok3v9yey0y2axjxej; expires=Fri, 24-Nov-2023 09:32:11 GMT; HttpOnly; Max-Age=1209600; Path=/"
    }
]
responseBody:
{
    "code": 3003,
    "msg": "账号或密码不正确",
    "username": "test2",
    "token": ""
}
cookies: [{'name': 'sessionid', 'value': 'xps0jw3ysdz5h25ok3v9yey0y2axjxej'}]
cost: 5883ms
cookie: <RequestsCookieJar[<Cookie sessionid=xps0jw3ysdz5h25ok3v9yey0y2axjxej for 124.70.221.221/>]>
2023-11-10 17:32:02 [INFO]: f--------  执行后置条件 ----------
func2
2023-11-10 17:32:02 [INFO]: 断言 -> [{'eq': ['$.msg', 'success']}]
2023-11-10 17:32:02 [INFO]: 执行文件-> testnull.yaml
2023-11-10 17:32:02 [INFO]: 参数化数据-> [{'username': 'test1', 'password': '123456'}, {'username': 'test2', 'password': 'abdxxx'}]
2023-11-10 17:32:02 [INFO]: 用例步骤：1 -> 登录1
2023-11-10 17:32:02 [INFO]: 当前用例引用参数化数据-> {'request': <FixtureRequest for <Function testnull[test1-123456]>>, 'username': 'test1', 'password': '123456'}
2023-11-10 17:32:02 [ERROR]: MYSQL_HOST not found in config.py
2023-11-10 17:32:02 [INFO]: --------  request info ----------
{
    "url": "http://124.70.221.221:8201/api/v1/login/",
    "method": "POST",
    "headers": {
        "Content-Type": "application/json",
        "User-Agent": "python-requests/2.18.4"
    },
    "hooks": {
        "request_hooks": [
            "func1"
        ],
        "response_hooks": [
            "func2"
        ]
    },
    "json": {
        "username": "test1",
        "password": "123456",
        "code": "1190145",
        "sql": ""
    }
}
2023-11-10 17:32:02 [INFO]: f--------  执行前置条件 ----------
func1
2023-11-10 17:32:02 [INFO]: --------  response info ----------
status: True
msg: success
statusCode: 200
responseHeaders:
[
    {
        "name": "Date",
        "value": "Fri, 10 Nov 2023 09:32:11 GMT"
    },
    {
        "name": "Server",
        "value": "WSGIServer/0.2 CPython/3.6.8"
    },
    {
        "name": "Content-Type",
        "value": "application/json"
    },
    {
        "name": "Allow",
        "value": "POST, OPTIONS"
    },
    {
        "name": "X-Frame-Options",
        "value": "SAMEORIGIN"
    },
    {
        "name": "Content-Length",
        "value": "110"
    },
    {
        "name": "Vary",
        "value": "Cookie"
    },
    {
        "name": "Set-Cookie",
        "value": "sessionid=yop4uz4txh8ut7cth8azmazlc1taaub4; expires=Fri, 24-Nov-2023 09:32:11 GMT; HttpOnly; Max-Age=1209600; Path=/"
    }
]
responseBody:
{
    "code": 0,
    "msg": "login success!",
    "username": "test1",
    "token": "03da7d304b9b2b4e9d99921dcf080c8d075b7c09"
}
cookies: [{'name': 'sessionid', 'value': 'yop4uz4txh8ut7cth8azmazlc1taaub4'}]
cost: 2207ms
cookie: <RequestsCookieJar[<Cookie sessionid=yop4uz4txh8ut7cth8azmazlc1taaub4 for 124.70.221.221/>]>
2023-11-10 17:32:02 [INFO]: f--------  执行后置条件 ----------
func2
2023-11-10 17:32:02 [INFO]: 断言 -> [{'eq': ['$.msg', 'success']}]
2023-11-10 17:32:02 [INFO]: 执行文件-> testnull.yaml
2023-11-10 17:32:02 [INFO]: 参数化数据-> [{'username': 'test1', 'password': '123456'}, {'username': 'test2', 'password': 'abdxxx'}]
2023-11-10 17:32:02 [INFO]: 用例步骤：1 -> 登录1
2023-11-10 17:32:02 [INFO]: 当前用例引用参数化数据-> {'request': <FixtureRequest for <Function testnull[test2-abdxxx]>>, 'username': 'test2', 'password': 'abdxxx'}
2023-11-10 17:32:02 [ERROR]: MYSQL_HOST not found in config.py
2023-11-10 17:32:02 [INFO]: --------  request info ----------
{
    "url": "http://124.70.221.221:8201/api/v1/login/",
    "method": "POST",
    "headers": {
        "Content-Type": "application/json",
        "User-Agent": "python-requests/2.18.4"
    },
    "hooks": {
        "request_hooks": [
            "func1"
        ],
        "response_hooks": [
            "func2"
        ]
    },
    "json": {
        "username": "test2",
        "password": "abdxxx",
        "code": "1957076",
        "sql": ""
    }
}
2023-11-10 17:32:02 [INFO]: f--------  执行前置条件 ----------
func1
2023-11-10 17:32:03 [INFO]: --------  response info ----------
status: True
msg: success
statusCode: 200
responseHeaders:
[
    {
        "name": "Date",
        "value": "Fri, 10 Nov 2023 09:32:12 GMT"
    },
    {
        "name": "Server",
        "value": "WSGIServer/0.2 CPython/3.6.8"
    },
    {
        "name": "Content-Type",
        "value": "application/json"
    },
    {
        "name": "Allow",
        "value": "POST, OPTIONS"
    },
    {
        "name": "X-Frame-Options",
        "value": "SAMEORIGIN"
    },
    {
        "name": "Content-Length",
        "value": "76"
    },
    {
        "name": "Vary",
        "value": "Cookie"
    },
    {
        "name": "Set-Cookie",
        "value": "sessionid=lnoq31zcqt5tsspgo0e6wa3wvo01mgzu; expires=Fri, 24-Nov-2023 09:32:11 GMT; HttpOnly; Max-Age=1209600; Path=/"
    }
]
responseBody:
{
    "code": 3003,
    "msg": "账号或密码不正确",
    "username": "test2",
    "token": ""
}
cookies: [{'name': 'sessionid', 'value': 'lnoq31zcqt5tsspgo0e6wa3wvo01mgzu'}]
cost: 3242ms
cookie: <RequestsCookieJar[<Cookie sessionid=lnoq31zcqt5tsspgo0e6wa3wvo01mgzu for 124.70.221.221/>]>
2023-11-10 17:32:03 [INFO]: f--------  执行后置条件 ----------
func2
2023-11-10 17:32:03 [INFO]: 断言 -> [{'eq': ['$.msg', 'success']}]
2023-11-10 17:32:03 [INFO]: 执行文件-> testnull.yaml
2023-11-10 17:32:03 [INFO]: 参数化数据-> [{'username': 'test1', 'password': '123456'}, {'username': 'test2', 'password': 'abdxxx'}]
2023-11-10 17:32:03 [INFO]: 用例步骤：1 -> 登录1
2023-11-10 17:32:03 [INFO]: 当前用例引用参数化数据-> {'request': <FixtureRequest for <Function testnull[test1-123456]>>, 'username': 'test1', 'password': '123456'}
2023-11-10 17:32:03 [ERROR]: MYSQL_HOST not found in config.py
2023-11-10 17:32:03 [INFO]: --------  request info ----------
{
    "url": "http://124.70.221.221:8201/api/v1/login/",
    "method": "POST",
    "headers": {
        "Content-Type": "application/json",
        "User-Agent": "python-requests/2.18.4"
    },
    "hooks": {
        "request_hooks": [
            "func1"
        ],
        "response_hooks": [
            "func2"
        ]
    },
    "json": {
        "username": "test1",
        "password": "123456",
        "code": "1757196",
        "sql": ""
    }
}
2023-11-10 17:32:03 [INFO]: f--------  执行前置条件 ----------
func1
2023-11-10 17:32:03 [INFO]: --------  response info ----------
status: True
msg: success
statusCode: 200
responseHeaders:
[
    {
        "name": "Date",
        "value": "Fri, 10 Nov 2023 09:32:12 GMT"
    },
    {
        "name": "Server",
        "value": "WSGIServer/0.2 CPython/3.6.8"
    },
    {
        "name": "Content-Type",
        "value": "application/json"
    },
    {
        "name": "Allow",
        "value": "POST, OPTIONS"
    },
    {
        "name": "X-Frame-Options",
        "value": "SAMEORIGIN"
    },
    {
        "name": "Content-Length",
        "value": "110"
    },
    {
        "name": "Vary",
        "value": "Cookie"
    },
    {
        "name": "Set-Cookie",
        "value": "sessionid=292m1dupfsc1snm1fb3noytx5ru1cslw; expires=Fri, 24-Nov-2023 09:32:12 GMT; HttpOnly; Max-Age=1209600; Path=/"
    }
]
responseBody:
{
    "code": 0,
    "msg": "login success!",
    "username": "test1",
    "token": "2885023cc5b5a46b6780a0f4841cd1850ff97b7c"
}
cookies: [{'name': 'sessionid', 'value': '292m1dupfsc1snm1fb3noytx5ru1cslw'}]
cost: 2829ms
cookie: <RequestsCookieJar[<Cookie sessionid=292m1dupfsc1snm1fb3noytx5ru1cslw for 124.70.221.221/>]>
2023-11-10 17:32:03 [INFO]: f--------  执行后置条件 ----------
func2
2023-11-10 17:32:03 [INFO]: 断言 -> [{'eq': ['$.msg', 'success']}]
2023-11-10 17:32:03 [INFO]: 执行文件-> testnull.yaml
2023-11-10 17:32:03 [INFO]: 参数化数据-> [{'username': 'test1', 'password': '123456'}, {'username': 'test2', 'password': 'abdxxx'}]
2023-11-10 17:32:03 [INFO]: 用例步骤：1 -> 登录1
2023-11-10 17:32:03 [INFO]: 当前用例引用参数化数据-> {'request': <FixtureRequest for <Function testnull[test2-abdxxx]>>, 'username': 'test2', 'password': 'abdxxx'}
2023-11-10 17:32:03 [ERROR]: MYSQL_HOST not found in config.py
2023-11-10 17:32:03 [INFO]: --------  request info ----------
{
    "url": "http://124.70.221.221:8201/api/v1/login/",
    "method": "POST",
    "headers": {
        "Content-Type": "application/json",
        "User-Agent": "python-requests/2.18.4"
    },
    "hooks": {
        "request_hooks": [
            "func1"
        ],
        "response_hooks": [
            "func2"
        ]
    },
    "json": {
        "username": "test2",
        "password": "abdxxx",
        "code": "1716241",
        "sql": ""
    }
}
2023-11-10 17:32:03 [INFO]: f--------  执行前置条件 ----------
func1
2023-11-10 17:32:03 [INFO]: --------  response info ----------
status: True
msg: success
statusCode: 200
responseHeaders:
[
    {
        "name": "Date",
        "value": "Fri, 10 Nov 2023 09:32:12 GMT"
    },
    {
        "name": "Server",
        "value": "WSGIServer/0.2 CPython/3.6.8"
    },
    {
        "name": "Content-Type",
        "value": "application/json"
    },
    {
        "name": "Allow",
        "value": "POST, OPTIONS"
    },
    {
        "name": "X-Frame-Options",
        "value": "SAMEORIGIN"
    },
    {
        "name": "Content-Length",
        "value": "76"
    },
    {
        "name": "Vary",
        "value": "Cookie"
    },
    {
        "name": "Set-Cookie",
        "value": "sessionid=wgug9uv69dmtwqj7zlivnt7dkpv7cpip; expires=Fri, 24-Nov-2023 09:32:12 GMT; HttpOnly; Max-Age=1209600; Path=/"
    }
]
responseBody:
{
    "code": 3003,
    "msg": "账号或密码不正确",
    "username": "test2",
    "token": ""
}
cookies: [{'name': 'sessionid', 'value': 'wgug9uv69dmtwqj7zlivnt7dkpv7cpip'}]
cost: 3517ms
cookie: <RequestsCookieJar[<Cookie sessionid=wgug9uv69dmtwqj7zlivnt7dkpv7cpip for 124.70.221.221/>]>
2023-11-10 17:32:03 [INFO]: f--------  执行后置条件 ----------
func2
2023-11-10 17:32:03 [INFO]: 断言 -> [{'eq': ['$.msg', 'success']}]
2023-11-10 17:32:03 [INFO]: 执行文件-> testnull.yaml
2023-11-10 17:32:03 [INFO]: 参数化数据-> [{'username': 'test1', 'password': '123456'}, {'username': 'test2', 'password': 'abdxxx'}]
2023-11-10 17:32:03 [INFO]: 用例步骤：1 -> 登录1
2023-11-10 17:32:03 [INFO]: 当前用例引用参数化数据-> {'request': <FixtureRequest for <Function testnull[test1-123456]>>, 'username': 'test1', 'password': '123456'}
2023-11-10 17:32:03 [ERROR]: MYSQL_HOST not found in config.py
2023-11-10 17:32:03 [INFO]: --------  request info ----------
{
    "url": "http://124.70.221.221:8201/api/v1/login/",
    "method": "POST",
    "headers": {
        "Content-Type": "application/json",
        "User-Agent": "python-requests/2.18.4"
    },
    "hooks": {
        "request_hooks": [
            "func1"
        ],
        "response_hooks": [
            "func2"
        ]
    },
    "json": {
        "username": "test1",
        "password": "123456",
        "code": "1915768",
        "sql": ""
    }
}
2023-11-10 17:32:03 [INFO]: f--------  执行前置条件 ----------
func1
2023-11-10 17:32:04 [INFO]: --------  response info ----------
status: True
msg: success
statusCode: 200
responseHeaders:
[
    {
        "name": "Date",
        "value": "Fri, 10 Nov 2023 09:32:12 GMT"
    },
    {
        "name": "Server",
        "value": "WSGIServer/0.2 CPython/3.6.8"
    },
    {
        "name": "Content-Type",
        "value": "application/json"
    },
    {
        "name": "Allow",
        "value": "POST, OPTIONS"
    },
    {
        "name": "X-Frame-Options",
        "value": "SAMEORIGIN"
    },
    {
        "name": "Content-Length",
        "value": "110"
    },
    {
        "name": "Vary",
        "value": "Cookie"
    },
    {
        "name": "Set-Cookie",
        "value": "sessionid=f14ui8ly6lfzac060hjz2ojybldp5p74; expires=Fri, 24-Nov-2023 09:32:12 GMT; HttpOnly; Max-Age=1209600; Path=/"
    }
]
responseBody:
{
    "code": 0,
    "msg": "login success!",
    "username": "test1",
    "token": "da870d5cd948fd39f3fdcfe433a257c94ada6370"
}
cookies: [{'name': 'sessionid', 'value': 'f14ui8ly6lfzac060hjz2ojybldp5p74'}]
cost: 2091ms
cookie: <RequestsCookieJar[<Cookie sessionid=f14ui8ly6lfzac060hjz2ojybldp5p74 for 124.70.221.221/>]>
2023-11-10 17:32:04 [INFO]: f--------  执行后置条件 ----------
func2
2023-11-10 17:32:04 [INFO]: 断言 -> [{'eq': ['$.msg', 'success']}]
2023-11-10 17:32:04 [INFO]: 执行文件-> testnull.yaml
2023-11-10 17:32:04 [INFO]: 参数化数据-> [{'username': 'test1', 'password': '123456'}, {'username': 'test2', 'password': 'abdxxx'}]
2023-11-10 17:32:04 [INFO]: 用例步骤：1 -> 登录1
2023-11-10 17:32:04 [INFO]: 当前用例引用参数化数据-> {'request': <FixtureRequest for <Function testnull[test2-abdxxx]>>, 'username': 'test2', 'password': 'abdxxx'}
2023-11-10 17:32:04 [ERROR]: MYSQL_HOST not found in config.py
2023-11-10 17:32:04 [INFO]: --------  request info ----------
{
    "url": "http://124.70.221.221:8201/api/v1/login/",
    "method": "POST",
    "headers": {
        "Content-Type": "application/json",
        "User-Agent": "python-requests/2.18.4"
    },
    "hooks": {
        "request_hooks": [
            "func1"
        ],
        "response_hooks": [
            "func2"
        ]
    },
    "json": {
        "username": "test2",
        "password": "abdxxx",
        "code": "1105880",
        "sql": ""
    }
}
2023-11-10 17:32:04 [INFO]: f--------  执行前置条件 ----------
func1
2023-11-10 17:32:04 [INFO]: --------  response info ----------
status: True
msg: success
statusCode: 200
responseHeaders:
[
    {
        "name": "Date",
        "value": "Fri, 10 Nov 2023 09:32:13 GMT"
    },
    {
        "name": "Server",
        "value": "WSGIServer/0.2 CPython/3.6.8"
    },
    {
        "name": "Content-Type",
        "value": "application/json"
    },
    {
        "name": "Allow",
        "value": "POST, OPTIONS"
    },
    {
        "name": "X-Frame-Options",
        "value": "SAMEORIGIN"
    },
    {
        "name": "Content-Length",
        "value": "76"
    },
    {
        "name": "Vary",
        "value": "Cookie"
    },
    {
        "name": "Set-Cookie",
        "value": "sessionid=ndrx7082m61hzgoz27qyxvay4lnkt37u; expires=Fri, 24-Nov-2023 09:32:13 GMT; HttpOnly; Max-Age=1209600; Path=/"
    }
]
responseBody:
{
    "code": 3003,
    "msg": "账号或密码不正确",
    "username": "test2",
    "token": ""
}
cookies: [{'name': 'sessionid', 'value': 'ndrx7082m61hzgoz27qyxvay4lnkt37u'}]
cost: 2094ms
cookie: <RequestsCookieJar[<Cookie sessionid=ndrx7082m61hzgoz27qyxvay4lnkt37u for 124.70.221.221/>]>
2023-11-10 17:32:04 [INFO]: f--------  执行后置条件 ----------
func2
2023-11-10 17:32:04 [INFO]: 断言 -> [{'eq': ['$.msg', 'success']}]
2023-11-10 17:32:04 [INFO]: 执行文件-> testnull.yaml
2023-11-10 17:32:04 [INFO]: 参数化数据-> [{'username': 'test1', 'password': '123456'}, {'username': 'test2', 'password': 'abdxxx'}]
2023-11-10 17:32:04 [INFO]: 用例步骤：1 -> 登录1
2023-11-10 17:32:04 [INFO]: 当前用例引用参数化数据-> {'request': <FixtureRequest for <Function testnull[test1-123456]>>, 'username': 'test1', 'password': '123456'}
2023-11-10 17:32:04 [ERROR]: MYSQL_HOST not found in config.py
2023-11-10 17:32:04 [INFO]: --------  request info ----------
{
    "url": "http://124.70.221.221:8201/api/v1/login/",
    "method": "POST",
    "headers": {
        "Content-Type": "application/json",
        "User-Agent": "python-requests/2.18.4"
    },
    "hooks": {
        "request_hooks": [
            "func1"
        ],
        "response_hooks": [
            "func2"
        ]
    },
    "json": {
        "username": "test1",
        "password": "123456",
        "code": "1873258",
        "sql": ""
    }
}
2023-11-10 17:32:04 [INFO]: f--------  执行前置条件 ----------
func1
2023-11-10 17:32:04 [INFO]: --------  response info ----------
status: True
msg: success
statusCode: 200
responseHeaders:
[
    {
        "name": "Date",
        "value": "Fri, 10 Nov 2023 09:32:13 GMT"
    },
    {
        "name": "Server",
        "value": "WSGIServer/0.2 CPython/3.6.8"
    },
    {
        "name": "Content-Type",
        "value": "application/json"
    },
    {
        "name": "Allow",
        "value": "POST, OPTIONS"
    },
    {
        "name": "X-Frame-Options",
        "value": "SAMEORIGIN"
    },
    {
        "name": "Content-Length",
        "value": "110"
    },
    {
        "name": "Vary",
        "value": "Cookie"
    },
    {
        "name": "Set-Cookie",
        "value": "sessionid=kgeuov41tgtnxj2m69hm4aofy5p9vpck; expires=Fri, 24-Nov-2023 09:32:13 GMT; HttpOnly; Max-Age=1209600; Path=/"
    }
]
responseBody:
{
    "code": 0,
    "msg": "login success!",
    "username": "test1",
    "token": "1bb226bffac1df70bcc54a56f2efeb9d5a1c3ce6"
}
cookies: [{'name': 'sessionid', 'value': 'kgeuov41tgtnxj2m69hm4aofy5p9vpck'}]
cost: 2431ms
cookie: <RequestsCookieJar[<Cookie sessionid=kgeuov41tgtnxj2m69hm4aofy5p9vpck for 124.70.221.221/>]>
2023-11-10 17:32:04 [INFO]: f--------  执行后置条件 ----------
func2
2023-11-10 17:32:04 [INFO]: 断言 -> [{'eq': ['$.msg', 'success']}]
2023-11-10 17:32:04 [INFO]: 执行文件-> testnull.yaml
2023-11-10 17:32:04 [INFO]: 参数化数据-> [{'username': 'test1', 'password': '123456'}, {'username': 'test2', 'password': 'abdxxx'}]
2023-11-10 17:32:04 [INFO]: 用例步骤：1 -> 登录1
2023-11-10 17:32:04 [INFO]: 当前用例引用参数化数据-> {'request': <FixtureRequest for <Function testnull[test2-abdxxx]>>, 'username': 'test2', 'password': 'abdxxx'}
2023-11-10 17:32:04 [ERROR]: MYSQL_HOST not found in config.py
2023-11-10 17:32:04 [INFO]: --------  request info ----------
{
    "url": "http://124.70.221.221:8201/api/v1/login/",
    "method": "POST",
    "headers": {
        "Content-Type": "application/json",
        "User-Agent": "python-requests/2.18.4"
    },
    "hooks": {
        "request_hooks": [
            "func1"
        ],
        "response_hooks": [
            "func2"
        ]
    },
    "json": {
        "username": "test2",
        "password": "abdxxx",
        "code": "1792502",
        "sql": ""
    }
}
2023-11-10 17:32:04 [INFO]: f--------  执行前置条件 ----------
func1
2023-11-10 17:32:04 [INFO]: --------  response info ----------
status: True
msg: success
statusCode: 200
responseHeaders:
[
    {
        "name": "Date",
        "value": "Fri, 10 Nov 2023 09:32:13 GMT"
    },
    {
        "name": "Server",
        "value": "WSGIServer/0.2 CPython/3.6.8"
    },
    {
        "name": "Content-Type",
        "value": "application/json"
    },
    {
        "name": "Allow",
        "value": "POST, OPTIONS"
    },
    {
        "name": "X-Frame-Options",
        "value": "SAMEORIGIN"
    },
    {
        "name": "Content-Length",
        "value": "76"
    },
    {
        "name": "Vary",
        "value": "Cookie"
    },
    {
        "name": "Set-Cookie",
        "value": "sessionid=49nye8vzmmcp0up5p5wno4112i4s6zvd; expires=Fri, 24-Nov-2023 09:32:13 GMT; HttpOnly; Max-Age=1209600; Path=/"
    }
]
responseBody:
{
    "code": 3003,
    "msg": "账号或密码不正确",
    "username": "test2",
    "token": ""
}
cookies: [{'name': 'sessionid', 'value': '49nye8vzmmcp0up5p5wno4112i4s6zvd'}]
cost: 3282ms
cookie: <RequestsCookieJar[<Cookie sessionid=49nye8vzmmcp0up5p5wno4112i4s6zvd for 124.70.221.221/>]>
2023-11-10 17:32:04 [INFO]: f--------  执行后置条件 ----------
func2
2023-11-10 17:32:04 [INFO]: 断言 -> [{'eq': ['$.msg', 'success']}]
2023-11-10 17:32:04 [INFO]: 执行文件-> testnull.yaml
2023-11-10 17:32:04 [INFO]: 参数化数据-> [{'username': 'test1', 'password': '123456'}, {'username': 'test2', 'password': 'abdxxx'}]
2023-11-10 17:32:04 [INFO]: 用例步骤：1 -> 登录1
2023-11-10 17:32:04 [INFO]: 当前用例引用参数化数据-> {'request': <FixtureRequest for <Function testnull[test1-123456]>>, 'username': 'test1', 'password': '123456'}
2023-11-10 17:32:04 [ERROR]: MYSQL_HOST not found in config.py
2023-11-10 17:32:04 [INFO]: --------  request info ----------
{
    "url": "http://124.70.221.221:8201/api/v1/login/",
    "method": "POST",
    "headers": {
        "Content-Type": "application/json",
        "User-Agent": "python-requests/2.18.4"
    },
    "hooks": {
        "request_hooks": [
            "func1"
        ],
        "response_hooks": [
            "func2"
        ]
    },
    "json": {
        "username": "test1",
        "password": "123456",
        "code": "1479693",
        "sql": ""
    }
}
2023-11-10 17:32:04 [INFO]: f--------  执行前置条件 ----------
func1
2023-11-10 17:32:05 [INFO]: --------  response info ----------
status: True
msg: success
statusCode: 200
responseHeaders:
[
    {
        "name": "Date",
        "value": "Fri, 10 Nov 2023 09:32:13 GMT"
    },
    {
        "name": "Server",
        "value": "WSGIServer/0.2 CPython/3.6.8"
    },
    {
        "name": "Content-Type",
        "value": "application/json"
    },
    {
        "name": "Allow",
        "value": "POST, OPTIONS"
    },
    {
        "name": "X-Frame-Options",
        "value": "SAMEORIGIN"
    },
    {
        "name": "Content-Length",
        "value": "110"
    },
    {
        "name": "Vary",
        "value": "Cookie"
    },
    {
        "name": "Set-Cookie",
        "value": "sessionid=gll6e386jfgnkpej7g75epyw7imsdvvq; expires=Fri, 24-Nov-2023 09:32:13 GMT; HttpOnly; Max-Age=1209600; Path=/"
    }
]
responseBody:
{
    "code": 0,
    "msg": "login success!",
    "username": "test1",
    "token": "b4a2fdd2201257a2af013f353bc9504860cd790a"
}
cookies: [{'name': 'sessionid', 'value': 'gll6e386jfgnkpej7g75epyw7imsdvvq'}]
cost: 2164ms
cookie: <RequestsCookieJar[<Cookie sessionid=gll6e386jfgnkpej7g75epyw7imsdvvq for 124.70.221.221/>]>
2023-11-10 17:32:05 [INFO]: f--------  执行后置条件 ----------
func2
2023-11-10 17:32:05 [INFO]: 断言 -> [{'eq': ['$.msg', 'success']}]
2023-11-10 17:32:05 [INFO]: 执行文件-> testnull.yaml
2023-11-10 17:32:05 [INFO]: 参数化数据-> [{'username': 'test1', 'password': '123456'}, {'username': 'test2', 'password': 'abdxxx'}]
2023-11-10 17:32:05 [INFO]: 用例步骤：1 -> 登录1
2023-11-10 17:32:05 [INFO]: 当前用例引用参数化数据-> {'request': <FixtureRequest for <Function testnull[test2-abdxxx]>>, 'username': 'test2', 'password': 'abdxxx'}
2023-11-10 17:32:05 [ERROR]: MYSQL_HOST not found in config.py
2023-11-10 17:32:05 [INFO]: --------  request info ----------
{
    "url": "http://124.70.221.221:8201/api/v1/login/",
    "method": "POST",
    "headers": {
        "Content-Type": "application/json",
        "User-Agent": "python-requests/2.18.4"
    },
    "hooks": {
        "request_hooks": [
            "func1"
        ],
        "response_hooks": [
            "func2"
        ]
    },
    "json": {
        "username": "test2",
        "password": "abdxxx",
        "code": "1451994",
        "sql": ""
    }
}
2023-11-10 17:32:05 [INFO]: f--------  执行前置条件 ----------
func1
2023-11-10 17:32:05 [INFO]: --------  response info ----------
status: True
msg: success
statusCode: 200
responseHeaders:
[
    {
        "name": "Date",
        "value": "Fri, 10 Nov 2023 09:32:14 GMT"
    },
    {
        "name": "Server",
        "value": "WSGIServer/0.2 CPython/3.6.8"
    },
    {
        "name": "Content-Type",
        "value": "application/json"
    },
    {
        "name": "Allow",
        "value": "POST, OPTIONS"
    },
    {
        "name": "X-Frame-Options",
        "value": "SAMEORIGIN"
    },
    {
        "name": "Content-Length",
        "value": "76"
    },
    {
        "name": "Vary",
        "value": "Cookie"
    },
    {
        "name": "Set-Cookie",
        "value": "sessionid=j097n4u2v8fva1osnw2ss973wqtd6tpm; expires=Fri, 24-Nov-2023 09:32:14 GMT; HttpOnly; Max-Age=1209600; Path=/"
    }
]
responseBody:
{
    "code": 3003,
    "msg": "账号或密码不正确",
    "username": "test2",
    "token": ""
}
cookies: [{'name': 'sessionid', 'value': 'j097n4u2v8fva1osnw2ss973wqtd6tpm'}]
cost: 2090ms
cookie: <RequestsCookieJar[<Cookie sessionid=j097n4u2v8fva1osnw2ss973wqtd6tpm for 124.70.221.221/>]>
2023-11-10 17:32:05 [INFO]: f--------  执行后置条件 ----------
func2
2023-11-10 17:32:05 [INFO]: 断言 -> [{'eq': ['$.msg', 'success']}]
2023-11-10 17:32:05 [INFO]: 执行文件-> testnull.yaml
2023-11-10 17:32:05 [INFO]: 参数化数据-> [{'username': 'test1', 'password': '123456'}, {'username': 'test2', 'password': 'abdxxx'}]
2023-11-10 17:32:05 [INFO]: 用例步骤：1 -> 登录1
2023-11-10 17:32:05 [INFO]: 当前用例引用参数化数据-> {'request': <FixtureRequest for <Function testnull[test1-123456]>>, 'username': 'test1', 'password': '123456'}
2023-11-10 17:32:05 [ERROR]: MYSQL_HOST not found in config.py
2023-11-10 17:32:05 [INFO]: --------  request info ----------
{
    "url": "http://124.70.221.221:8201/api/v1/login/",
    "method": "POST",
    "headers": {
        "Content-Type": "application/json",
        "User-Agent": "python-requests/2.18.4"
    },
    "hooks": {
        "request_hooks": [
            "func1"
        ],
        "response_hooks": [
            "func2"
        ]
    },
    "json": {
        "username": "test1",
        "password": "123456",
        "code": "1677447",
        "sql": ""
    }
}
2023-11-10 17:32:05 [INFO]: f--------  执行前置条件 ----------
func1
2023-11-10 17:32:05 [INFO]: --------  response info ----------
status: True
msg: success
statusCode: 200
responseHeaders:
[
    {
        "name": "Date",
        "value": "Fri, 10 Nov 2023 09:32:14 GMT"
    },
    {
        "name": "Server",
        "value": "WSGIServer/0.2 CPython/3.6.8"
    },
    {
        "name": "Content-Type",
        "value": "application/json"
    },
    {
        "name": "Allow",
        "value": "POST, OPTIONS"
    },
    {
        "name": "X-Frame-Options",
        "value": "SAMEORIGIN"
    },
    {
        "name": "Content-Length",
        "value": "110"
    },
    {
        "name": "Vary",
        "value": "Cookie"
    },
    {
        "name": "Set-Cookie",
        "value": "sessionid=4aqpuxzkbvccedjeib50p2z24b5s0e61; expires=Fri, 24-Nov-2023 09:32:14 GMT; HttpOnly; Max-Age=1209600; Path=/"
    }
]
responseBody:
{
    "code": 0,
    "msg": "login success!",
    "username": "test1",
    "token": "8ad31958554430911238776238f18df5a02553de"
}
cookies: [{'name': 'sessionid', 'value': '4aqpuxzkbvccedjeib50p2z24b5s0e61'}]
cost: 2458ms
cookie: <RequestsCookieJar[<Cookie sessionid=4aqpuxzkbvccedjeib50p2z24b5s0e61 for 124.70.221.221/>]>
2023-11-10 17:32:05 [INFO]: f--------  执行后置条件 ----------
func2
2023-11-10 17:32:05 [INFO]: 断言 -> [{'eq': ['$.msg', 'success']}]
2023-11-10 17:32:05 [INFO]: 执行文件-> testnull.yaml
2023-11-10 17:32:05 [INFO]: 参数化数据-> [{'username': 'test1', 'password': '123456'}, {'username': 'test2', 'password': 'abdxxx'}]
2023-11-10 17:32:05 [INFO]: 用例步骤：1 -> 登录1
2023-11-10 17:32:05 [INFO]: 当前用例引用参数化数据-> {'request': <FixtureRequest for <Function testnull[test2-abdxxx]>>, 'username': 'test2', 'password': 'abdxxx'}
2023-11-10 17:32:05 [ERROR]: MYSQL_HOST not found in config.py
2023-11-10 17:32:05 [INFO]: --------  request info ----------
{
    "url": "http://124.70.221.221:8201/api/v1/login/",
    "method": "POST",
    "headers": {
        "Content-Type": "application/json",
        "User-Agent": "python-requests/2.18.4"
    },
    "hooks": {
        "request_hooks": [
            "func1"
        ],
        "response_hooks": [
            "func2"
        ]
    },
    "json": {
        "username": "test2",
        "password": "abdxxx",
        "code": "1356226",
        "sql": ""
    }
}
2023-11-10 17:32:05 [INFO]: f--------  执行前置条件 ----------
func1
2023-11-10 17:32:05 [INFO]: --------  response info ----------
status: True
msg: success
statusCode: 200
responseHeaders:
[
    {
        "name": "Date",
        "value": "Fri, 10 Nov 2023 09:32:14 GMT"
    },
    {
        "name": "Server",
        "value": "WSGIServer/0.2 CPython/3.6.8"
    },
    {
        "name": "Content-Type",
        "value": "application/json"
    },
    {
        "name": "Allow",
        "value": "POST, OPTIONS"
    },
    {
        "name": "X-Frame-Options",
        "value": "SAMEORIGIN"
    },
    {
        "name": "Content-Length",
        "value": "76"
    },
    {
        "name": "Vary",
        "value": "Cookie"
    },
    {
        "name": "Set-Cookie",
        "value": "sessionid=3ze6hg3aotml2nxpyp0ujhj36j0lqdbt; expires=Fri, 24-Nov-2023 09:32:14 GMT; HttpOnly; Max-Age=1209600; Path=/"
    }
]
responseBody:
{
    "code": 3003,
    "msg": "账号或密码不正确",
    "username": "test2",
    "token": ""
}
cookies: [{'name': 'sessionid', 'value': '3ze6hg3aotml2nxpyp0ujhj36j0lqdbt'}]
cost: 1895ms
cookie: <RequestsCookieJar[<Cookie sessionid=3ze6hg3aotml2nxpyp0ujhj36j0lqdbt for 124.70.221.221/>]>
2023-11-10 17:32:05 [INFO]: f--------  执行后置条件 ----------
func2
2023-11-10 17:32:05 [INFO]: 断言 -> [{'eq': ['$.msg', 'success']}]
2023-11-10 17:32:05 [INFO]: 执行文件-> testnull.yaml
2023-11-10 17:32:05 [INFO]: 参数化数据-> [{'username': 'test1', 'password': '123456'}, {'username': 'test2', 'password': 'abdxxx'}]
2023-11-10 17:32:05 [INFO]: 用例步骤：1 -> 登录1
2023-11-10 17:32:05 [INFO]: 当前用例引用参数化数据-> {'request': <FixtureRequest for <Function testnull[test1-123456]>>, 'username': 'test1', 'password': '123456'}
2023-11-10 17:32:05 [ERROR]: MYSQL_HOST not found in config.py
2023-11-10 17:32:05 [INFO]: --------  request info ----------
{
    "url": "http://124.70.221.221:8201/api/v1/login/",
    "method": "POST",
    "headers": {
        "Content-Type": "application/json",
        "User-Agent": "python-requests/2.18.4"
    },
    "hooks": {
        "request_hooks": [
            "func1"
        ],
        "response_hooks": [
            "func2"
        ]
    },
    "json": {
        "username": "test1",
        "password": "123456",
        "code": "1742135",
        "sql": ""
    }
}
2023-11-10 17:32:05 [INFO]: f--------  执行前置条件 ----------
func1
2023-11-10 17:32:05 [INFO]: --------  response info ----------
status: True
msg: success
statusCode: 200
responseHeaders:
[
    {
        "name": "Date",
        "value": "Fri, 10 Nov 2023 09:32:14 GMT"
    },
    {
        "name": "Server",
        "value": "WSGIServer/0.2 CPython/3.6.8"
    },
    {
        "name": "Content-Type",
        "value": "application/json"
    },
    {
        "name": "Allow",
        "value": "POST, OPTIONS"
    },
    {
        "name": "X-Frame-Options",
        "value": "SAMEORIGIN"
    },
    {
        "name": "Content-Length",
        "value": "110"
    },
    {
        "name": "Vary",
        "value": "Cookie"
    },
    {
        "name": "Set-Cookie",
        "value": "sessionid=zfrlcsbskquei8hio0irdke39fyusgih; expires=Fri, 24-Nov-2023 09:32:14 GMT; HttpOnly; Max-Age=1209600; Path=/"
    }
]
responseBody:
{
    "code": 0,
    "msg": "login success!",
    "username": "test1",
    "token": "3281d9fb46cab4be30d9a5c1935526a1fa81e4ff"
}
cookies: [{'name': 'sessionid', 'value': 'zfrlcsbskquei8hio0irdke39fyusgih'}]
cost: 2264ms
cookie: <RequestsCookieJar[<Cookie sessionid=zfrlcsbskquei8hio0irdke39fyusgih for 124.70.221.221/>]>
2023-11-10 17:32:05 [INFO]: f--------  执行后置条件 ----------
func2
2023-11-10 17:32:05 [INFO]: 断言 -> [{'eq': ['$.msg', 'success']}]
2023-11-10 17:32:05 [INFO]: 执行文件-> testnull.yaml
2023-11-10 17:32:05 [INFO]: 参数化数据-> [{'username': 'test1', 'password': '123456'}, {'username': 'test2', 'password': 'abdxxx'}]
2023-11-10 17:32:05 [INFO]: 用例步骤：1 -> 登录1
2023-11-10 17:32:05 [INFO]: 当前用例引用参数化数据-> {'request': <FixtureRequest for <Function testnull[test2-abdxxx]>>, 'username': 'test2', 'password': 'abdxxx'}
2023-11-10 17:32:05 [ERROR]: MYSQL_HOST not found in config.py
2023-11-10 17:32:05 [INFO]: --------  request info ----------
{
    "url": "http://124.70.221.221:8201/api/v1/login/",
    "method": "POST",
    "headers": {
        "Content-Type": "application/json",
        "User-Agent": "python-requests/2.18.4"
    },
    "hooks": {
        "request_hooks": [
            "func1"
        ],
        "response_hooks": [
            "func2"
        ]
    },
    "json": {
        "username": "test2",
        "password": "abdxxx",
        "code": "1146321",
        "sql": ""
    }
}
2023-11-10 17:32:05 [INFO]: f--------  执行前置条件 ----------
func1
2023-11-10 17:32:06 [INFO]: --------  response info ----------
status: True
msg: success
statusCode: 200
responseHeaders:
[
    {
        "name": "Date",
        "value": "Fri, 10 Nov 2023 09:32:15 GMT"
    },
    {
        "name": "Server",
        "value": "WSGIServer/0.2 CPython/3.6.8"
    },
    {
        "name": "Content-Type",
        "value": "application/json"
    },
    {
        "name": "Allow",
        "value": "POST, OPTIONS"
    },
    {
        "name": "X-Frame-Options",
        "value": "SAMEORIGIN"
    },
    {
        "name": "Content-Length",
        "value": "76"
    },
    {
        "name": "Vary",
        "value": "Cookie"
    },
    {
        "name": "Set-Cookie",
        "value": "sessionid=oddhqwqfz9ubpfsgo7d6s8erk2getinq; expires=Fri, 24-Nov-2023 09:32:15 GMT; HttpOnly; Max-Age=1209600; Path=/"
    }
]
responseBody:
{
    "code": 3003,
    "msg": "账号或密码不正确",
    "username": "test2",
    "token": ""
}
cookies: [{'name': 'sessionid', 'value': 'oddhqwqfz9ubpfsgo7d6s8erk2getinq'}]
cost: 3385ms
cookie: <RequestsCookieJar[<Cookie sessionid=oddhqwqfz9ubpfsgo7d6s8erk2getinq for 124.70.221.221/>]>
2023-11-10 17:32:06 [INFO]: f--------  执行后置条件 ----------
func2
2023-11-10 17:32:06 [INFO]: 断言 -> [{'eq': ['$.msg', 'success']}]
2023-11-10 17:32:06 [INFO]: 执行文件-> testnull.yaml
2023-11-10 17:32:06 [INFO]: 参数化数据-> [{'username': 'test1', 'password': '123456'}, {'username': 'test2', 'password': 'abdxxx'}]
2023-11-10 17:32:06 [INFO]: 用例步骤：1 -> 登录1
2023-11-10 17:32:06 [INFO]: 当前用例引用参数化数据-> {'request': <FixtureRequest for <Function testnull[test1-123456]>>, 'username': 'test1', 'password': '123456'}
2023-11-10 17:32:06 [ERROR]: MYSQL_HOST not found in config.py
2023-11-10 17:32:06 [INFO]: --------  request info ----------
{
    "url": "http://124.70.221.221:8201/api/v1/login/",
    "method": "POST",
    "headers": {
        "Content-Type": "application/json",
        "User-Agent": "python-requests/2.18.4"
    },
    "hooks": {
        "request_hooks": [
            "func1"
        ],
        "response_hooks": [
            "func2"
        ]
    },
    "json": {
        "username": "test1",
        "password": "123456",
        "code": "1499474",
        "sql": ""
    }
}
2023-11-10 17:32:06 [INFO]: f--------  执行前置条件 ----------
func1
