2023-11-10 17:53:30 [INFO]: 执行文件-> testnull.yaml
2023-11-10 17:53:30 [INFO]: 参数化数据-> [{'username': 'test1', 'password': '123456'}, {'username': 'test2', 'password': 'abdxxx'}]
2023-11-10 17:53:30 [INFO]: 用例步骤：1 -> 登录1
2023-11-10 17:53:30 [INFO]: 当前用例引用参数化数据-> {'request': <FixtureRequest for <Function testnull[test1-123456]>>, 'username': 'test1', 'password': '123456'}
2023-11-10 17:53:30 [ERROR]: MYSQL_HOST not found in config.py
2023-11-10 17:53:30 [INFO]: --------  request info ----------
{
    "url": "http://124.70.221.221:8201/api/v1/login/",
    "method": "POST",
    "headers": {
        "Content-Type": "application/json",
        "User-Agent": "python-requests/2.18.4"
    },
    "hooks": {
        "request_hooks": [
            "func1"
        ],
        "response_hooks": [
            "func2"
        ]
    },
    "json": {
        "username": "test1",
        "password": "123456",
        "code": "1533303",
        "sql": ""
    }
}
2023-11-10 17:53:30 [INFO]: f--------  执行前置条件 ----------
func1
2023-11-10 17:53:31 [INFO]: --------  response info ----------
status: True
msg: success
statusCode: 200
responseHeaders:
[
    {
        "name": "Date",
        "value": "Fri, 10 Nov 2023 09:53:39 GMT"
    },
    {
        "name": "Server",
        "value": "WSGIServer/0.2 CPython/3.6.8"
    },
    {
        "name": "Content-Type",
        "value": "application/json"
    },
    {
        "name": "Allow",
        "value": "POST, OPTIONS"
    },
    {
        "name": "X-Frame-Options",
        "value": "SAMEORIGIN"
    },
    {
        "name": "Content-Length",
        "value": "110"
    },
    {
        "name": "Vary",
        "value": "Cookie"
    },
    {
        "name": "Set-Cookie",
        "value": "sessionid=fwvy42qdponxs9luq8h71jtnxwmrf862; expires=Fri, 24-Nov-2023 09:53:39 GMT; HttpOnly; Max-Age=1209600; Path=/"
    }
]
responseBody:
{
    "code": 0,
    "msg": "login success!",
    "username": "test1",
    "token": "a840abd60cccbf09cae184c17e158047fffb1480"
}
cookies: [{'name': 'sessionid', 'value': 'fwvy42qdponxs9luq8h71jtnxwmrf862'}]
cost: 2440ms
cookie: <RequestsCookieJar[<Cookie sessionid=fwvy42qdponxs9luq8h71jtnxwmrf862 for 124.70.221.221/>]>
2023-11-10 17:53:31 [INFO]: f--------  执行后置条件 ----------
func2
2023-11-10 17:53:31 [INFO]: 断言 -> [{'eq': ['$.msg', 'success']}]
2023-11-10 17:53:31 [INFO]: 执行文件-> testnull.yaml
2023-11-10 17:53:31 [INFO]: 参数化数据-> [{'username': 'test1', 'password': '123456'}, {'username': 'test2', 'password': 'abdxxx'}]
2023-11-10 17:53:31 [INFO]: 用例步骤：1 -> 登录1
2023-11-10 17:53:31 [INFO]: 当前用例引用参数化数据-> {'request': <FixtureRequest for <Function testnull[test2-abdxxx]>>, 'username': 'test2', 'password': 'abdxxx'}
2023-11-10 17:53:31 [ERROR]: MYSQL_HOST not found in config.py
2023-11-10 17:53:31 [INFO]: --------  request info ----------
{
    "url": "http://124.70.221.221:8201/api/v1/login/",
    "method": "POST",
    "headers": {
        "Content-Type": "application/json",
        "User-Agent": "python-requests/2.18.4"
    },
    "hooks": {
        "request_hooks": [
            "func1"
        ],
        "response_hooks": [
            "func2"
        ]
    },
    "json": {
        "username": "test2",
        "password": "abdxxx",
        "code": "1341340",
        "sql": ""
    }
}
2023-11-10 17:53:31 [INFO]: f--------  执行前置条件 ----------
func1
2023-11-10 17:53:31 [INFO]: --------  response info ----------
status: True
msg: success
statusCode: 200
responseHeaders:
[
    {
        "name": "Date",
        "value": "Fri, 10 Nov 2023 09:53:40 GMT"
    },
    {
        "name": "Server",
        "value": "WSGIServer/0.2 CPython/3.6.8"
    },
    {
        "name": "Content-Type",
        "value": "application/json"
    },
    {
        "name": "Allow",
        "value": "POST, OPTIONS"
    },
    {
        "name": "X-Frame-Options",
        "value": "SAMEORIGIN"
    },
    {
        "name": "Content-Length",
        "value": "76"
    },
    {
        "name": "Vary",
        "value": "Cookie"
    },
    {
        "name": "Set-Cookie",
        "value": "sessionid=gr69z02d2hztlksu8ejj9plihgtnlng7; expires=Fri, 24-Nov-2023 09:53:40 GMT; HttpOnly; Max-Age=1209600; Path=/"
    }
]
responseBody:
{
    "code": 3003,
    "msg": "账号或密码不正确",
    "username": "test2",
    "token": ""
}
cookies: [{'name': 'sessionid', 'value': 'gr69z02d2hztlksu8ejj9plihgtnlng7'}]
cost: 2101ms
cookie: <RequestsCookieJar[<Cookie sessionid=gr69z02d2hztlksu8ejj9plihgtnlng7 for 124.70.221.221/>]>
2023-11-10 17:53:31 [INFO]: f--------  执行后置条件 ----------
func2
2023-11-10 17:53:31 [INFO]: 断言 -> [{'eq': ['$.msg', 'success']}]
2023-11-10 17:53:31 [INFO]: 执行文件-> testnull.yaml
2023-11-10 17:53:31 [INFO]: 参数化数据-> [{'username': 'test1', 'password': '123456'}, {'username': 'test2', 'password': 'abdxxx'}]
2023-11-10 17:53:31 [INFO]: 用例步骤：1 -> 登录1
2023-11-10 17:53:31 [INFO]: 当前用例引用参数化数据-> {'request': <FixtureRequest for <Function testnull[test1-123456]>>, 'username': 'test1', 'password': '123456'}
2023-11-10 17:53:31 [ERROR]: MYSQL_HOST not found in config.py
2023-11-10 17:53:31 [INFO]: --------  request info ----------
{
    "url": "http://124.70.221.221:8201/api/v1/login/",
    "method": "POST",
    "headers": {
        "Content-Type": "application/json",
        "User-Agent": "python-requests/2.18.4"
    },
    "hooks": {
        "request_hooks": [
            "func1"
        ],
        "response_hooks": [
            "func2"
        ]
    },
    "json": {
        "username": "test1",
        "password": "123456",
        "code": "1049810",
        "sql": ""
    }
}
2023-11-10 17:53:31 [INFO]: f--------  执行前置条件 ----------
func1
2023-11-10 17:53:31 [INFO]: --------  response info ----------
status: True
msg: success
statusCode: 200
responseHeaders:
[
    {
        "name": "Date",
        "value": "Fri, 10 Nov 2023 09:53:40 GMT"
    },
    {
        "name": "Server",
        "value": "WSGIServer/0.2 CPython/3.6.8"
    },
    {
        "name": "Content-Type",
        "value": "application/json"
    },
    {
        "name": "Allow",
        "value": "POST, OPTIONS"
    },
    {
        "name": "X-Frame-Options",
        "value": "SAMEORIGIN"
    },
    {
        "name": "Content-Length",
        "value": "110"
    },
    {
        "name": "Vary",
        "value": "Cookie"
    },
    {
        "name": "Set-Cookie",
        "value": "sessionid=h1n573y3ks5l13irsxgc2pgzal1hbjwj; expires=Fri, 24-Nov-2023 09:53:40 GMT; HttpOnly; Max-Age=1209600; Path=/"
    }
]
responseBody:
{
    "code": 0,
    "msg": "login success!",
    "username": "test1",
    "token": "59d1657b6bd20dfac9c152a81871e7bccc78d968"
}
cookies: [{'name': 'sessionid', 'value': 'h1n573y3ks5l13irsxgc2pgzal1hbjwj'}]
cost: 2364ms
cookie: <RequestsCookieJar[<Cookie sessionid=h1n573y3ks5l13irsxgc2pgzal1hbjwj for 124.70.221.221/>]>
2023-11-10 17:53:31 [INFO]: f--------  执行后置条件 ----------
func2
2023-11-10 17:53:31 [INFO]: 断言 -> [{'eq': ['$.msg', 'success']}]
2023-11-10 17:53:31 [INFO]: 执行文件-> testnull.yaml
2023-11-10 17:53:31 [INFO]: 参数化数据-> [{'username': 'test1', 'password': '123456'}, {'username': 'test2', 'password': 'abdxxx'}]
2023-11-10 17:53:31 [INFO]: 用例步骤：1 -> 登录1
2023-11-10 17:53:31 [INFO]: 当前用例引用参数化数据-> {'request': <FixtureRequest for <Function testnull[test2-abdxxx]>>, 'username': 'test2', 'password': 'abdxxx'}
2023-11-10 17:53:31 [ERROR]: MYSQL_HOST not found in config.py
2023-11-10 17:53:31 [INFO]: --------  request info ----------
{
    "url": "http://124.70.221.221:8201/api/v1/login/",
    "method": "POST",
    "headers": {
        "Content-Type": "application/json",
        "User-Agent": "python-requests/2.18.4"
    },
    "hooks": {
        "request_hooks": [
            "func1"
        ],
        "response_hooks": [
            "func2"
        ]
    },
    "json": {
        "username": "test2",
        "password": "abdxxx",
        "code": "1416386",
        "sql": ""
    }
}
2023-11-10 17:53:31 [INFO]: f--------  执行前置条件 ----------
func1
2023-11-10 17:53:31 [INFO]: --------  response info ----------
status: True
msg: success
statusCode: 200
responseHeaders:
[
    {
        "name": "Date",
        "value": "Fri, 10 Nov 2023 09:53:40 GMT"
    },
    {
        "name": "Server",
        "value": "WSGIServer/0.2 CPython/3.6.8"
    },
    {
        "name": "Content-Type",
        "value": "application/json"
    },
    {
        "name": "Allow",
        "value": "POST, OPTIONS"
    },
    {
        "name": "X-Frame-Options",
        "value": "SAMEORIGIN"
    },
    {
        "name": "Content-Length",
        "value": "76"
    },
    {
        "name": "Vary",
        "value": "Cookie"
    },
    {
        "name": "Set-Cookie",
        "value": "sessionid=rgjsc9bbgvh7v36epw6mhcxmtupgnuw2; expires=Fri, 24-Nov-2023 09:53:40 GMT; HttpOnly; Max-Age=1209600; Path=/"
    }
]
responseBody:
{
    "code": 3003,
    "msg": "账号或密码不正确",
    "username": "test2",
    "token": ""
}
cookies: [{'name': 'sessionid', 'value': 'rgjsc9bbgvh7v36epw6mhcxmtupgnuw2'}]
cost: 2042ms
cookie: <RequestsCookieJar[<Cookie sessionid=rgjsc9bbgvh7v36epw6mhcxmtupgnuw2 for 124.70.221.221/>]>
2023-11-10 17:53:31 [INFO]: f--------  执行后置条件 ----------
func2
2023-11-10 17:53:31 [INFO]: 断言 -> [{'eq': ['$.msg', 'success']}]
2023-11-10 17:53:31 [INFO]: 执行文件-> testnull.yaml
2023-11-10 17:53:31 [INFO]: 参数化数据-> [{'username': 'test1', 'password': '123456'}, {'username': 'test2', 'password': 'abdxxx'}]
2023-11-10 17:53:31 [INFO]: 用例步骤：1 -> 登录1
2023-11-10 17:53:31 [INFO]: 当前用例引用参数化数据-> {'request': <FixtureRequest for <Function testnull[test1-123456]>>, 'username': 'test1', 'password': '123456'}
2023-11-10 17:53:31 [ERROR]: MYSQL_HOST not found in config.py
2023-11-10 17:53:31 [INFO]: --------  request info ----------
{
    "url": "http://124.70.221.221:8201/api/v1/login/",
    "method": "POST",
    "headers": {
        "Content-Type": "application/json",
        "User-Agent": "python-requests/2.18.4"
    },
    "hooks": {
        "request_hooks": [
            "func1"
        ],
        "response_hooks": [
            "func2"
        ]
    },
    "json": {
        "username": "test1",
        "password": "123456",
        "code": "1678207",
        "sql": ""
    }
}
2023-11-10 17:53:31 [INFO]: f--------  执行前置条件 ----------
func1
2023-11-10 17:53:32 [INFO]: --------  response info ----------
status: True
msg: success
statusCode: 200
responseHeaders:
[
    {
        "name": "Date",
        "value": "Fri, 10 Nov 2023 09:53:40 GMT"
    },
    {
        "name": "Server",
        "value": "WSGIServer/0.2 CPython/3.6.8"
    },
    {
        "name": "Content-Type",
        "value": "application/json"
    },
    {
        "name": "Allow",
        "value": "POST, OPTIONS"
    },
    {
        "name": "X-Frame-Options",
        "value": "SAMEORIGIN"
    },
    {
        "name": "Content-Length",
        "value": "110"
    },
    {
        "name": "Vary",
        "value": "Cookie"
    },
    {
        "name": "Set-Cookie",
        "value": "sessionid=xp2gj93puktbd0vmwhte55ajxkxdb73q; expires=Fri, 24-Nov-2023 09:53:40 GMT; HttpOnly; Max-Age=1209600; Path=/"
    }
]
responseBody:
{
    "code": 0,
    "msg": "login success!",
    "username": "test1",
    "token": "4b933b7b5523cdf9ee91011385aa993d1761e43b"
}
cookies: [{'name': 'sessionid', 'value': 'xp2gj93puktbd0vmwhte55ajxkxdb73q'}]
cost: 2324ms
cookie: <RequestsCookieJar[<Cookie sessionid=xp2gj93puktbd0vmwhte55ajxkxdb73q for 124.70.221.221/>]>
2023-11-10 17:53:32 [INFO]: f--------  执行后置条件 ----------
func2
2023-11-10 17:53:32 [INFO]: 断言 -> [{'eq': ['$.msg', 'success']}]
2023-11-10 17:53:32 [INFO]: 执行文件-> testnull.yaml
2023-11-10 17:53:32 [INFO]: 参数化数据-> [{'username': 'test1', 'password': '123456'}, {'username': 'test2', 'password': 'abdxxx'}]
2023-11-10 17:53:32 [INFO]: 用例步骤：1 -> 登录1
2023-11-10 17:53:32 [INFO]: 当前用例引用参数化数据-> {'request': <FixtureRequest for <Function testnull[test2-abdxxx]>>, 'username': 'test2', 'password': 'abdxxx'}
2023-11-10 17:53:32 [ERROR]: MYSQL_HOST not found in config.py
2023-11-10 17:53:32 [INFO]: --------  request info ----------
{
    "url": "http://124.70.221.221:8201/api/v1/login/",
    "method": "POST",
    "headers": {
        "Content-Type": "application/json",
        "User-Agent": "python-requests/2.18.4"
    },
    "hooks": {
        "request_hooks": [
            "func1"
        ],
        "response_hooks": [
            "func2"
        ]
    },
    "json": {
        "username": "test2",
        "password": "abdxxx",
        "code": "1815177",
        "sql": ""
    }
}
2023-11-10 17:53:32 [INFO]: f--------  执行前置条件 ----------
func1
2023-11-10 17:53:32 [INFO]: --------  response info ----------
status: True
msg: success
statusCode: 200
responseHeaders:
[
    {
        "name": "Date",
        "value": "Fri, 10 Nov 2023 09:53:40 GMT"
    },
    {
        "name": "Server",
        "value": "WSGIServer/0.2 CPython/3.6.8"
    },
    {
        "name": "Content-Type",
        "value": "application/json"
    },
    {
        "name": "Allow",
        "value": "POST, OPTIONS"
    },
    {
        "name": "X-Frame-Options",
        "value": "SAMEORIGIN"
    },
    {
        "name": "Content-Length",
        "value": "76"
    },
    {
        "name": "Vary",
        "value": "Cookie"
    },
    {
        "name": "Set-Cookie",
        "value": "sessionid=mrnwqcy65z7skacts2a60x37dulvf36q; expires=Fri, 24-Nov-2023 09:53:40 GMT; HttpOnly; Max-Age=1209600; Path=/"
    }
]
responseBody:
{
    "code": 3003,
    "msg": "账号或密码不正确",
    "username": "test2",
    "token": ""
}
cookies: [{'name': 'sessionid', 'value': 'mrnwqcy65z7skacts2a60x37dulvf36q'}]
cost: 2001ms
cookie: <RequestsCookieJar[<Cookie sessionid=mrnwqcy65z7skacts2a60x37dulvf36q for 124.70.221.221/>]>
2023-11-10 17:53:32 [INFO]: f--------  执行后置条件 ----------
func2
2023-11-10 17:53:32 [INFO]: 断言 -> [{'eq': ['$.msg', 'success']}]
2023-11-10 17:53:32 [INFO]: 执行文件-> testnull.yaml
2023-11-10 17:53:32 [INFO]: 参数化数据-> [{'username': 'test1', 'password': '123456'}, {'username': 'test2', 'password': 'abdxxx'}]
2023-11-10 17:53:32 [INFO]: 用例步骤：1 -> 登录1
2023-11-10 17:53:32 [INFO]: 当前用例引用参数化数据-> {'request': <FixtureRequest for <Function testnull[test1-123456]>>, 'username': 'test1', 'password': '123456'}
2023-11-10 17:53:32 [ERROR]: MYSQL_HOST not found in config.py
2023-11-10 17:53:32 [INFO]: --------  request info ----------
{
    "url": "http://124.70.221.221:8201/api/v1/login/",
    "method": "POST",
    "headers": {
        "Content-Type": "application/json",
        "User-Agent": "python-requests/2.18.4"
    },
    "hooks": {
        "request_hooks": [
            "func1"
        ],
        "response_hooks": [
            "func2"
        ]
    },
    "json": {
        "username": "test1",
        "password": "123456",
        "code": "1284897",
        "sql": ""
    }
}
2023-11-10 17:53:32 [INFO]: f--------  执行前置条件 ----------
func1
2023-11-10 17:53:32 [INFO]: --------  response info ----------
status: True
msg: success
statusCode: 200
responseHeaders:
[
    {
        "name": "Date",
        "value": "Fri, 10 Nov 2023 09:53:41 GMT"
    },
    {
        "name": "Server",
        "value": "WSGIServer/0.2 CPython/3.6.8"
    },
    {
        "name": "Content-Type",
        "value": "application/json"
    },
    {
        "name": "Allow",
        "value": "POST, OPTIONS"
    },
    {
        "name": "X-Frame-Options",
        "value": "SAMEORIGIN"
    },
    {
        "name": "Content-Length",
        "value": "110"
    },
    {
        "name": "Vary",
        "value": "Cookie"
    },
    {
        "name": "Set-Cookie",
        "value": "sessionid=wgsho1uoapabrehhwoxu1wwc2w2aphpe; expires=Fri, 24-Nov-2023 09:53:41 GMT; HttpOnly; Max-Age=1209600; Path=/"
    }
]
responseBody:
{
    "code": 0,
    "msg": "login success!",
    "username": "test1",
    "token": "1d93d92527673cadddde831a64aab4f8e3202d5d"
}
cookies: [{'name': 'sessionid', 'value': 'wgsho1uoapabrehhwoxu1wwc2w2aphpe'}]
cost: 2661ms
cookie: <RequestsCookieJar[<Cookie sessionid=wgsho1uoapabrehhwoxu1wwc2w2aphpe for 124.70.221.221/>]>
2023-11-10 17:53:32 [INFO]: f--------  执行后置条件 ----------
func2
2023-11-10 17:53:32 [INFO]: 断言 -> [{'eq': ['$.msg', 'success']}]
2023-11-10 17:53:32 [INFO]: 执行文件-> testnull.yaml
2023-11-10 17:53:32 [INFO]: 参数化数据-> [{'username': 'test1', 'password': '123456'}, {'username': 'test2', 'password': 'abdxxx'}]
2023-11-10 17:53:32 [INFO]: 用例步骤：1 -> 登录1
2023-11-10 17:53:32 [INFO]: 当前用例引用参数化数据-> {'request': <FixtureRequest for <Function testnull[test2-abdxxx]>>, 'username': 'test2', 'password': 'abdxxx'}
2023-11-10 17:53:32 [ERROR]: MYSQL_HOST not found in config.py
2023-11-10 17:53:32 [INFO]: --------  request info ----------
{
    "url": "http://124.70.221.221:8201/api/v1/login/",
    "method": "POST",
    "headers": {
        "Content-Type": "application/json",
        "User-Agent": "python-requests/2.18.4"
    },
    "hooks": {
        "request_hooks": [
            "func1"
        ],
        "response_hooks": [
            "func2"
        ]
    },
    "json": {
        "username": "test2",
        "password": "abdxxx",
        "code": "1154574",
        "sql": ""
    }
}
2023-11-10 17:53:32 [INFO]: f--------  执行前置条件 ----------
func1
2023-11-10 17:53:32 [INFO]: --------  response info ----------
status: True
msg: success
statusCode: 200
responseHeaders:
[
    {
        "name": "Date",
        "value": "Fri, 10 Nov 2023 09:53:41 GMT"
    },
    {
        "name": "Server",
        "value": "WSGIServer/0.2 CPython/3.6.8"
    },
    {
        "name": "Content-Type",
        "value": "application/json"
    },
    {
        "name": "Allow",
        "value": "POST, OPTIONS"
    },
    {
        "name": "X-Frame-Options",
        "value": "SAMEORIGIN"
    },
    {
        "name": "Content-Length",
        "value": "76"
    },
    {
        "name": "Vary",
        "value": "Cookie"
    },
    {
        "name": "Set-Cookie",
        "value": "sessionid=o3r2w8rdly9csvrr4ez1wzgn4puf142o; expires=Fri, 24-Nov-2023 09:53:41 GMT; HttpOnly; Max-Age=1209600; Path=/"
    }
]
responseBody:
{
    "code": 3003,
    "msg": "账号或密码不正确",
    "username": "test2",
    "token": ""
}
cookies: [{'name': 'sessionid', 'value': 'o3r2w8rdly9csvrr4ez1wzgn4puf142o'}]
cost: 2443ms
cookie: <RequestsCookieJar[<Cookie sessionid=o3r2w8rdly9csvrr4ez1wzgn4puf142o for 124.70.221.221/>]>
2023-11-10 17:53:32 [INFO]: f--------  执行后置条件 ----------
func2
2023-11-10 17:53:32 [INFO]: 断言 -> [{'eq': ['$.msg', 'success']}]
2023-11-10 17:53:32 [INFO]: 执行文件-> testnull.yaml
2023-11-10 17:53:32 [INFO]: 参数化数据-> [{'username': 'test1', 'password': '123456'}, {'username': 'test2', 'password': 'abdxxx'}]
2023-11-10 17:53:32 [INFO]: 用例步骤：1 -> 登录1
2023-11-10 17:53:32 [INFO]: 当前用例引用参数化数据-> {'request': <FixtureRequest for <Function testnull[test1-123456]>>, 'username': 'test1', 'password': '123456'}
2023-11-10 17:53:32 [ERROR]: MYSQL_HOST not found in config.py
2023-11-10 17:53:32 [INFO]: --------  request info ----------
{
    "url": "http://124.70.221.221:8201/api/v1/login/",
    "method": "POST",
    "headers": {
        "Content-Type": "application/json",
        "User-Agent": "python-requests/2.18.4"
    },
    "hooks": {
        "request_hooks": [
            "func1"
        ],
        "response_hooks": [
            "func2"
        ]
    },
    "json": {
        "username": "test1",
        "password": "123456",
        "code": "1607130",
        "sql": ""
    }
}
2023-11-10 17:53:32 [INFO]: f--------  执行前置条件 ----------
func1
2023-11-10 17:53:32 [INFO]: --------  response info ----------
status: True
msg: success
statusCode: 200
responseHeaders:
[
    {
        "name": "Date",
        "value": "Fri, 10 Nov 2023 09:53:41 GMT"
    },
    {
        "name": "Server",
        "value": "WSGIServer/0.2 CPython/3.6.8"
    },
    {
        "name": "Content-Type",
        "value": "application/json"
    },
    {
        "name": "Allow",
        "value": "POST, OPTIONS"
    },
    {
        "name": "X-Frame-Options",
        "value": "SAMEORIGIN"
    },
    {
        "name": "Content-Length",
        "value": "110"
    },
    {
        "name": "Vary",
        "value": "Cookie"
    },
    {
        "name": "Set-Cookie",
        "value": "sessionid=m02aeasug0pt7gt8v5xao06tf0v4c92j; expires=Fri, 24-Nov-2023 09:53:41 GMT; HttpOnly; Max-Age=1209600; Path=/"
    }
]
responseBody:
{
    "code": 0,
    "msg": "login success!",
    "username": "test1",
    "token": "871dbf3c86b2d71982ec823e78dcedca0db4b1cc"
}
cookies: [{'name': 'sessionid', 'value': 'm02aeasug0pt7gt8v5xao06tf0v4c92j'}]
cost: 2493ms
cookie: <RequestsCookieJar[<Cookie sessionid=m02aeasug0pt7gt8v5xao06tf0v4c92j for 124.70.221.221/>]>
2023-11-10 17:53:32 [INFO]: f--------  执行后置条件 ----------
func2
2023-11-10 17:53:32 [INFO]: 断言 -> [{'eq': ['$.msg', 'success']}]
2023-11-10 17:53:32 [INFO]: 执行文件-> testnull.yaml
2023-11-10 17:53:32 [INFO]: 参数化数据-> [{'username': 'test1', 'password': '123456'}, {'username': 'test2', 'password': 'abdxxx'}]
2023-11-10 17:53:32 [INFO]: 用例步骤：1 -> 登录1
2023-11-10 17:53:32 [INFO]: 当前用例引用参数化数据-> {'request': <FixtureRequest for <Function testnull[test2-abdxxx]>>, 'username': 'test2', 'password': 'abdxxx'}
2023-11-10 17:53:32 [ERROR]: MYSQL_HOST not found in config.py
2023-11-10 17:53:32 [INFO]: --------  request info ----------
{
    "url": "http://124.70.221.221:8201/api/v1/login/",
    "method": "POST",
    "headers": {
        "Content-Type": "application/json",
        "User-Agent": "python-requests/2.18.4"
    },
    "hooks": {
        "request_hooks": [
            "func1"
        ],
        "response_hooks": [
            "func2"
        ]
    },
    "json": {
        "username": "test2",
        "password": "abdxxx",
        "code": "1238365",
        "sql": ""
    }
}
2023-11-10 17:53:32 [INFO]: f--------  执行前置条件 ----------
func1
2023-11-10 17:53:33 [INFO]: --------  response info ----------
status: True
msg: success
statusCode: 200
responseHeaders:
[
    {
        "name": "Date",
        "value": "Fri, 10 Nov 2023 09:53:42 GMT"
    },
    {
        "name": "Server",
        "value": "WSGIServer/0.2 CPython/3.6.8"
    },
    {
        "name": "Content-Type",
        "value": "application/json"
    },
    {
        "name": "Allow",
        "value": "POST, OPTIONS"
    },
    {
        "name": "X-Frame-Options",
        "value": "SAMEORIGIN"
    },
    {
        "name": "Content-Length",
        "value": "76"
    },
    {
        "name": "Vary",
        "value": "Cookie"
    },
    {
        "name": "Set-Cookie",
        "value": "sessionid=4orrbb5cn33jftboniip9hph1gtc6cml; expires=Fri, 24-Nov-2023 09:53:42 GMT; HttpOnly; Max-Age=1209600; Path=/"
    }
]
responseBody:
{
    "code": 3003,
    "msg": "账号或密码不正确",
    "username": "test2",
    "token": ""
}
cookies: [{'name': 'sessionid', 'value': '4orrbb5cn33jftboniip9hph1gtc6cml'}]
cost: 3933ms
cookie: <RequestsCookieJar[<Cookie sessionid=4orrbb5cn33jftboniip9hph1gtc6cml for 124.70.221.221/>]>
2023-11-10 17:53:33 [INFO]: f--------  执行后置条件 ----------
func2
2023-11-10 17:53:33 [INFO]: 断言 -> [{'eq': ['$.msg', 'success']}]
2023-11-10 17:53:33 [INFO]: 执行文件-> testnull.yaml
2023-11-10 17:53:33 [INFO]: 参数化数据-> [{'username': 'test1', 'password': '123456'}, {'username': 'test2', 'password': 'abdxxx'}]
2023-11-10 17:53:33 [INFO]: 用例步骤：1 -> 登录1
2023-11-10 17:53:33 [INFO]: 当前用例引用参数化数据-> {'request': <FixtureRequest for <Function testnull[test1-123456]>>, 'username': 'test1', 'password': '123456'}
2023-11-10 17:53:33 [ERROR]: MYSQL_HOST not found in config.py
2023-11-10 17:53:33 [INFO]: --------  request info ----------
{
    "url": "http://124.70.221.221:8201/api/v1/login/",
    "method": "POST",
    "headers": {
        "Content-Type": "application/json",
        "User-Agent": "python-requests/2.18.4"
    },
    "hooks": {
        "request_hooks": [
            "func1"
        ],
        "response_hooks": [
            "func2"
        ]
    },
    "json": {
        "username": "test1",
        "password": "123456",
        "code": "1114839",
        "sql": ""
    }
}
2023-11-10 17:53:33 [INFO]: f--------  执行前置条件 ----------
func1
