2023-11-10 17:18:01 [INFO]: 执行文件-> testnull.yaml
2023-11-10 17:18:01 [INFO]: 参数化数据-> [{'username': 'test1', 'password': '123456'}, {'username': 'test2', 'password': 'abdxxx'}]
2023-11-10 17:18:01 [INFO]: 用例步骤：1 -> 登录1
2023-11-10 17:18:01 [INFO]: 当前用例引用参数化数据-> {'request': <FixtureRequest for <Function testnull[test1-123456]>>, 'username': 'test1', 'password': '123456'}
2023-11-10 17:18:01 [ERROR]: MYSQL_HOST not found in config.py
2023-11-10 17:18:01 [INFO]: --------  request info ----------
{
    "url": "http://124.70.221.221:8201/api/v1/login/",
    "method": "POST",
    "headers": {
        "Content-Type": "application/json",
        "User-Agent": "python-requests/2.18.4"
    },
    "hooks": {
        "request_hooks": [
            "func1"
        ],
        "response_hooks": [
            "func2"
        ]
    },
    "json": {
        "username": "test1",
        "password": "123456",
        "code": "1435619",
        "sql": ""
    }
}
2023-11-10 17:18:01 [INFO]: f--------  执行前置条件 ----------
func1
2023-11-10 17:18:02 [INFO]: --------  response info ----------
status: True
msg: success
statusCode: 200
responseHeaders:
[
    {
        "name": "Date",
        "value": "Fri, 10 Nov 2023 09:18:10 GMT"
    },
    {
        "name": "Server",
        "value": "WSGIServer/0.2 CPython/3.6.8"
    },
    {
        "name": "Content-Type",
        "value": "application/json"
    },
    {
        "name": "Allow",
        "value": "POST, OPTIONS"
    },
    {
        "name": "X-Frame-Options",
        "value": "SAMEORIGIN"
    },
    {
        "name": "Content-Length",
        "value": "110"
    },
    {
        "name": "Vary",
        "value": "Cookie"
    },
    {
        "name": "Set-Cookie",
        "value": "sessionid=c6evaffz9rvz1djb1u0hpwb0gp45k6vc; expires=Fri, 24-Nov-2023 09:18:10 GMT; HttpOnly; Max-Age=1209600; Path=/"
    }
]
responseBody:
{
    "code": 0,
    "msg": "login success!",
    "username": "test1",
    "token": "c45c461576f07aacc481e07f816d08e22039cb72"
}
cookies: [{'name': 'sessionid', 'value': 'c6evaffz9rvz1djb1u0hpwb0gp45k6vc'}]
cost: 3474ms
cookie: <RequestsCookieJar[<Cookie sessionid=c6evaffz9rvz1djb1u0hpwb0gp45k6vc for 124.70.221.221/>]>
2023-11-10 17:18:02 [INFO]: f--------  执行后置条件 ----------
func2
2023-11-10 17:18:02 [INFO]: 断言 -> [{'eq': ['$.msg', 'success']}]
2023-11-10 17:18:02 [INFO]: 执行文件-> testnull.yaml
2023-11-10 17:18:02 [INFO]: 参数化数据-> [{'username': 'test1', 'password': '123456'}, {'username': 'test2', 'password': 'abdxxx'}]
2023-11-10 17:18:02 [INFO]: 用例步骤：1 -> 登录1
2023-11-10 17:18:02 [INFO]: 当前用例引用参数化数据-> {'request': <FixtureRequest for <Function testnull[test2-abdxxx]>>, 'username': 'test2', 'password': 'abdxxx'}
2023-11-10 17:18:02 [ERROR]: MYSQL_HOST not found in config.py
2023-11-10 17:18:02 [INFO]: --------  request info ----------
{
    "url": "http://124.70.221.221:8201/api/v1/login/",
    "method": "POST",
    "headers": {
        "Content-Type": "application/json",
        "User-Agent": "python-requests/2.18.4"
    },
    "hooks": {
        "request_hooks": [
            "func1"
        ],
        "response_hooks": [
            "func2"
        ]
    },
    "json": {
        "username": "test2",
        "password": "abdxxx",
        "code": "1213060",
        "sql": ""
    }
}
2023-11-10 17:18:02 [INFO]: f--------  执行前置条件 ----------
func1
2023-11-10 17:18:02 [INFO]: --------  response info ----------
status: True
msg: success
statusCode: 200
responseHeaders:
[
    {
        "name": "Date",
        "value": "Fri, 10 Nov 2023 09:18:11 GMT"
    },
    {
        "name": "Server",
        "value": "WSGIServer/0.2 CPython/3.6.8"
    },
    {
        "name": "Content-Type",
        "value": "application/json"
    },
    {
        "name": "Allow",
        "value": "POST, OPTIONS"
    },
    {
        "name": "X-Frame-Options",
        "value": "SAMEORIGIN"
    },
    {
        "name": "Content-Length",
        "value": "76"
    },
    {
        "name": "Vary",
        "value": "Cookie"
    },
    {
        "name": "Set-Cookie",
        "value": "sessionid=gt3ke5chjwh7wvk709k8oi80r96dakxw; expires=Fri, 24-Nov-2023 09:18:11 GMT; HttpOnly; Max-Age=1209600; Path=/"
    }
]
responseBody:
{
    "code": 3003,
    "msg": "账号或密码不正确",
    "username": "test2",
    "token": ""
}
cookies: [{'name': 'sessionid', 'value': 'gt3ke5chjwh7wvk709k8oi80r96dakxw'}]
cost: 2248ms
cookie: <RequestsCookieJar[<Cookie sessionid=gt3ke5chjwh7wvk709k8oi80r96dakxw for 124.70.221.221/>]>
2023-11-10 17:18:02 [INFO]: f--------  执行后置条件 ----------
func2
2023-11-10 17:18:02 [INFO]: 断言 -> [{'eq': ['$.msg', 'success']}]
2023-11-10 17:18:02 [INFO]: 执行文件-> testnull.yaml
2023-11-10 17:18:02 [INFO]: 参数化数据-> [{'username': 'test1', 'password': '123456'}, {'username': 'test2', 'password': 'abdxxx'}]
2023-11-10 17:18:02 [INFO]: 用例步骤：1 -> 登录1
2023-11-10 17:18:02 [INFO]: 当前用例引用参数化数据-> {'request': <FixtureRequest for <Function testnull[test1-123456]>>, 'username': 'test1', 'password': '123456'}
2023-11-10 17:18:02 [ERROR]: MYSQL_HOST not found in config.py
2023-11-10 17:18:02 [INFO]: --------  request info ----------
{
    "url": "http://124.70.221.221:8201/api/v1/login/",
    "method": "POST",
    "headers": {
        "Content-Type": "application/json",
        "User-Agent": "python-requests/2.18.4"
    },
    "hooks": {
        "request_hooks": [
            "func1"
        ],
        "response_hooks": [
            "func2"
        ]
    },
    "json": {
        "username": "test1",
        "password": "123456",
        "code": "1464625",
        "sql": ""
    }
}
2023-11-10 17:18:02 [INFO]: f--------  执行前置条件 ----------
func1
2023-11-10 17:18:02 [INFO]: --------  response info ----------
status: True
msg: success
statusCode: 200
responseHeaders:
[
    {
        "name": "Date",
        "value": "Fri, 10 Nov 2023 09:18:11 GMT"
    },
    {
        "name": "Server",
        "value": "WSGIServer/0.2 CPython/3.6.8"
    },
    {
        "name": "Content-Type",
        "value": "application/json"
    },
    {
        "name": "Allow",
        "value": "POST, OPTIONS"
    },
    {
        "name": "X-Frame-Options",
        "value": "SAMEORIGIN"
    },
    {
        "name": "Content-Length",
        "value": "110"
    },
    {
        "name": "Vary",
        "value": "Cookie"
    },
    {
        "name": "Set-Cookie",
        "value": "sessionid=g8sekuirxk5f3mxhtznjsihcbukyu34f; expires=Fri, 24-Nov-2023 09:18:11 GMT; HttpOnly; Max-Age=1209600; Path=/"
    }
]
responseBody:
{
    "code": 0,
    "msg": "login success!",
    "username": "test1",
    "token": "4227278ff889262db5361376739f23e969fb9d93"
}
cookies: [{'name': 'sessionid', 'value': 'g8sekuirxk5f3mxhtznjsihcbukyu34f'}]
cost: 3758ms
cookie: <RequestsCookieJar[<Cookie sessionid=g8sekuirxk5f3mxhtznjsihcbukyu34f for 124.70.221.221/>]>
2023-11-10 17:18:02 [INFO]: f--------  执行后置条件 ----------
func2
2023-11-10 17:18:02 [INFO]: 断言 -> [{'eq': ['$.msg', 'success']}]
2023-11-10 17:18:02 [INFO]: 执行文件-> testnull.yaml
2023-11-10 17:18:02 [INFO]: 参数化数据-> [{'username': 'test1', 'password': '123456'}, {'username': 'test2', 'password': 'abdxxx'}]
2023-11-10 17:18:02 [INFO]: 用例步骤：1 -> 登录1
2023-11-10 17:18:02 [INFO]: 当前用例引用参数化数据-> {'request': <FixtureRequest for <Function testnull[test2-abdxxx]>>, 'username': 'test2', 'password': 'abdxxx'}
2023-11-10 17:18:02 [ERROR]: MYSQL_HOST not found in config.py
2023-11-10 17:18:02 [INFO]: --------  request info ----------
{
    "url": "http://124.70.221.221:8201/api/v1/login/",
    "method": "POST",
    "headers": {
        "Content-Type": "application/json",
        "User-Agent": "python-requests/2.18.4"
    },
    "hooks": {
        "request_hooks": [
            "func1"
        ],
        "response_hooks": [
            "func2"
        ]
    },
    "json": {
        "username": "test2",
        "password": "abdxxx",
        "code": "1717745",
        "sql": ""
    }
}
2023-11-10 17:18:02 [INFO]: f--------  执行前置条件 ----------
func1
2023-11-10 17:18:02 [INFO]: --------  response info ----------
status: True
msg: success
statusCode: 200
responseHeaders:
[
    {
        "name": "Date",
        "value": "Fri, 10 Nov 2023 09:18:11 GMT"
    },
    {
        "name": "Server",
        "value": "WSGIServer/0.2 CPython/3.6.8"
    },
    {
        "name": "Content-Type",
        "value": "application/json"
    },
    {
        "name": "Allow",
        "value": "POST, OPTIONS"
    },
    {
        "name": "X-Frame-Options",
        "value": "SAMEORIGIN"
    },
    {
        "name": "Content-Length",
        "value": "76"
    },
    {
        "name": "Vary",
        "value": "Cookie"
    },
    {
        "name": "Set-Cookie",
        "value": "sessionid=atat97yelo3towyto5h9437r1fh1dr01; expires=Fri, 24-Nov-2023 09:18:11 GMT; HttpOnly; Max-Age=1209600; Path=/"
    }
]
responseBody:
{
    "code": 3003,
    "msg": "账号或密码不正确",
    "username": "test2",
    "token": ""
}
cookies: [{'name': 'sessionid', 'value': 'atat97yelo3towyto5h9437r1fh1dr01'}]
cost: 2430ms
cookie: <RequestsCookieJar[<Cookie sessionid=atat97yelo3towyto5h9437r1fh1dr01 for 124.70.221.221/>]>
2023-11-10 17:18:02 [INFO]: f--------  执行后置条件 ----------
func2
2023-11-10 17:18:02 [INFO]: 断言 -> [{'eq': ['$.msg', 'success']}]
2023-11-10 17:18:03 [INFO]: 执行文件-> testnull.yaml
2023-11-10 17:18:03 [INFO]: 参数化数据-> [{'username': 'test1', 'password': '123456'}, {'username': 'test2', 'password': 'abdxxx'}]
2023-11-10 17:18:03 [INFO]: 用例步骤：1 -> 登录1
2023-11-10 17:18:03 [INFO]: 当前用例引用参数化数据-> {'request': <FixtureRequest for <Function testnull[test1-123456]>>, 'username': 'test1', 'password': '123456'}
2023-11-10 17:18:03 [ERROR]: MYSQL_HOST not found in config.py
2023-11-10 17:18:03 [INFO]: --------  request info ----------
{
    "url": "http://124.70.221.221:8201/api/v1/login/",
    "method": "POST",
    "headers": {
        "Content-Type": "application/json",
        "User-Agent": "python-requests/2.18.4"
    },
    "hooks": {
        "request_hooks": [
            "func1"
        ],
        "response_hooks": [
            "func2"
        ]
    },
    "json": {
        "username": "test1",
        "password": "123456",
        "code": "1888454",
        "sql": ""
    }
}
2023-11-10 17:18:03 [INFO]: f--------  执行前置条件 ----------
func1
2023-11-10 17:18:03 [INFO]: --------  response info ----------
status: True
msg: success
statusCode: 200
responseHeaders:
[
    {
        "name": "Date",
        "value": "Fri, 10 Nov 2023 09:18:12 GMT"
    },
    {
        "name": "Server",
        "value": "WSGIServer/0.2 CPython/3.6.8"
    },
    {
        "name": "Content-Type",
        "value": "application/json"
    },
    {
        "name": "Allow",
        "value": "POST, OPTIONS"
    },
    {
        "name": "X-Frame-Options",
        "value": "SAMEORIGIN"
    },
    {
        "name": "Content-Length",
        "value": "110"
    },
    {
        "name": "Vary",
        "value": "Cookie"
    },
    {
        "name": "Set-Cookie",
        "value": "sessionid=u0mqb7x7733gs9xg5zgcxo9sxvyj6yz9; expires=Fri, 24-Nov-2023 09:18:12 GMT; HttpOnly; Max-Age=1209600; Path=/"
    }
]
responseBody:
{
    "code": 0,
    "msg": "login success!",
    "username": "test1",
    "token": "2e13638c571d1265fee7315a3edaeeaf6c5c5fc7"
}
cookies: [{'name': 'sessionid', 'value': 'u0mqb7x7733gs9xg5zgcxo9sxvyj6yz9'}]
cost: 3402ms
cookie: <RequestsCookieJar[<Cookie sessionid=u0mqb7x7733gs9xg5zgcxo9sxvyj6yz9 for 124.70.221.221/>]>
2023-11-10 17:18:03 [INFO]: f--------  执行后置条件 ----------
func2
2023-11-10 17:18:03 [INFO]: 断言 -> [{'eq': ['$.msg', 'success']}]
2023-11-10 17:18:03 [INFO]: 执行文件-> testnull.yaml
2023-11-10 17:18:03 [INFO]: 参数化数据-> [{'username': 'test1', 'password': '123456'}, {'username': 'test2', 'password': 'abdxxx'}]
2023-11-10 17:18:03 [INFO]: 用例步骤：1 -> 登录1
2023-11-10 17:18:03 [INFO]: 当前用例引用参数化数据-> {'request': <FixtureRequest for <Function testnull[test2-abdxxx]>>, 'username': 'test2', 'password': 'abdxxx'}
2023-11-10 17:18:03 [ERROR]: MYSQL_HOST not found in config.py
2023-11-10 17:18:03 [INFO]: --------  request info ----------
{
    "url": "http://124.70.221.221:8201/api/v1/login/",
    "method": "POST",
    "headers": {
        "Content-Type": "application/json",
        "User-Agent": "python-requests/2.18.4"
    },
    "hooks": {
        "request_hooks": [
            "func1"
        ],
        "response_hooks": [
            "func2"
        ]
    },
    "json": {
        "username": "test2",
        "password": "abdxxx",
        "code": "1858046",
        "sql": ""
    }
}
2023-11-10 17:18:03 [INFO]: f--------  执行前置条件 ----------
func1
2023-11-10 17:18:03 [INFO]: --------  response info ----------
status: True
msg: success
statusCode: 200
responseHeaders:
[
    {
        "name": "Date",
        "value": "Fri, 10 Nov 2023 09:18:12 GMT"
    },
    {
        "name": "Server",
        "value": "WSGIServer/0.2 CPython/3.6.8"
    },
    {
        "name": "Content-Type",
        "value": "application/json"
    },
    {
        "name": "Allow",
        "value": "POST, OPTIONS"
    },
    {
        "name": "X-Frame-Options",
        "value": "SAMEORIGIN"
    },
    {
        "name": "Content-Length",
        "value": "76"
    },
    {
        "name": "Vary",
        "value": "Cookie"
    },
    {
        "name": "Set-Cookie",
        "value": "sessionid=umro0t9qqj5m23lq15jikmmymznb7jq5; expires=Fri, 24-Nov-2023 09:18:12 GMT; HttpOnly; Max-Age=1209600; Path=/"
    }
]
responseBody:
{
    "code": 3003,
    "msg": "账号或密码不正确",
    "username": "test2",
    "token": ""
}
cookies: [{'name': 'sessionid', 'value': 'umro0t9qqj5m23lq15jikmmymznb7jq5'}]
cost: 1895ms
cookie: <RequestsCookieJar[<Cookie sessionid=umro0t9qqj5m23lq15jikmmymznb7jq5 for 124.70.221.221/>]>
2023-11-10 17:18:03 [INFO]: f--------  执行后置条件 ----------
func2
2023-11-10 17:18:03 [INFO]: 断言 -> [{'eq': ['$.msg', 'success']}]
2023-11-10 17:18:03 [INFO]: 执行文件-> testnull.yaml
2023-11-10 17:18:03 [INFO]: 参数化数据-> [{'username': 'test1', 'password': '123456'}, {'username': 'test2', 'password': 'abdxxx'}]
2023-11-10 17:18:03 [INFO]: 用例步骤：1 -> 登录1
2023-11-10 17:18:03 [INFO]: 当前用例引用参数化数据-> {'request': <FixtureRequest for <Function testnull[test1-123456]>>, 'username': 'test1', 'password': '123456'}
2023-11-10 17:18:03 [ERROR]: MYSQL_HOST not found in config.py
2023-11-10 17:18:03 [INFO]: --------  request info ----------
{
    "url": "http://124.70.221.221:8201/api/v1/login/",
    "method": "POST",
    "headers": {
        "Content-Type": "application/json",
        "User-Agent": "python-requests/2.18.4"
    },
    "hooks": {
        "request_hooks": [
            "func1"
        ],
        "response_hooks": [
            "func2"
        ]
    },
    "json": {
        "username": "test1",
        "password": "123456",
        "code": "1041849",
        "sql": ""
    }
}
2023-11-10 17:18:03 [INFO]: f--------  执行前置条件 ----------
func1
2023-11-10 17:18:03 [INFO]: --------  response info ----------
status: True
msg: success
statusCode: 200
responseHeaders:
[
    {
        "name": "Date",
        "value": "Fri, 10 Nov 2023 09:18:12 GMT"
    },
    {
        "name": "Server",
        "value": "WSGIServer/0.2 CPython/3.6.8"
    },
    {
        "name": "Content-Type",
        "value": "application/json"
    },
    {
        "name": "Allow",
        "value": "POST, OPTIONS"
    },
    {
        "name": "X-Frame-Options",
        "value": "SAMEORIGIN"
    },
    {
        "name": "Content-Length",
        "value": "110"
    },
    {
        "name": "Vary",
        "value": "Cookie"
    },
    {
        "name": "Set-Cookie",
        "value": "sessionid=mceor8cob7br25bel2yvxdroetzwp77n; expires=Fri, 24-Nov-2023 09:18:12 GMT; HttpOnly; Max-Age=1209600; Path=/"
    }
]
responseBody:
{
    "code": 0,
    "msg": "login success!",
    "username": "test1",
    "token": "22263bf686ec730debf5eeb3416d37ae24e771f3"
}
cookies: [{'name': 'sessionid', 'value': 'mceor8cob7br25bel2yvxdroetzwp77n'}]
cost: 2189ms
cookie: <RequestsCookieJar[<Cookie sessionid=mceor8cob7br25bel2yvxdroetzwp77n for 124.70.221.221/>]>
2023-11-10 17:18:03 [INFO]: f--------  执行后置条件 ----------
func2
2023-11-10 17:18:03 [INFO]: 断言 -> [{'eq': ['$.msg', 'success']}]
2023-11-10 17:18:03 [INFO]: 执行文件-> testnull.yaml
2023-11-10 17:18:03 [INFO]: 参数化数据-> [{'username': 'test1', 'password': '123456'}, {'username': 'test2', 'password': 'abdxxx'}]
2023-11-10 17:18:03 [INFO]: 用例步骤：1 -> 登录1
2023-11-10 17:18:03 [INFO]: 当前用例引用参数化数据-> {'request': <FixtureRequest for <Function testnull[test2-abdxxx]>>, 'username': 'test2', 'password': 'abdxxx'}
2023-11-10 17:18:03 [ERROR]: MYSQL_HOST not found in config.py
2023-11-10 17:18:03 [INFO]: --------  request info ----------
{
    "url": "http://124.70.221.221:8201/api/v1/login/",
    "method": "POST",
    "headers": {
        "Content-Type": "application/json",
        "User-Agent": "python-requests/2.18.4"
    },
    "hooks": {
        "request_hooks": [
            "func1"
        ],
        "response_hooks": [
            "func2"
        ]
    },
    "json": {
        "username": "test2",
        "password": "abdxxx",
        "code": "1528134",
        "sql": ""
    }
}
2023-11-10 17:18:03 [INFO]: f--------  执行前置条件 ----------
func1
