2023-11-10 15:47:19 [INFO]: 执行文件-> test1login.yaml
2023-11-10 15:47:19 [INFO]: 参数化数据-> [{'username': 'test1', 'password': '123456'}, {'username': 'test2', 'password': 'abdxxx'}]
2023-11-10 15:47:19 [INFO]: 用例步骤：1 -> 登录1
2023-11-10 15:47:19 [INFO]: 当前用例引用参数化数据-> {'request': <FixtureRequest for <Function test1login[test1-123456]>>, 'username': 'test1', 'password': '123456'}
2023-11-10 15:47:19 [ERROR]: MYSQL_HOST not found in config.py
2023-11-10 15:47:19 [INFO]: --------  request info ----------
{
    "url": "http://124.70.221.221:8201/api/v1/login/",
    "method": "POST",
    "headers": {
        "Content-Type": "application/json",
        "User-Agent": "python-requests/2.18.4"
    },
    "hooks": {
        "request_hooks": [
            "func1"
        ],
        "response_hooks": [
            "func2"
        ]
    },
    "json": {
        "username": "test1",
        "password": "123456",
        "code": "1935290",
        "sql": ""
    }
}
2023-11-10 15:47:19 [INFO]: f--------  执行前置条件 ----------
func1
2023-11-10 15:47:20 [INFO]: --------  response info ----------
status: True
msg: success
statusCode: 200
responseHeaders:
[
    {
        "name": "Connection",
        "value": "close"
    },
    {
        "name": "Content-Length",
        "value": "110"
    },
    {
        "name": "Allow",
        "value": "POST, OPTIONS"
    },
    {
        "name": "Content-Type",
        "value": "application/json"
    },
    {
        "name": "Date",
        "value": "Fri, 10 Nov 2023 07:47:29 GMT"
    },
    {
        "name": "Server",
        "value": "WSGIServer/0.2 CPython/3.6.8"
    },
    {
        "name": "Set-Cookie",
        "value": "sessionid=h95qhjzyb6q4dhyi2jrsozc45a9rrkhu; expires=Fri, 24-Nov-2023 07:47:29 GMT; HttpOnly; Max-Age=1209600; Path=/"
    },
    {
        "name": "Vary",
        "value": "Cookie"
    },
    {
        "name": "X-Frame-Options",
        "value": "SAMEORIGIN"
    }
]
responseBody:
{
    "code": 0,
    "msg": "login success!",
    "username": "test1",
    "token": "eea26cc2804541b36f57361d37b2ffdc18a23312"
}
cookies: [{'name': 'sessionid', 'value': 'h95qhjzyb6q4dhyi2jrsozc45a9rrkhu'}]
cost: 8519ms
cookie: <RequestsCookieJar[<Cookie sessionid=h95qhjzyb6q4dhyi2jrsozc45a9rrkhu for 124.70.221.221/>]>
2023-11-10 15:47:20 [INFO]: f--------  执行后置条件 ----------
func2
2023-11-10 15:47:20 [INFO]: 断言 -> [{'eq': ['$.msg', 'success']}]
2023-11-10 15:47:20 [INFO]: 执行文件-> test1login.yaml
2023-11-10 15:47:20 [INFO]: 参数化数据-> [{'username': 'test1', 'password': '123456'}, {'username': 'test2', 'password': 'abdxxx'}]
2023-11-10 15:47:20 [INFO]: 用例步骤：1 -> 登录1
2023-11-10 15:47:20 [INFO]: 当前用例引用参数化数据-> {'request': <FixtureRequest for <Function test1login[test2-abdxxx]>>, 'username': 'test2', 'password': 'abdxxx'}
2023-11-10 15:47:20 [ERROR]: MYSQL_HOST not found in config.py
2023-11-10 15:47:20 [INFO]: --------  request info ----------
{
    "url": "http://124.70.221.221:8201/api/v1/login/",
    "method": "POST",
    "headers": {
        "Content-Type": "application/json",
        "User-Agent": "python-requests/2.18.4"
    },
    "hooks": {
        "request_hooks": [
            "func1"
        ],
        "response_hooks": [
            "func2"
        ]
    },
    "json": {
        "username": "test2",
        "password": "abdxxx",
        "code": "1154963",
        "sql": ""
    }
}
2023-11-10 15:47:20 [INFO]: f--------  执行前置条件 ----------
func1
2023-11-10 15:47:21 [INFO]: --------  response info ----------
status: True
msg: success
statusCode: 200
responseHeaders:
[
    {
        "name": "Connection",
        "value": "close"
    },
    {
        "name": "Content-Length",
        "value": "76"
    },
    {
        "name": "Allow",
        "value": "POST, OPTIONS"
    },
    {
        "name": "Content-Type",
        "value": "application/json"
    },
    {
        "name": "Date",
        "value": "Fri, 10 Nov 2023 07:47:30 GMT"
    },
    {
        "name": "Server",
        "value": "WSGIServer/0.2 CPython/3.6.8"
    },
    {
        "name": "Set-Cookie",
        "value": "sessionid=1r9dt4t2sp5b6i2w8ows45u17i6dckaw; expires=Fri, 24-Nov-2023 07:47:30 GMT; HttpOnly; Max-Age=1209600; Path=/"
    },
    {
        "name": "Vary",
        "value": "Cookie"
    },
    {
        "name": "X-Frame-Options",
        "value": "SAMEORIGIN"
    }
]
responseBody:
{
    "code": 3003,
    "msg": "账号或密码不正确",
    "username": "test2",
    "token": ""
}
cookies: [{'name': 'sessionid', 'value': '1r9dt4t2sp5b6i2w8ows45u17i6dckaw'}]
cost: 1.29s
cookie: <RequestsCookieJar[<Cookie sessionid=1r9dt4t2sp5b6i2w8ows45u17i6dckaw for 124.70.221.221/>]>
2023-11-10 15:47:21 [INFO]: f--------  执行后置条件 ----------
func2
2023-11-10 15:47:21 [INFO]: 断言 -> [{'eq': ['$.msg', 'success']}]
