2023-11-10 15:51:44 [INFO]: 1233
2023-11-10 15:51:44 [INFO]: {
    "config": {
        "name": "post示例",
        "fixtures": "username, password",
        "parameters": [
            [
                "test1",
                "123456"
            ],
            [
                "test2",
                "abdxxx"
            ]
        ]
    },
    "teststeps": [
        {
            "name": "登录1",
            "request": {
                "url": "http://124.70.221.221:8201/api/v1/login/",
                "method": "POST",
                "headers": {
                    "Content-Type": "application/json",
                    "User-Agent": "python-requests/2.18.4"
                },
                "hooks": {
                    "request_hooks": [
                        "func1"
                    ],
                    "response_hooks": [
                        "func2"
                    ]
                },
                "json": {
                    "username": "${username}",
                    "password": "${password}",
                    "code": "${rand_str()}",
                    "sql": "${query_sql('select * from role_menu').id}"
                }
            },
            "validate": [
                {
                    "eq": [
                        "$.msg",
                        "success"
                    ]
                }
            ]
        }
    ]
}
2023-11-10 15:51:44 [INFO]: 1233
2023-11-10 15:51:44 [INFO]: 执行文件-> test1login.yaml
2023-11-10 15:51:44 [INFO]: 参数化数据-> [{'username': 'test1', 'password': '123456'}, {'username': 'test2', 'password': 'abdxxx'}]
2023-11-10 15:51:44 [INFO]: 用例步骤：1 -> 登录1
2023-11-10 15:51:44 [INFO]: 当前用例引用参数化数据-> {'request': <FixtureRequest for <Function test1login[test1-123456]>>, 'username': 'test1', 'password': '123456'}
2023-11-10 15:51:44 [ERROR]: MYSQL_HOST not found in config.py
2023-11-10 15:51:44 [INFO]: --------  request info ----------
{
    "url": "http://124.70.221.221:8201/api/v1/login/",
    "method": "POST",
    "headers": {
        "Content-Type": "application/json",
        "User-Agent": "python-requests/2.18.4"
    },
    "hooks": {
        "request_hooks": [
            "func1"
        ],
        "response_hooks": [
            "func2"
        ]
    },
    "json": {
        "username": "test1",
        "password": "123456",
        "code": "1173332",
        "sql": ""
    }
}
2023-11-10 15:51:44 [INFO]: f--------  执行前置条件 ----------
func1
2023-11-10 15:51:45 [INFO]: --------  response info ----------
status: True
msg: success
statusCode: 200
responseHeaders:
[
    {
        "name": "Connection",
        "value": "close"
    },
    {
        "name": "Content-Length",
        "value": "110"
    },
    {
        "name": "Allow",
        "value": "POST, OPTIONS"
    },
    {
        "name": "Content-Type",
        "value": "application/json"
    },
    {
        "name": "Date",
        "value": "Fri, 10 Nov 2023 07:51:54 GMT"
    },
    {
        "name": "Server",
        "value": "WSGIServer/0.2 CPython/3.6.8"
    },
    {
        "name": "Set-Cookie",
        "value": "sessionid=gtpup06un99guxp5yru7e4a04icl2jfd; expires=Fri, 24-Nov-2023 07:51:54 GMT; HttpOnly; Max-Age=1209600; Path=/"
    },
    {
        "name": "Vary",
        "value": "Cookie"
    },
    {
        "name": "X-Frame-Options",
        "value": "SAMEORIGIN"
    }
]
responseBody:
{
    "code": 0,
    "msg": "login success!",
    "username": "test1",
    "token": "5e9e8d85ff3f947669f317e1b017a772ae1ff0ca"
}
cookies: [{'name': 'sessionid', 'value': 'gtpup06un99guxp5yru7e4a04icl2jfd'}]
cost: 1.69s
cookie: <RequestsCookieJar[<Cookie sessionid=gtpup06un99guxp5yru7e4a04icl2jfd for 124.70.221.221/>]>
2023-11-10 15:51:45 [INFO]: f--------  执行后置条件 ----------
func2
2023-11-10 15:51:45 [INFO]: 断言 -> [{'eq': ['$.msg', 'success']}]
2023-11-10 15:51:45 [INFO]: 执行文件-> test1login.yaml
2023-11-10 15:51:45 [INFO]: 参数化数据-> [{'username': 'test1', 'password': '123456'}, {'username': 'test2', 'password': 'abdxxx'}]
2023-11-10 15:51:45 [INFO]: 用例步骤：1 -> 登录1
2023-11-10 15:51:45 [INFO]: 当前用例引用参数化数据-> {'request': <FixtureRequest for <Function test1login[test2-abdxxx]>>, 'username': 'test2', 'password': 'abdxxx'}
2023-11-10 15:51:45 [ERROR]: MYSQL_HOST not found in config.py
2023-11-10 15:51:45 [INFO]: --------  request info ----------
{
    "url": "http://124.70.221.221:8201/api/v1/login/",
    "method": "POST",
    "headers": {
        "Content-Type": "application/json",
        "User-Agent": "python-requests/2.18.4"
    },
    "hooks": {
        "request_hooks": [
            "func1"
        ],
        "response_hooks": [
            "func2"
        ]
    },
    "json": {
        "username": "test2",
        "password": "abdxxx",
        "code": "1653394",
        "sql": ""
    }
}
2023-11-10 15:51:45 [INFO]: f--------  执行前置条件 ----------
func1
2023-11-10 15:51:46 [INFO]: --------  response info ----------
status: True
msg: success
statusCode: 200
responseHeaders:
[
    {
        "name": "Connection",
        "value": "close"
    },
    {
        "name": "Content-Length",
        "value": "76"
    },
    {
        "name": "Allow",
        "value": "POST, OPTIONS"
    },
    {
        "name": "Content-Type",
        "value": "application/json"
    },
    {
        "name": "Date",
        "value": "Fri, 10 Nov 2023 07:51:55 GMT"
    },
    {
        "name": "Server",
        "value": "WSGIServer/0.2 CPython/3.6.8"
    },
    {
        "name": "Set-Cookie",
        "value": "sessionid=s0zcv0pp7137fpvweu390aukxl5v7o2d; expires=Fri, 24-Nov-2023 07:51:55 GMT; HttpOnly; Max-Age=1209600; Path=/"
    },
    {
        "name": "Vary",
        "value": "Cookie"
    },
    {
        "name": "X-Frame-Options",
        "value": "SAMEORIGIN"
    }
]
responseBody:
{
    "code": 3003,
    "msg": "账号或密码不正确",
    "username": "test2",
    "token": ""
}
cookies: [{'name': 'sessionid', 'value': 's0zcv0pp7137fpvweu390aukxl5v7o2d'}]
cost: 9312ms
cookie: <RequestsCookieJar[<Cookie sessionid=s0zcv0pp7137fpvweu390aukxl5v7o2d for 124.70.221.221/>]>
2023-11-10 15:51:46 [INFO]: f--------  执行后置条件 ----------
func2
2023-11-10 15:51:46 [INFO]: 断言 -> [{'eq': ['$.msg', 'success']}]
