2023-11-10 16:10:40 [INFO]: 执行文件-> testnull.yaml
2023-11-10 16:10:40 [INFO]: 参数化数据-> [{'username': 'test1', 'password': '123456'}, {'username': 'test2', 'password': 'abdxxx'}]
2023-11-10 16:10:40 [INFO]: 用例步骤：1 -> 登录1
2023-11-10 16:10:40 [INFO]: 当前用例引用参数化数据-> {'request': <FixtureRequest for <Function testnull[test1-123456]>>, 'username': 'test1', 'password': '123456'}
2023-11-10 16:10:40 [ERROR]: MYSQL_HOST not found in config.py
2023-11-10 16:10:40 [INFO]: --------  request info ----------
{
    "url": "http://124.70.221.221:8201/api/v1/login/",
    "method": "POST",
    "headers": {
        "Content-Type": "application/json",
        "User-Agent": "python-requests/2.18.4"
    },
    "hooks": {
        "request_hooks": [
            "func1"
        ],
        "response_hooks": [
            "func2"
        ]
    },
    "json": {
        "username": "test1",
        "password": "123456",
        "code": "1566791",
        "sql": ""
    }
}
2023-11-10 16:10:40 [INFO]: f--------  执行前置条件 ----------
func1
2023-11-10 16:10:40 [INFO]: --------  response info ----------
status: True
msg: success
statusCode: 200
responseHeaders:
[
    {
        "name": "Date",
        "value": "Fri, 10 Nov 2023 08:10:49 GMT"
    },
    {
        "name": "Server",
        "value": "WSGIServer/0.2 CPython/3.6.8"
    },
    {
        "name": "Content-Type",
        "value": "application/json"
    },
    {
        "name": "Allow",
        "value": "POST, OPTIONS"
    },
    {
        "name": "X-Frame-Options",
        "value": "SAMEORIGIN"
    },
    {
        "name": "Content-Length",
        "value": "110"
    },
    {
        "name": "Vary",
        "value": "Cookie"
    },
    {
        "name": "Set-Cookie",
        "value": "sessionid=nbncvkqc30z4nxdb7um2c48fliz2t4lq; expires=Fri, 24-Nov-2023 08:10:49 GMT; HttpOnly; Max-Age=1209600; Path=/"
    }
]
responseBody:
{
    "code": 0,
    "msg": "login success!",
    "username": "test1",
    "token": "964795cc13c80a7abb75219f990f8849dea6c8b6"
}
cookies: [{'name': 'sessionid', 'value': 'nbncvkqc30z4nxdb7um2c48fliz2t4lq'}]
cost: 3303ms
cookie: <RequestsCookieJar[<Cookie sessionid=nbncvkqc30z4nxdb7um2c48fliz2t4lq for 124.70.221.221/>]>
2023-11-10 16:10:40 [INFO]: f--------  执行后置条件 ----------
func2
2023-11-10 16:10:40 [INFO]: 断言 -> [{'eq': ['$.msg', 'success']}]
2023-11-10 16:10:40 [INFO]: 执行文件-> testnull.yaml
2023-11-10 16:10:40 [INFO]: 参数化数据-> [{'username': 'test1', 'password': '123456'}, {'username': 'test2', 'password': 'abdxxx'}]
2023-11-10 16:10:40 [INFO]: 用例步骤：1 -> 登录1
2023-11-10 16:10:40 [INFO]: 当前用例引用参数化数据-> {'request': <FixtureRequest for <Function testnull[test2-abdxxx]>>, 'username': 'test2', 'password': 'abdxxx'}
2023-11-10 16:10:40 [ERROR]: MYSQL_HOST not found in config.py
2023-11-10 16:10:40 [INFO]: --------  request info ----------
{
    "url": "http://124.70.221.221:8201/api/v1/login/",
    "method": "POST",
    "headers": {
        "Content-Type": "application/json",
        "User-Agent": "python-requests/2.18.4"
    },
    "hooks": {
        "request_hooks": [
            "func1"
        ],
        "response_hooks": [
            "func2"
        ]
    },
    "json": {
        "username": "test2",
        "password": "abdxxx",
        "code": "1728501",
        "sql": ""
    }
}
2023-11-10 16:10:40 [INFO]: f--------  执行前置条件 ----------
func1
2023-11-10 16:10:41 [INFO]: --------  response info ----------
status: True
msg: success
statusCode: 200
responseHeaders:
[
    {
        "name": "Date",
        "value": "Fri, 10 Nov 2023 08:10:49 GMT"
    },
    {
        "name": "Server",
        "value": "WSGIServer/0.2 CPython/3.6.8"
    },
    {
        "name": "Content-Type",
        "value": "application/json"
    },
    {
        "name": "Allow",
        "value": "POST, OPTIONS"
    },
    {
        "name": "X-Frame-Options",
        "value": "SAMEORIGIN"
    },
    {
        "name": "Content-Length",
        "value": "76"
    },
    {
        "name": "Vary",
        "value": "Cookie"
    },
    {
        "name": "Set-Cookie",
        "value": "sessionid=bgd4kmvo5b962qhnt66q0kboh36g2zi0; expires=Fri, 24-Nov-2023 08:10:49 GMT; HttpOnly; Max-Age=1209600; Path=/"
    }
]
responseBody:
{
    "code": 3003,
    "msg": "账号或密码不正确",
    "username": "test2",
    "token": ""
}
cookies: [{'name': 'sessionid', 'value': 'bgd4kmvo5b962qhnt66q0kboh36g2zi0'}]
cost: 3062ms
cookie: <RequestsCookieJar[<Cookie sessionid=bgd4kmvo5b962qhnt66q0kboh36g2zi0 for 124.70.221.221/>]>
2023-11-10 16:10:41 [INFO]: f--------  执行后置条件 ----------
func2
2023-11-10 16:10:41 [INFO]: 断言 -> [{'eq': ['$.msg', 'success']}]
