2023-09-27 11:36:02 [INFO]: 执行文件-> test_login.yaml
2023-09-27 11:36:02 [INFO]: 参数化数据-> [{'username': 'test1', 'password': '123456'}, {'username': 'test2', 'password': 'abdxxx'}]
2023-09-27 11:36:02 [INFO]: 用例步骤：1 -> 登录1
2023-09-27 11:36:02 [INFO]: 当前用例引用参数化数据-> {'request': <FixtureRequest for <Function test_login[test1-123456]>>, 'username': 'test1', 'password': '123456'}
2023-09-27 11:36:02 [INFO]: --------  request info ----------
{
    "url": "http://124.70.221.221:8201/api/v1/login/",
    "method": "POST",
    "headers": {
        "Content-Type": "application/json",
        "User-Agent": "python-requests/2.18.4"
    },
    "hooks": {
        "request_hooks": [
            "func1"
        ],
        "response_hooks": [
            "func2"
        ]
    },
    "json": {
        "username": "test1",
        "password": "123456"
    }
}
2023-09-27 11:36:02 [INFO]: f--------  执行前置条件 ----------
func1
2023-09-27 11:36:02 [INFO]: --------  response info ----------
status: True
msg: success
statusCode: 200
responseHeaders:
[
    {
        "name": "Date",
        "value": "Wed, 27 Sep 2023 03:36:02 GMT"
    },
    {
        "name": "Server",
        "value": "WSGIServer/0.2 CPython/3.6.8"
    },
    {
        "name": "Content-Type",
        "value": "application/json"
    },
    {
        "name": "Allow",
        "value": "POST, OPTIONS"
    },
    {
        "name": "X-Frame-Options",
        "value": "SAMEORIGIN"
    },
    {
        "name": "Content-Length",
        "value": "110"
    },
    {
        "name": "Vary",
        "value": "Cookie"
    },
    {
        "name": "Set-Cookie",
        "value": "sessionid=2t2oz5m13ttvhbiwicsjtu26x0zrd0v7; expires=Wed, 11-Oct-2023 03:36:02 GMT; HttpOnly; Max-Age=1209600; Path=/"
    }
]
responseBody:
{
    "code": 0,
    "msg": "login success!",
    "username": "test1",
    "token": "36aa3384cce86ba63d1099c15e71ed00bc07565a"
}
cookies: [{'name': 'sessionid', 'value': '2t2oz5m13ttvhbiwicsjtu26x0zrd0v7'}]
cost: 2119ms
cookie: <RequestsCookieJar[<Cookie sessionid=2t2oz5m13ttvhbiwicsjtu26x0zrd0v7 for 124.70.221.221/>]>
2023-09-27 11:36:02 [INFO]: f--------  执行后置条件 ----------
func2
2023-09-27 11:36:02 [INFO]: 断言 -> [{'eq': ['$.msg', 'success']}]
2023-09-27 11:36:02 [INFO]: 执行文件-> test_login.yaml
2023-09-27 11:36:02 [INFO]: 参数化数据-> [{'username': 'test1', 'password': '123456'}, {'username': 'test2', 'password': 'abdxxx'}]
2023-09-27 11:36:02 [INFO]: 用例步骤：1 -> 登录1
2023-09-27 11:36:02 [INFO]: 当前用例引用参数化数据-> {'request': <FixtureRequest for <Function test_login[test2-abdxxx]>>, 'username': 'test2', 'password': 'abdxxx'}
2023-09-27 11:36:02 [INFO]: --------  request info ----------
{
    "url": "http://124.70.221.221:8201/api/v1/login/",
    "method": "POST",
    "headers": {
        "Content-Type": "application/json",
        "User-Agent": "python-requests/2.18.4"
    },
    "hooks": {
        "request_hooks": [
            "func1"
        ],
        "response_hooks": [
            "func2"
        ]
    },
    "json": {
        "username": "test2",
        "password": "abdxxx"
    }
}
2023-09-27 11:36:02 [INFO]: f--------  执行前置条件 ----------
func1
2023-09-27 11:36:03 [INFO]: --------  response info ----------
status: True
msg: success
statusCode: 200
responseHeaders:
[
    {
        "name": "Date",
        "value": "Wed, 27 Sep 2023 03:36:03 GMT"
    },
    {
        "name": "Server",
        "value": "WSGIServer/0.2 CPython/3.6.8"
    },
    {
        "name": "Content-Type",
        "value": "application/json"
    },
    {
        "name": "Allow",
        "value": "POST, OPTIONS"
    },
    {
        "name": "X-Frame-Options",
        "value": "SAMEORIGIN"
    },
    {
        "name": "Content-Length",
        "value": "76"
    },
    {
        "name": "Vary",
        "value": "Cookie"
    },
    {
        "name": "Set-Cookie",
        "value": "sessionid=yd7pwzgrdgcuu71whruo8zbce7t600tl; expires=Wed, 11-Oct-2023 03:36:02 GMT; HttpOnly; Max-Age=1209600; Path=/"
    }
]
responseBody:
{
    "code": 3003,
    "msg": "账号或密码不正确",
    "username": "test2",
    "token": ""
}
cookies: [{'name': 'sessionid', 'value': 'yd7pwzgrdgcuu71whruo8zbce7t600tl'}]
cost: 1948ms
cookie: <RequestsCookieJar[<Cookie sessionid=yd7pwzgrdgcuu71whruo8zbce7t600tl for 124.70.221.221/>]>
2023-09-27 11:36:03 [INFO]: f--------  执行后置条件 ----------
func2
2023-09-27 11:36:03 [INFO]: 断言 -> [{'eq': ['$.msg', 'success']}]
