2023-11-10 17:48:39 [INFO]: 执行文件-> testnull.yaml
2023-11-10 17:48:39 [INFO]: 参数化数据-> [{'username': 'test1', 'password': '123456'}, {'username': 'test2', 'password': 'abdxxx'}]
2023-11-10 17:48:39 [INFO]: 用例步骤：1 -> 登录1
2023-11-10 17:48:39 [INFO]: 当前用例引用参数化数据-> {'request': <FixtureRequest for <Function testnull[test1-123456]>>, 'username': 'test1', 'password': '123456'}
2023-11-10 17:48:39 [ERROR]: MYSQL_HOST not found in config.py
2023-11-10 17:48:39 [INFO]: --------  request info ----------
{
    "url": "http://124.70.221.221:8201/api/v1/login/",
    "method": "POST",
    "headers": {
        "Content-Type": "application/json",
        "User-Agent": "python-requests/2.18.4"
    },
    "hooks": {
        "request_hooks": [
            "func1"
        ],
        "response_hooks": [
            "func2"
        ]
    },
    "json": {
        "username": "test1",
        "password": "123456",
        "code": "1715681",
        "sql": ""
    }
}
2023-11-10 17:48:39 [INFO]: f--------  执行前置条件 ----------
func1
2023-11-10 17:48:39 [INFO]: --------  response info ----------
status: True
msg: success
statusCode: 200
responseHeaders:
[
    {
        "name": "Date",
        "value": "Fri, 10 Nov 2023 09:48:48 GMT"
    },
    {
        "name": "Server",
        "value": "WSGIServer/0.2 CPython/3.6.8"
    },
    {
        "name": "Content-Type",
        "value": "application/json"
    },
    {
        "name": "Allow",
        "value": "POST, OPTIONS"
    },
    {
        "name": "X-Frame-Options",
        "value": "SAMEORIGIN"
    },
    {
        "name": "Content-Length",
        "value": "110"
    },
    {
        "name": "Vary",
        "value": "Cookie"
    },
    {
        "name": "Set-Cookie",
        "value": "sessionid=s20p9cvpvnzrufj1fmfo76jq4wnqetic; expires=Fri, 24-Nov-2023 09:48:48 GMT; HttpOnly; Max-Age=1209600; Path=/"
    }
]
responseBody:
{
    "code": 0,
    "msg": "login success!",
    "username": "test1",
    "token": "a3fd5e4a676da86b5f54cec238a5b2313f153af5"
}
cookies: [{'name': 'sessionid', 'value': 's20p9cvpvnzrufj1fmfo76jq4wnqetic'}]
cost: 2243ms
cookie: <RequestsCookieJar[<Cookie sessionid=s20p9cvpvnzrufj1fmfo76jq4wnqetic for 124.70.221.221/>]>
2023-11-10 17:48:39 [INFO]: f--------  执行后置条件 ----------
func2
2023-11-10 17:48:39 [INFO]: 断言 -> [{'eq': ['$.msg', 'success']}]
2023-11-10 17:48:39 [INFO]: 执行文件-> testnull.yaml
2023-11-10 17:48:39 [INFO]: 参数化数据-> [{'username': 'test1', 'password': '123456'}, {'username': 'test2', 'password': 'abdxxx'}]
2023-11-10 17:48:39 [INFO]: 用例步骤：1 -> 登录1
2023-11-10 17:48:39 [INFO]: 当前用例引用参数化数据-> {'request': <FixtureRequest for <Function testnull[test2-abdxxx]>>, 'username': 'test2', 'password': 'abdxxx'}
2023-11-10 17:48:39 [ERROR]: MYSQL_HOST not found in config.py
2023-11-10 17:48:39 [INFO]: --------  request info ----------
{
    "url": "http://124.70.221.221:8201/api/v1/login/",
    "method": "POST",
    "headers": {
        "Content-Type": "application/json",
        "User-Agent": "python-requests/2.18.4"
    },
    "hooks": {
        "request_hooks": [
            "func1"
        ],
        "response_hooks": [
            "func2"
        ]
    },
    "json": {
        "username": "test2",
        "password": "abdxxx",
        "code": "1368765",
        "sql": ""
    }
}
2023-11-10 17:48:39 [INFO]: f--------  执行前置条件 ----------
func1
2023-11-10 17:48:39 [INFO]: --------  response info ----------
status: True
msg: success
statusCode: 200
responseHeaders:
[
    {
        "name": "Date",
        "value": "Fri, 10 Nov 2023 09:48:48 GMT"
    },
    {
        "name": "Server",
        "value": "WSGIServer/0.2 CPython/3.6.8"
    },
    {
        "name": "Content-Type",
        "value": "application/json"
    },
    {
        "name": "Allow",
        "value": "POST, OPTIONS"
    },
    {
        "name": "X-Frame-Options",
        "value": "SAMEORIGIN"
    },
    {
        "name": "Content-Length",
        "value": "76"
    },
    {
        "name": "Vary",
        "value": "Cookie"
    },
    {
        "name": "Set-Cookie",
        "value": "sessionid=9ajirqcwbtkmi95od1yvlb25jvovtsog; expires=Fri, 24-Nov-2023 09:48:48 GMT; HttpOnly; Max-Age=1209600; Path=/"
    }
]
responseBody:
{
    "code": 3003,
    "msg": "账号或密码不正确",
    "username": "test2",
    "token": ""
}
cookies: [{'name': 'sessionid', 'value': '9ajirqcwbtkmi95od1yvlb25jvovtsog'}]
cost: 1956ms
cookie: <RequestsCookieJar[<Cookie sessionid=9ajirqcwbtkmi95od1yvlb25jvovtsog for 124.70.221.221/>]>
2023-11-10 17:48:39 [INFO]: f--------  执行后置条件 ----------
func2
2023-11-10 17:48:39 [INFO]: 断言 -> [{'eq': ['$.msg', 'success']}]
2023-11-10 17:48:39 [INFO]: 执行文件-> testnull.yaml
2023-11-10 17:48:39 [INFO]: 参数化数据-> [{'username': 'test1', 'password': '123456'}, {'username': 'test2', 'password': 'abdxxx'}]
2023-11-10 17:48:39 [INFO]: 用例步骤：1 -> 登录1
2023-11-10 17:48:39 [INFO]: 当前用例引用参数化数据-> {'request': <FixtureRequest for <Function testnull[test1-123456]>>, 'username': 'test1', 'password': '123456'}
2023-11-10 17:48:39 [ERROR]: MYSQL_HOST not found in config.py
2023-11-10 17:48:39 [INFO]: --------  request info ----------
{
    "url": "http://124.70.221.221:8201/api/v1/login/",
    "method": "POST",
    "headers": {
        "Content-Type": "application/json",
        "User-Agent": "python-requests/2.18.4"
    },
    "hooks": {
        "request_hooks": [
            "func1"
        ],
        "response_hooks": [
            "func2"
        ]
    },
    "json": {
        "username": "test1",
        "password": "123456",
        "code": "1330976",
        "sql": ""
    }
}
2023-11-10 17:48:39 [INFO]: f--------  执行前置条件 ----------
func1
2023-11-10 17:48:39 [INFO]: --------  response info ----------
status: True
msg: success
statusCode: 200
responseHeaders:
[
    {
        "name": "Date",
        "value": "Fri, 10 Nov 2023 09:48:48 GMT"
    },
    {
        "name": "Server",
        "value": "WSGIServer/0.2 CPython/3.6.8"
    },
    {
        "name": "Content-Type",
        "value": "application/json"
    },
    {
        "name": "Allow",
        "value": "POST, OPTIONS"
    },
    {
        "name": "X-Frame-Options",
        "value": "SAMEORIGIN"
    },
    {
        "name": "Content-Length",
        "value": "110"
    },
    {
        "name": "Vary",
        "value": "Cookie"
    },
    {
        "name": "Set-Cookie",
        "value": "sessionid=o1weke4hr1oivtihbqxgnr3kqcqkmmc0; expires=Fri, 24-Nov-2023 09:48:48 GMT; HttpOnly; Max-Age=1209600; Path=/"
    }
]
responseBody:
{
    "code": 0,
    "msg": "login success!",
    "username": "test1",
    "token": "dbb4e2d5e636977773d4251a4aa2133a3e77a7f0"
}
cookies: [{'name': 'sessionid', 'value': 'o1weke4hr1oivtihbqxgnr3kqcqkmmc0'}]
cost: 2164ms
cookie: <RequestsCookieJar[<Cookie sessionid=o1weke4hr1oivtihbqxgnr3kqcqkmmc0 for 124.70.221.221/>]>
2023-11-10 17:48:39 [INFO]: f--------  执行后置条件 ----------
func2
2023-11-10 17:48:39 [INFO]: 断言 -> [{'eq': ['$.msg', 'success']}]
2023-11-10 17:48:39 [INFO]: 执行文件-> testnull.yaml
2023-11-10 17:48:39 [INFO]: 参数化数据-> [{'username': 'test1', 'password': '123456'}, {'username': 'test2', 'password': 'abdxxx'}]
2023-11-10 17:48:39 [INFO]: 用例步骤：1 -> 登录1
2023-11-10 17:48:39 [INFO]: 当前用例引用参数化数据-> {'request': <FixtureRequest for <Function testnull[test2-abdxxx]>>, 'username': 'test2', 'password': 'abdxxx'}
2023-11-10 17:48:39 [ERROR]: MYSQL_HOST not found in config.py
2023-11-10 17:48:39 [INFO]: --------  request info ----------
{
    "url": "http://124.70.221.221:8201/api/v1/login/",
    "method": "POST",
    "headers": {
        "Content-Type": "application/json",
        "User-Agent": "python-requests/2.18.4"
    },
    "hooks": {
        "request_hooks": [
            "func1"
        ],
        "response_hooks": [
            "func2"
        ]
    },
    "json": {
        "username": "test2",
        "password": "abdxxx",
        "code": "1769449",
        "sql": ""
    }
}
2023-11-10 17:48:39 [INFO]: f--------  执行前置条件 ----------
func1
2023-11-10 17:48:40 [INFO]: --------  response info ----------
status: True
msg: success
statusCode: 200
responseHeaders:
[
    {
        "name": "Date",
        "value": "Fri, 10 Nov 2023 09:48:48 GMT"
    },
    {
        "name": "Server",
        "value": "WSGIServer/0.2 CPython/3.6.8"
    },
    {
        "name": "Content-Type",
        "value": "application/json"
    },
    {
        "name": "Allow",
        "value": "POST, OPTIONS"
    },
    {
        "name": "X-Frame-Options",
        "value": "SAMEORIGIN"
    },
    {
        "name": "Content-Length",
        "value": "76"
    },
    {
        "name": "Vary",
        "value": "Cookie"
    },
    {
        "name": "Set-Cookie",
        "value": "sessionid=p3iv0l76qbly1t078gcksktpsx1zbb6c; expires=Fri, 24-Nov-2023 09:48:48 GMT; HttpOnly; Max-Age=1209600; Path=/"
    }
]
responseBody:
{
    "code": 3003,
    "msg": "账号或密码不正确",
    "username": "test2",
    "token": ""
}
cookies: [{'name': 'sessionid', 'value': 'p3iv0l76qbly1t078gcksktpsx1zbb6c'}]
cost: 2031ms
cookie: <RequestsCookieJar[<Cookie sessionid=p3iv0l76qbly1t078gcksktpsx1zbb6c for 124.70.221.221/>]>
2023-11-10 17:48:40 [INFO]: f--------  执行后置条件 ----------
func2
2023-11-10 17:48:40 [INFO]: 断言 -> [{'eq': ['$.msg', 'success']}]
2023-11-10 17:48:40 [INFO]: 执行文件-> testnull.yaml
2023-11-10 17:48:40 [INFO]: 参数化数据-> [{'username': 'test1', 'password': '123456'}, {'username': 'test2', 'password': 'abdxxx'}]
2023-11-10 17:48:40 [INFO]: 用例步骤：1 -> 登录1
2023-11-10 17:48:40 [INFO]: 当前用例引用参数化数据-> {'request': <FixtureRequest for <Function testnull[test1-123456]>>, 'username': 'test1', 'password': '123456'}
2023-11-10 17:48:40 [ERROR]: MYSQL_HOST not found in config.py
2023-11-10 17:48:40 [INFO]: --------  request info ----------
{
    "url": "http://124.70.221.221:8201/api/v1/login/",
    "method": "POST",
    "headers": {
        "Content-Type": "application/json",
        "User-Agent": "python-requests/2.18.4"
    },
    "hooks": {
        "request_hooks": [
            "func1"
        ],
        "response_hooks": [
            "func2"
        ]
    },
    "json": {
        "username": "test1",
        "password": "123456",
        "code": "1109017",
        "sql": ""
    }
}
2023-11-10 17:48:40 [INFO]: f--------  执行前置条件 ----------
func1
2023-11-10 17:48:40 [INFO]: --------  response info ----------
status: True
msg: success
statusCode: 200
responseHeaders:
[
    {
        "name": "Date",
        "value": "Fri, 10 Nov 2023 09:48:49 GMT"
    },
    {
        "name": "Server",
        "value": "WSGIServer/0.2 CPython/3.6.8"
    },
    {
        "name": "Content-Type",
        "value": "application/json"
    },
    {
        "name": "Allow",
        "value": "POST, OPTIONS"
    },
    {
        "name": "X-Frame-Options",
        "value": "SAMEORIGIN"
    },
    {
        "name": "Content-Length",
        "value": "110"
    },
    {
        "name": "Vary",
        "value": "Cookie"
    },
    {
        "name": "Set-Cookie",
        "value": "sessionid=v9e2gbn72zhc8xpb0s19xzx8q2vymlop; expires=Fri, 24-Nov-2023 09:48:49 GMT; HttpOnly; Max-Age=1209600; Path=/"
    }
]
responseBody:
{
    "code": 0,
    "msg": "login success!",
    "username": "test1",
    "token": "ee539a1ac38010d1cd867b14ef138969b14d334a"
}
cookies: [{'name': 'sessionid', 'value': 'v9e2gbn72zhc8xpb0s19xzx8q2vymlop'}]
cost: 2364ms
cookie: <RequestsCookieJar[<Cookie sessionid=v9e2gbn72zhc8xpb0s19xzx8q2vymlop for 124.70.221.221/>]>
2023-11-10 17:48:40 [INFO]: f--------  执行后置条件 ----------
func2
2023-11-10 17:48:40 [INFO]: 断言 -> [{'eq': ['$.msg', 'success']}]
2023-11-10 17:48:40 [INFO]: 执行文件-> testnull.yaml
2023-11-10 17:48:40 [INFO]: 参数化数据-> [{'username': 'test1', 'password': '123456'}, {'username': 'test2', 'password': 'abdxxx'}]
2023-11-10 17:48:40 [INFO]: 用例步骤：1 -> 登录1
2023-11-10 17:48:40 [INFO]: 当前用例引用参数化数据-> {'request': <FixtureRequest for <Function testnull[test2-abdxxx]>>, 'username': 'test2', 'password': 'abdxxx'}
2023-11-10 17:48:40 [ERROR]: MYSQL_HOST not found in config.py
2023-11-10 17:48:40 [INFO]: --------  request info ----------
{
    "url": "http://124.70.221.221:8201/api/v1/login/",
    "method": "POST",
    "headers": {
        "Content-Type": "application/json",
        "User-Agent": "python-requests/2.18.4"
    },
    "hooks": {
        "request_hooks": [
            "func1"
        ],
        "response_hooks": [
            "func2"
        ]
    },
    "json": {
        "username": "test2",
        "password": "abdxxx",
        "code": "1902288",
        "sql": ""
    }
}
2023-11-10 17:48:40 [INFO]: f--------  执行前置条件 ----------
func1
2023-11-10 17:48:40 [INFO]: --------  response info ----------
status: True
msg: success
statusCode: 200
responseHeaders:
[
    {
        "name": "Date",
        "value": "Fri, 10 Nov 2023 09:48:49 GMT"
    },
    {
        "name": "Server",
        "value": "WSGIServer/0.2 CPython/3.6.8"
    },
    {
        "name": "Content-Type",
        "value": "application/json"
    },
    {
        "name": "Allow",
        "value": "POST, OPTIONS"
    },
    {
        "name": "X-Frame-Options",
        "value": "SAMEORIGIN"
    },
    {
        "name": "Content-Length",
        "value": "76"
    },
    {
        "name": "Vary",
        "value": "Cookie"
    },
    {
        "name": "Set-Cookie",
        "value": "sessionid=iqluem6mahiasa767db1fo4hadra8jdg; expires=Fri, 24-Nov-2023 09:48:49 GMT; HttpOnly; Max-Age=1209600; Path=/"
    }
]
responseBody:
{
    "code": 3003,
    "msg": "账号或密码不正确",
    "username": "test2",
    "token": ""
}
cookies: [{'name': 'sessionid', 'value': 'iqluem6mahiasa767db1fo4hadra8jdg'}]
cost: 2259ms
cookie: <RequestsCookieJar[<Cookie sessionid=iqluem6mahiasa767db1fo4hadra8jdg for 124.70.221.221/>]>
2023-11-10 17:48:40 [INFO]: f--------  执行后置条件 ----------
func2
2023-11-10 17:48:40 [INFO]: 断言 -> [{'eq': ['$.msg', 'success']}]
2023-11-10 17:48:40 [INFO]: 执行文件-> testnull.yaml
2023-11-10 17:48:40 [INFO]: 参数化数据-> [{'username': 'test1', 'password': '123456'}, {'username': 'test2', 'password': 'abdxxx'}]
2023-11-10 17:48:40 [INFO]: 用例步骤：1 -> 登录1
2023-11-10 17:48:40 [INFO]: 当前用例引用参数化数据-> {'request': <FixtureRequest for <Function testnull[test1-123456]>>, 'username': 'test1', 'password': '123456'}
2023-11-10 17:48:40 [ERROR]: MYSQL_HOST not found in config.py
2023-11-10 17:48:40 [INFO]: --------  request info ----------
{
    "url": "http://124.70.221.221:8201/api/v1/login/",
    "method": "POST",
    "headers": {
        "Content-Type": "application/json",
        "User-Agent": "python-requests/2.18.4"
    },
    "hooks": {
        "request_hooks": [
            "func1"
        ],
        "response_hooks": [
            "func2"
        ]
    },
    "json": {
        "username": "test1",
        "password": "123456",
        "code": "1746228",
        "sql": ""
    }
}
2023-11-10 17:48:40 [INFO]: f--------  执行前置条件 ----------
func1
2023-11-10 17:48:40 [INFO]: --------  response info ----------
status: True
msg: success
statusCode: 200
responseHeaders:
[
    {
        "name": "Date",
        "value": "Fri, 10 Nov 2023 09:48:49 GMT"
    },
    {
        "name": "Server",
        "value": "WSGIServer/0.2 CPython/3.6.8"
    },
    {
        "name": "Content-Type",
        "value": "application/json"
    },
    {
        "name": "Allow",
        "value": "POST, OPTIONS"
    },
    {
        "name": "X-Frame-Options",
        "value": "SAMEORIGIN"
    },
    {
        "name": "Content-Length",
        "value": "110"
    },
    {
        "name": "Vary",
        "value": "Cookie"
    },
    {
        "name": "Set-Cookie",
        "value": "sessionid=ol99w36xapvdos28y0obdgmha8oqdb7q; expires=Fri, 24-Nov-2023 09:48:49 GMT; HttpOnly; Max-Age=1209600; Path=/"
    }
]
responseBody:
{
    "code": 0,
    "msg": "login success!",
    "username": "test1",
    "token": "0b0efffc7120a82f50722979da581d26a2a554be"
}
cookies: [{'name': 'sessionid', 'value': 'ol99w36xapvdos28y0obdgmha8oqdb7q'}]
cost: 2288ms
cookie: <RequestsCookieJar[<Cookie sessionid=ol99w36xapvdos28y0obdgmha8oqdb7q for 124.70.221.221/>]>
2023-11-10 17:48:40 [INFO]: f--------  执行后置条件 ----------
func2
2023-11-10 17:48:40 [INFO]: 断言 -> [{'eq': ['$.msg', 'success']}]
2023-11-10 17:48:40 [INFO]: 执行文件-> testnull.yaml
2023-11-10 17:48:40 [INFO]: 参数化数据-> [{'username': 'test1', 'password': '123456'}, {'username': 'test2', 'password': 'abdxxx'}]
2023-11-10 17:48:40 [INFO]: 用例步骤：1 -> 登录1
2023-11-10 17:48:40 [INFO]: 当前用例引用参数化数据-> {'request': <FixtureRequest for <Function testnull[test2-abdxxx]>>, 'username': 'test2', 'password': 'abdxxx'}
2023-11-10 17:48:40 [ERROR]: MYSQL_HOST not found in config.py
2023-11-10 17:48:40 [INFO]: --------  request info ----------
{
    "url": "http://124.70.221.221:8201/api/v1/login/",
    "method": "POST",
    "headers": {
        "Content-Type": "application/json",
        "User-Agent": "python-requests/2.18.4"
    },
    "hooks": {
        "request_hooks": [
            "func1"
        ],
        "response_hooks": [
            "func2"
        ]
    },
    "json": {
        "username": "test2",
        "password": "abdxxx",
        "code": "1984844",
        "sql": ""
    }
}
2023-11-10 17:48:40 [INFO]: f--------  执行前置条件 ----------
func1
2023-11-10 17:48:40 [INFO]: --------  response info ----------
status: True
msg: success
statusCode: 200
responseHeaders:
[
    {
        "name": "Date",
        "value": "Fri, 10 Nov 2023 09:48:49 GMT"
    },
    {
        "name": "Server",
        "value": "WSGIServer/0.2 CPython/3.6.8"
    },
    {
        "name": "Content-Type",
        "value": "application/json"
    },
    {
        "name": "Allow",
        "value": "POST, OPTIONS"
    },
    {
        "name": "X-Frame-Options",
        "value": "SAMEORIGIN"
    },
    {
        "name": "Content-Length",
        "value": "76"
    },
    {
        "name": "Vary",
        "value": "Cookie"
    },
    {
        "name": "Set-Cookie",
        "value": "sessionid=5ss5bwyzlqyw0889lx15ugw5otfdy66a; expires=Fri, 24-Nov-2023 09:48:49 GMT; HttpOnly; Max-Age=1209600; Path=/"
    }
]
responseBody:
{
    "code": 3003,
    "msg": "账号或密码不正确",
    "username": "test2",
    "token": ""
}
cookies: [{'name': 'sessionid', 'value': '5ss5bwyzlqyw0889lx15ugw5otfdy66a'}]
cost: 2142ms
cookie: <RequestsCookieJar[<Cookie sessionid=5ss5bwyzlqyw0889lx15ugw5otfdy66a for 124.70.221.221/>]>
2023-11-10 17:48:40 [INFO]: f--------  执行后置条件 ----------
func2
2023-11-10 17:48:40 [INFO]: 断言 -> [{'eq': ['$.msg', 'success']}]
2023-11-10 17:48:40 [INFO]: 执行文件-> testnull.yaml
2023-11-10 17:48:40 [INFO]: 参数化数据-> [{'username': 'test1', 'password': '123456'}, {'username': 'test2', 'password': 'abdxxx'}]
2023-11-10 17:48:40 [INFO]: 用例步骤：1 -> 登录1
2023-11-10 17:48:40 [INFO]: 当前用例引用参数化数据-> {'request': <FixtureRequest for <Function testnull[test1-123456]>>, 'username': 'test1', 'password': '123456'}
2023-11-10 17:48:40 [ERROR]: MYSQL_HOST not found in config.py
2023-11-10 17:48:40 [INFO]: --------  request info ----------
{
    "url": "http://124.70.221.221:8201/api/v1/login/",
    "method": "POST",
    "headers": {
        "Content-Type": "application/json",
        "User-Agent": "python-requests/2.18.4"
    },
    "hooks": {
        "request_hooks": [
            "func1"
        ],
        "response_hooks": [
            "func2"
        ]
    },
    "json": {
        "username": "test1",
        "password": "123456",
        "code": "1444724",
        "sql": ""
    }
}
2023-11-10 17:48:40 [INFO]: f--------  执行前置条件 ----------
func1
2023-11-10 17:48:41 [INFO]: --------  response info ----------
status: True
msg: success
statusCode: 200
responseHeaders:
[
    {
        "name": "Date",
        "value": "Fri, 10 Nov 2023 09:48:50 GMT"
    },
    {
        "name": "Server",
        "value": "WSGIServer/0.2 CPython/3.6.8"
    },
    {
        "name": "Content-Type",
        "value": "application/json"
    },
    {
        "name": "Allow",
        "value": "POST, OPTIONS"
    },
    {
        "name": "X-Frame-Options",
        "value": "SAMEORIGIN"
    },
    {
        "name": "Content-Length",
        "value": "110"
    },
    {
        "name": "Vary",
        "value": "Cookie"
    },
    {
        "name": "Set-Cookie",
        "value": "sessionid=nx1ol7mghh8v1nwp3lahg083k5e0n72v; expires=Fri, 24-Nov-2023 09:48:49 GMT; HttpOnly; Max-Age=1209600; Path=/"
    }
]
responseBody:
{
    "code": 0,
    "msg": "login success!",
    "username": "test1",
    "token": "4c2a90ac3e36c9b5f1941ffaaf73968c2404306c"
}
cookies: [{'name': 'sessionid', 'value': 'nx1ol7mghh8v1nwp3lahg083k5e0n72v'}]
cost: 2127ms
cookie: <RequestsCookieJar[<Cookie sessionid=nx1ol7mghh8v1nwp3lahg083k5e0n72v for 124.70.221.221/>]>
2023-11-10 17:48:41 [INFO]: f--------  执行后置条件 ----------
func2
2023-11-10 17:48:41 [INFO]: 断言 -> [{'eq': ['$.msg', 'success']}]
2023-11-10 17:48:41 [INFO]: 执行文件-> testnull.yaml
2023-11-10 17:48:41 [INFO]: 参数化数据-> [{'username': 'test1', 'password': '123456'}, {'username': 'test2', 'password': 'abdxxx'}]
2023-11-10 17:48:41 [INFO]: 用例步骤：1 -> 登录1
2023-11-10 17:48:41 [INFO]: 当前用例引用参数化数据-> {'request': <FixtureRequest for <Function testnull[test2-abdxxx]>>, 'username': 'test2', 'password': 'abdxxx'}
2023-11-10 17:48:41 [ERROR]: MYSQL_HOST not found in config.py
2023-11-10 17:48:41 [INFO]: --------  request info ----------
{
    "url": "http://124.70.221.221:8201/api/v1/login/",
    "method": "POST",
    "headers": {
        "Content-Type": "application/json",
        "User-Agent": "python-requests/2.18.4"
    },
    "hooks": {
        "request_hooks": [
            "func1"
        ],
        "response_hooks": [
            "func2"
        ]
    },
    "json": {
        "username": "test2",
        "password": "abdxxx",
        "code": "1284669",
        "sql": ""
    }
}
2023-11-10 17:48:41 [INFO]: f--------  执行前置条件 ----------
func1
2023-11-10 17:48:41 [INFO]: --------  response info ----------
status: True
msg: success
statusCode: 200
responseHeaders:
[
    {
        "name": "Date",
        "value": "Fri, 10 Nov 2023 09:48:50 GMT"
    },
    {
        "name": "Server",
        "value": "WSGIServer/0.2 CPython/3.6.8"
    },
    {
        "name": "Content-Type",
        "value": "application/json"
    },
    {
        "name": "Allow",
        "value": "POST, OPTIONS"
    },
    {
        "name": "X-Frame-Options",
        "value": "SAMEORIGIN"
    },
    {
        "name": "Content-Length",
        "value": "76"
    },
    {
        "name": "Vary",
        "value": "Cookie"
    },
    {
        "name": "Set-Cookie",
        "value": "sessionid=uc7vjdivjsjey192eh86n7bcpmk9fexw; expires=Fri, 24-Nov-2023 09:48:50 GMT; HttpOnly; Max-Age=1209600; Path=/"
    }
]
responseBody:
{
    "code": 3003,
    "msg": "账号或密码不正确",
    "username": "test2",
    "token": ""
}
cookies: [{'name': 'sessionid', 'value': 'uc7vjdivjsjey192eh86n7bcpmk9fexw'}]
cost: 2273ms
cookie: <RequestsCookieJar[<Cookie sessionid=uc7vjdivjsjey192eh86n7bcpmk9fexw for 124.70.221.221/>]>
2023-11-10 17:48:41 [INFO]: f--------  执行后置条件 ----------
func2
2023-11-10 17:48:41 [INFO]: 断言 -> [{'eq': ['$.msg', 'success']}]
2023-11-10 17:48:41 [INFO]: 执行文件-> testnull.yaml
2023-11-10 17:48:41 [INFO]: 参数化数据-> [{'username': 'test1', 'password': '123456'}, {'username': 'test2', 'password': 'abdxxx'}]
2023-11-10 17:48:41 [INFO]: 用例步骤：1 -> 登录1
2023-11-10 17:48:41 [INFO]: 当前用例引用参数化数据-> {'request': <FixtureRequest for <Function testnull[test1-123456]>>, 'username': 'test1', 'password': '123456'}
2023-11-10 17:48:41 [ERROR]: MYSQL_HOST not found in config.py
2023-11-10 17:48:41 [INFO]: --------  request info ----------
{
    "url": "http://124.70.221.221:8201/api/v1/login/",
    "method": "POST",
    "headers": {
        "Content-Type": "application/json",
        "User-Agent": "python-requests/2.18.4"
    },
    "hooks": {
        "request_hooks": [
            "func1"
        ],
        "response_hooks": [
            "func2"
        ]
    },
    "json": {
        "username": "test1",
        "password": "123456",
        "code": "1174892",
        "sql": ""
    }
}
2023-11-10 17:48:41 [INFO]: f--------  执行前置条件 ----------
func1
2023-11-10 17:48:41 [INFO]: --------  response info ----------
status: True
msg: success
statusCode: 200
responseHeaders:
[
    {
        "name": "Date",
        "value": "Fri, 10 Nov 2023 09:48:50 GMT"
    },
    {
        "name": "Server",
        "value": "WSGIServer/0.2 CPython/3.6.8"
    },
    {
        "name": "Content-Type",
        "value": "application/json"
    },
    {
        "name": "Allow",
        "value": "POST, OPTIONS"
    },
    {
        "name": "X-Frame-Options",
        "value": "SAMEORIGIN"
    },
    {
        "name": "Content-Length",
        "value": "110"
    },
    {
        "name": "Vary",
        "value": "Cookie"
    },
    {
        "name": "Set-Cookie",
        "value": "sessionid=nywk3lhy0rxlqmhk4sb1k5yrm6mq70ub; expires=Fri, 24-Nov-2023 09:48:50 GMT; HttpOnly; Max-Age=1209600; Path=/"
    }
]
responseBody:
{
    "code": 0,
    "msg": "login success!",
    "username": "test1",
    "token": "6aa7237067ddd11a87fd0cdb1388b70b6d7ca701"
}
cookies: [{'name': 'sessionid', 'value': 'nywk3lhy0rxlqmhk4sb1k5yrm6mq70ub'}]
cost: 2182ms
cookie: <RequestsCookieJar[<Cookie sessionid=nywk3lhy0rxlqmhk4sb1k5yrm6mq70ub for 124.70.221.221/>]>
2023-11-10 17:48:41 [INFO]: f--------  执行后置条件 ----------
func2
2023-11-10 17:48:41 [INFO]: 断言 -> [{'eq': ['$.msg', 'success']}]
2023-11-10 17:48:41 [INFO]: 执行文件-> testnull.yaml
