2023-09-27 11:42:06 [INFO]: 执行文件-> test_login.yaml
2023-09-27 11:42:06 [INFO]: 参数化数据-> []
2023-09-27 11:42:06 [INFO]: 用例步骤：1 -> 登录2
2023-09-27 11:42:06 [INFO]: 当前用例引用参数化数据-> {'request': <FixtureRequest for <Function test_login>>}
2023-09-27 11:42:06 [INFO]: --------  request info ----------
{
    "url": "http://124.70.221.221:8201/api/v1/login/",
    "method": "POST",
    "headers": {
        "Content-Type": "application/json",
        "User-Agent": "python-requests/2.18.4"
    },
    "json": {
        "username": "test",
        "password": "123456"
    }
}
2023-09-27 11:42:06 [INFO]: f--------  执行前置条件 ----------

2023-09-27 11:42:06 [INFO]: --------  response info ----------
status: True
msg: success
statusCode: 200
responseHeaders:
[
    {
        "name": "Date",
        "value": "Wed, 27 Sep 2023 03:42:06 GMT"
    },
    {
        "name": "Server",
        "value": "WSGIServer/0.2 CPython/3.6.8"
    },
    {
        "name": "Content-Type",
        "value": "application/json"
    },
    {
        "name": "Allow",
        "value": "POST, OPTIONS"
    },
    {
        "name": "X-Frame-Options",
        "value": "SAMEORIGIN"
    },
    {
        "name": "Content-Length",
        "value": "109"
    },
    {
        "name": "Vary",
        "value": "Cookie"
    },
    {
        "name": "Set-Cookie",
        "value": "sessionid=inl70qp3vhfpwy1654e558br9fdto1uj; expires=Wed, 11-Oct-2023 03:42:06 GMT; HttpOnly; Max-Age=1209600; Path=/"
    }
]
responseBody:
{
    "code": 0,
    "msg": "login success!",
    "username": "test",
    "token": "3290fb8d80544c69ca38a68c9789a6e9faad2351"
}
cookies: [{'name': 'sessionid', 'value': 'inl70qp3vhfpwy1654e558br9fdto1uj'}]
cost: 2220ms
cookie: <RequestsCookieJar[<Cookie sessionid=inl70qp3vhfpwy1654e558br9fdto1uj for 124.70.221.221/>]>
