2023-09-27 11:35:23 [INFO]: 执行文件-> test_login.yaml
2023-09-27 11:35:23 [INFO]: 参数化数据-> [{'username': 'test1', 'password': '123456'}, {'username': 'test2', 'password': 'abdxxx'}]
2023-09-27 11:35:23 [INFO]: 用例步骤：1 -> 登录1
2023-09-27 11:35:23 [INFO]: 当前用例引用参数化数据-> {'request': <FixtureRequest for <Function test_login[test1-123456]>>, 'username': 'test1', 'password': '123456'}
2023-09-27 11:35:23 [INFO]: --------  request info ----------
{
    "url": "http://124.70.221.221:8201/api/v1/login/",
    "method": "POST",
    "headers": {
        "Content-Type": "application/json",
        "User-Agent": "python-requests/2.18.4"
    },
    "hooks": {
        "request_hooks": [
            "func1"
        ],
        "response_hooks": [
            "func2"
        ]
    },
    "json": {
        "username": "test1",
        "password": "123456"
    }
}
2023-09-27 11:35:23 [INFO]: f--------  执行前置条件 ----------
func1
2023-09-27 11:35:23 [INFO]: --------  response info ----------
status: True
msg: success
statusCode: 200
responseHeaders:
[
    {
        "name": "Date",
        "value": "Wed, 27 Sep 2023 03:35:23 GMT"
    },
    {
        "name": "Server",
        "value": "WSGIServer/0.2 CPython/3.6.8"
    },
    {
        "name": "Content-Type",
        "value": "application/json"
    },
    {
        "name": "Allow",
        "value": "POST, OPTIONS"
    },
    {
        "name": "X-Frame-Options",
        "value": "SAMEORIGIN"
    },
    {
        "name": "Content-Length",
        "value": "110"
    },
    {
        "name": "Vary",
        "value": "Cookie"
    },
    {
        "name": "Set-Cookie",
        "value": "sessionid=typklo0pwwnkucl1shtxe21ozo741zvi; expires=Wed, 11-Oct-2023 03:35:23 GMT; HttpOnly; Max-Age=1209600; Path=/"
    }
]
responseBody:
{
    "code": 0,
    "msg": "login success!",
    "username": "test1",
    "token": "17cd3fb285f99f42d919adad11a685a9a72e6687"
}
cookies: [{'name': 'sessionid', 'value': 'typklo0pwwnkucl1shtxe21ozo741zvi'}]
cost: 2170ms
cookie: <RequestsCookieJar[<Cookie sessionid=typklo0pwwnkucl1shtxe21ozo741zvi for 124.70.221.221/>]>
2023-09-27 11:35:23 [INFO]: f--------  执行后置条件 ----------
func2
2023-09-27 11:35:23 [INFO]: 执行文件-> test_login.yaml
2023-09-27 11:35:23 [INFO]: 参数化数据-> [{'username': 'test1', 'password': '123456'}, {'username': 'test2', 'password': 'abdxxx'}]
2023-09-27 11:35:23 [INFO]: 用例步骤：1 -> 登录1
2023-09-27 11:35:23 [INFO]: 当前用例引用参数化数据-> {'request': <FixtureRequest for <Function test_login[test2-abdxxx]>>, 'username': 'test2', 'password': 'abdxxx'}
2023-09-27 11:35:23 [INFO]: --------  request info ----------
{
    "url": "http://124.70.221.221:8201/api/v1/login/",
    "method": "POST",
    "headers": {
        "Content-Type": "application/json",
        "User-Agent": "python-requests/2.18.4"
    },
    "hooks": {
        "request_hooks": [
            "func1"
        ],
        "response_hooks": [
            "func2"
        ]
    },
    "json": {
        "username": "test2",
        "password": "abdxxx"
    }
}
2023-09-27 11:35:23 [INFO]: f--------  执行前置条件 ----------
func1
2023-09-27 11:35:23 [INFO]: --------  response info ----------
status: True
msg: success
statusCode: 200
responseHeaders:
[
    {
        "name": "Date",
        "value": "Wed, 27 Sep 2023 03:35:23 GMT"
    },
    {
        "name": "Server",
        "value": "WSGIServer/0.2 CPython/3.6.8"
    },
    {
        "name": "Content-Type",
        "value": "application/json"
    },
    {
        "name": "Allow",
        "value": "POST, OPTIONS"
    },
    {
        "name": "X-Frame-Options",
        "value": "SAMEORIGIN"
    },
    {
        "name": "Content-Length",
        "value": "76"
    },
    {
        "name": "Vary",
        "value": "Cookie"
    },
    {
        "name": "Set-Cookie",
        "value": "sessionid=3hcabj4n2edchwt7qkse6k7pimagjxur; expires=Wed, 11-Oct-2023 03:35:23 GMT; HttpOnly; Max-Age=1209600; Path=/"
    }
]
responseBody:
{
    "code": 3003,
    "msg": "账号或密码不正确",
    "username": "test2",
    "token": ""
}
cookies: [{'name': 'sessionid', 'value': '3hcabj4n2edchwt7qkse6k7pimagjxur'}]
cost: 1934ms
cookie: <RequestsCookieJar[<Cookie sessionid=3hcabj4n2edchwt7qkse6k7pimagjxur for 124.70.221.221/>]>
2023-09-27 11:35:23 [INFO]: f--------  执行后置条件 ----------
func2
