2024-01-31 14:26:11 [django-main-thread]-[runserver.inner_run:140]-[INFO]:ðŸ”–Performing system checks...


2024-01-31 14:26:11 [MainThread]-[base.start:181]-[INFO]:Scheduler started
2024-01-31 14:26:11 [APScheduler]-[base._process_jobs:954]-[DEBUG]:Looking for jobs to run
2024-01-31 14:26:11 [APScheduler]-[base._process_jobs:1030]-[DEBUG]:No jobs; waiting until a job is added
2024-01-31 14:26:12 [django-main-thread]-[runserver.on_bind:188]-[INFO]:January 31, 2024 - 14:26:12
Django version 4.2, using settings 'config.settings'
Starting development server at http://127.0.0.1:8000/
Quit the server with CTRL-BREAK.

            ______     ______     ______     __  __     ______   ______     ______     ______  
            /\  ___\   /\  __ \   /\  ___\   /\ \_\ \   /\  == \ /\  __ \   /\  ___\   /\__  _\ 
            \ \  __\   \ \  __ \  \ \___  \  \ \____ \  \ \  _-/ \ \ \/\ \  \ \___  \  \/_/\ \/ 
             \ \_____\  \ \_\ \_\  \/\_____\  \/\_____\  \ \_\    \ \_____\  \/\_____\    \ \_\ 
              \/_____/   \/_/\/_/   \/_____/   \/_____/   \/_/     \/_____/   \/_____/     \/_/                                                                       
            
2024-01-31 14:28:53 [Thread-1 (process_request_thread)]-[https.get_directory_case:78]-[DEBUG]:ðŸ“èŽ·å–é¡¹ç›®å…³è”çš„æŽ¥å£æ•°æ® -> <QuerySet [<Api: 3>]>
2024-01-31 14:28:53 [Thread-1 (process_request_thread)]-[https.get_directory_tree:51]-[DEBUG]:ðŸ“èŽ·å–é¡¹ç›®å…³è”çš„æ ‘å½¢ç»“æž„æ•°æ® -> [{'id': 1, 'label': 'å…¨éƒ¨', 'children': [{'id': 2, 'label': '222', 'parent': 1, 'children': []}]}]
2024-01-31 14:28:58 [Thread-2 (process_request_thread)]-[https.get_directory_case:78]-[DEBUG]:ðŸ“èŽ·å–é¡¹ç›®å…³è”çš„æŽ¥å£æ•°æ® -> <QuerySet [<Api: 3>]>
2024-01-31 14:28:58 [Thread-2 (process_request_thread)]-[https.get_directory_tree:51]-[DEBUG]:ðŸ“èŽ·å–é¡¹ç›®å…³è”çš„æ ‘å½¢ç»“æž„æ•°æ® -> [{'id': 1, 'label': 'å…¨éƒ¨', 'children': [{'id': 2, 'label': '222', 'parent': 1, 'children': []}]}]
2024-01-31 14:34:41 [django-main-thread]-[runserver.inner_run:140]-[INFO]:ðŸ”–Performing system checks...


2024-01-31 14:34:42 [MainThread]-[base.start:181]-[INFO]:Scheduler started
2024-01-31 14:34:42 [APScheduler]-[base._process_jobs:954]-[DEBUG]:Looking for jobs to run
2024-01-31 14:34:42 [APScheduler]-[base._process_jobs:1030]-[DEBUG]:No jobs; waiting until a job is added
2024-01-31 14:34:42 [django-main-thread]-[runserver.on_bind:188]-[INFO]:January 31, 2024 - 14:34:42
Django version 4.2, using settings 'config.settings'
Starting development server at http://127.0.0.1:8000/
Quit the server with CTRL-BREAK.

            ______     ______     ______     __  __     ______   ______     ______     ______  
            /\  ___\   /\  __ \   /\  ___\   /\ \_\ \   /\  == \ /\  __ \   /\  ___\   /\__  _\ 
            \ \  __\   \ \  __ \  \ \___  \  \ \____ \  \ \  _-/ \ \ \/\ \  \ \___  \  \/_/\ \/ 
             \ \_____\  \ \_\ \_\  \/\_____\  \/\_____\  \ \_\    \ \_____\  \/\_____\    \ \_\ 
              \/_____/   \/_/\/_/   \/_____/   \/_____/   \/_/     \/_____/   \/_____/     \/_/                                                                       
            
2024-01-31 14:37:11 [django-main-thread]-[runserver.inner_run:140]-[INFO]:ðŸ”–Performing system checks...


2024-01-31 14:37:12 [MainThread]-[base.start:181]-[INFO]:Scheduler started
2024-01-31 14:37:12 [APScheduler]-[base._process_jobs:954]-[DEBUG]:Looking for jobs to run
2024-01-31 14:37:12 [APScheduler]-[base._process_jobs:1030]-[DEBUG]:No jobs; waiting until a job is added
2024-01-31 14:37:12 [django-main-thread]-[runserver.on_bind:188]-[INFO]:January 31, 2024 - 14:37:12
Django version 4.2, using settings 'config.settings'
Starting development server at http://127.0.0.1:8000/
Quit the server with CTRL-BREAK.

            ______     ______     ______     __  __     ______   ______     ______     ______  
            /\  ___\   /\  __ \   /\  ___\   /\ \_\ \   /\  == \ /\  __ \   /\  ___\   /\__  _\ 
            \ \  __\   \ \  __ \  \ \___  \  \ \____ \  \ \  _-/ \ \ \/\ \  \ \___  \  \/_/\ \/ 
             \ \_____\  \ \_\ \_\  \/\_____\  \/\_____\  \ \_\    \ \_____\  \/\_____\    \ \_\ 
              \/_____/   \/_/\/_/   \/_____/   \/_____/   \/_/     \/_____/   \/_____/     \/_/                                                                       
            
