2024-09-27 15:53:17 [django-main-thread]-[runserver.inner_run:91]-[INFO]:Performing system checks...


2024-09-27 15:53:17 [MainThread]-[registry._register:39]-[INFO]:组件注册 -> 相等对象已经在service_registry中注册!
2024-09-27 15:53:17 [MainThread]-[registry._register:39]-[INFO]:组件注册 -> 大于对象已经在service_registry中注册!
2024-09-27 15:53:17 [MainThread]-[registry._register:39]-[INFO]:组件注册 -> 小于对象已经在service_registry中注册!
2024-09-27 15:53:17 [MainThread]-[registry._register:39]-[INFO]:组件注册 -> 大于等于对象已经在service_registry中注册!
2024-09-27 15:53:17 [MainThread]-[registry._register:39]-[INFO]:组件注册 -> 小于等于对象已经在service_registry中注册!
2024-09-27 15:53:17 [MainThread]-[registry._register:39]-[INFO]:组件注册 -> 不等于对象已经在service_registry中注册!
2024-09-27 15:53:17 [MainThread]-[registry._register:39]-[INFO]:组件注册 -> 不为空对象已经在service_registry中注册!
2024-09-27 15:53:17 [MainThread]-[registry._register:39]-[INFO]:组件注册 -> 为空对象已经在service_registry中注册!
2024-09-27 15:53:17 [MainThread]-[registry._register:39]-[INFO]:组件注册 -> 字符串类型相等对象已经在service_registry中注册!
2024-09-27 15:53:17 [MainThread]-[registry._register:39]-[INFO]:组件注册 -> 长度相等对象已经在service_registry中注册!
2024-09-27 15:53:17 [MainThread]-[registry._register:39]-[INFO]:组件注册 -> 长度大于对象已经在service_registry中注册!
2024-09-27 15:53:17 [MainThread]-[registry._register:39]-[INFO]:组件注册 -> 长度大于等于对象已经在service_registry中注册!
2024-09-27 15:53:17 [MainThread]-[registry._register:39]-[INFO]:组件注册 -> 长度小于对象已经在service_registry中注册!
2024-09-27 15:53:17 [MainThread]-[registry._register:39]-[INFO]:组件注册 -> 长度小于等于对象已经在service_registry中注册!
2024-09-27 15:53:17 [MainThread]-[registry._register:39]-[INFO]:组件注册 -> 包含对象已经在service_registry中注册!
2024-09-27 15:53:17 [MainThread]-[registry._register:39]-[INFO]:组件注册 -> 包含常见类型对象已经在service_registry中注册!
2024-09-27 15:53:17 [MainThread]-[registry._register:39]-[INFO]:组件注册 -> 类型匹配对象已经在service_registry中注册!
2024-09-27 15:53:17 [MainThread]-[registry._register:39]-[INFO]:组件注册 -> 正则匹配对象已经在service_registry中注册!
2024-09-27 15:53:17 [MainThread]-[registry._register:39]-[INFO]:组件注册 -> 前缀相等对象已经在service_registry中注册!
2024-09-27 15:53:17 [MainThread]-[registry._register:39]-[INFO]:组件注册 -> 后缀相等对象已经在service_registry中注册!
2024-09-27 15:53:17 [MainThread]-[registry._register:39]-[INFO]:组件注册 -> swagger对象已经在service_registry中注册!
2024-09-27 15:53:17 [MainThread]-[registry._register:39]-[INFO]:组件注册 -> postman对象已经在service_registry中注册!
2024-09-27 15:53:17 [MainThread]-[base.start:181]-[INFO]:Scheduler started
2024-09-27 15:53:17 [APScheduler]-[base._process_jobs:954]-[DEBUG]:Looking for jobs to run
2024-09-27 15:53:17 [APScheduler]-[base._process_jobs:1030]-[DEBUG]:No jobs; waiting until a job is added
2024-09-27 15:53:17 [django-main-thread]-[runserver.inner_run:97]-[INFO]:September 27, 2024 - 15:53:17
2024-09-27 15:53:17 [django-main-thread]-[runserver.inner_run:98]-[INFO]:Django version 5.0.4, using settings 'config.settings'
Starting ASGI/Daphne version 4.1.2 development server at http://localhost:8000/
Quit the server with CTRL-BREAK.

                ______     ______     ______     __  __     ______   ______     ______     ______  
                /\  ___\   /\  __ \   /\  ___\   /\ \_\ \   /\  == \ /\  __ \   /\  ___\   /\__  _\ 
                \ \  __\   \ \  __ \  \ \___  \  \ \____ \  \ \  _-/ \ \ \/\ \  \ \___  \  \/_/\ \/ 
                 \ \_____\  \ \_\ \_\  \/\_____\  \/\_____\  \ \_\    \ \_____\  \/\_____\    \ \_\ 
                  \/_____/   \/_/\/_/   \/_____/   \/_____/   \/_/     \/_____/   \/_____/     \/_/                                                                       
                
2024-09-27 15:53:17 [django-main-thread]-[runserver.inner_run:124]-[INFO]:Daphne running, listening on %s:%s
2024-09-27 15:54:44 [django-main-thread]-[runserver.log_action:171]-[INFO]:HTTP %(method)s %(path)s %(status)s [%(time_taken).2f, %(client)s]
2024-09-27 15:54:44 [django-main-thread]-[runserver.log_action:171]-[INFO]:HTTP %(method)s %(path)s %(status)s [%(time_taken).2f, %(client)s]
2024-09-27 15:54:47 [django-main-thread]-[runserver.log_action:171]-[INFO]:HTTP %(method)s %(path)s %(status)s [%(time_taken).2f, %(client)s]
2024-09-27 15:54:47 [django-main-thread]-[runserver.log_action:171]-[INFO]:HTTP %(method)s %(path)s %(status)s [%(time_taken).2f, %(client)s]
2024-09-27 15:54:47 [django-main-thread]-[runserver.log_action:179]-[WARNING]:HTTP %(method)s %(path)s %(status)s [%(time_taken).2f, %(client)s]
2024-09-27 15:54:48 [django-main-thread]-[runserver.log_action:181]-[WARNING]:HTTP %(method)s %(path)s %(status)s [%(time_taken).2f, %(client)s]
2024-09-27 15:54:50 [django-main-thread]-[runserver.log_action:171]-[INFO]:HTTP %(method)s %(path)s %(status)s [%(time_taken).2f, %(client)s]
2024-09-27 15:54:50 [django-main-thread]-[runserver.log_action:171]-[INFO]:HTTP %(method)s %(path)s %(status)s [%(time_taken).2f, %(client)s]
2024-09-27 15:54:50 [django-main-thread]-[runserver.log_action:171]-[INFO]:HTTP %(method)s %(path)s %(status)s [%(time_taken).2f, %(client)s]
2024-09-27 15:54:50 [django-main-thread]-[runserver.log_action:171]-[INFO]:HTTP %(method)s %(path)s %(status)s [%(time_taken).2f, %(client)s]
2024-09-27 15:54:50 [django-main-thread]-[runserver.log_action:171]-[INFO]:HTTP %(method)s %(path)s %(status)s [%(time_taken).2f, %(client)s]
2024-09-27 15:54:50 [django-main-thread]-[runserver.log_action:171]-[INFO]:HTTP %(method)s %(path)s %(status)s [%(time_taken).2f, %(client)s]
2024-09-27 15:54:50 [django-main-thread]-[runserver.log_action:171]-[INFO]:HTTP %(method)s %(path)s %(status)s [%(time_taken).2f, %(client)s]
2024-09-27 15:54:50 [django-main-thread]-[runserver.log_action:171]-[INFO]:HTTP %(method)s %(path)s %(status)s [%(time_taken).2f, %(client)s]
2024-09-27 15:54:54 [django-main-thread]-[runserver.log_action:171]-[INFO]:HTTP %(method)s %(path)s %(status)s [%(time_taken).2f, %(client)s]
2024-09-27 15:54:54 [django-main-thread]-[runserver.log_action:171]-[INFO]:HTTP %(method)s %(path)s %(status)s [%(time_taken).2f, %(client)s]
2024-09-27 15:54:55 [django-main-thread]-[runserver.log_action:171]-[INFO]:HTTP %(method)s %(path)s %(status)s [%(time_taken).2f, %(client)s]
2024-09-27 15:54:55 [django-main-thread]-[executor.unit_executor_service_addr:23]-[INFO]:Service unit_executor 服务发现：172.31.22.169:53252
2024-09-27 15:54:58 [django-main-thread]-[runserver.log_action:171]-[INFO]:HTTP %(method)s %(path)s %(status)s [%(time_taken).2f, %(client)s]
2024-09-27 15:54:58 [django-main-thread]-[runserver.log_action:171]-[INFO]:HTTP %(method)s %(path)s %(status)s [%(time_taken).2f, %(client)s]
2024-09-27 15:54:58 [django-main-thread]-[runserver.log_action:171]-[INFO]:HTTP %(method)s %(path)s %(status)s [%(time_taken).2f, %(client)s]
2024-09-27 15:54:58 [django-main-thread]-[runserver.log_action:171]-[INFO]:HTTP %(method)s %(path)s %(status)s [%(time_taken).2f, %(client)s]
2024-09-27 15:54:58 [django-main-thread]-[runserver.log_action:171]-[INFO]:HTTP %(method)s %(path)s %(status)s [%(time_taken).2f, %(client)s]
2024-09-27 15:55:04 [django-main-thread]-[runserver.log_action:171]-[INFO]:HTTP %(method)s %(path)s %(status)s [%(time_taken).2f, %(client)s]
2024-09-27 15:55:04 [django-main-thread]-[runserver.log_action:171]-[INFO]:HTTP %(method)s %(path)s %(status)s [%(time_taken).2f, %(client)s]
2024-09-27 15:55:04 [django-main-thread]-[runserver.log_action:171]-[INFO]:HTTP %(method)s %(path)s %(status)s [%(time_taken).2f, %(client)s]
2024-09-27 15:55:04 [django-main-thread]-[runserver.log_action:171]-[INFO]:HTTP %(method)s %(path)s %(status)s [%(time_taken).2f, %(client)s]
2024-09-27 15:55:04 [django-main-thread]-[runserver.log_action:171]-[INFO]:HTTP %(method)s %(path)s %(status)s [%(time_taken).2f, %(client)s]
2024-09-27 15:55:04 [django-main-thread]-[runserver.log_action:171]-[INFO]:HTTP %(method)s %(path)s %(status)s [%(time_taken).2f, %(client)s]
2024-09-27 15:55:04 [django-main-thread]-[runserver.log_action:171]-[INFO]:HTTP %(method)s %(path)s %(status)s [%(time_taken).2f, %(client)s]
2024-09-27 15:55:04 [django-main-thread]-[runserver.log_action:171]-[INFO]:HTTP %(method)s %(path)s %(status)s [%(time_taken).2f, %(client)s]
2024-09-27 15:55:06 [django-main-thread]-[runserver.log_action:171]-[INFO]:HTTP %(method)s %(path)s %(status)s [%(time_taken).2f, %(client)s]
2024-09-27 15:55:06 [django-main-thread]-[runserver.log_action:171]-[INFO]:HTTP %(method)s %(path)s %(status)s [%(time_taken).2f, %(client)s]
2024-09-27 15:55:08 [django-main-thread]-[runserver.log_action:171]-[INFO]:HTTP %(method)s %(path)s %(status)s [%(time_taken).2f, %(client)s]
2024-09-27 15:55:08 [django-main-thread]-[executor.unit_executor_service_addr:23]-[INFO]:Service unit_executor 服务发现：172.31.22.169:53252
2024-09-27 15:55:11 [django-main-thread]-[runserver.log_action:171]-[INFO]:HTTP %(method)s %(path)s %(status)s [%(time_taken).2f, %(client)s]
2024-09-27 15:55:13 [django-main-thread]-[runserver.log_action:171]-[INFO]:HTTP %(method)s %(path)s %(status)s [%(time_taken).2f, %(client)s]
2024-09-27 15:55:13 [django-main-thread]-[executor.unit_executor_service_addr:23]-[INFO]:Service unit_executor 服务发现：172.31.22.169:53252
2024-09-27 15:55:16 [django-main-thread]-[runserver.log_action:171]-[INFO]:HTTP %(method)s %(path)s %(status)s [%(time_taken).2f, %(client)s]
2024-09-27 15:55:21 [django-main-thread]-[runserver.log_action:171]-[INFO]:HTTP %(method)s %(path)s %(status)s [%(time_taken).2f, %(client)s]
2024-09-27 15:55:21 [django-main-thread]-[executor.unit_executor_service_addr:23]-[INFO]:Service unit_executor 服务发现：172.31.22.169:53252
2024-09-27 15:55:24 [django-main-thread]-[runserver.log_action:171]-[INFO]:HTTP %(method)s %(path)s %(status)s [%(time_taken).2f, %(client)s]
2024-09-27 15:55:29 [django-main-thread]-[runserver.log_action:171]-[INFO]:HTTP %(method)s %(path)s %(status)s [%(time_taken).2f, %(client)s]
2024-09-27 15:55:29 [django-main-thread]-[executor.unit_executor_service_addr:23]-[INFO]:Service unit_executor 服务发现：172.31.22.169:53252
2024-09-27 15:55:33 [django-main-thread]-[runserver.log_action:171]-[INFO]:HTTP %(method)s %(path)s %(status)s [%(time_taken).2f, %(client)s]
2024-09-27 15:55:45 [django-main-thread]-[runserver.inner_run:91]-[INFO]:Performing system checks...


2024-09-27 15:55:45 [MainThread]-[registry._register:39]-[INFO]:组件注册 -> 相等对象已经在service_registry中注册!
2024-09-27 15:55:45 [MainThread]-[registry._register:39]-[INFO]:组件注册 -> 大于对象已经在service_registry中注册!
2024-09-27 15:55:45 [MainThread]-[registry._register:39]-[INFO]:组件注册 -> 小于对象已经在service_registry中注册!
2024-09-27 15:55:45 [MainThread]-[registry._register:39]-[INFO]:组件注册 -> 大于等于对象已经在service_registry中注册!
2024-09-27 15:55:45 [MainThread]-[registry._register:39]-[INFO]:组件注册 -> 小于等于对象已经在service_registry中注册!
2024-09-27 15:55:45 [MainThread]-[registry._register:39]-[INFO]:组件注册 -> 不等于对象已经在service_registry中注册!
2024-09-27 15:55:45 [MainThread]-[registry._register:39]-[INFO]:组件注册 -> 不为空对象已经在service_registry中注册!
2024-09-27 15:55:45 [MainThread]-[registry._register:39]-[INFO]:组件注册 -> 为空对象已经在service_registry中注册!
2024-09-27 15:55:45 [MainThread]-[registry._register:39]-[INFO]:组件注册 -> 字符串类型相等对象已经在service_registry中注册!
2024-09-27 15:55:45 [MainThread]-[registry._register:39]-[INFO]:组件注册 -> 长度相等对象已经在service_registry中注册!
2024-09-27 15:55:45 [MainThread]-[registry._register:39]-[INFO]:组件注册 -> 长度大于对象已经在service_registry中注册!
2024-09-27 15:55:45 [MainThread]-[registry._register:39]-[INFO]:组件注册 -> 长度大于等于对象已经在service_registry中注册!
2024-09-27 15:55:45 [MainThread]-[registry._register:39]-[INFO]:组件注册 -> 长度小于对象已经在service_registry中注册!
2024-09-27 15:55:45 [MainThread]-[registry._register:39]-[INFO]:组件注册 -> 长度小于等于对象已经在service_registry中注册!
2024-09-27 15:55:45 [MainThread]-[registry._register:39]-[INFO]:组件注册 -> 包含对象已经在service_registry中注册!
2024-09-27 15:55:45 [MainThread]-[registry._register:39]-[INFO]:组件注册 -> 包含常见类型对象已经在service_registry中注册!
2024-09-27 15:55:45 [MainThread]-[registry._register:39]-[INFO]:组件注册 -> 类型匹配对象已经在service_registry中注册!
2024-09-27 15:55:45 [MainThread]-[registry._register:39]-[INFO]:组件注册 -> 正则匹配对象已经在service_registry中注册!
2024-09-27 15:55:45 [MainThread]-[registry._register:39]-[INFO]:组件注册 -> 前缀相等对象已经在service_registry中注册!
2024-09-27 15:55:45 [MainThread]-[registry._register:39]-[INFO]:组件注册 -> 后缀相等对象已经在service_registry中注册!
2024-09-27 15:55:46 [MainThread]-[registry._register:39]-[INFO]:组件注册 -> swagger对象已经在service_registry中注册!
2024-09-27 15:55:46 [MainThread]-[registry._register:39]-[INFO]:组件注册 -> postman对象已经在service_registry中注册!
2024-09-27 15:55:46 [MainThread]-[base.start:181]-[INFO]:Scheduler started
2024-09-27 15:55:46 [APScheduler]-[base._process_jobs:954]-[DEBUG]:Looking for jobs to run
2024-09-27 15:55:46 [APScheduler]-[base._process_jobs:1030]-[DEBUG]:No jobs; waiting until a job is added
2024-09-27 15:55:46 [django-main-thread]-[runserver.inner_run:97]-[INFO]:September 27, 2024 - 15:55:46
2024-09-27 15:55:46 [django-main-thread]-[runserver.inner_run:98]-[INFO]:Django version 5.0.4, using settings 'config.settings'
Starting ASGI/Daphne version 4.1.2 development server at http://localhost:8000/
Quit the server with CTRL-BREAK.

                ______     ______     ______     __  __     ______   ______     ______     ______  
                /\  ___\   /\  __ \   /\  ___\   /\ \_\ \   /\  == \ /\  __ \   /\  ___\   /\__  _\ 
                \ \  __\   \ \  __ \  \ \___  \  \ \____ \  \ \  _-/ \ \ \/\ \  \ \___  \  \/_/\ \/ 
                 \ \_____\  \ \_\ \_\  \/\_____\  \/\_____\  \ \_\    \ \_____\  \/\_____\    \ \_\ 
                  \/_____/   \/_/\/_/   \/_____/   \/_____/   \/_/     \/_____/   \/_____/     \/_/                                                                       
                
2024-09-27 15:55:46 [django-main-thread]-[runserver.inner_run:124]-[INFO]:Daphne running, listening on %s:%s
2024-09-27 15:55:48 [django-main-thread]-[runserver.log_action:171]-[INFO]:HTTP %(method)s %(path)s %(status)s [%(time_taken).2f, %(client)s]
2024-09-27 15:55:48 [django-main-thread]-[executor.unit_executor_service_addr:23]-[INFO]:Service unit_executor 服务发现：172.31.22.169:53252
2024-09-27 15:55:50 [django-main-thread]-[runserver.log_action:171]-[INFO]:HTTP %(method)s %(path)s %(status)s [%(time_taken).2f, %(client)s]
2024-09-27 15:55:52 [django-main-thread]-[runserver.log_action:171]-[INFO]:HTTP %(method)s %(path)s %(status)s [%(time_taken).2f, %(client)s]
2024-09-27 15:55:52 [django-main-thread]-[executor.unit_executor_service_addr:23]-[INFO]:Service unit_executor 服务发现：172.31.22.169:53252
2024-09-27 15:55:55 [django-main-thread]-[runserver.log_action:171]-[INFO]:HTTP %(method)s %(path)s %(status)s [%(time_taken).2f, %(client)s]
2024-09-27 15:55:55 [django-main-thread]-[runserver.log_action:171]-[INFO]:HTTP %(method)s %(path)s %(status)s [%(time_taken).2f, %(client)s]
2024-09-27 15:55:55 [django-main-thread]-[executor.unit_executor_service_addr:23]-[INFO]:Service unit_executor 服务发现：172.31.22.169:53252
2024-09-27 15:55:57 [django-main-thread]-[runserver.log_action:171]-[INFO]:HTTP %(method)s %(path)s %(status)s [%(time_taken).2f, %(client)s]
2024-09-27 15:55:58 [django-main-thread]-[runserver.log_action:171]-[INFO]:HTTP %(method)s %(path)s %(status)s [%(time_taken).2f, %(client)s]
2024-09-27 15:55:58 [django-main-thread]-[executor.unit_executor_service_addr:23]-[INFO]:Service unit_executor 服务发现：172.31.22.169:53252
2024-09-27 15:55:59 [django-main-thread]-[runserver.log_action:171]-[INFO]:HTTP %(method)s %(path)s %(status)s [%(time_taken).2f, %(client)s]
2024-09-27 15:56:00 [django-main-thread]-[runserver.log_action:171]-[INFO]:HTTP %(method)s %(path)s %(status)s [%(time_taken).2f, %(client)s]
2024-09-27 15:56:00 [django-main-thread]-[executor.unit_executor_service_addr:23]-[INFO]:Service unit_executor 服务发现：172.31.22.169:53252
2024-09-27 15:56:02 [django-main-thread]-[runserver.log_action:171]-[INFO]:HTTP %(method)s %(path)s %(status)s [%(time_taken).2f, %(client)s]
2024-09-27 15:56:03 [django-main-thread]-[runserver.log_action:171]-[INFO]:HTTP %(method)s %(path)s %(status)s [%(time_taken).2f, %(client)s]
2024-09-27 15:56:03 [django-main-thread]-[executor.unit_executor_service_addr:23]-[INFO]:Service unit_executor 服务发现：172.31.22.169:53252
2024-09-27 15:56:06 [django-main-thread]-[runserver.log_action:171]-[INFO]:HTTP %(method)s %(path)s %(status)s [%(time_taken).2f, %(client)s]
2024-09-27 15:59:46 [django-main-thread]-[runserver.log_action:171]-[INFO]:HTTP %(method)s %(path)s %(status)s [%(time_taken).2f, %(client)s]
2024-09-27 15:59:46 [django-main-thread]-[executor.unit_executor_service_addr:23]-[INFO]:Service unit_executor 服务发现：172.31.22.169:53252
2024-09-27 15:59:54 [django-main-thread]-[runserver.log_action:171]-[INFO]:HTTP %(method)s %(path)s %(status)s [%(time_taken).2f, %(client)s]
2024-09-27 16:00:13 [django-main-thread]-[runserver.log_action:171]-[INFO]:HTTP %(method)s %(path)s %(status)s [%(time_taken).2f, %(client)s]
2024-09-27 16:00:13 [django-main-thread]-[runserver.log_action:171]-[INFO]:HTTP %(method)s %(path)s %(status)s [%(time_taken).2f, %(client)s]
2024-09-27 16:00:13 [django-main-thread]-[runserver.log_action:171]-[INFO]:HTTP %(method)s %(path)s %(status)s [%(time_taken).2f, %(client)s]
2024-09-27 16:00:13 [django-main-thread]-[runserver.log_action:171]-[INFO]:HTTP %(method)s %(path)s %(status)s [%(time_taken).2f, %(client)s]
2024-09-27 16:01:26 [MainThread]-[registry._register:39]-[INFO]:组件注册 -> 相等对象已经在service_registry中注册!
2024-09-27 16:01:26 [MainThread]-[registry._register:39]-[INFO]:组件注册 -> 大于对象已经在service_registry中注册!
2024-09-27 16:01:26 [MainThread]-[registry._register:39]-[INFO]:组件注册 -> 小于对象已经在service_registry中注册!
2024-09-27 16:01:26 [MainThread]-[registry._register:39]-[INFO]:组件注册 -> 大于等于对象已经在service_registry中注册!
2024-09-27 16:01:26 [MainThread]-[registry._register:39]-[INFO]:组件注册 -> 小于等于对象已经在service_registry中注册!
2024-09-27 16:01:26 [MainThread]-[registry._register:39]-[INFO]:组件注册 -> 不等于对象已经在service_registry中注册!
2024-09-27 16:01:26 [MainThread]-[registry._register:39]-[INFO]:组件注册 -> 不为空对象已经在service_registry中注册!
2024-09-27 16:01:26 [MainThread]-[registry._register:39]-[INFO]:组件注册 -> 为空对象已经在service_registry中注册!
2024-09-27 16:01:26 [MainThread]-[registry._register:39]-[INFO]:组件注册 -> 字符串类型相等对象已经在service_registry中注册!
2024-09-27 16:01:26 [MainThread]-[registry._register:39]-[INFO]:组件注册 -> 长度相等对象已经在service_registry中注册!
2024-09-27 16:01:26 [MainThread]-[registry._register:39]-[INFO]:组件注册 -> 长度大于对象已经在service_registry中注册!
2024-09-27 16:01:26 [MainThread]-[registry._register:39]-[INFO]:组件注册 -> 长度大于等于对象已经在service_registry中注册!
2024-09-27 16:01:26 [MainThread]-[registry._register:39]-[INFO]:组件注册 -> 长度小于对象已经在service_registry中注册!
2024-09-27 16:01:26 [MainThread]-[registry._register:39]-[INFO]:组件注册 -> 长度小于等于对象已经在service_registry中注册!
2024-09-27 16:01:26 [MainThread]-[registry._register:39]-[INFO]:组件注册 -> 包含对象已经在service_registry中注册!
2024-09-27 16:01:26 [MainThread]-[registry._register:39]-[INFO]:组件注册 -> 包含常见类型对象已经在service_registry中注册!
2024-09-27 16:01:26 [MainThread]-[registry._register:39]-[INFO]:组件注册 -> 类型匹配对象已经在service_registry中注册!
2024-09-27 16:01:26 [MainThread]-[registry._register:39]-[INFO]:组件注册 -> 正则匹配对象已经在service_registry中注册!
2024-09-27 16:01:26 [MainThread]-[registry._register:39]-[INFO]:组件注册 -> 前缀相等对象已经在service_registry中注册!
2024-09-27 16:01:26 [MainThread]-[registry._register:39]-[INFO]:组件注册 -> 后缀相等对象已经在service_registry中注册!
2024-09-27 16:01:26 [MainThread]-[registry._register:39]-[INFO]:组件注册 -> swagger对象已经在service_registry中注册!
2024-09-27 16:01:26 [MainThread]-[registry._register:39]-[INFO]:组件注册 -> postman对象已经在service_registry中注册!
2024-09-27 16:01:26 [MainThread]-[base.start:181]-[INFO]:Scheduler started
2024-09-27 16:01:26 [APScheduler]-[base._process_jobs:954]-[DEBUG]:Looking for jobs to run
2024-09-27 16:01:26 [APScheduler]-[base._process_jobs:1030]-[DEBUG]:No jobs; waiting until a job is added
2024-09-27 16:01:33 [django-main-thread]-[runserver.log_action:171]-[INFO]:HTTP %(method)s %(path)s %(status)s [%(time_taken).2f, %(client)s]
2024-09-27 16:01:33 [django-main-thread]-[runserver.log_action:171]-[INFO]:HTTP %(method)s %(path)s %(status)s [%(time_taken).2f, %(client)s]
2024-09-27 16:01:33 [django-main-thread]-[runserver.log_action:171]-[INFO]:HTTP %(method)s %(path)s %(status)s [%(time_taken).2f, %(client)s]
2024-09-27 16:01:33 [django-main-thread]-[runserver.log_action:171]-[INFO]:HTTP %(method)s %(path)s %(status)s [%(time_taken).2f, %(client)s]
2024-09-27 16:01:38 [django-main-thread]-[runserver.log_action:171]-[INFO]:HTTP %(method)s %(path)s %(status)s [%(time_taken).2f, %(client)s]
2024-09-27 16:01:38 [django-main-thread]-[runserver.log_action:171]-[INFO]:HTTP %(method)s %(path)s %(status)s [%(time_taken).2f, %(client)s]
2024-09-27 16:01:38 [django-main-thread]-[runserver.log_action:171]-[INFO]:HTTP %(method)s %(path)s %(status)s [%(time_taken).2f, %(client)s]
2024-09-27 16:01:38 [django-main-thread]-[runserver.log_action:171]-[INFO]:HTTP %(method)s %(path)s %(status)s [%(time_taken).2f, %(client)s]
2024-09-27 16:01:38 [django-main-thread]-[runserver.log_action:171]-[INFO]:HTTP %(method)s %(path)s %(status)s [%(time_taken).2f, %(client)s]
2024-09-27 16:01:38 [django-main-thread]-[runserver.log_action:171]-[INFO]:HTTP %(method)s %(path)s %(status)s [%(time_taken).2f, %(client)s]
2024-09-27 16:01:38 [django-main-thread]-[runserver.log_action:171]-[INFO]:HTTP %(method)s %(path)s %(status)s [%(time_taken).2f, %(client)s]
2024-09-27 16:01:38 [django-main-thread]-[runserver.log_action:171]-[INFO]:HTTP %(method)s %(path)s %(status)s [%(time_taken).2f, %(client)s]
2024-09-27 16:01:40 [django-main-thread]-[runserver.log_action:171]-[INFO]:HTTP %(method)s %(path)s %(status)s [%(time_taken).2f, %(client)s]
2024-09-27 16:01:40 [django-main-thread]-[runserver.log_action:171]-[INFO]:HTTP %(method)s %(path)s %(status)s [%(time_taken).2f, %(client)s]
2024-09-27 16:01:42 [django-main-thread]-[runserver.log_action:171]-[INFO]:HTTP %(method)s %(path)s %(status)s [%(time_taken).2f, %(client)s]
2024-09-27 16:01:42 [django-main-thread]-[runserver.log_action:171]-[INFO]:HTTP %(method)s %(path)s %(status)s [%(time_taken).2f, %(client)s]
2024-09-27 16:01:42 [django-main-thread]-[runserver.log_action:171]-[INFO]:HTTP %(method)s %(path)s %(status)s [%(time_taken).2f, %(client)s]
2024-09-27 16:01:42 [django-main-thread]-[runserver.log_action:171]-[INFO]:HTTP %(method)s %(path)s %(status)s [%(time_taken).2f, %(client)s]
2024-09-27 16:01:42 [django-main-thread]-[runserver.log_action:171]-[INFO]:HTTP %(method)s %(path)s %(status)s [%(time_taken).2f, %(client)s]
2024-09-27 16:01:42 [django-main-thread]-[runserver.log_action:171]-[INFO]:HTTP %(method)s %(path)s %(status)s [%(time_taken).2f, %(client)s]
2024-09-27 16:01:43 [django-main-thread]-[runserver.log_action:171]-[INFO]:HTTP %(method)s %(path)s %(status)s [%(time_taken).2f, %(client)s]
2024-09-27 16:01:43 [django-main-thread]-[runserver.log_action:171]-[INFO]:HTTP %(method)s %(path)s %(status)s [%(time_taken).2f, %(client)s]
2024-09-27 16:01:44 [django-main-thread]-[runserver.log_action:171]-[INFO]:HTTP %(method)s %(path)s %(status)s [%(time_taken).2f, %(client)s]
2024-09-27 16:01:44 [django-main-thread]-[runserver.log_action:171]-[INFO]:HTTP %(method)s %(path)s %(status)s [%(time_taken).2f, %(client)s]
2024-09-27 16:01:49 [django-main-thread]-[runserver.log_action:171]-[INFO]:HTTP %(method)s %(path)s %(status)s [%(time_taken).2f, %(client)s]
2024-09-27 16:01:49 [django-main-thread]-[runserver.log_action:171]-[INFO]:HTTP %(method)s %(path)s %(status)s [%(time_taken).2f, %(client)s]
2024-09-27 16:01:51 [django-main-thread]-[runserver.log_action:171]-[INFO]:HTTP %(method)s %(path)s %(status)s [%(time_taken).2f, %(client)s]
2024-09-27 16:01:51 [django-main-thread]-[runserver.log_action:171]-[INFO]:HTTP %(method)s %(path)s %(status)s [%(time_taken).2f, %(client)s]
2024-09-27 16:01:51 [django-main-thread]-[runserver.log_action:171]-[INFO]:HTTP %(method)s %(path)s %(status)s [%(time_taken).2f, %(client)s]
2024-09-27 16:01:51 [django-main-thread]-[runserver.log_action:171]-[INFO]:HTTP %(method)s %(path)s %(status)s [%(time_taken).2f, %(client)s]
2024-09-27 16:01:51 [django-main-thread]-[runserver.log_action:171]-[INFO]:HTTP %(method)s %(path)s %(status)s [%(time_taken).2f, %(client)s]
2024-09-27 16:01:51 [django-main-thread]-[runserver.log_action:171]-[INFO]:HTTP %(method)s %(path)s %(status)s [%(time_taken).2f, %(client)s]
2024-09-27 16:01:51 [django-main-thread]-[runserver.log_action:171]-[INFO]:HTTP %(method)s %(path)s %(status)s [%(time_taken).2f, %(client)s]
2024-09-27 16:01:51 [django-main-thread]-[runserver.log_action:171]-[INFO]:HTTP %(method)s %(path)s %(status)s [%(time_taken).2f, %(client)s]
2024-09-27 16:01:54 [django-main-thread]-[runserver.log_action:171]-[INFO]:HTTP %(method)s %(path)s %(status)s [%(time_taken).2f, %(client)s]
2024-09-27 16:01:54 [django-main-thread]-[runserver.log_action:171]-[INFO]:HTTP %(method)s %(path)s %(status)s [%(time_taken).2f, %(client)s]
2024-09-27 16:06:41 [django-main-thread]-[runserver.log_action:171]-[INFO]:HTTP %(method)s %(path)s %(status)s [%(time_taken).2f, %(client)s]
2024-09-27 16:06:41 [django-main-thread]-[executor.unit_executor_service_addr:23]-[INFO]:Service unit_executor 服务发现：172.31.22.169:53252
2024-09-27 16:06:44 [django-main-thread]-[runserver.log_action:171]-[INFO]:HTTP %(method)s %(path)s %(status)s [%(time_taken).2f, %(client)s]
2024-09-27 16:06:45 [django-main-thread]-[runserver.log_action:171]-[INFO]:HTTP %(method)s %(path)s %(status)s [%(time_taken).2f, %(client)s]
2024-09-27 16:06:45 [django-main-thread]-[executor.unit_executor_service_addr:23]-[INFO]:Service unit_executor 服务发现：172.31.22.169:53252
2024-09-27 16:06:46 [django-main-thread]-[runserver.log_action:171]-[INFO]:HTTP %(method)s %(path)s %(status)s [%(time_taken).2f, %(client)s]
2024-09-27 16:16:37 [django-main-thread]-[runserver.log_action:171]-[INFO]:HTTP %(method)s %(path)s %(status)s [%(time_taken).2f, %(client)s]
2024-09-27 16:16:37 [django-main-thread]-[runserver.log_action:171]-[INFO]:HTTP %(method)s %(path)s %(status)s [%(time_taken).2f, %(client)s]
2024-09-27 16:16:42 [django-main-thread]-[runserver.log_action:171]-[INFO]:HTTP %(method)s %(path)s %(status)s [%(time_taken).2f, %(client)s]
2024-09-27 16:16:42 [django-main-thread]-[runserver.log_action:171]-[INFO]:HTTP %(method)s %(path)s %(status)s [%(time_taken).2f, %(client)s]
2024-09-27 16:16:42 [django-main-thread]-[runserver.log_action:171]-[INFO]:HTTP %(method)s %(path)s %(status)s [%(time_taken).2f, %(client)s]
2024-09-27 16:16:42 [django-main-thread]-[runserver.log_action:171]-[INFO]:HTTP %(method)s %(path)s %(status)s [%(time_taken).2f, %(client)s]
2024-09-27 16:16:42 [django-main-thread]-[runserver.log_action:171]-[INFO]:HTTP %(method)s %(path)s %(status)s [%(time_taken).2f, %(client)s]
2024-09-27 16:16:42 [django-main-thread]-[runserver.log_action:171]-[INFO]:HTTP %(method)s %(path)s %(status)s [%(time_taken).2f, %(client)s]
2024-09-27 16:16:42 [django-main-thread]-[runserver.log_action:171]-[INFO]:HTTP %(method)s %(path)s %(status)s [%(time_taken).2f, %(client)s]
2024-09-27 16:16:42 [django-main-thread]-[runserver.log_action:171]-[INFO]:HTTP %(method)s %(path)s %(status)s [%(time_taken).2f, %(client)s]
2024-09-27 16:16:43 [django-main-thread]-[runserver.log_action:171]-[INFO]:HTTP %(method)s %(path)s %(status)s [%(time_taken).2f, %(client)s]
2024-09-27 16:16:44 [django-main-thread]-[runserver.log_action:171]-[INFO]:HTTP %(method)s %(path)s %(status)s [%(time_taken).2f, %(client)s]
2024-09-27 16:16:50 [django-main-thread]-[runserver.log_action:171]-[INFO]:HTTP %(method)s %(path)s %(status)s [%(time_taken).2f, %(client)s]
2024-09-27 16:16:50 [django-main-thread]-[runserver.log_action:171]-[INFO]:HTTP %(method)s %(path)s %(status)s [%(time_taken).2f, %(client)s]
2024-09-27 16:16:50 [django-main-thread]-[runserver.log_action:171]-[INFO]:HTTP %(method)s %(path)s %(status)s [%(time_taken).2f, %(client)s]
2024-09-27 16:16:50 [django-main-thread]-[runserver.log_action:171]-[INFO]:HTTP %(method)s %(path)s %(status)s [%(time_taken).2f, %(client)s]
2024-09-27 16:16:50 [django-main-thread]-[runserver.log_action:171]-[INFO]:HTTP %(method)s %(path)s %(status)s [%(time_taken).2f, %(client)s]
2024-09-27 16:16:50 [django-main-thread]-[runserver.log_action:171]-[INFO]:HTTP %(method)s %(path)s %(status)s [%(time_taken).2f, %(client)s]
2024-09-27 16:16:50 [django-main-thread]-[runserver.log_action:171]-[INFO]:HTTP %(method)s %(path)s %(status)s [%(time_taken).2f, %(client)s]
2024-09-27 16:16:50 [django-main-thread]-[runserver.log_action:171]-[INFO]:HTTP %(method)s %(path)s %(status)s [%(time_taken).2f, %(client)s]
2024-09-27 16:17:02 [django-main-thread]-[runserver.log_action:171]-[INFO]:HTTP %(method)s %(path)s %(status)s [%(time_taken).2f, %(client)s]
2024-09-27 16:17:02 [django-main-thread]-[runserver.log_action:171]-[INFO]:HTTP %(method)s %(path)s %(status)s [%(time_taken).2f, %(client)s]
2024-09-27 16:27:33 [django-main-thread]-[runserver.log_action:171]-[INFO]:HTTP %(method)s %(path)s %(status)s [%(time_taken).2f, %(client)s]
2024-09-27 16:27:33 [django-main-thread]-[runserver.log_action:171]-[INFO]:HTTP %(method)s %(path)s %(status)s [%(time_taken).2f, %(client)s]
2024-09-27 16:28:47 [django-main-thread]-[runserver.log_action:171]-[INFO]:HTTP %(method)s %(path)s %(status)s [%(time_taken).2f, %(client)s]
2024-09-27 16:28:47 [django-main-thread]-[runserver.log_action:171]-[INFO]:HTTP %(method)s %(path)s %(status)s [%(time_taken).2f, %(client)s]
2024-09-27 16:31:39 [django-main-thread]-[runserver.log_action:171]-[INFO]:HTTP %(method)s %(path)s %(status)s [%(time_taken).2f, %(client)s]
2024-09-27 16:31:39 [django-main-thread]-[runserver.log_action:171]-[INFO]:HTTP %(method)s %(path)s %(status)s [%(time_taken).2f, %(client)s]
2024-09-27 16:34:52 [django-main-thread]-[runserver.log_action:171]-[INFO]:HTTP %(method)s %(path)s %(status)s [%(time_taken).2f, %(client)s]
2024-09-27 16:34:52 [django-main-thread]-[runserver.log_action:171]-[INFO]:HTTP %(method)s %(path)s %(status)s [%(time_taken).2f, %(client)s]
2024-09-27 16:44:46 [django-main-thread]-[runserver.log_action:171]-[INFO]:HTTP %(method)s %(path)s %(status)s [%(time_taken).2f, %(client)s]
2024-09-27 16:44:46 [django-main-thread]-[executor.unit_executor_service_addr:23]-[INFO]:Service unit_executor 服务发现：172.31.22.169:53252
2024-09-27 16:44:49 [django-main-thread]-[runserver.log_action:171]-[INFO]:HTTP %(method)s %(path)s %(status)s [%(time_taken).2f, %(client)s]
2024-09-27 16:44:50 [django-main-thread]-[runserver.log_action:171]-[INFO]:HTTP %(method)s %(path)s %(status)s [%(time_taken).2f, %(client)s]
2024-09-27 16:44:50 [django-main-thread]-[runserver.log_action:171]-[INFO]:HTTP %(method)s %(path)s %(status)s [%(time_taken).2f, %(client)s]
2024-09-27 16:55:18 [django-main-thread]-[runserver.log_action:171]-[INFO]:HTTP %(method)s %(path)s %(status)s [%(time_taken).2f, %(client)s]
2024-09-27 16:55:18 [django-main-thread]-[executor.unit_executor_service_addr:23]-[INFO]:Service unit_executor 服务发现：172.31.22.169:53252
2024-09-27 16:55:20 [django-main-thread]-[runserver.log_action:171]-[INFO]:HTTP %(method)s %(path)s %(status)s [%(time_taken).2f, %(client)s]
2024-09-27 16:55:21 [django-main-thread]-[runserver.log_action:171]-[INFO]:HTTP %(method)s %(path)s %(status)s [%(time_taken).2f, %(client)s]
2024-09-27 16:55:21 [django-main-thread]-[executor.unit_executor_service_addr:23]-[INFO]:Service unit_executor 服务发现：172.31.22.169:53252
2024-09-27 16:55:22 [django-main-thread]-[runserver.log_action:171]-[INFO]:HTTP %(method)s %(path)s %(status)s [%(time_taken).2f, %(client)s]
2024-09-27 16:55:23 [django-main-thread]-[runserver.log_action:171]-[INFO]:HTTP %(method)s %(path)s %(status)s [%(time_taken).2f, %(client)s]
2024-09-27 16:55:23 [django-main-thread]-[executor.unit_executor_service_addr:23]-[INFO]:Service unit_executor 服务发现：172.31.22.169:53252
2024-09-27 16:55:24 [django-main-thread]-[runserver.log_action:171]-[INFO]:HTTP %(method)s %(path)s %(status)s [%(time_taken).2f, %(client)s]
2024-09-27 16:56:16 [django-main-thread]-[runserver.log_action:171]-[INFO]:HTTP %(method)s %(path)s %(status)s [%(time_taken).2f, %(client)s]
2024-09-27 16:56:16 [django-main-thread]-[executor.unit_executor_service_addr:23]-[INFO]:Service unit_executor 服务发现：172.31.22.169:53252
2024-09-27 16:56:18 [django-main-thread]-[runserver.log_action:171]-[INFO]:HTTP %(method)s %(path)s %(status)s [%(time_taken).2f, %(client)s]
2024-09-27 16:56:20 [django-main-thread]-[runserver.log_action:171]-[INFO]:HTTP %(method)s %(path)s %(status)s [%(time_taken).2f, %(client)s]
2024-09-27 16:56:20 [django-main-thread]-[executor.unit_executor_service_addr:23]-[INFO]:Service unit_executor 服务发现：172.31.22.169:53252
2024-09-27 16:56:21 [django-main-thread]-[runserver.log_action:171]-[INFO]:HTTP %(method)s %(path)s %(status)s [%(time_taken).2f, %(client)s]
2024-09-27 16:56:22 [django-main-thread]-[runserver.log_action:171]-[INFO]:HTTP %(method)s %(path)s %(status)s [%(time_taken).2f, %(client)s]
2024-09-27 16:56:22 [django-main-thread]-[executor.unit_executor_service_addr:23]-[INFO]:Service unit_executor 服务发现：172.31.22.169:53252
2024-09-27 16:56:23 [django-main-thread]-[runserver.log_action:171]-[INFO]:HTTP %(method)s %(path)s %(status)s [%(time_taken).2f, %(client)s]
2024-09-27 16:58:06 [django-main-thread]-[runserver.log_action:171]-[INFO]:HTTP %(method)s %(path)s %(status)s [%(time_taken).2f, %(client)s]
2024-09-27 16:58:06 [django-main-thread]-[runserver.log_action:171]-[INFO]:HTTP %(method)s %(path)s %(status)s [%(time_taken).2f, %(client)s]
2024-09-27 16:58:07 [django-main-thread]-[runserver.log_action:171]-[INFO]:HTTP %(method)s %(path)s %(status)s [%(time_taken).2f, %(client)s]
2024-09-27 16:58:07 [django-main-thread]-[runserver.log_action:171]-[INFO]:HTTP %(method)s %(path)s %(status)s [%(time_taken).2f, %(client)s]
2024-09-27 16:58:08 [django-main-thread]-[runserver.log_action:171]-[INFO]:HTTP %(method)s %(path)s %(status)s [%(time_taken).2f, %(client)s]
2024-09-27 16:58:08 [django-main-thread]-[runserver.log_action:171]-[INFO]:HTTP %(method)s %(path)s %(status)s [%(time_taken).2f, %(client)s]
2024-09-27 16:58:08 [django-main-thread]-[runserver.log_action:179]-[WARNING]:HTTP %(method)s %(path)s %(status)s [%(time_taken).2f, %(client)s]
2024-09-27 16:58:08 [django-main-thread]-[runserver.log_action:181]-[WARNING]:HTTP %(method)s %(path)s %(status)s [%(time_taken).2f, %(client)s]
2024-09-27 16:58:09 [django-main-thread]-[runserver.log_action:171]-[INFO]:HTTP %(method)s %(path)s %(status)s [%(time_taken).2f, %(client)s]
2024-09-27 16:58:09 [django-main-thread]-[runserver.log_action:171]-[INFO]:HTTP %(method)s %(path)s %(status)s [%(time_taken).2f, %(client)s]
2024-09-27 16:58:09 [django-main-thread]-[runserver.log_action:171]-[INFO]:HTTP %(method)s %(path)s %(status)s [%(time_taken).2f, %(client)s]
2024-09-27 16:58:09 [django-main-thread]-[runserver.log_action:171]-[INFO]:HTTP %(method)s %(path)s %(status)s [%(time_taken).2f, %(client)s]
2024-09-27 16:58:09 [django-main-thread]-[runserver.log_action:171]-[INFO]:HTTP %(method)s %(path)s %(status)s [%(time_taken).2f, %(client)s]
2024-09-27 16:58:09 [django-main-thread]-[runserver.log_action:171]-[INFO]:HTTP %(method)s %(path)s %(status)s [%(time_taken).2f, %(client)s]
2024-09-27 16:58:09 [django-main-thread]-[runserver.log_action:171]-[INFO]:HTTP %(method)s %(path)s %(status)s [%(time_taken).2f, %(client)s]
2024-09-27 16:58:09 [django-main-thread]-[runserver.log_action:171]-[INFO]:HTTP %(method)s %(path)s %(status)s [%(time_taken).2f, %(client)s]
2024-09-27 16:58:11 [django-main-thread]-[runserver.log_action:171]-[INFO]:HTTP %(method)s %(path)s %(status)s [%(time_taken).2f, %(client)s]
2024-09-27 16:58:11 [django-main-thread]-[runserver.log_action:171]-[INFO]:HTTP %(method)s %(path)s %(status)s [%(time_taken).2f, %(client)s]
2024-09-27 16:59:58 [django-main-thread]-[runserver.inner_run:91]-[INFO]:Performing system checks...


2024-09-27 16:59:58 [MainThread]-[registry._register:39]-[INFO]:组件注册 -> 相等对象已经在service_registry中注册!
2024-09-27 16:59:58 [MainThread]-[registry._register:39]-[INFO]:组件注册 -> 大于对象已经在service_registry中注册!
2024-09-27 16:59:58 [MainThread]-[registry._register:39]-[INFO]:组件注册 -> 小于对象已经在service_registry中注册!
2024-09-27 16:59:58 [MainThread]-[registry._register:39]-[INFO]:组件注册 -> 大于等于对象已经在service_registry中注册!
2024-09-27 16:59:58 [MainThread]-[registry._register:39]-[INFO]:组件注册 -> 小于等于对象已经在service_registry中注册!
2024-09-27 16:59:58 [MainThread]-[registry._register:39]-[INFO]:组件注册 -> 不等于对象已经在service_registry中注册!
2024-09-27 16:59:58 [MainThread]-[registry._register:39]-[INFO]:组件注册 -> 不为空对象已经在service_registry中注册!
2024-09-27 16:59:58 [MainThread]-[registry._register:39]-[INFO]:组件注册 -> 为空对象已经在service_registry中注册!
2024-09-27 16:59:58 [MainThread]-[registry._register:39]-[INFO]:组件注册 -> 字符串类型相等对象已经在service_registry中注册!
2024-09-27 16:59:58 [MainThread]-[registry._register:39]-[INFO]:组件注册 -> 长度相等对象已经在service_registry中注册!
2024-09-27 16:59:58 [MainThread]-[registry._register:39]-[INFO]:组件注册 -> 长度大于对象已经在service_registry中注册!
2024-09-27 16:59:58 [MainThread]-[registry._register:39]-[INFO]:组件注册 -> 长度大于等于对象已经在service_registry中注册!
2024-09-27 16:59:58 [MainThread]-[registry._register:39]-[INFO]:组件注册 -> 长度小于对象已经在service_registry中注册!
2024-09-27 16:59:58 [MainThread]-[registry._register:39]-[INFO]:组件注册 -> 长度小于等于对象已经在service_registry中注册!
2024-09-27 16:59:58 [MainThread]-[registry._register:39]-[INFO]:组件注册 -> 包含对象已经在service_registry中注册!
2024-09-27 16:59:58 [MainThread]-[registry._register:39]-[INFO]:组件注册 -> 包含常见类型对象已经在service_registry中注册!
2024-09-27 16:59:58 [MainThread]-[registry._register:39]-[INFO]:组件注册 -> 类型匹配对象已经在service_registry中注册!
2024-09-27 16:59:58 [MainThread]-[registry._register:39]-[INFO]:组件注册 -> 正则匹配对象已经在service_registry中注册!
2024-09-27 16:59:58 [MainThread]-[registry._register:39]-[INFO]:组件注册 -> 前缀相等对象已经在service_registry中注册!
2024-09-27 16:59:58 [MainThread]-[registry._register:39]-[INFO]:组件注册 -> 后缀相等对象已经在service_registry中注册!
2024-09-27 16:59:59 [MainThread]-[registry._register:39]-[INFO]:组件注册 -> swagger对象已经在service_registry中注册!
2024-09-27 16:59:59 [MainThread]-[registry._register:39]-[INFO]:组件注册 -> postman对象已经在service_registry中注册!
2024-09-27 16:59:59 [MainThread]-[base.start:181]-[INFO]:Scheduler started
2024-09-27 16:59:59 [APScheduler]-[base._process_jobs:954]-[DEBUG]:Looking for jobs to run
2024-09-27 16:59:59 [APScheduler]-[base._process_jobs:1030]-[DEBUG]:No jobs; waiting until a job is added
2024-09-27 16:59:59 [django-main-thread]-[runserver.inner_run:97]-[INFO]:September 27, 2024 - 16:59:59
2024-09-27 16:59:59 [django-main-thread]-[runserver.inner_run:98]-[INFO]:Django version 5.0.4, using settings 'config.settings'
Starting ASGI/Daphne version 4.1.2 development server at http://localhost:8000/
Quit the server with CTRL-BREAK.

                ______     ______     ______     __  __     ______   ______     ______     ______  
                /\  ___\   /\  __ \   /\  ___\   /\ \_\ \   /\  == \ /\  __ \   /\  ___\   /\__  _\ 
                \ \  __\   \ \  __ \  \ \___  \  \ \____ \  \ \  _-/ \ \ \/\ \  \ \___  \  \/_/\ \/ 
                 \ \_____\  \ \_\ \_\  \/\_____\  \/\_____\  \ \_\    \ \_____\  \/\_____\    \ \_\ 
                  \/_____/   \/_/\/_/   \/_____/   \/_____/   \/_/     \/_____/   \/_____/     \/_/                                                                       
                
2024-09-27 16:59:59 [django-main-thread]-[runserver.inner_run:124]-[INFO]:Daphne running, listening on %s:%s
2024-09-27 17:00:27 [django-main-thread]-[runserver.log_action:171]-[INFO]:HTTP %(method)s %(path)s %(status)s [%(time_taken).2f, %(client)s]
2024-09-27 17:00:27 [django-main-thread]-[runserver.log_action:171]-[INFO]:HTTP %(method)s %(path)s %(status)s [%(time_taken).2f, %(client)s]
2024-09-27 17:00:51 [django-main-thread]-[runserver.log_action:171]-[INFO]:HTTP %(method)s %(path)s %(status)s [%(time_taken).2f, %(client)s]
2024-09-27 17:00:51 [django-main-thread]-[executor.unit_executor_service_addr:23]-[INFO]:Service unit_executor 服务发现：172.31.22.169:53252
2024-09-27 17:00:52 [django-main-thread]-[runserver.log_action:171]-[INFO]:HTTP %(method)s %(path)s %(status)s [%(time_taken).2f, %(client)s]
2024-09-27 17:03:51 [django-main-thread]-[runserver.log_action:171]-[INFO]:HTTP %(method)s %(path)s %(status)s [%(time_taken).2f, %(client)s]
2024-09-27 17:03:51 [django-main-thread]-[executor.unit_executor_service_addr:23]-[INFO]:Service unit_executor 服务发现：172.31.22.169:53252
2024-09-27 17:03:52 [django-main-thread]-[runserver.log_action:171]-[INFO]:HTTP %(method)s %(path)s %(status)s [%(time_taken).2f, %(client)s]
2024-09-27 17:03:53 [django-main-thread]-[runserver.log_action:171]-[INFO]:HTTP %(method)s %(path)s %(status)s [%(time_taken).2f, %(client)s]
2024-09-27 17:03:53 [django-main-thread]-[executor.unit_executor_service_addr:23]-[INFO]:Service unit_executor 服务发现：172.31.22.169:53252
2024-09-27 17:03:55 [django-main-thread]-[runserver.log_action:171]-[INFO]:HTTP %(method)s %(path)s %(status)s [%(time_taken).2f, %(client)s]
2024-09-27 17:03:56 [django-main-thread]-[runserver.log_action:171]-[INFO]:HTTP %(method)s %(path)s %(status)s [%(time_taken).2f, %(client)s]
2024-09-27 17:03:56 [django-main-thread]-[runserver.log_action:171]-[INFO]:HTTP %(method)s %(path)s %(status)s [%(time_taken).2f, %(client)s]
2024-09-29 09:51:04 [django-main-thread]-[runserver.log_action:171]-[INFO]:HTTP %(method)s %(path)s %(status)s [%(time_taken).2f, %(client)s]
2024-09-29 09:51:04 [django-main-thread]-[runserver.log_action:171]-[INFO]:HTTP %(method)s %(path)s %(status)s [%(time_taken).2f, %(client)s]
2024-09-29 09:51:04 [django-main-thread]-[runserver.log_action:171]-[INFO]:HTTP %(method)s %(path)s %(status)s [%(time_taken).2f, %(client)s]
2024-09-29 09:51:04 [django-main-thread]-[runserver.log_action:171]-[INFO]:HTTP %(method)s %(path)s %(status)s [%(time_taken).2f, %(client)s]
2024-09-29 10:48:55 [django-main-thread]-[runserver.log_action:171]-[INFO]:HTTP %(method)s %(path)s %(status)s [%(time_taken).2f, %(client)s]
2024-09-29 10:48:55 [django-main-thread]-[runserver.log_action:171]-[INFO]:HTTP %(method)s %(path)s %(status)s [%(time_taken).2f, %(client)s]
2024-09-29 10:48:55 [django-main-thread]-[runserver.log_action:171]-[INFO]:HTTP %(method)s %(path)s %(status)s [%(time_taken).2f, %(client)s]
2024-09-29 10:48:55 [django-main-thread]-[runserver.log_action:171]-[INFO]:HTTP %(method)s %(path)s %(status)s [%(time_taken).2f, %(client)s]
2024-09-29 10:48:55 [django-main-thread]-[runserver.log_action:171]-[INFO]:HTTP %(method)s %(path)s %(status)s [%(time_taken).2f, %(client)s]
2024-09-29 10:48:55 [django-main-thread]-[runserver.log_action:171]-[INFO]:HTTP %(method)s %(path)s %(status)s [%(time_taken).2f, %(client)s]
2024-09-29 10:48:58 [django-main-thread]-[runserver.log_action:171]-[INFO]:HTTP %(method)s %(path)s %(status)s [%(time_taken).2f, %(client)s]
2024-09-29 10:48:58 [django-main-thread]-[runserver.log_action:171]-[INFO]:HTTP %(method)s %(path)s %(status)s [%(time_taken).2f, %(client)s]
2024-09-29 10:48:58 [django-main-thread]-[runserver.log_action:171]-[INFO]:HTTP %(method)s %(path)s %(status)s [%(time_taken).2f, %(client)s]
2024-09-29 10:48:58 [django-main-thread]-[runserver.log_action:171]-[INFO]:HTTP %(method)s %(path)s %(status)s [%(time_taken).2f, %(client)s]
2024-09-29 10:48:58 [django-main-thread]-[runserver.log_action:171]-[INFO]:HTTP %(method)s %(path)s %(status)s [%(time_taken).2f, %(client)s]
2024-09-29 10:48:58 [django-main-thread]-[runserver.log_action:171]-[INFO]:HTTP %(method)s %(path)s %(status)s [%(time_taken).2f, %(client)s]
2024-09-29 10:48:58 [django-main-thread]-[runserver.log_action:175]-[INFO]:HTTP %(method)s %(path)s %(status)s [%(time_taken).2f, %(client)s]
2024-09-29 10:48:58 [django-main-thread]-[runserver.log_action:171]-[INFO]:HTTP %(method)s %(path)s %(status)s [%(time_taken).2f, %(client)s]
2024-09-29 10:48:58 [django-main-thread]-[runserver.log_action:171]-[INFO]:HTTP %(method)s %(path)s %(status)s [%(time_taken).2f, %(client)s]
2024-09-29 10:49:01 [django-main-thread]-[runserver.log_action:171]-[INFO]:HTTP %(method)s %(path)s %(status)s [%(time_taken).2f, %(client)s]
2024-09-29 10:49:01 [django-main-thread]-[runserver.log_action:171]-[INFO]:HTTP %(method)s %(path)s %(status)s [%(time_taken).2f, %(client)s]
2024-09-29 10:52:29 [django-main-thread]-[runserver.log_action:171]-[INFO]:HTTP %(method)s %(path)s %(status)s [%(time_taken).2f, %(client)s]
2024-09-29 10:52:29 [django-main-thread]-[runserver.log_action:171]-[INFO]:HTTP %(method)s %(path)s %(status)s [%(time_taken).2f, %(client)s]
2024-09-29 11:28:49 [django-main-thread]-[runserver.log_action:171]-[INFO]:HTTP %(method)s %(path)s %(status)s [%(time_taken).2f, %(client)s]
2024-09-29 11:28:49 [django-main-thread]-[runserver.log_action:171]-[INFO]:HTTP %(method)s %(path)s %(status)s [%(time_taken).2f, %(client)s]
2024-09-29 11:29:38 [django-main-thread]-[runserver.log_action:171]-[INFO]:HTTP %(method)s %(path)s %(status)s [%(time_taken).2f, %(client)s]
2024-09-29 11:29:38 [django-main-thread]-[runserver.log_action:171]-[INFO]:HTTP %(method)s %(path)s %(status)s [%(time_taken).2f, %(client)s]
2024-09-29 11:29:38 [django-main-thread]-[runserver.log_action:171]-[INFO]:HTTP %(method)s %(path)s %(status)s [%(time_taken).2f, %(client)s]
2024-09-29 11:29:38 [django-main-thread]-[runserver.log_action:171]-[INFO]:HTTP %(method)s %(path)s %(status)s [%(time_taken).2f, %(client)s]
2024-09-29 11:34:48 [django-main-thread]-[runserver.log_action:171]-[INFO]:HTTP %(method)s %(path)s %(status)s [%(time_taken).2f, %(client)s]
2024-09-29 11:34:48 [django-main-thread]-[runserver.log_action:171]-[INFO]:HTTP %(method)s %(path)s %(status)s [%(time_taken).2f, %(client)s]
2024-09-29 11:34:59 [django-main-thread]-[runserver.log_action:171]-[INFO]:HTTP %(method)s %(path)s %(status)s [%(time_taken).2f, %(client)s]
2024-09-29 11:34:59 [django-main-thread]-[runserver.log_action:171]-[INFO]:HTTP %(method)s %(path)s %(status)s [%(time_taken).2f, %(client)s]
