2023-07-28 17:05:59 [INFO]: 执行文件-> test_login.yaml
2023-07-28 17:05:59 [INFO]: 参数化数据-> [{'username': 'test1', 'password': '123456'}, {'username': 'test2', 'password': 'abdxxx'}]
2023-07-28 17:05:59 [INFO]: 用例步骤：1 -> 登录1
2023-07-28 17:05:59 [INFO]: 当前用例引用参数化数据-> {'request': <FixtureRequest for <Function test_login[test1-123456]>>, 'username': 'test1', 'password': '123456'}
2023-07-28 17:05:59 [INFO]: --------  request info ----------
{
    "url": "http://124.70.221.221:8201/api/v1/login/",
    "method": "POST",
    "headers": {
        "Content-Type": "application/json",
        "User-Agent": "python-requests/2.18.4"
    },
    "hooks": {
        "request_hooks": [
            "func1",
            "func2"
        ],
        "response_hooks": [
            "hook_response"
        ]
    },
    "json": {
        "username": "test1",
        "password": "123456"
    }
}
2023-07-28 17:05:59 [INFO]: --------  response info ----------
status: True
msg: success
statusCode: 200
responseHeaders:
[
    {
        "name": "Date",
        "value": "Fri, 28 Jul 2023 09:05:59 GMT"
    },
    {
        "name": "Server",
        "value": "WSGIServer/0.2 CPython/3.6.8"
    },
    {
        "name": "Content-Type",
        "value": "application/json"
    },
    {
        "name": "Allow",
        "value": "POST, OPTIONS"
    },
    {
        "name": "X-Frame-Options",
        "value": "SAMEORIGIN"
    },
    {
        "name": "Content-Length",
        "value": "110"
    },
    {
        "name": "Vary",
        "value": "Cookie"
    },
    {
        "name": "Set-Cookie",
        "value": "sessionid=8wmgcbkqgvgkbb666hqsah3xzn0ijo5m; expires=Fri, 11-Aug-2023 09:05:59 GMT; HttpOnly; Max-Age=1209600; Path=/"
    }
]
responseBody:
{
    "code": 0,
    "msg": "login success!",
    "username": "test1",
    "token": "658c17b78967e4cfa00b3a59a32b67f3d4892074"
}
cookies: [{'name': 'sessionid', 'value': '8wmgcbkqgvgkbb666hqsah3xzn0ijo5m'}]
cost: 2066ms
cookie: <RequestsCookieJar[<Cookie sessionid=8wmgcbkqgvgkbb666hqsah3xzn0ijo5m for 124.70.221.221/>]>
2023-07-28 17:05:59 [INFO]: 执行文件-> test_login.yaml
2023-07-28 17:05:59 [INFO]: 参数化数据-> [{'username': 'test1', 'password': '123456'}, {'username': 'test2', 'password': 'abdxxx'}]
2023-07-28 17:05:59 [INFO]: 用例步骤：1 -> 登录1
2023-07-28 17:05:59 [INFO]: 当前用例引用参数化数据-> {'request': <FixtureRequest for <Function test_login[test2-abdxxx]>>, 'username': 'test2', 'password': 'abdxxx'}
2023-07-28 17:05:59 [INFO]: --------  request info ----------
{
    "url": "http://124.70.221.221:8201/api/v1/login/",
    "method": "POST",
    "headers": {
        "Content-Type": "application/json",
        "User-Agent": "python-requests/2.18.4"
    },
    "hooks": {
        "request_hooks": [
            "func1",
            "func2"
        ],
        "response_hooks": [
            "hook_response"
        ]
    },
    "json": {
        "username": "test2",
        "password": "abdxxx"
    }
}
2023-07-28 17:06:00 [INFO]: --------  response info ----------
status: True
msg: success
statusCode: 200
responseHeaders:
[
    {
        "name": "Date",
        "value": "Fri, 28 Jul 2023 09:05:59 GMT"
    },
    {
        "name": "Server",
        "value": "WSGIServer/0.2 CPython/3.6.8"
    },
    {
        "name": "Content-Type",
        "value": "application/json"
    },
    {
        "name": "Allow",
        "value": "POST, OPTIONS"
    },
    {
        "name": "X-Frame-Options",
        "value": "SAMEORIGIN"
    },
    {
        "name": "Content-Length",
        "value": "76"
    },
    {
        "name": "Vary",
        "value": "Cookie"
    },
    {
        "name": "Set-Cookie",
        "value": "sessionid=v90tjtmufuqah0wy0jv08ggex9xhnc9p; expires=Fri, 11-Aug-2023 09:05:59 GMT; HttpOnly; Max-Age=1209600; Path=/"
    }
]
responseBody:
{
    "code": 3003,
    "msg": "账号或密码不正确",
    "username": "test2",
    "token": ""
}
cookies: [{'name': 'sessionid', 'value': 'v90tjtmufuqah0wy0jv08ggex9xhnc9p'}]
cost: 1821ms
cookie: <RequestsCookieJar[<Cookie sessionid=v90tjtmufuqah0wy0jv08ggex9xhnc9p for 124.70.221.221/>]>
