2023-07-25 17:23:09 [INFO]: 执行文件-> test_login.yaml
2023-07-25 17:23:09 [INFO]: 用例步骤：1 -> 登录2
2023-07-25 17:23:09 [INFO]: --------  request info ----------
{
    "url": "http://124.70.221.221:8201/api/v1/login/",
    "method": "POST",
    "headers": {
        "Content-Type": "application/json",
        "User-Agent": "python-requests/2.18.4"
    },
    "json": {
        "username": "test",
        "password": "123456"
    }
}
2023-07-25 17:23:09 [INFO]: --------  response info ----------
status: True
msg: success
statusCode: 200
responseHeaders:
[
    {
        "name": "Date",
        "value": "Tue, 25 Jul 2023 09:23:09 GMT"
    },
    {
        "name": "Server",
        "value": "WSGIServer/0.2 CPython/3.6.8"
    },
    {
        "name": "Content-Type",
        "value": "application/json"
    },
    {
        "name": "Allow",
        "value": "POST, OPTIONS"
    },
    {
        "name": "X-Frame-Options",
        "value": "SAMEORIGIN"
    },
    {
        "name": "Content-Length",
        "value": "109"
    },
    {
        "name": "Vary",
        "value": "Cookie"
    },
    {
        "name": "Set-Cookie",
        "value": "sessionid=sb3c71633gpmikcjgjysa6rt5y7hp6cs; expires=Tue, 08-Aug-2023 09:23:09 GMT; HttpOnly; Max-Age=1209600; Path=/"
    }
]
responseBody:
{
    "code": 0,
    "msg": "login success!",
    "username": "test",
    "token": "2cb181071456a2a6aa7142fe4b467df460af40fa"
}
cookies: [{'name': 'sessionid', 'value': 'sb3c71633gpmikcjgjysa6rt5y7hp6cs'}]
cost: 2162ms
cookie: <RequestsCookieJar[<Cookie sessionid=sb3c71633gpmikcjgjysa6rt5y7hp6cs for 124.70.221.221/>]>
2023-07-25 17:23:09 [INFO]: 断言 -> [{'eq': ['$.msg', 'success']}]
2023-07-25 17:23:09 [INFO]: 参数提取 -> {
    "statusCode": 200,
    "token": "2cb181071456a2a6aa7142fe4b467df460af40fa"
}
2023-07-25 17:23:09 [INFO]: 用例步骤：2 -> 登录1
2023-07-25 17:23:09 [INFO]: --------  request info ----------
{
    "url": "http://124.70.221.221:8201/api/v1/login/",
    "method": "POST",
    "headers": {
        "Content-Type": "application/json",
        "User-Agent": "python-requests/2.18.4"
    },
    "json": {
        "username": "test",
        "password": "123456",
        "code": "1772706",
        "statusCode": "200"
    }
}
2023-07-25 17:23:10 [INFO]: --------  response info ----------
status: True
msg: success
statusCode: 200
responseHeaders:
[
    {
        "name": "Date",
        "value": "Tue, 25 Jul 2023 09:23:09 GMT"
    },
    {
        "name": "Server",
        "value": "WSGIServer/0.2 CPython/3.6.8"
    },
    {
        "name": "Content-Type",
        "value": "application/json"
    },
    {
        "name": "Allow",
        "value": "POST, OPTIONS"
    },
    {
        "name": "X-Frame-Options",
        "value": "SAMEORIGIN"
    },
    {
        "name": "Content-Length",
        "value": "109"
    },
    {
        "name": "Vary",
        "value": "Cookie"
    },
    {
        "name": "Set-Cookie",
        "value": "sessionid=2sgng7qdlu9992v3f12rlpsvpv0a277o; expires=Tue, 08-Aug-2023 09:23:09 GMT; HttpOnly; Max-Age=1209600; Path=/"
    }
]
responseBody:
{
    "code": 0,
    "msg": "login success!",
    "username": "test",
    "token": "577527b1aa0e570b4255cd1e430a279cf04e3c8e"
}
cookies: [{'name': 'sessionid', 'value': '2sgng7qdlu9992v3f12rlpsvpv0a277o'}]
cost: 2164ms
cookie: <RequestsCookieJar[<Cookie sessionid=2sgng7qdlu9992v3f12rlpsvpv0a277o for 124.70.221.221/>]>
2023-07-25 17:23:10 [INFO]: 断言 -> [{'eq': ['$.msg', 'success']}]
