2023-07-27 17:41:06 [INFO]: 执行文件-> test_login.yaml
2023-07-27 17:41:06 [INFO]: 参数化数据-> [{'username': 'test1', 'password': '123456'}, {'username': 'test2', 'password': 'abdxxx'}]
2023-07-27 17:41:06 [INFO]: 用例步骤：1 -> 登录1
2023-07-27 17:41:06 [INFO]: --------  request info ----------
{
    "url": "http://124.70.221.221:8201/api/v1/login/",
    "method": "POST",
    "headers": {
        "Content-Type": "application/json",
        "User-Agent": "python-requests/2.18.4"
    },
    "json": {
        "username": "test1",
        "password": "123456"
    }
}
2023-07-27 17:41:06 [INFO]: --------  response info ----------
status: True
msg: success
statusCode: 200
responseHeaders:
[
    {
        "name": "Date",
        "value": "Thu, 27 Jul 2023 09:41:06 GMT"
    },
    {
        "name": "Server",
        "value": "WSGIServer/0.2 CPython/3.6.8"
    },
    {
        "name": "Content-Type",
        "value": "application/json"
    },
    {
        "name": "Allow",
        "value": "POST, OPTIONS"
    },
    {
        "name": "X-Frame-Options",
        "value": "SAMEORIGIN"
    },
    {
        "name": "Content-Length",
        "value": "110"
    },
    {
        "name": "Vary",
        "value": "Cookie"
    },
    {
        "name": "Set-Cookie",
        "value": "sessionid=txi54nl1732v9xy09grb6qcgmzc24bg6; expires=Thu, 10-Aug-2023 09:41:06 GMT; HttpOnly; Max-Age=1209600; Path=/"
    }
]
responseBody:
{
    "code": 0,
    "msg": "login success!",
    "username": "test1",
    "token": "98d22ecd690b036c952850eb2fcdcb739216a34b"
}
cookies: [{'name': 'sessionid', 'value': 'txi54nl1732v9xy09grb6qcgmzc24bg6'}]
cost: 2062ms
cookie: <RequestsCookieJar[<Cookie sessionid=txi54nl1732v9xy09grb6qcgmzc24bg6 for 124.70.221.221/>]>
2023-07-27 17:41:06 [INFO]: 执行文件-> test_login.yaml
2023-07-27 17:41:06 [INFO]: 参数化数据-> [{'username': 'test1', 'password': '123456'}, {'username': 'test2', 'password': 'abdxxx'}]
2023-07-27 17:41:06 [INFO]: 用例步骤：1 -> 登录1
2023-07-27 17:41:06 [INFO]: --------  request info ----------
{
    "url": "http://124.70.221.221:8201/api/v1/login/",
    "method": "POST",
    "headers": {
        "Content-Type": "application/json",
        "User-Agent": "python-requests/2.18.4"
    },
    "json": {
        "username": "test2",
        "password": "abdxxx"
    }
}
2023-07-27 17:41:06 [INFO]: --------  response info ----------
status: True
msg: success
statusCode: 200
responseHeaders:
[
    {
        "name": "Date",
        "value": "Thu, 27 Jul 2023 09:41:07 GMT"
    },
    {
        "name": "Server",
        "value": "WSGIServer/0.2 CPython/3.6.8"
    },
    {
        "name": "Content-Type",
        "value": "application/json"
    },
    {
        "name": "Allow",
        "value": "POST, OPTIONS"
    },
    {
        "name": "X-Frame-Options",
        "value": "SAMEORIGIN"
    },
    {
        "name": "Content-Length",
        "value": "76"
    },
    {
        "name": "Vary",
        "value": "Cookie"
    },
    {
        "name": "Set-Cookie",
        "value": "sessionid=ws4wq0zy6bdkx8qrfv9q04ehckpvbgg1; expires=Thu, 10-Aug-2023 09:41:06 GMT; HttpOnly; Max-Age=1209600; Path=/"
    }
]
responseBody:
{
    "code": 3003,
    "msg": "账号或密码不正确",
    "username": "test2",
    "token": ""
}
cookies: [{'name': 'sessionid', 'value': 'ws4wq0zy6bdkx8qrfv9q04ehckpvbgg1'}]
cost: 2046ms
cookie: <RequestsCookieJar[<Cookie sessionid=ws4wq0zy6bdkx8qrfv9q04ehckpvbgg1 for 124.70.221.221/>]>
