2023-07-27 16:59:19 [INFO]: 执行文件-> test_login.yaml
2023-07-27 16:59:19 [INFO]: 用例步骤：1 -> 登录1
2023-07-27 16:59:19 [INFO]: --------  request info ----------
{
    "url": "http://124.70.221.221:8201/api/v1/login/",
    "method": "POST",
    "headers": {
        "Content-Type": "application/json",
        "User-Agent": "python-requests/2.18.4"
    },
    "json": {
        "username": "test1",
        "password": "123456"
    }
}
2023-07-27 16:59:19 [INFO]: --------  response info ----------
status: True
msg: success
statusCode: 200
responseHeaders:
[
    {
        "name": "Date",
        "value": "Thu, 27 Jul 2023 08:59:19 GMT"
    },
    {
        "name": "Server",
        "value": "WSGIServer/0.2 CPython/3.6.8"
    },
    {
        "name": "Content-Type",
        "value": "application/json"
    },
    {
        "name": "Allow",
        "value": "POST, OPTIONS"
    },
    {
        "name": "X-Frame-Options",
        "value": "SAMEORIGIN"
    },
    {
        "name": "Content-Length",
        "value": "110"
    },
    {
        "name": "Vary",
        "value": "Cookie"
    },
    {
        "name": "Set-Cookie",
        "value": "sessionid=bc6hgd8n4mc8zzsb63x614fbkctzuucv; expires=Thu, 10-Aug-2023 08:59:19 GMT; HttpOnly; Max-Age=1209600; Path=/"
    }
]
responseBody:
{
    "code": 0,
    "msg": "login success!",
    "username": "test1",
    "token": "d9e70456376f2cf5c5befd5295beeb4e4212f4e4"
}
cookies: [{'name': 'sessionid', 'value': 'bc6hgd8n4mc8zzsb63x614fbkctzuucv'}]
cost: 2308ms
cookie: <RequestsCookieJar[<Cookie sessionid=bc6hgd8n4mc8zzsb63x614fbkctzuucv for 124.70.221.221/>]>
2023-07-27 16:59:19 [INFO]: 执行文件-> test_login.yaml
2023-07-27 16:59:19 [INFO]: 用例步骤：1 -> 登录1
2023-07-27 16:59:19 [INFO]: --------  request info ----------
{
    "url": "http://124.70.221.221:8201/api/v1/login/",
    "method": "POST",
    "headers": {
        "Content-Type": "application/json",
        "User-Agent": "python-requests/2.18.4"
    },
    "json": {
        "username": "test2",
        "password": "abdxxx"
    }
}
2023-07-27 16:59:20 [INFO]: --------  response info ----------
status: True
msg: success
statusCode: 200
responseHeaders:
[
    {
        "name": "Date",
        "value": "Thu, 27 Jul 2023 08:59:20 GMT"
    },
    {
        "name": "Server",
        "value": "WSGIServer/0.2 CPython/3.6.8"
    },
    {
        "name": "Content-Type",
        "value": "application/json"
    },
    {
        "name": "Allow",
        "value": "POST, OPTIONS"
    },
    {
        "name": "X-Frame-Options",
        "value": "SAMEORIGIN"
    },
    {
        "name": "Content-Length",
        "value": "76"
    },
    {
        "name": "Vary",
        "value": "Cookie"
    },
    {
        "name": "Set-Cookie",
        "value": "sessionid=c9llxh8egjijwlhpui8ccdy63o4182w6; expires=Thu, 10-Aug-2023 08:59:20 GMT; HttpOnly; Max-Age=1209600; Path=/"
    }
]
responseBody:
{
    "code": 3003,
    "msg": "账号或密码不正确",
    "username": "test2",
    "token": ""
}
cookies: [{'name': 'sessionid', 'value': 'c9llxh8egjijwlhpui8ccdy63o4182w6'}]
cost: 2036ms
cookie: <RequestsCookieJar[<Cookie sessionid=c9llxh8egjijwlhpui8ccdy63o4182w6 for 124.70.221.221/>]>
