2023-07-28 17:52:13 [INFO]: 执行文件-> test_login.yaml
2023-07-28 17:52:13 [INFO]: 参数化数据-> [{'username': 'test1', 'password': '123456'}, {'username': 'test2', 'password': 'abdxxx'}]
2023-07-28 17:52:13 [INFO]: 用例步骤：1 -> 登录1
2023-07-28 17:52:13 [INFO]: 当前用例引用参数化数据-> {'request': <FixtureRequest for <Function test_login[test1-123456]>>, 'username': 'test1', 'password': '123456'}
2023-07-28 17:52:13 [INFO]: --------  request info ----------
{
    "url": "http://124.70.221.221:8201/api/v1/login/",
    "method": "POST",
    "headers": {
        "Content-Type": "application/json",
        "User-Agent": "python-requests/2.18.4"
    },
    "hooks": {
        "request_hooks": [
            "func1"
        ],
        "response_hooks": [
            "func2"
        ]
    },
    "json": {
        "username": "test1",
        "password": "123456"
    }
}
2023-07-28 17:52:13 [INFO]: f--------  执行前置条件 ----------
func1
2023-07-28 17:52:13 [INFO]: --------  response info ----------
status: True
msg: success
statusCode: 200
responseHeaders:
[
    {
        "name": "Date",
        "value": "Fri, 28 Jul 2023 09:52:13 GMT"
    },
    {
        "name": "Server",
        "value": "WSGIServer/0.2 CPython/3.6.8"
    },
    {
        "name": "Content-Type",
        "value": "application/json"
    },
    {
        "name": "Allow",
        "value": "POST, OPTIONS"
    },
    {
        "name": "X-Frame-Options",
        "value": "SAMEORIGIN"
    },
    {
        "name": "Content-Length",
        "value": "110"
    },
    {
        "name": "Vary",
        "value": "Cookie"
    },
    {
        "name": "Set-Cookie",
        "value": "sessionid=5bh712yrif1a22dt11bgnn8orza39ktc; expires=Fri, 11-Aug-2023 09:52:13 GMT; HttpOnly; Max-Age=1209600; Path=/"
    }
]
responseBody:
{
    "code": 0,
    "msg": "login success!",
    "username": "test1",
    "token": "25e7dacb7851fcad0534b384c53281aee6106aca"
}
cookies: [{'name': 'sessionid', 'value': '5bh712yrif1a22dt11bgnn8orza39ktc'}]
cost: 2005ms
cookie: <RequestsCookieJar[<Cookie sessionid=5bh712yrif1a22dt11bgnn8orza39ktc for 124.70.221.221/>]>
2023-07-28 17:52:13 [INFO]: f--------  执行后置条件 ----------
func2
2023-07-28 17:52:13 [INFO]: 执行文件-> test_login.yaml
2023-07-28 17:52:13 [INFO]: 参数化数据-> [{'username': 'test1', 'password': '123456'}, {'username': 'test2', 'password': 'abdxxx'}]
2023-07-28 17:52:13 [INFO]: 用例步骤：1 -> 登录1
2023-07-28 17:52:13 [INFO]: 当前用例引用参数化数据-> {'request': <FixtureRequest for <Function test_login[test2-abdxxx]>>, 'username': 'test2', 'password': 'abdxxx'}
2023-07-28 17:52:13 [INFO]: --------  request info ----------
{
    "url": "http://124.70.221.221:8201/api/v1/login/",
    "method": "POST",
    "headers": {
        "Content-Type": "application/json",
        "User-Agent": "python-requests/2.18.4"
    },
    "hooks": {
        "request_hooks": [
            "func1"
        ],
        "response_hooks": [
            "func2"
        ]
    },
    "json": {
        "username": "test2",
        "password": "abdxxx"
    }
}
2023-07-28 17:52:13 [INFO]: f--------  执行前置条件 ----------
func1
2023-07-28 17:52:13 [INFO]: --------  response info ----------
status: True
msg: success
statusCode: 200
responseHeaders:
[
    {
        "name": "Date",
        "value": "Fri, 28 Jul 2023 09:52:13 GMT"
    },
    {
        "name": "Server",
        "value": "WSGIServer/0.2 CPython/3.6.8"
    },
    {
        "name": "Content-Type",
        "value": "application/json"
    },
    {
        "name": "Allow",
        "value": "POST, OPTIONS"
    },
    {
        "name": "X-Frame-Options",
        "value": "SAMEORIGIN"
    },
    {
        "name": "Content-Length",
        "value": "76"
    },
    {
        "name": "Vary",
        "value": "Cookie"
    },
    {
        "name": "Set-Cookie",
        "value": "sessionid=bam07wy6g71cmr6zo65xj5pm14g0uldq; expires=Fri, 11-Aug-2023 09:52:13 GMT; HttpOnly; Max-Age=1209600; Path=/"
    }
]
responseBody:
{
    "code": 3003,
    "msg": "账号或密码不正确",
    "username": "test2",
    "token": ""
}
cookies: [{'name': 'sessionid', 'value': 'bam07wy6g71cmr6zo65xj5pm14g0uldq'}]
cost: 1848ms
cookie: <RequestsCookieJar[<Cookie sessionid=bam07wy6g71cmr6zo65xj5pm14g0uldq for 124.70.221.221/>]>
2023-07-28 17:52:13 [INFO]: f--------  执行后置条件 ----------
func2
