2023-07-28 17:49:57 [INFO]: 执行文件-> test_login.yaml
2023-07-28 17:49:57 [INFO]: 参数化数据-> [{'username': 'test1', 'password': '123456'}, {'username': 'test2', 'password': 'abdxxx'}]
2023-07-28 17:49:57 [INFO]: 用例步骤：1 -> 登录1
2023-07-28 17:49:57 [INFO]: 当前用例引用参数化数据-> {'request': <FixtureRequest for <Function test_login[test1-123456]>>, 'username': 'test1', 'password': '123456'}
2023-07-28 17:49:57 [INFO]: --------  request info ----------
{
    "url": "http://124.70.221.221:8201/api/v1/login/",
    "method": "POST",
    "headers": {
        "Content-Type": "application/json",
        "User-Agent": "python-requests/2.18.4"
    },
    "hooks": {
        "request_hooks": [
            "func1"
        ],
        "response_hooks": [
            "func2"
        ]
    },
    "json": {
        "username": "test1",
        "password": "123456"
    }
}
2023-07-28 17:49:57 [INFO]: f--------  执行前置条件 ----------
func1
2023-07-28 17:50:00 [INFO]: f--------  执行后置条件 ----------
func2
2023-07-28 17:50:00 [INFO]: --------  response info ----------
status: True
msg: success
statusCode: 200
responseHeaders:
[
    {
        "name": "Date",
        "value": "Fri, 28 Jul 2023 09:49:57 GMT"
    },
    {
        "name": "Server",
        "value": "WSGIServer/0.2 CPython/3.6.8"
    },
    {
        "name": "Content-Type",
        "value": "application/json"
    },
    {
        "name": "Allow",
        "value": "POST, OPTIONS"
    },
    {
        "name": "X-Frame-Options",
        "value": "SAMEORIGIN"
    },
    {
        "name": "Content-Length",
        "value": "110"
    },
    {
        "name": "Vary",
        "value": "Cookie"
    },
    {
        "name": "Set-Cookie",
        "value": "sessionid=zgu1ejfe9ks0vnq3fir0dmputcgapg3i; expires=Fri, 11-Aug-2023 09:49:57 GMT; HttpOnly; Max-Age=1209600; Path=/"
    }
]
responseBody:
{
    "code": 0,
    "msg": "login success!",
    "username": "test1",
    "token": "bda892eddb9d8a3a4fdba59b022072d4b9a4de43"
}
cookies: [{'name': 'sessionid', 'value': 'zgu1ejfe9ks0vnq3fir0dmputcgapg3i'}]
cost: 2154ms
cookie: <RequestsCookieJar[<Cookie sessionid=zgu1ejfe9ks0vnq3fir0dmputcgapg3i for 124.70.221.221/>]>
2023-07-28 17:50:00 [INFO]: 执行文件-> test_login.yaml
2023-07-28 17:50:00 [INFO]: 参数化数据-> [{'username': 'test1', 'password': '123456'}, {'username': 'test2', 'password': 'abdxxx'}]
2023-07-28 17:50:00 [INFO]: 用例步骤：1 -> 登录1
2023-07-28 17:50:00 [INFO]: 当前用例引用参数化数据-> {'request': <FixtureRequest for <Function test_login[test2-abdxxx]>>, 'username': 'test2', 'password': 'abdxxx'}
2023-07-28 17:50:00 [INFO]: --------  request info ----------
{
    "url": "http://124.70.221.221:8201/api/v1/login/",
    "method": "POST",
    "headers": {
        "Content-Type": "application/json",
        "User-Agent": "python-requests/2.18.4"
    },
    "hooks": {
        "request_hooks": [
            "func1"
        ],
        "response_hooks": [
            "func2"
        ]
    },
    "json": {
        "username": "test2",
        "password": "abdxxx"
    }
}
2023-07-28 17:50:00 [INFO]: f--------  执行前置条件 ----------
func1
2023-07-28 17:50:03 [INFO]: f--------  执行后置条件 ----------
func2
2023-07-28 17:50:03 [INFO]: --------  response info ----------
status: True
msg: success
statusCode: 200
responseHeaders:
[
    {
        "name": "Date",
        "value": "Fri, 28 Jul 2023 09:50:00 GMT"
    },
    {
        "name": "Server",
        "value": "WSGIServer/0.2 CPython/3.6.8"
    },
    {
        "name": "Content-Type",
        "value": "application/json"
    },
    {
        "name": "Allow",
        "value": "POST, OPTIONS"
    },
    {
        "name": "X-Frame-Options",
        "value": "SAMEORIGIN"
    },
    {
        "name": "Content-Length",
        "value": "76"
    },
    {
        "name": "Vary",
        "value": "Cookie"
    },
    {
        "name": "Set-Cookie",
        "value": "sessionid=1sismsq0d0lluo3keychoyb8j8gd3l1t; expires=Fri, 11-Aug-2023 09:50:00 GMT; HttpOnly; Max-Age=1209600; Path=/"
    }
]
responseBody:
{
    "code": 3003,
    "msg": "账号或密码不正确",
    "username": "test2",
    "token": ""
}
cookies: [{'name': 'sessionid', 'value': '1sismsq0d0lluo3keychoyb8j8gd3l1t'}]
cost: 2034ms
cookie: <RequestsCookieJar[<Cookie sessionid=1sismsq0d0lluo3keychoyb8j8gd3l1t for 124.70.221.221/>]>
