2023-07-27 17:43:38 [INFO]: 执行文件-> test_login.yaml
2023-07-27 17:43:38 [INFO]: 参数化数据-> [{'username': 'test1', 'password': '123456'}, {'username': 'test2', 'password': 'abdxxx'}]
2023-07-27 17:43:38 [INFO]: 用例步骤：1 -> 登录1
2023-07-27 17:43:38 [INFO]: 当前用例引用参数化数据-> {'request': <FixtureRequest for <Function test_login[test1-123456]>>, 'username': 'test1', 'password': '123456'}
2023-07-27 17:43:38 [INFO]: --------  request info ----------
{
    "url": "http://124.70.221.221:8201/api/v1/login/",
    "method": "POST",
    "headers": {
        "Content-Type": "application/json",
        "User-Agent": "python-requests/2.18.4"
    },
    "json": {
        "username": "test1",
        "password": "123456"
    }
}
2023-07-27 17:43:39 [INFO]: --------  response info ----------
status: True
msg: success
statusCode: 200
responseHeaders:
[
    {
        "name": "Date",
        "value": "Thu, 27 Jul 2023 09:43:39 GMT"
    },
    {
        "name": "Server",
        "value": "WSGIServer/0.2 CPython/3.6.8"
    },
    {
        "name": "Content-Type",
        "value": "application/json"
    },
    {
        "name": "Allow",
        "value": "POST, OPTIONS"
    },
    {
        "name": "X-Frame-Options",
        "value": "SAMEORIGIN"
    },
    {
        "name": "Content-Length",
        "value": "110"
    },
    {
        "name": "Vary",
        "value": "Cookie"
    },
    {
        "name": "Set-Cookie",
        "value": "sessionid=wcxa3bv2d6ihz9pkw7o3b3lp8xohmxx6; expires=Thu, 10-Aug-2023 09:43:39 GMT; HttpOnly; Max-Age=1209600; Path=/"
    }
]
responseBody:
{
    "code": 0,
    "msg": "login success!",
    "username": "test1",
    "token": "b0dfa0079193c34842aa282f757af8fe3158d1fd"
}
cookies: [{'name': 'sessionid', 'value': 'wcxa3bv2d6ihz9pkw7o3b3lp8xohmxx6'}]
cost: 2379ms
cookie: <RequestsCookieJar[<Cookie sessionid=wcxa3bv2d6ihz9pkw7o3b3lp8xohmxx6 for 124.70.221.221/>]>
2023-07-27 17:43:39 [INFO]: 执行文件-> test_login.yaml
2023-07-27 17:43:39 [INFO]: 参数化数据-> [{'username': 'test1', 'password': '123456'}, {'username': 'test2', 'password': 'abdxxx'}]
2023-07-27 17:43:39 [INFO]: 用例步骤：1 -> 登录1
2023-07-27 17:43:39 [INFO]: 当前用例引用参数化数据-> {'request': <FixtureRequest for <Function test_login[test2-abdxxx]>>, 'username': 'test2', 'password': 'abdxxx'}
2023-07-27 17:43:39 [INFO]: --------  request info ----------
{
    "url": "http://124.70.221.221:8201/api/v1/login/",
    "method": "POST",
    "headers": {
        "Content-Type": "application/json",
        "User-Agent": "python-requests/2.18.4"
    },
    "json": {
        "username": "test2",
        "password": "abdxxx"
    }
}
2023-07-27 17:43:39 [INFO]: --------  response info ----------
status: True
msg: success
statusCode: 200
responseHeaders:
[
    {
        "name": "Date",
        "value": "Thu, 27 Jul 2023 09:43:39 GMT"
    },
    {
        "name": "Server",
        "value": "WSGIServer/0.2 CPython/3.6.8"
    },
    {
        "name": "Content-Type",
        "value": "application/json"
    },
    {
        "name": "Allow",
        "value": "POST, OPTIONS"
    },
    {
        "name": "X-Frame-Options",
        "value": "SAMEORIGIN"
    },
    {
        "name": "Content-Length",
        "value": "76"
    },
    {
        "name": "Vary",
        "value": "Cookie"
    },
    {
        "name": "Set-Cookie",
        "value": "sessionid=wsr2vag7zwpaumng7yaj66b0i23dv117; expires=Thu, 10-Aug-2023 09:43:39 GMT; HttpOnly; Max-Age=1209600; Path=/"
    }
]
responseBody:
{
    "code": 3003,
    "msg": "账号或密码不正确",
    "username": "test2",
    "token": ""
}
cookies: [{'name': 'sessionid', 'value': 'wsr2vag7zwpaumng7yaj66b0i23dv117'}]
cost: 1906ms
cookie: <RequestsCookieJar[<Cookie sessionid=wsr2vag7zwpaumng7yaj66b0i23dv117 for 124.70.221.221/>]>
