2024-08-14 18:05:06 [MainThread]-[main.main:22]-[INFO]:启动服务: 0.0.0.0:5001
2024-08-14 18:05:20 [MainThread]-[main.main:22]-[INFO]:启动服务: 0.0.0.0:5001
2024-08-15 10:37:46 [MainThread]-[main.main:13]-[INFO]:启动服务: 0.0.0.0:5001
2024-08-15 10:45:12 [MainThread]-[registry._register:39]-[INFO]:组件注册 -> 相等对象已经在service_registry中注册!
2024-08-15 10:45:12 [MainThread]-[registry._register:39]-[INFO]:组件注册 -> 大于对象已经在service_registry中注册!
2024-08-15 10:45:12 [MainThread]-[registry._register:39]-[INFO]:组件注册 -> 小于对象已经在service_registry中注册!
2024-08-15 10:45:12 [MainThread]-[registry._register:39]-[INFO]:组件注册 -> 大于等于对象已经在service_registry中注册!
2024-08-15 10:45:12 [MainThread]-[registry._register:39]-[INFO]:组件注册 -> 小于等于对象已经在service_registry中注册!
2024-08-15 10:45:12 [MainThread]-[registry._register:39]-[INFO]:组件注册 -> 不等于对象已经在service_registry中注册!
2024-08-15 10:45:12 [MainThread]-[registry._register:39]-[INFO]:组件注册 -> 不为空对象已经在service_registry中注册!
2024-08-15 10:45:12 [MainThread]-[registry._register:39]-[INFO]:组件注册 -> 为空对象已经在service_registry中注册!
2024-08-15 10:45:12 [MainThread]-[registry._register:39]-[INFO]:组件注册 -> 字符串类型相等对象已经在service_registry中注册!
2024-08-15 10:45:12 [MainThread]-[registry._register:39]-[INFO]:组件注册 -> 长度相等对象已经在service_registry中注册!
2024-08-15 10:45:12 [MainThread]-[registry._register:39]-[INFO]:组件注册 -> 长度大于对象已经在service_registry中注册!
2024-08-15 10:45:12 [MainThread]-[registry._register:39]-[INFO]:组件注册 -> 长度大于等于对象已经在service_registry中注册!
2024-08-15 10:45:12 [MainThread]-[registry._register:39]-[INFO]:组件注册 -> 长度小于对象已经在service_registry中注册!
2024-08-15 10:45:12 [MainThread]-[registry._register:39]-[INFO]:组件注册 -> 长度小于等于对象已经在service_registry中注册!
2024-08-15 10:45:12 [MainThread]-[registry._register:39]-[INFO]:组件注册 -> 包含对象已经在service_registry中注册!
2024-08-15 10:45:12 [MainThread]-[registry._register:39]-[INFO]:组件注册 -> 包含常见类型对象已经在service_registry中注册!
2024-08-15 10:45:12 [MainThread]-[registry._register:39]-[INFO]:组件注册 -> 类型匹配对象已经在service_registry中注册!
2024-08-15 10:45:12 [MainThread]-[registry._register:39]-[INFO]:组件注册 -> 正则匹配对象已经在service_registry中注册!
2024-08-15 10:45:12 [MainThread]-[registry._register:39]-[INFO]:组件注册 -> 前缀相等对象已经在service_registry中注册!
2024-08-15 10:45:12 [MainThread]-[registry._register:39]-[INFO]:组件注册 -> 后缀相等对象已经在service_registry中注册!
2024-08-15 10:45:12 [MainThread]-[main.main:13]-[INFO]:启动服务: 0.0.0.0:5001
2024-08-15 10:45:57 [MainThread]-[registry._register:39]-[INFO]:组件注册 -> 相等对象已经在service_registry中注册!
2024-08-15 10:45:57 [MainThread]-[registry._register:39]-[INFO]:组件注册 -> 大于对象已经在service_registry中注册!
2024-08-15 10:45:57 [MainThread]-[registry._register:39]-[INFO]:组件注册 -> 小于对象已经在service_registry中注册!
2024-08-15 10:45:57 [MainThread]-[registry._register:39]-[INFO]:组件注册 -> 大于等于对象已经在service_registry中注册!
2024-08-15 10:45:57 [MainThread]-[registry._register:39]-[INFO]:组件注册 -> 小于等于对象已经在service_registry中注册!
2024-08-15 10:45:57 [MainThread]-[registry._register:39]-[INFO]:组件注册 -> 不等于对象已经在service_registry中注册!
2024-08-15 10:45:57 [MainThread]-[registry._register:39]-[INFO]:组件注册 -> 不为空对象已经在service_registry中注册!
2024-08-15 10:45:57 [MainThread]-[registry._register:39]-[INFO]:组件注册 -> 为空对象已经在service_registry中注册!
2024-08-15 10:45:57 [MainThread]-[registry._register:39]-[INFO]:组件注册 -> 字符串类型相等对象已经在service_registry中注册!
2024-08-15 10:45:57 [MainThread]-[registry._register:39]-[INFO]:组件注册 -> 长度相等对象已经在service_registry中注册!
2024-08-15 10:45:57 [MainThread]-[registry._register:39]-[INFO]:组件注册 -> 长度大于对象已经在service_registry中注册!
2024-08-15 10:45:57 [MainThread]-[registry._register:39]-[INFO]:组件注册 -> 长度大于等于对象已经在service_registry中注册!
2024-08-15 10:45:57 [MainThread]-[registry._register:39]-[INFO]:组件注册 -> 长度小于对象已经在service_registry中注册!
2024-08-15 10:45:57 [MainThread]-[registry._register:39]-[INFO]:组件注册 -> 长度小于等于对象已经在service_registry中注册!
2024-08-15 10:45:57 [MainThread]-[registry._register:39]-[INFO]:组件注册 -> 包含对象已经在service_registry中注册!
2024-08-15 10:45:57 [MainThread]-[registry._register:39]-[INFO]:组件注册 -> 包含常见类型对象已经在service_registry中注册!
2024-08-15 10:45:57 [MainThread]-[registry._register:39]-[INFO]:组件注册 -> 类型匹配对象已经在service_registry中注册!
2024-08-15 10:45:57 [MainThread]-[registry._register:39]-[INFO]:组件注册 -> 正则匹配对象已经在service_registry中注册!
2024-08-15 10:45:57 [MainThread]-[registry._register:39]-[INFO]:组件注册 -> 前缀相等对象已经在service_registry中注册!
2024-08-15 10:45:57 [MainThread]-[registry._register:39]-[INFO]:组件注册 -> 后缀相等对象已经在service_registry中注册!
2024-08-15 10:45:57 [MainThread]-[main.main:13]-[INFO]:启动服务: 0.0.0.0:5001
2024-08-15 10:46:24 [MainThread]-[registry._register:39]-[INFO]:组件注册 -> 相等对象已经在service_registry中注册!
2024-08-15 10:46:24 [MainThread]-[registry._register:39]-[INFO]:组件注册 -> 大于对象已经在service_registry中注册!
2024-08-15 10:46:24 [MainThread]-[registry._register:39]-[INFO]:组件注册 -> 小于对象已经在service_registry中注册!
2024-08-15 10:46:24 [MainThread]-[registry._register:39]-[INFO]:组件注册 -> 大于等于对象已经在service_registry中注册!
2024-08-15 10:46:24 [MainThread]-[registry._register:39]-[INFO]:组件注册 -> 小于等于对象已经在service_registry中注册!
2024-08-15 10:46:24 [MainThread]-[registry._register:39]-[INFO]:组件注册 -> 不等于对象已经在service_registry中注册!
2024-08-15 10:46:24 [MainThread]-[registry._register:39]-[INFO]:组件注册 -> 不为空对象已经在service_registry中注册!
2024-08-15 10:46:24 [MainThread]-[registry._register:39]-[INFO]:组件注册 -> 为空对象已经在service_registry中注册!
2024-08-15 10:46:24 [MainThread]-[registry._register:39]-[INFO]:组件注册 -> 字符串类型相等对象已经在service_registry中注册!
2024-08-15 10:46:24 [MainThread]-[registry._register:39]-[INFO]:组件注册 -> 长度相等对象已经在service_registry中注册!
2024-08-15 10:46:24 [MainThread]-[registry._register:39]-[INFO]:组件注册 -> 长度大于对象已经在service_registry中注册!
2024-08-15 10:46:24 [MainThread]-[registry._register:39]-[INFO]:组件注册 -> 长度大于等于对象已经在service_registry中注册!
2024-08-15 10:46:24 [MainThread]-[registry._register:39]-[INFO]:组件注册 -> 长度小于对象已经在service_registry中注册!
2024-08-15 10:46:24 [MainThread]-[registry._register:39]-[INFO]:组件注册 -> 长度小于等于对象已经在service_registry中注册!
2024-08-15 10:46:24 [MainThread]-[registry._register:39]-[INFO]:组件注册 -> 包含对象已经在service_registry中注册!
2024-08-15 10:46:24 [MainThread]-[registry._register:39]-[INFO]:组件注册 -> 包含常见类型对象已经在service_registry中注册!
2024-08-15 10:46:24 [MainThread]-[registry._register:39]-[INFO]:组件注册 -> 类型匹配对象已经在service_registry中注册!
2024-08-15 10:46:24 [MainThread]-[registry._register:39]-[INFO]:组件注册 -> 正则匹配对象已经在service_registry中注册!
2024-08-15 10:46:24 [MainThread]-[registry._register:39]-[INFO]:组件注册 -> 前缀相等对象已经在service_registry中注册!
2024-08-15 10:46:24 [MainThread]-[registry._register:39]-[INFO]:组件注册 -> 后缀相等对象已经在service_registry中注册!
2024-08-15 10:46:24 [MainThread]-[main.main:13]-[INFO]:启动服务: 0.0.0.0:5001
2024-08-15 10:46:54 [MainThread]-[registry._register:39]-[INFO]:组件注册 -> 相等对象已经在service_registry中注册!
2024-08-15 10:46:54 [MainThread]-[registry._register:39]-[INFO]:组件注册 -> 大于对象已经在service_registry中注册!
2024-08-15 10:46:54 [MainThread]-[registry._register:39]-[INFO]:组件注册 -> 小于对象已经在service_registry中注册!
2024-08-15 10:46:54 [MainThread]-[registry._register:39]-[INFO]:组件注册 -> 大于等于对象已经在service_registry中注册!
2024-08-15 10:46:54 [MainThread]-[registry._register:39]-[INFO]:组件注册 -> 小于等于对象已经在service_registry中注册!
2024-08-15 10:46:54 [MainThread]-[registry._register:39]-[INFO]:组件注册 -> 不等于对象已经在service_registry中注册!
2024-08-15 10:46:54 [MainThread]-[registry._register:39]-[INFO]:组件注册 -> 不为空对象已经在service_registry中注册!
2024-08-15 10:46:54 [MainThread]-[registry._register:39]-[INFO]:组件注册 -> 为空对象已经在service_registry中注册!
2024-08-15 10:46:54 [MainThread]-[registry._register:39]-[INFO]:组件注册 -> 字符串类型相等对象已经在service_registry中注册!
2024-08-15 10:46:54 [MainThread]-[registry._register:39]-[INFO]:组件注册 -> 长度相等对象已经在service_registry中注册!
2024-08-15 10:46:54 [MainThread]-[registry._register:39]-[INFO]:组件注册 -> 长度大于对象已经在service_registry中注册!
2024-08-15 10:46:54 [MainThread]-[registry._register:39]-[INFO]:组件注册 -> 长度大于等于对象已经在service_registry中注册!
2024-08-15 10:46:54 [MainThread]-[registry._register:39]-[INFO]:组件注册 -> 长度小于对象已经在service_registry中注册!
2024-08-15 10:46:54 [MainThread]-[registry._register:39]-[INFO]:组件注册 -> 长度小于等于对象已经在service_registry中注册!
2024-08-15 10:46:54 [MainThread]-[registry._register:39]-[INFO]:组件注册 -> 包含对象已经在service_registry中注册!
2024-08-15 10:46:54 [MainThread]-[registry._register:39]-[INFO]:组件注册 -> 包含常见类型对象已经在service_registry中注册!
2024-08-15 10:46:54 [MainThread]-[registry._register:39]-[INFO]:组件注册 -> 类型匹配对象已经在service_registry中注册!
2024-08-15 10:46:54 [MainThread]-[registry._register:39]-[INFO]:组件注册 -> 正则匹配对象已经在service_registry中注册!
2024-08-15 10:46:54 [MainThread]-[registry._register:39]-[INFO]:组件注册 -> 前缀相等对象已经在service_registry中注册!
2024-08-15 10:46:54 [MainThread]-[registry._register:39]-[INFO]:组件注册 -> 后缀相等对象已经在service_registry中注册!
2024-08-15 10:46:54 [MainThread]-[main.main:13]-[INFO]:启动服务: 0.0.0.0:5001
2024-08-15 10:47:06 [MainThread]-[registry._register:39]-[INFO]:组件注册 -> 相等对象已经在service_registry中注册!
2024-08-15 10:47:06 [MainThread]-[registry._register:39]-[INFO]:组件注册 -> 大于对象已经在service_registry中注册!
2024-08-15 10:47:06 [MainThread]-[registry._register:39]-[INFO]:组件注册 -> 小于对象已经在service_registry中注册!
2024-08-15 10:47:06 [MainThread]-[registry._register:39]-[INFO]:组件注册 -> 大于等于对象已经在service_registry中注册!
2024-08-15 10:47:06 [MainThread]-[registry._register:39]-[INFO]:组件注册 -> 小于等于对象已经在service_registry中注册!
2024-08-15 10:47:06 [MainThread]-[registry._register:39]-[INFO]:组件注册 -> 不等于对象已经在service_registry中注册!
2024-08-15 10:47:06 [MainThread]-[registry._register:39]-[INFO]:组件注册 -> 不为空对象已经在service_registry中注册!
2024-08-15 10:47:06 [MainThread]-[registry._register:39]-[INFO]:组件注册 -> 为空对象已经在service_registry中注册!
2024-08-15 10:47:06 [MainThread]-[registry._register:39]-[INFO]:组件注册 -> 字符串类型相等对象已经在service_registry中注册!
2024-08-15 10:47:06 [MainThread]-[registry._register:39]-[INFO]:组件注册 -> 长度相等对象已经在service_registry中注册!
2024-08-15 10:47:06 [MainThread]-[registry._register:39]-[INFO]:组件注册 -> 长度大于对象已经在service_registry中注册!
2024-08-15 10:47:06 [MainThread]-[registry._register:39]-[INFO]:组件注册 -> 长度大于等于对象已经在service_registry中注册!
2024-08-15 10:47:06 [MainThread]-[registry._register:39]-[INFO]:组件注册 -> 长度小于对象已经在service_registry中注册!
2024-08-15 10:47:06 [MainThread]-[registry._register:39]-[INFO]:组件注册 -> 长度小于等于对象已经在service_registry中注册!
2024-08-15 10:47:06 [MainThread]-[registry._register:39]-[INFO]:组件注册 -> 包含对象已经在service_registry中注册!
2024-08-15 10:47:06 [MainThread]-[registry._register:39]-[INFO]:组件注册 -> 包含常见类型对象已经在service_registry中注册!
2024-08-15 10:47:06 [MainThread]-[registry._register:39]-[INFO]:组件注册 -> 类型匹配对象已经在service_registry中注册!
2024-08-15 10:47:06 [MainThread]-[registry._register:39]-[INFO]:组件注册 -> 正则匹配对象已经在service_registry中注册!
2024-08-15 10:47:06 [MainThread]-[registry._register:39]-[INFO]:组件注册 -> 前缀相等对象已经在service_registry中注册!
2024-08-15 10:47:06 [MainThread]-[registry._register:39]-[INFO]:组件注册 -> 后缀相等对象已经在service_registry中注册!
2024-08-15 10:47:07 [MainThread]-[main.main:13]-[INFO]:启动服务: 0.0.0.0:5001
2024-08-15 10:47:37 [MainThread]-[registry._register:39]-[INFO]:组件注册 -> 相等对象已经在service_registry中注册!
2024-08-15 10:47:37 [MainThread]-[registry._register:39]-[INFO]:组件注册 -> 大于对象已经在service_registry中注册!
2024-08-15 10:47:37 [MainThread]-[registry._register:39]-[INFO]:组件注册 -> 小于对象已经在service_registry中注册!
2024-08-15 10:47:37 [MainThread]-[registry._register:39]-[INFO]:组件注册 -> 大于等于对象已经在service_registry中注册!
2024-08-15 10:47:37 [MainThread]-[registry._register:39]-[INFO]:组件注册 -> 小于等于对象已经在service_registry中注册!
2024-08-15 10:47:37 [MainThread]-[registry._register:39]-[INFO]:组件注册 -> 不等于对象已经在service_registry中注册!
2024-08-15 10:47:37 [MainThread]-[registry._register:39]-[INFO]:组件注册 -> 不为空对象已经在service_registry中注册!
2024-08-15 10:47:37 [MainThread]-[registry._register:39]-[INFO]:组件注册 -> 为空对象已经在service_registry中注册!
2024-08-15 10:47:37 [MainThread]-[registry._register:39]-[INFO]:组件注册 -> 字符串类型相等对象已经在service_registry中注册!
2024-08-15 10:47:37 [MainThread]-[registry._register:39]-[INFO]:组件注册 -> 长度相等对象已经在service_registry中注册!
2024-08-15 10:47:37 [MainThread]-[registry._register:39]-[INFO]:组件注册 -> 长度大于对象已经在service_registry中注册!
2024-08-15 10:47:37 [MainThread]-[registry._register:39]-[INFO]:组件注册 -> 长度大于等于对象已经在service_registry中注册!
2024-08-15 10:47:37 [MainThread]-[registry._register:39]-[INFO]:组件注册 -> 长度小于对象已经在service_registry中注册!
2024-08-15 10:47:37 [MainThread]-[registry._register:39]-[INFO]:组件注册 -> 长度小于等于对象已经在service_registry中注册!
2024-08-15 10:47:37 [MainThread]-[registry._register:39]-[INFO]:组件注册 -> 包含对象已经在service_registry中注册!
2024-08-15 10:47:37 [MainThread]-[registry._register:39]-[INFO]:组件注册 -> 包含常见类型对象已经在service_registry中注册!
2024-08-15 10:47:37 [MainThread]-[registry._register:39]-[INFO]:组件注册 -> 类型匹配对象已经在service_registry中注册!
2024-08-15 10:47:37 [MainThread]-[registry._register:39]-[INFO]:组件注册 -> 正则匹配对象已经在service_registry中注册!
2024-08-15 10:47:37 [MainThread]-[registry._register:39]-[INFO]:组件注册 -> 前缀相等对象已经在service_registry中注册!
2024-08-15 10:47:37 [MainThread]-[registry._register:39]-[INFO]:组件注册 -> 后缀相等对象已经在service_registry中注册!
2024-08-15 10:47:38 [MainThread]-[main.main:13]-[INFO]:启动服务: 0.0.0.0:5001
2024-08-15 10:48:01 [MainThread]-[registry._register:39]-[INFO]:组件注册 -> 相等对象已经在service_registry中注册!
2024-08-15 10:48:01 [MainThread]-[registry._register:39]-[INFO]:组件注册 -> 大于对象已经在service_registry中注册!
2024-08-15 10:48:01 [MainThread]-[registry._register:39]-[INFO]:组件注册 -> 小于对象已经在service_registry中注册!
2024-08-15 10:48:01 [MainThread]-[registry._register:39]-[INFO]:组件注册 -> 大于等于对象已经在service_registry中注册!
2024-08-15 10:48:01 [MainThread]-[registry._register:39]-[INFO]:组件注册 -> 小于等于对象已经在service_registry中注册!
2024-08-15 10:48:01 [MainThread]-[registry._register:39]-[INFO]:组件注册 -> 不等于对象已经在service_registry中注册!
2024-08-15 10:48:01 [MainThread]-[registry._register:39]-[INFO]:组件注册 -> 不为空对象已经在service_registry中注册!
2024-08-15 10:48:01 [MainThread]-[registry._register:39]-[INFO]:组件注册 -> 为空对象已经在service_registry中注册!
2024-08-15 10:48:01 [MainThread]-[registry._register:39]-[INFO]:组件注册 -> 字符串类型相等对象已经在service_registry中注册!
2024-08-15 10:48:01 [MainThread]-[registry._register:39]-[INFO]:组件注册 -> 长度相等对象已经在service_registry中注册!
2024-08-15 10:48:01 [MainThread]-[registry._register:39]-[INFO]:组件注册 -> 长度大于对象已经在service_registry中注册!
2024-08-15 10:48:01 [MainThread]-[registry._register:39]-[INFO]:组件注册 -> 长度大于等于对象已经在service_registry中注册!
2024-08-15 10:48:01 [MainThread]-[registry._register:39]-[INFO]:组件注册 -> 长度小于对象已经在service_registry中注册!
2024-08-15 10:48:01 [MainThread]-[registry._register:39]-[INFO]:组件注册 -> 长度小于等于对象已经在service_registry中注册!
2024-08-15 10:48:01 [MainThread]-[registry._register:39]-[INFO]:组件注册 -> 包含对象已经在service_registry中注册!
2024-08-15 10:48:01 [MainThread]-[registry._register:39]-[INFO]:组件注册 -> 包含常见类型对象已经在service_registry中注册!
2024-08-15 10:48:01 [MainThread]-[registry._register:39]-[INFO]:组件注册 -> 类型匹配对象已经在service_registry中注册!
2024-08-15 10:48:01 [MainThread]-[registry._register:39]-[INFO]:组件注册 -> 正则匹配对象已经在service_registry中注册!
2024-08-15 10:48:01 [MainThread]-[registry._register:39]-[INFO]:组件注册 -> 前缀相等对象已经在service_registry中注册!
2024-08-15 10:48:01 [MainThread]-[registry._register:39]-[INFO]:组件注册 -> 后缀相等对象已经在service_registry中注册!
2024-08-15 10:48:01 [MainThread]-[main.main:13]-[INFO]:启动服务: 0.0.0.0:5001
2024-08-15 10:50:57 [MainThread]-[registry._register:39]-[INFO]:组件注册 -> 相等对象已经在service_registry中注册!
2024-08-15 10:50:57 [MainThread]-[registry._register:39]-[INFO]:组件注册 -> 大于对象已经在service_registry中注册!
2024-08-15 10:50:57 [MainThread]-[registry._register:39]-[INFO]:组件注册 -> 小于对象已经在service_registry中注册!
2024-08-15 10:50:57 [MainThread]-[registry._register:39]-[INFO]:组件注册 -> 大于等于对象已经在service_registry中注册!
2024-08-15 10:50:57 [MainThread]-[registry._register:39]-[INFO]:组件注册 -> 小于等于对象已经在service_registry中注册!
2024-08-15 10:50:57 [MainThread]-[registry._register:39]-[INFO]:组件注册 -> 不等于对象已经在service_registry中注册!
2024-08-15 10:50:57 [MainThread]-[registry._register:39]-[INFO]:组件注册 -> 不为空对象已经在service_registry中注册!
2024-08-15 10:50:57 [MainThread]-[registry._register:39]-[INFO]:组件注册 -> 为空对象已经在service_registry中注册!
2024-08-15 10:50:57 [MainThread]-[registry._register:39]-[INFO]:组件注册 -> 字符串类型相等对象已经在service_registry中注册!
2024-08-15 10:50:57 [MainThread]-[registry._register:39]-[INFO]:组件注册 -> 长度相等对象已经在service_registry中注册!
2024-08-15 10:50:57 [MainThread]-[registry._register:39]-[INFO]:组件注册 -> 长度大于对象已经在service_registry中注册!
2024-08-15 10:50:57 [MainThread]-[registry._register:39]-[INFO]:组件注册 -> 长度大于等于对象已经在service_registry中注册!
2024-08-15 10:50:57 [MainThread]-[registry._register:39]-[INFO]:组件注册 -> 长度小于对象已经在service_registry中注册!
2024-08-15 10:50:57 [MainThread]-[registry._register:39]-[INFO]:组件注册 -> 长度小于等于对象已经在service_registry中注册!
2024-08-15 10:50:57 [MainThread]-[registry._register:39]-[INFO]:组件注册 -> 包含对象已经在service_registry中注册!
2024-08-15 10:50:57 [MainThread]-[registry._register:39]-[INFO]:组件注册 -> 包含常见类型对象已经在service_registry中注册!
2024-08-15 10:50:57 [MainThread]-[registry._register:39]-[INFO]:组件注册 -> 类型匹配对象已经在service_registry中注册!
2024-08-15 10:50:57 [MainThread]-[registry._register:39]-[INFO]:组件注册 -> 正则匹配对象已经在service_registry中注册!
2024-08-15 10:50:57 [MainThread]-[registry._register:39]-[INFO]:组件注册 -> 前缀相等对象已经在service_registry中注册!
2024-08-15 10:50:57 [MainThread]-[registry._register:39]-[INFO]:组件注册 -> 后缀相等对象已经在service_registry中注册!
2024-08-15 10:50:57 [MainThread]-[main.main:13]-[INFO]:启动服务: 0.0.0.0:5001
2024-08-15 10:52:12 [MainThread]-[registry._register:39]-[INFO]:组件注册 -> 相等对象已经在service_registry中注册!
2024-08-15 10:52:12 [MainThread]-[registry._register:39]-[INFO]:组件注册 -> 大于对象已经在service_registry中注册!
2024-08-15 10:52:12 [MainThread]-[registry._register:39]-[INFO]:组件注册 -> 小于对象已经在service_registry中注册!
2024-08-15 10:52:12 [MainThread]-[registry._register:39]-[INFO]:组件注册 -> 大于等于对象已经在service_registry中注册!
2024-08-15 10:52:12 [MainThread]-[registry._register:39]-[INFO]:组件注册 -> 小于等于对象已经在service_registry中注册!
2024-08-15 10:52:12 [MainThread]-[registry._register:39]-[INFO]:组件注册 -> 不等于对象已经在service_registry中注册!
2024-08-15 10:52:12 [MainThread]-[registry._register:39]-[INFO]:组件注册 -> 不为空对象已经在service_registry中注册!
2024-08-15 10:52:12 [MainThread]-[registry._register:39]-[INFO]:组件注册 -> 为空对象已经在service_registry中注册!
2024-08-15 10:52:12 [MainThread]-[registry._register:39]-[INFO]:组件注册 -> 字符串类型相等对象已经在service_registry中注册!
2024-08-15 10:52:12 [MainThread]-[registry._register:39]-[INFO]:组件注册 -> 长度相等对象已经在service_registry中注册!
2024-08-15 10:52:12 [MainThread]-[registry._register:39]-[INFO]:组件注册 -> 长度大于对象已经在service_registry中注册!
2024-08-15 10:52:12 [MainThread]-[registry._register:39]-[INFO]:组件注册 -> 长度大于等于对象已经在service_registry中注册!
2024-08-15 10:52:12 [MainThread]-[registry._register:39]-[INFO]:组件注册 -> 长度小于对象已经在service_registry中注册!
2024-08-15 10:52:12 [MainThread]-[registry._register:39]-[INFO]:组件注册 -> 长度小于等于对象已经在service_registry中注册!
2024-08-15 10:52:12 [MainThread]-[registry._register:39]-[INFO]:组件注册 -> 包含对象已经在service_registry中注册!
2024-08-15 10:52:12 [MainThread]-[registry._register:39]-[INFO]:组件注册 -> 包含常见类型对象已经在service_registry中注册!
2024-08-15 10:52:12 [MainThread]-[registry._register:39]-[INFO]:组件注册 -> 类型匹配对象已经在service_registry中注册!
2024-08-15 10:52:12 [MainThread]-[registry._register:39]-[INFO]:组件注册 -> 正则匹配对象已经在service_registry中注册!
2024-08-15 10:52:12 [MainThread]-[registry._register:39]-[INFO]:组件注册 -> 前缀相等对象已经在service_registry中注册!
2024-08-15 10:52:12 [MainThread]-[registry._register:39]-[INFO]:组件注册 -> 后缀相等对象已经在service_registry中注册!
2024-08-15 10:52:12 [MainThread]-[main.main:13]-[INFO]:启动服务: 0.0.0.0:5001
2024-08-15 10:52:35 [MainThread]-[registry._register:39]-[INFO]:组件注册 -> 相等对象已经在service_registry中注册!
2024-08-15 10:52:35 [MainThread]-[registry._register:39]-[INFO]:组件注册 -> 大于对象已经在service_registry中注册!
2024-08-15 10:52:35 [MainThread]-[registry._register:39]-[INFO]:组件注册 -> 小于对象已经在service_registry中注册!
2024-08-15 10:52:35 [MainThread]-[registry._register:39]-[INFO]:组件注册 -> 大于等于对象已经在service_registry中注册!
2024-08-15 10:52:35 [MainThread]-[registry._register:39]-[INFO]:组件注册 -> 小于等于对象已经在service_registry中注册!
2024-08-15 10:52:35 [MainThread]-[registry._register:39]-[INFO]:组件注册 -> 不等于对象已经在service_registry中注册!
2024-08-15 10:52:35 [MainThread]-[registry._register:39]-[INFO]:组件注册 -> 不为空对象已经在service_registry中注册!
2024-08-15 10:52:35 [MainThread]-[registry._register:39]-[INFO]:组件注册 -> 为空对象已经在service_registry中注册!
2024-08-15 10:52:35 [MainThread]-[registry._register:39]-[INFO]:组件注册 -> 字符串类型相等对象已经在service_registry中注册!
2024-08-15 10:52:35 [MainThread]-[registry._register:39]-[INFO]:组件注册 -> 长度相等对象已经在service_registry中注册!
2024-08-15 10:52:35 [MainThread]-[registry._register:39]-[INFO]:组件注册 -> 长度大于对象已经在service_registry中注册!
2024-08-15 10:52:35 [MainThread]-[registry._register:39]-[INFO]:组件注册 -> 长度大于等于对象已经在service_registry中注册!
2024-08-15 10:52:35 [MainThread]-[registry._register:39]-[INFO]:组件注册 -> 长度小于对象已经在service_registry中注册!
2024-08-15 10:52:35 [MainThread]-[registry._register:39]-[INFO]:组件注册 -> 长度小于等于对象已经在service_registry中注册!
2024-08-15 10:52:35 [MainThread]-[registry._register:39]-[INFO]:组件注册 -> 包含对象已经在service_registry中注册!
2024-08-15 10:52:35 [MainThread]-[registry._register:39]-[INFO]:组件注册 -> 包含常见类型对象已经在service_registry中注册!
2024-08-15 10:52:35 [MainThread]-[registry._register:39]-[INFO]:组件注册 -> 类型匹配对象已经在service_registry中注册!
2024-08-15 10:52:35 [MainThread]-[registry._register:39]-[INFO]:组件注册 -> 正则匹配对象已经在service_registry中注册!
2024-08-15 10:52:35 [MainThread]-[registry._register:39]-[INFO]:组件注册 -> 前缀相等对象已经在service_registry中注册!
2024-08-15 10:52:35 [MainThread]-[registry._register:39]-[INFO]:组件注册 -> 后缀相等对象已经在service_registry中注册!
2024-08-15 10:52:35 [MainThread]-[main.main:13]-[INFO]:启动服务: 0.0.0.0:5001
2024-08-15 10:53:08 [MainThread]-[registry._register:39]-[INFO]:组件注册 -> 相等对象已经在service_registry中注册!
2024-08-15 10:53:08 [MainThread]-[registry._register:39]-[INFO]:组件注册 -> 大于对象已经在service_registry中注册!
2024-08-15 10:53:08 [MainThread]-[registry._register:39]-[INFO]:组件注册 -> 小于对象已经在service_registry中注册!
2024-08-15 10:53:08 [MainThread]-[registry._register:39]-[INFO]:组件注册 -> 大于等于对象已经在service_registry中注册!
2024-08-15 10:53:08 [MainThread]-[registry._register:39]-[INFO]:组件注册 -> 小于等于对象已经在service_registry中注册!
2024-08-15 10:53:08 [MainThread]-[registry._register:39]-[INFO]:组件注册 -> 不等于对象已经在service_registry中注册!
2024-08-15 10:53:08 [MainThread]-[registry._register:39]-[INFO]:组件注册 -> 不为空对象已经在service_registry中注册!
2024-08-15 10:53:08 [MainThread]-[registry._register:39]-[INFO]:组件注册 -> 为空对象已经在service_registry中注册!
2024-08-15 10:53:08 [MainThread]-[registry._register:39]-[INFO]:组件注册 -> 字符串类型相等对象已经在service_registry中注册!
2024-08-15 10:53:08 [MainThread]-[registry._register:39]-[INFO]:组件注册 -> 长度相等对象已经在service_registry中注册!
2024-08-15 10:53:08 [MainThread]-[registry._register:39]-[INFO]:组件注册 -> 长度大于对象已经在service_registry中注册!
2024-08-15 10:53:08 [MainThread]-[registry._register:39]-[INFO]:组件注册 -> 长度大于等于对象已经在service_registry中注册!
2024-08-15 10:53:08 [MainThread]-[registry._register:39]-[INFO]:组件注册 -> 长度小于对象已经在service_registry中注册!
2024-08-15 10:53:08 [MainThread]-[registry._register:39]-[INFO]:组件注册 -> 长度小于等于对象已经在service_registry中注册!
2024-08-15 10:53:08 [MainThread]-[registry._register:39]-[INFO]:组件注册 -> 包含对象已经在service_registry中注册!
2024-08-15 10:53:08 [MainThread]-[registry._register:39]-[INFO]:组件注册 -> 包含常见类型对象已经在service_registry中注册!
2024-08-15 10:53:08 [MainThread]-[registry._register:39]-[INFO]:组件注册 -> 类型匹配对象已经在service_registry中注册!
2024-08-15 10:53:08 [MainThread]-[registry._register:39]-[INFO]:组件注册 -> 正则匹配对象已经在service_registry中注册!
2024-08-15 10:53:08 [MainThread]-[registry._register:39]-[INFO]:组件注册 -> 前缀相等对象已经在service_registry中注册!
2024-08-15 10:53:08 [MainThread]-[registry._register:39]-[INFO]:组件注册 -> 后缀相等对象已经在service_registry中注册!
2024-08-15 10:53:08 [MainThread]-[main.main:13]-[INFO]:启动服务: 0.0.0.0:5001
2024-08-15 10:55:02 [MainThread]-[registry._register:39]-[INFO]:组件注册 -> 相等对象已经在service_registry中注册!
2024-08-15 10:55:02 [MainThread]-[registry._register:39]-[INFO]:组件注册 -> 大于对象已经在service_registry中注册!
2024-08-15 10:55:02 [MainThread]-[registry._register:39]-[INFO]:组件注册 -> 小于对象已经在service_registry中注册!
2024-08-15 10:55:02 [MainThread]-[registry._register:39]-[INFO]:组件注册 -> 大于等于对象已经在service_registry中注册!
2024-08-15 10:55:02 [MainThread]-[registry._register:39]-[INFO]:组件注册 -> 小于等于对象已经在service_registry中注册!
2024-08-15 10:55:02 [MainThread]-[registry._register:39]-[INFO]:组件注册 -> 不等于对象已经在service_registry中注册!
2024-08-15 10:55:02 [MainThread]-[registry._register:39]-[INFO]:组件注册 -> 不为空对象已经在service_registry中注册!
2024-08-15 10:55:02 [MainThread]-[registry._register:39]-[INFO]:组件注册 -> 为空对象已经在service_registry中注册!
2024-08-15 10:55:02 [MainThread]-[registry._register:39]-[INFO]:组件注册 -> 字符串类型相等对象已经在service_registry中注册!
2024-08-15 10:55:02 [MainThread]-[registry._register:39]-[INFO]:组件注册 -> 长度相等对象已经在service_registry中注册!
2024-08-15 10:55:02 [MainThread]-[registry._register:39]-[INFO]:组件注册 -> 长度大于对象已经在service_registry中注册!
2024-08-15 10:55:02 [MainThread]-[registry._register:39]-[INFO]:组件注册 -> 长度大于等于对象已经在service_registry中注册!
2024-08-15 10:55:02 [MainThread]-[registry._register:39]-[INFO]:组件注册 -> 长度小于对象已经在service_registry中注册!
2024-08-15 10:55:02 [MainThread]-[registry._register:39]-[INFO]:组件注册 -> 长度小于等于对象已经在service_registry中注册!
2024-08-15 10:55:02 [MainThread]-[registry._register:39]-[INFO]:组件注册 -> 包含对象已经在service_registry中注册!
2024-08-15 10:55:02 [MainThread]-[registry._register:39]-[INFO]:组件注册 -> 包含常见类型对象已经在service_registry中注册!
2024-08-15 10:55:02 [MainThread]-[registry._register:39]-[INFO]:组件注册 -> 类型匹配对象已经在service_registry中注册!
2024-08-15 10:55:02 [MainThread]-[registry._register:39]-[INFO]:组件注册 -> 正则匹配对象已经在service_registry中注册!
2024-08-15 10:55:02 [MainThread]-[registry._register:39]-[INFO]:组件注册 -> 前缀相等对象已经在service_registry中注册!
2024-08-15 10:55:02 [MainThread]-[registry._register:39]-[INFO]:组件注册 -> 后缀相等对象已经在service_registry中注册!
2024-08-15 10:55:02 [MainThread]-[main.main:13]-[INFO]:启动服务: 0.0.0.0:5001
2024-08-15 10:55:18 [MainThread]-[registry._register:39]-[INFO]:组件注册 -> 相等对象已经在service_registry中注册!
2024-08-15 10:55:18 [MainThread]-[registry._register:39]-[INFO]:组件注册 -> 大于对象已经在service_registry中注册!
2024-08-15 10:55:18 [MainThread]-[registry._register:39]-[INFO]:组件注册 -> 小于对象已经在service_registry中注册!
2024-08-15 10:55:18 [MainThread]-[registry._register:39]-[INFO]:组件注册 -> 大于等于对象已经在service_registry中注册!
2024-08-15 10:55:18 [MainThread]-[registry._register:39]-[INFO]:组件注册 -> 小于等于对象已经在service_registry中注册!
2024-08-15 10:55:18 [MainThread]-[registry._register:39]-[INFO]:组件注册 -> 不等于对象已经在service_registry中注册!
2024-08-15 10:55:18 [MainThread]-[registry._register:39]-[INFO]:组件注册 -> 不为空对象已经在service_registry中注册!
2024-08-15 10:55:18 [MainThread]-[registry._register:39]-[INFO]:组件注册 -> 为空对象已经在service_registry中注册!
2024-08-15 10:55:18 [MainThread]-[registry._register:39]-[INFO]:组件注册 -> 字符串类型相等对象已经在service_registry中注册!
2024-08-15 10:55:18 [MainThread]-[registry._register:39]-[INFO]:组件注册 -> 长度相等对象已经在service_registry中注册!
2024-08-15 10:55:18 [MainThread]-[registry._register:39]-[INFO]:组件注册 -> 长度大于对象已经在service_registry中注册!
2024-08-15 10:55:18 [MainThread]-[registry._register:39]-[INFO]:组件注册 -> 长度大于等于对象已经在service_registry中注册!
2024-08-15 10:55:18 [MainThread]-[registry._register:39]-[INFO]:组件注册 -> 长度小于对象已经在service_registry中注册!
2024-08-15 10:55:18 [MainThread]-[registry._register:39]-[INFO]:组件注册 -> 长度小于等于对象已经在service_registry中注册!
2024-08-15 10:55:18 [MainThread]-[registry._register:39]-[INFO]:组件注册 -> 包含对象已经在service_registry中注册!
2024-08-15 10:55:18 [MainThread]-[registry._register:39]-[INFO]:组件注册 -> 包含常见类型对象已经在service_registry中注册!
2024-08-15 10:55:18 [MainThread]-[registry._register:39]-[INFO]:组件注册 -> 类型匹配对象已经在service_registry中注册!
2024-08-15 10:55:18 [MainThread]-[registry._register:39]-[INFO]:组件注册 -> 正则匹配对象已经在service_registry中注册!
2024-08-15 10:55:18 [MainThread]-[registry._register:39]-[INFO]:组件注册 -> 前缀相等对象已经在service_registry中注册!
2024-08-15 10:55:18 [MainThread]-[registry._register:39]-[INFO]:组件注册 -> 后缀相等对象已经在service_registry中注册!
2024-08-15 10:55:18 [MainThread]-[main.main:13]-[INFO]:启动服务: 0.0.0.0:5001
2024-08-15 10:55:38 [MainThread]-[registry._register:39]-[INFO]:组件注册 -> 相等对象已经在service_registry中注册!
2024-08-15 10:55:38 [MainThread]-[registry._register:39]-[INFO]:组件注册 -> 大于对象已经在service_registry中注册!
2024-08-15 10:55:38 [MainThread]-[registry._register:39]-[INFO]:组件注册 -> 小于对象已经在service_registry中注册!
2024-08-15 10:55:38 [MainThread]-[registry._register:39]-[INFO]:组件注册 -> 大于等于对象已经在service_registry中注册!
2024-08-15 10:55:38 [MainThread]-[registry._register:39]-[INFO]:组件注册 -> 小于等于对象已经在service_registry中注册!
2024-08-15 10:55:38 [MainThread]-[registry._register:39]-[INFO]:组件注册 -> 不等于对象已经在service_registry中注册!
2024-08-15 10:55:38 [MainThread]-[registry._register:39]-[INFO]:组件注册 -> 不为空对象已经在service_registry中注册!
2024-08-15 10:55:38 [MainThread]-[registry._register:39]-[INFO]:组件注册 -> 为空对象已经在service_registry中注册!
2024-08-15 10:55:38 [MainThread]-[registry._register:39]-[INFO]:组件注册 -> 字符串类型相等对象已经在service_registry中注册!
2024-08-15 10:55:38 [MainThread]-[registry._register:39]-[INFO]:组件注册 -> 长度相等对象已经在service_registry中注册!
2024-08-15 10:55:38 [MainThread]-[registry._register:39]-[INFO]:组件注册 -> 长度大于对象已经在service_registry中注册!
2024-08-15 10:55:38 [MainThread]-[registry._register:39]-[INFO]:组件注册 -> 长度大于等于对象已经在service_registry中注册!
2024-08-15 10:55:38 [MainThread]-[registry._register:39]-[INFO]:组件注册 -> 长度小于对象已经在service_registry中注册!
2024-08-15 10:55:38 [MainThread]-[registry._register:39]-[INFO]:组件注册 -> 长度小于等于对象已经在service_registry中注册!
2024-08-15 10:55:38 [MainThread]-[registry._register:39]-[INFO]:组件注册 -> 包含对象已经在service_registry中注册!
2024-08-15 10:55:38 [MainThread]-[registry._register:39]-[INFO]:组件注册 -> 包含常见类型对象已经在service_registry中注册!
2024-08-15 10:55:38 [MainThread]-[registry._register:39]-[INFO]:组件注册 -> 类型匹配对象已经在service_registry中注册!
2024-08-15 10:55:38 [MainThread]-[registry._register:39]-[INFO]:组件注册 -> 正则匹配对象已经在service_registry中注册!
2024-08-15 10:55:38 [MainThread]-[registry._register:39]-[INFO]:组件注册 -> 前缀相等对象已经在service_registry中注册!
2024-08-15 10:55:38 [MainThread]-[registry._register:39]-[INFO]:组件注册 -> 后缀相等对象已经在service_registry中注册!
2024-08-15 10:55:39 [MainThread]-[main.main:13]-[INFO]:启动服务: 0.0.0.0:5001
2024-08-15 10:57:12 [MainThread]-[registry._register:39]-[INFO]:组件注册 -> 相等对象已经在service_registry中注册!
2024-08-15 10:57:12 [MainThread]-[registry._register:39]-[INFO]:组件注册 -> 大于对象已经在service_registry中注册!
2024-08-15 10:57:12 [MainThread]-[registry._register:39]-[INFO]:组件注册 -> 小于对象已经在service_registry中注册!
2024-08-15 10:57:12 [MainThread]-[registry._register:39]-[INFO]:组件注册 -> 大于等于对象已经在service_registry中注册!
2024-08-15 10:57:12 [MainThread]-[registry._register:39]-[INFO]:组件注册 -> 小于等于对象已经在service_registry中注册!
2024-08-15 10:57:12 [MainThread]-[registry._register:39]-[INFO]:组件注册 -> 不等于对象已经在service_registry中注册!
2024-08-15 10:57:12 [MainThread]-[registry._register:39]-[INFO]:组件注册 -> 不为空对象已经在service_registry中注册!
2024-08-15 10:57:12 [MainThread]-[registry._register:39]-[INFO]:组件注册 -> 为空对象已经在service_registry中注册!
2024-08-15 10:57:12 [MainThread]-[registry._register:39]-[INFO]:组件注册 -> 字符串类型相等对象已经在service_registry中注册!
2024-08-15 10:57:12 [MainThread]-[registry._register:39]-[INFO]:组件注册 -> 长度相等对象已经在service_registry中注册!
2024-08-15 10:57:12 [MainThread]-[registry._register:39]-[INFO]:组件注册 -> 长度大于对象已经在service_registry中注册!
2024-08-15 10:57:12 [MainThread]-[registry._register:39]-[INFO]:组件注册 -> 长度大于等于对象已经在service_registry中注册!
2024-08-15 10:57:12 [MainThread]-[registry._register:39]-[INFO]:组件注册 -> 长度小于对象已经在service_registry中注册!
2024-08-15 10:57:12 [MainThread]-[registry._register:39]-[INFO]:组件注册 -> 长度小于等于对象已经在service_registry中注册!
2024-08-15 10:57:12 [MainThread]-[registry._register:39]-[INFO]:组件注册 -> 包含对象已经在service_registry中注册!
2024-08-15 10:57:12 [MainThread]-[registry._register:39]-[INFO]:组件注册 -> 包含常见类型对象已经在service_registry中注册!
2024-08-15 10:57:12 [MainThread]-[registry._register:39]-[INFO]:组件注册 -> 类型匹配对象已经在service_registry中注册!
2024-08-15 10:57:12 [MainThread]-[registry._register:39]-[INFO]:组件注册 -> 正则匹配对象已经在service_registry中注册!
2024-08-15 10:57:12 [MainThread]-[registry._register:39]-[INFO]:组件注册 -> 前缀相等对象已经在service_registry中注册!
2024-08-15 10:57:12 [MainThread]-[registry._register:39]-[INFO]:组件注册 -> 后缀相等对象已经在service_registry中注册!
2024-08-15 10:57:12 [MainThread]-[main.main:13]-[INFO]:启动服务: 0.0.0.0:5001
2024-08-15 10:58:55 [MainThread]-[registry._register:39]-[INFO]:组件注册 -> 相等对象已经在service_registry中注册!
2024-08-15 10:58:55 [MainThread]-[registry._register:39]-[INFO]:组件注册 -> 大于对象已经在service_registry中注册!
2024-08-15 10:58:55 [MainThread]-[registry._register:39]-[INFO]:组件注册 -> 小于对象已经在service_registry中注册!
2024-08-15 10:58:55 [MainThread]-[registry._register:39]-[INFO]:组件注册 -> 大于等于对象已经在service_registry中注册!
2024-08-15 10:58:55 [MainThread]-[registry._register:39]-[INFO]:组件注册 -> 小于等于对象已经在service_registry中注册!
2024-08-15 10:58:55 [MainThread]-[registry._register:39]-[INFO]:组件注册 -> 不等于对象已经在service_registry中注册!
2024-08-15 10:58:55 [MainThread]-[registry._register:39]-[INFO]:组件注册 -> 不为空对象已经在service_registry中注册!
2024-08-15 10:58:55 [MainThread]-[registry._register:39]-[INFO]:组件注册 -> 为空对象已经在service_registry中注册!
2024-08-15 10:58:55 [MainThread]-[registry._register:39]-[INFO]:组件注册 -> 字符串类型相等对象已经在service_registry中注册!
2024-08-15 10:58:55 [MainThread]-[registry._register:39]-[INFO]:组件注册 -> 长度相等对象已经在service_registry中注册!
2024-08-15 10:58:55 [MainThread]-[registry._register:39]-[INFO]:组件注册 -> 长度大于对象已经在service_registry中注册!
2024-08-15 10:58:55 [MainThread]-[registry._register:39]-[INFO]:组件注册 -> 长度大于等于对象已经在service_registry中注册!
2024-08-15 10:58:55 [MainThread]-[registry._register:39]-[INFO]:组件注册 -> 长度小于对象已经在service_registry中注册!
2024-08-15 10:58:55 [MainThread]-[registry._register:39]-[INFO]:组件注册 -> 长度小于等于对象已经在service_registry中注册!
2024-08-15 10:58:55 [MainThread]-[registry._register:39]-[INFO]:组件注册 -> 包含对象已经在service_registry中注册!
2024-08-15 10:58:55 [MainThread]-[registry._register:39]-[INFO]:组件注册 -> 包含常见类型对象已经在service_registry中注册!
2024-08-15 10:58:55 [MainThread]-[registry._register:39]-[INFO]:组件注册 -> 类型匹配对象已经在service_registry中注册!
2024-08-15 10:58:55 [MainThread]-[registry._register:39]-[INFO]:组件注册 -> 正则匹配对象已经在service_registry中注册!
2024-08-15 10:58:55 [MainThread]-[registry._register:39]-[INFO]:组件注册 -> 前缀相等对象已经在service_registry中注册!
2024-08-15 10:58:55 [MainThread]-[registry._register:39]-[INFO]:组件注册 -> 后缀相等对象已经在service_registry中注册!
2024-08-15 10:58:55 [MainThread]-[main.main:13]-[INFO]:启动服务: 0.0.0.0:5001
2024-08-15 11:02:17 [MainThread]-[registry._register:39]-[INFO]:组件注册 -> 相等对象已经在service_registry中注册!
2024-08-15 11:02:17 [MainThread]-[registry._register:39]-[INFO]:组件注册 -> 大于对象已经在service_registry中注册!
2024-08-15 11:02:17 [MainThread]-[registry._register:39]-[INFO]:组件注册 -> 小于对象已经在service_registry中注册!
2024-08-15 11:02:17 [MainThread]-[registry._register:39]-[INFO]:组件注册 -> 大于等于对象已经在service_registry中注册!
2024-08-15 11:02:17 [MainThread]-[registry._register:39]-[INFO]:组件注册 -> 小于等于对象已经在service_registry中注册!
2024-08-15 11:02:17 [MainThread]-[registry._register:39]-[INFO]:组件注册 -> 不等于对象已经在service_registry中注册!
2024-08-15 11:02:17 [MainThread]-[registry._register:39]-[INFO]:组件注册 -> 不为空对象已经在service_registry中注册!
2024-08-15 11:02:17 [MainThread]-[registry._register:39]-[INFO]:组件注册 -> 为空对象已经在service_registry中注册!
2024-08-15 11:02:17 [MainThread]-[registry._register:39]-[INFO]:组件注册 -> 字符串类型相等对象已经在service_registry中注册!
2024-08-15 11:02:17 [MainThread]-[registry._register:39]-[INFO]:组件注册 -> 长度相等对象已经在service_registry中注册!
2024-08-15 11:02:17 [MainThread]-[registry._register:39]-[INFO]:组件注册 -> 长度大于对象已经在service_registry中注册!
2024-08-15 11:02:17 [MainThread]-[registry._register:39]-[INFO]:组件注册 -> 长度大于等于对象已经在service_registry中注册!
2024-08-15 11:02:17 [MainThread]-[registry._register:39]-[INFO]:组件注册 -> 长度小于对象已经在service_registry中注册!
2024-08-15 11:02:17 [MainThread]-[registry._register:39]-[INFO]:组件注册 -> 长度小于等于对象已经在service_registry中注册!
2024-08-15 11:02:17 [MainThread]-[registry._register:39]-[INFO]:组件注册 -> 包含对象已经在service_registry中注册!
2024-08-15 11:02:17 [MainThread]-[registry._register:39]-[INFO]:组件注册 -> 包含常见类型对象已经在service_registry中注册!
2024-08-15 11:02:17 [MainThread]-[registry._register:39]-[INFO]:组件注册 -> 类型匹配对象已经在service_registry中注册!
2024-08-15 11:02:17 [MainThread]-[registry._register:39]-[INFO]:组件注册 -> 正则匹配对象已经在service_registry中注册!
2024-08-15 11:02:17 [MainThread]-[registry._register:39]-[INFO]:组件注册 -> 前缀相等对象已经在service_registry中注册!
2024-08-15 11:02:17 [MainThread]-[registry._register:39]-[INFO]:组件注册 -> 后缀相等对象已经在service_registry中注册!
2024-08-15 11:02:17 [MainThread]-[main.main:13]-[INFO]:启动服务: 0.0.0.0:5001
2024-08-15 11:02:57 [MainThread]-[registry._register:39]-[INFO]:组件注册 -> 相等对象已经在service_registry中注册!
2024-08-15 11:02:57 [MainThread]-[registry._register:39]-[INFO]:组件注册 -> 大于对象已经在service_registry中注册!
2024-08-15 11:02:57 [MainThread]-[registry._register:39]-[INFO]:组件注册 -> 小于对象已经在service_registry中注册!
2024-08-15 11:02:57 [MainThread]-[registry._register:39]-[INFO]:组件注册 -> 大于等于对象已经在service_registry中注册!
2024-08-15 11:02:57 [MainThread]-[registry._register:39]-[INFO]:组件注册 -> 小于等于对象已经在service_registry中注册!
2024-08-15 11:02:57 [MainThread]-[registry._register:39]-[INFO]:组件注册 -> 不等于对象已经在service_registry中注册!
2024-08-15 11:02:57 [MainThread]-[registry._register:39]-[INFO]:组件注册 -> 不为空对象已经在service_registry中注册!
2024-08-15 11:02:57 [MainThread]-[registry._register:39]-[INFO]:组件注册 -> 为空对象已经在service_registry中注册!
2024-08-15 11:02:57 [MainThread]-[registry._register:39]-[INFO]:组件注册 -> 字符串类型相等对象已经在service_registry中注册!
2024-08-15 11:02:57 [MainThread]-[registry._register:39]-[INFO]:组件注册 -> 长度相等对象已经在service_registry中注册!
2024-08-15 11:02:57 [MainThread]-[registry._register:39]-[INFO]:组件注册 -> 长度大于对象已经在service_registry中注册!
2024-08-15 11:02:57 [MainThread]-[registry._register:39]-[INFO]:组件注册 -> 长度大于等于对象已经在service_registry中注册!
2024-08-15 11:02:57 [MainThread]-[registry._register:39]-[INFO]:组件注册 -> 长度小于对象已经在service_registry中注册!
2024-08-15 11:02:57 [MainThread]-[registry._register:39]-[INFO]:组件注册 -> 长度小于等于对象已经在service_registry中注册!
2024-08-15 11:02:57 [MainThread]-[registry._register:39]-[INFO]:组件注册 -> 包含对象已经在service_registry中注册!
2024-08-15 11:02:57 [MainThread]-[registry._register:39]-[INFO]:组件注册 -> 包含常见类型对象已经在service_registry中注册!
2024-08-15 11:02:57 [MainThread]-[registry._register:39]-[INFO]:组件注册 -> 类型匹配对象已经在service_registry中注册!
2024-08-15 11:02:57 [MainThread]-[registry._register:39]-[INFO]:组件注册 -> 正则匹配对象已经在service_registry中注册!
2024-08-15 11:02:57 [MainThread]-[registry._register:39]-[INFO]:组件注册 -> 前缀相等对象已经在service_registry中注册!
2024-08-15 11:02:57 [MainThread]-[registry._register:39]-[INFO]:组件注册 -> 后缀相等对象已经在service_registry中注册!
2024-08-15 11:02:57 [MainThread]-[main.main:13]-[INFO]:启动服务: 0.0.0.0:5001
2024-08-15 11:38:26 [MainThread]-[registry._register:39]-[INFO]:组件注册 -> 相等对象已经在service_registry中注册!
2024-08-15 11:38:26 [MainThread]-[registry._register:39]-[INFO]:组件注册 -> 大于对象已经在service_registry中注册!
2024-08-15 11:38:26 [MainThread]-[registry._register:39]-[INFO]:组件注册 -> 小于对象已经在service_registry中注册!
2024-08-15 11:38:26 [MainThread]-[registry._register:39]-[INFO]:组件注册 -> 大于等于对象已经在service_registry中注册!
2024-08-15 11:38:26 [MainThread]-[registry._register:39]-[INFO]:组件注册 -> 小于等于对象已经在service_registry中注册!
2024-08-15 11:38:26 [MainThread]-[registry._register:39]-[INFO]:组件注册 -> 不等于对象已经在service_registry中注册!
2024-08-15 11:38:26 [MainThread]-[registry._register:39]-[INFO]:组件注册 -> 不为空对象已经在service_registry中注册!
2024-08-15 11:38:26 [MainThread]-[registry._register:39]-[INFO]:组件注册 -> 为空对象已经在service_registry中注册!
2024-08-15 11:38:26 [MainThread]-[registry._register:39]-[INFO]:组件注册 -> 字符串类型相等对象已经在service_registry中注册!
2024-08-15 11:38:26 [MainThread]-[registry._register:39]-[INFO]:组件注册 -> 长度相等对象已经在service_registry中注册!
2024-08-15 11:38:26 [MainThread]-[registry._register:39]-[INFO]:组件注册 -> 长度大于对象已经在service_registry中注册!
2024-08-15 11:38:26 [MainThread]-[registry._register:39]-[INFO]:组件注册 -> 长度大于等于对象已经在service_registry中注册!
2024-08-15 11:38:26 [MainThread]-[registry._register:39]-[INFO]:组件注册 -> 长度小于对象已经在service_registry中注册!
2024-08-15 11:38:26 [MainThread]-[registry._register:39]-[INFO]:组件注册 -> 长度小于等于对象已经在service_registry中注册!
2024-08-15 11:38:26 [MainThread]-[registry._register:39]-[INFO]:组件注册 -> 包含对象已经在service_registry中注册!
2024-08-15 11:38:26 [MainThread]-[registry._register:39]-[INFO]:组件注册 -> 包含常见类型对象已经在service_registry中注册!
2024-08-15 11:38:26 [MainThread]-[registry._register:39]-[INFO]:组件注册 -> 类型匹配对象已经在service_registry中注册!
2024-08-15 11:38:26 [MainThread]-[registry._register:39]-[INFO]:组件注册 -> 正则匹配对象已经在service_registry中注册!
2024-08-15 11:38:26 [MainThread]-[registry._register:39]-[INFO]:组件注册 -> 前缀相等对象已经在service_registry中注册!
2024-08-15 11:38:26 [MainThread]-[registry._register:39]-[INFO]:组件注册 -> 后缀相等对象已经在service_registry中注册!
2024-08-15 11:38:26 [MainThread]-[main.main:13]-[INFO]:启动服务: 0.0.0.0:5001
2024-08-15 11:41:15 [MainThread]-[registry._register:39]-[INFO]:组件注册 -> 相等对象已经在service_registry中注册!
2024-08-15 11:41:15 [MainThread]-[registry._register:39]-[INFO]:组件注册 -> 大于对象已经在service_registry中注册!
2024-08-15 11:41:15 [MainThread]-[registry._register:39]-[INFO]:组件注册 -> 小于对象已经在service_registry中注册!
2024-08-15 11:41:15 [MainThread]-[registry._register:39]-[INFO]:组件注册 -> 大于等于对象已经在service_registry中注册!
2024-08-15 11:41:15 [MainThread]-[registry._register:39]-[INFO]:组件注册 -> 小于等于对象已经在service_registry中注册!
2024-08-15 11:41:15 [MainThread]-[registry._register:39]-[INFO]:组件注册 -> 不等于对象已经在service_registry中注册!
2024-08-15 11:41:15 [MainThread]-[registry._register:39]-[INFO]:组件注册 -> 不为空对象已经在service_registry中注册!
2024-08-15 11:41:15 [MainThread]-[registry._register:39]-[INFO]:组件注册 -> 为空对象已经在service_registry中注册!
2024-08-15 11:41:15 [MainThread]-[registry._register:39]-[INFO]:组件注册 -> 字符串类型相等对象已经在service_registry中注册!
2024-08-15 11:41:15 [MainThread]-[registry._register:39]-[INFO]:组件注册 -> 长度相等对象已经在service_registry中注册!
2024-08-15 11:41:15 [MainThread]-[registry._register:39]-[INFO]:组件注册 -> 长度大于对象已经在service_registry中注册!
2024-08-15 11:41:15 [MainThread]-[registry._register:39]-[INFO]:组件注册 -> 长度大于等于对象已经在service_registry中注册!
2024-08-15 11:41:15 [MainThread]-[registry._register:39]-[INFO]:组件注册 -> 长度小于对象已经在service_registry中注册!
2024-08-15 11:41:15 [MainThread]-[registry._register:39]-[INFO]:组件注册 -> 长度小于等于对象已经在service_registry中注册!
2024-08-15 11:41:15 [MainThread]-[registry._register:39]-[INFO]:组件注册 -> 包含对象已经在service_registry中注册!
2024-08-15 11:41:15 [MainThread]-[registry._register:39]-[INFO]:组件注册 -> 包含常见类型对象已经在service_registry中注册!
2024-08-15 11:41:15 [MainThread]-[registry._register:39]-[INFO]:组件注册 -> 类型匹配对象已经在service_registry中注册!
2024-08-15 11:41:15 [MainThread]-[registry._register:39]-[INFO]:组件注册 -> 正则匹配对象已经在service_registry中注册!
2024-08-15 11:41:15 [MainThread]-[registry._register:39]-[INFO]:组件注册 -> 前缀相等对象已经在service_registry中注册!
2024-08-15 11:41:15 [MainThread]-[registry._register:39]-[INFO]:组件注册 -> 后缀相等对象已经在service_registry中注册!
2024-08-15 11:41:15 [MainThread]-[main.main:13]-[INFO]:启动服务: 0.0.0.0:5001
2024-08-15 11:41:21 [MainThread]-[registry._register:39]-[INFO]:组件注册 -> 相等对象已经在service_registry中注册!
2024-08-15 11:41:21 [MainThread]-[registry._register:39]-[INFO]:组件注册 -> 大于对象已经在service_registry中注册!
2024-08-15 11:41:21 [MainThread]-[registry._register:39]-[INFO]:组件注册 -> 小于对象已经在service_registry中注册!
2024-08-15 11:41:21 [MainThread]-[registry._register:39]-[INFO]:组件注册 -> 大于等于对象已经在service_registry中注册!
2024-08-15 11:41:21 [MainThread]-[registry._register:39]-[INFO]:组件注册 -> 小于等于对象已经在service_registry中注册!
2024-08-15 11:41:21 [MainThread]-[registry._register:39]-[INFO]:组件注册 -> 不等于对象已经在service_registry中注册!
2024-08-15 11:41:21 [MainThread]-[registry._register:39]-[INFO]:组件注册 -> 不为空对象已经在service_registry中注册!
2024-08-15 11:41:21 [MainThread]-[registry._register:39]-[INFO]:组件注册 -> 为空对象已经在service_registry中注册!
2024-08-15 11:41:21 [MainThread]-[registry._register:39]-[INFO]:组件注册 -> 字符串类型相等对象已经在service_registry中注册!
2024-08-15 11:41:21 [MainThread]-[registry._register:39]-[INFO]:组件注册 -> 长度相等对象已经在service_registry中注册!
2024-08-15 11:41:21 [MainThread]-[registry._register:39]-[INFO]:组件注册 -> 长度大于对象已经在service_registry中注册!
2024-08-15 11:41:21 [MainThread]-[registry._register:39]-[INFO]:组件注册 -> 长度大于等于对象已经在service_registry中注册!
2024-08-15 11:41:21 [MainThread]-[registry._register:39]-[INFO]:组件注册 -> 长度小于对象已经在service_registry中注册!
2024-08-15 11:41:21 [MainThread]-[registry._register:39]-[INFO]:组件注册 -> 长度小于等于对象已经在service_registry中注册!
2024-08-15 11:41:21 [MainThread]-[registry._register:39]-[INFO]:组件注册 -> 包含对象已经在service_registry中注册!
2024-08-15 11:41:21 [MainThread]-[registry._register:39]-[INFO]:组件注册 -> 包含常见类型对象已经在service_registry中注册!
2024-08-15 11:41:21 [MainThread]-[registry._register:39]-[INFO]:组件注册 -> 类型匹配对象已经在service_registry中注册!
2024-08-15 11:41:21 [MainThread]-[registry._register:39]-[INFO]:组件注册 -> 正则匹配对象已经在service_registry中注册!
2024-08-15 11:41:21 [MainThread]-[registry._register:39]-[INFO]:组件注册 -> 前缀相等对象已经在service_registry中注册!
2024-08-15 11:41:21 [MainThread]-[registry._register:39]-[INFO]:组件注册 -> 后缀相等对象已经在service_registry中注册!
2024-08-15 11:41:21 [MainThread]-[main.main:13]-[INFO]:启动服务: 0.0.0.0:5001
2024-08-15 11:41:28 [MainThread]-[registry._register:39]-[INFO]:组件注册 -> 相等对象已经在service_registry中注册!
2024-08-15 11:41:28 [MainThread]-[registry._register:39]-[INFO]:组件注册 -> 大于对象已经在service_registry中注册!
2024-08-15 11:41:28 [MainThread]-[registry._register:39]-[INFO]:组件注册 -> 小于对象已经在service_registry中注册!
2024-08-15 11:41:28 [MainThread]-[registry._register:39]-[INFO]:组件注册 -> 大于等于对象已经在service_registry中注册!
2024-08-15 11:41:28 [MainThread]-[registry._register:39]-[INFO]:组件注册 -> 小于等于对象已经在service_registry中注册!
2024-08-15 11:41:28 [MainThread]-[registry._register:39]-[INFO]:组件注册 -> 不等于对象已经在service_registry中注册!
2024-08-15 11:41:28 [MainThread]-[registry._register:39]-[INFO]:组件注册 -> 不为空对象已经在service_registry中注册!
2024-08-15 11:41:28 [MainThread]-[registry._register:39]-[INFO]:组件注册 -> 为空对象已经在service_registry中注册!
2024-08-15 11:41:28 [MainThread]-[registry._register:39]-[INFO]:组件注册 -> 字符串类型相等对象已经在service_registry中注册!
2024-08-15 11:41:28 [MainThread]-[registry._register:39]-[INFO]:组件注册 -> 长度相等对象已经在service_registry中注册!
2024-08-15 11:41:28 [MainThread]-[registry._register:39]-[INFO]:组件注册 -> 长度大于对象已经在service_registry中注册!
2024-08-15 11:41:28 [MainThread]-[registry._register:39]-[INFO]:组件注册 -> 长度大于等于对象已经在service_registry中注册!
2024-08-15 11:41:28 [MainThread]-[registry._register:39]-[INFO]:组件注册 -> 长度小于对象已经在service_registry中注册!
2024-08-15 11:41:28 [MainThread]-[registry._register:39]-[INFO]:组件注册 -> 长度小于等于对象已经在service_registry中注册!
2024-08-15 11:41:28 [MainThread]-[registry._register:39]-[INFO]:组件注册 -> 包含对象已经在service_registry中注册!
2024-08-15 11:41:28 [MainThread]-[registry._register:39]-[INFO]:组件注册 -> 包含常见类型对象已经在service_registry中注册!
2024-08-15 11:41:28 [MainThread]-[registry._register:39]-[INFO]:组件注册 -> 类型匹配对象已经在service_registry中注册!
2024-08-15 11:41:28 [MainThread]-[registry._register:39]-[INFO]:组件注册 -> 正则匹配对象已经在service_registry中注册!
2024-08-15 11:41:28 [MainThread]-[registry._register:39]-[INFO]:组件注册 -> 前缀相等对象已经在service_registry中注册!
2024-08-15 11:41:28 [MainThread]-[registry._register:39]-[INFO]:组件注册 -> 后缀相等对象已经在service_registry中注册!
2024-08-15 11:41:28 [MainThread]-[main.main:13]-[INFO]:启动服务: 0.0.0.0:5001
2024-08-15 11:41:47 [MainThread]-[registry._register:39]-[INFO]:组件注册 -> 相等对象已经在service_registry中注册!
2024-08-15 11:41:47 [MainThread]-[registry._register:39]-[INFO]:组件注册 -> 大于对象已经在service_registry中注册!
2024-08-15 11:41:47 [MainThread]-[registry._register:39]-[INFO]:组件注册 -> 小于对象已经在service_registry中注册!
2024-08-15 11:41:47 [MainThread]-[registry._register:39]-[INFO]:组件注册 -> 大于等于对象已经在service_registry中注册!
2024-08-15 11:41:47 [MainThread]-[registry._register:39]-[INFO]:组件注册 -> 小于等于对象已经在service_registry中注册!
2024-08-15 11:41:47 [MainThread]-[registry._register:39]-[INFO]:组件注册 -> 不等于对象已经在service_registry中注册!
2024-08-15 11:41:47 [MainThread]-[registry._register:39]-[INFO]:组件注册 -> 不为空对象已经在service_registry中注册!
2024-08-15 11:41:47 [MainThread]-[registry._register:39]-[INFO]:组件注册 -> 为空对象已经在service_registry中注册!
2024-08-15 11:41:47 [MainThread]-[registry._register:39]-[INFO]:组件注册 -> 字符串类型相等对象已经在service_registry中注册!
2024-08-15 11:41:47 [MainThread]-[registry._register:39]-[INFO]:组件注册 -> 长度相等对象已经在service_registry中注册!
2024-08-15 11:41:47 [MainThread]-[registry._register:39]-[INFO]:组件注册 -> 长度大于对象已经在service_registry中注册!
2024-08-15 11:41:47 [MainThread]-[registry._register:39]-[INFO]:组件注册 -> 长度大于等于对象已经在service_registry中注册!
2024-08-15 11:41:47 [MainThread]-[registry._register:39]-[INFO]:组件注册 -> 长度小于对象已经在service_registry中注册!
2024-08-15 11:41:47 [MainThread]-[registry._register:39]-[INFO]:组件注册 -> 长度小于等于对象已经在service_registry中注册!
2024-08-15 11:41:47 [MainThread]-[registry._register:39]-[INFO]:组件注册 -> 包含对象已经在service_registry中注册!
2024-08-15 11:41:47 [MainThread]-[registry._register:39]-[INFO]:组件注册 -> 包含常见类型对象已经在service_registry中注册!
2024-08-15 11:41:47 [MainThread]-[registry._register:39]-[INFO]:组件注册 -> 类型匹配对象已经在service_registry中注册!
2024-08-15 11:41:47 [MainThread]-[registry._register:39]-[INFO]:组件注册 -> 正则匹配对象已经在service_registry中注册!
2024-08-15 11:41:47 [MainThread]-[registry._register:39]-[INFO]:组件注册 -> 前缀相等对象已经在service_registry中注册!
2024-08-15 11:41:47 [MainThread]-[registry._register:39]-[INFO]:组件注册 -> 后缀相等对象已经在service_registry中注册!
2024-08-15 11:41:47 [MainThread]-[main.main:13]-[INFO]:启动服务: 0.0.0.0:5001
2024-08-15 11:41:59 [MainThread]-[registry._register:39]-[INFO]:组件注册 -> 相等对象已经在service_registry中注册!
2024-08-15 11:41:59 [MainThread]-[registry._register:39]-[INFO]:组件注册 -> 大于对象已经在service_registry中注册!
2024-08-15 11:41:59 [MainThread]-[registry._register:39]-[INFO]:组件注册 -> 小于对象已经在service_registry中注册!
2024-08-15 11:41:59 [MainThread]-[registry._register:39]-[INFO]:组件注册 -> 大于等于对象已经在service_registry中注册!
2024-08-15 11:41:59 [MainThread]-[registry._register:39]-[INFO]:组件注册 -> 小于等于对象已经在service_registry中注册!
2024-08-15 11:41:59 [MainThread]-[registry._register:39]-[INFO]:组件注册 -> 不等于对象已经在service_registry中注册!
2024-08-15 11:41:59 [MainThread]-[registry._register:39]-[INFO]:组件注册 -> 不为空对象已经在service_registry中注册!
2024-08-15 11:41:59 [MainThread]-[registry._register:39]-[INFO]:组件注册 -> 为空对象已经在service_registry中注册!
2024-08-15 11:41:59 [MainThread]-[registry._register:39]-[INFO]:组件注册 -> 字符串类型相等对象已经在service_registry中注册!
2024-08-15 11:41:59 [MainThread]-[registry._register:39]-[INFO]:组件注册 -> 长度相等对象已经在service_registry中注册!
2024-08-15 11:41:59 [MainThread]-[registry._register:39]-[INFO]:组件注册 -> 长度大于对象已经在service_registry中注册!
2024-08-15 11:41:59 [MainThread]-[registry._register:39]-[INFO]:组件注册 -> 长度大于等于对象已经在service_registry中注册!
2024-08-15 11:41:59 [MainThread]-[registry._register:39]-[INFO]:组件注册 -> 长度小于对象已经在service_registry中注册!
2024-08-15 11:41:59 [MainThread]-[registry._register:39]-[INFO]:组件注册 -> 长度小于等于对象已经在service_registry中注册!
2024-08-15 11:41:59 [MainThread]-[registry._register:39]-[INFO]:组件注册 -> 包含对象已经在service_registry中注册!
2024-08-15 11:41:59 [MainThread]-[registry._register:39]-[INFO]:组件注册 -> 包含常见类型对象已经在service_registry中注册!
2024-08-15 11:41:59 [MainThread]-[registry._register:39]-[INFO]:组件注册 -> 类型匹配对象已经在service_registry中注册!
2024-08-15 11:41:59 [MainThread]-[registry._register:39]-[INFO]:组件注册 -> 正则匹配对象已经在service_registry中注册!
2024-08-15 11:41:59 [MainThread]-[registry._register:39]-[INFO]:组件注册 -> 前缀相等对象已经在service_registry中注册!
2024-08-15 11:41:59 [MainThread]-[registry._register:39]-[INFO]:组件注册 -> 后缀相等对象已经在service_registry中注册!
2024-08-15 11:41:59 [MainThread]-[main.main:13]-[INFO]:启动服务: 0.0.0.0:5001
2024-08-15 11:46:57 [MainThread]-[registry._register:39]-[INFO]:组件注册 -> 相等对象已经在service_registry中注册!
2024-08-15 11:46:57 [MainThread]-[registry._register:39]-[INFO]:组件注册 -> 大于对象已经在service_registry中注册!
2024-08-15 11:46:57 [MainThread]-[registry._register:39]-[INFO]:组件注册 -> 小于对象已经在service_registry中注册!
2024-08-15 11:46:57 [MainThread]-[registry._register:39]-[INFO]:组件注册 -> 大于等于对象已经在service_registry中注册!
2024-08-15 11:46:57 [MainThread]-[registry._register:39]-[INFO]:组件注册 -> 小于等于对象已经在service_registry中注册!
2024-08-15 11:46:57 [MainThread]-[registry._register:39]-[INFO]:组件注册 -> 不等于对象已经在service_registry中注册!
2024-08-15 11:46:57 [MainThread]-[registry._register:39]-[INFO]:组件注册 -> 不为空对象已经在service_registry中注册!
2024-08-15 11:46:57 [MainThread]-[registry._register:39]-[INFO]:组件注册 -> 为空对象已经在service_registry中注册!
2024-08-15 11:46:57 [MainThread]-[registry._register:39]-[INFO]:组件注册 -> 字符串类型相等对象已经在service_registry中注册!
2024-08-15 11:46:57 [MainThread]-[registry._register:39]-[INFO]:组件注册 -> 长度相等对象已经在service_registry中注册!
2024-08-15 11:46:57 [MainThread]-[registry._register:39]-[INFO]:组件注册 -> 长度大于对象已经在service_registry中注册!
2024-08-15 11:46:57 [MainThread]-[registry._register:39]-[INFO]:组件注册 -> 长度大于等于对象已经在service_registry中注册!
2024-08-15 11:46:57 [MainThread]-[registry._register:39]-[INFO]:组件注册 -> 长度小于对象已经在service_registry中注册!
2024-08-15 11:46:57 [MainThread]-[registry._register:39]-[INFO]:组件注册 -> 长度小于等于对象已经在service_registry中注册!
2024-08-15 11:46:57 [MainThread]-[registry._register:39]-[INFO]:组件注册 -> 包含对象已经在service_registry中注册!
2024-08-15 11:46:57 [MainThread]-[registry._register:39]-[INFO]:组件注册 -> 包含常见类型对象已经在service_registry中注册!
2024-08-15 11:46:57 [MainThread]-[registry._register:39]-[INFO]:组件注册 -> 类型匹配对象已经在service_registry中注册!
2024-08-15 11:46:57 [MainThread]-[registry._register:39]-[INFO]:组件注册 -> 正则匹配对象已经在service_registry中注册!
2024-08-15 11:46:57 [MainThread]-[registry._register:39]-[INFO]:组件注册 -> 前缀相等对象已经在service_registry中注册!
2024-08-15 11:46:57 [MainThread]-[registry._register:39]-[INFO]:组件注册 -> 后缀相等对象已经在service_registry中注册!
2024-08-15 11:46:58 [MainThread]-[registry._register:39]-[INFO]:组件注册 -> 相等对象已经在service_registry中注册!
2024-08-15 11:46:58 [MainThread]-[registry._register:39]-[INFO]:组件注册 -> 大于对象已经在service_registry中注册!
2024-08-15 11:46:58 [MainThread]-[registry._register:39]-[INFO]:组件注册 -> 小于对象已经在service_registry中注册!
2024-08-15 11:46:58 [MainThread]-[registry._register:39]-[INFO]:组件注册 -> 大于等于对象已经在service_registry中注册!
2024-08-15 11:46:58 [MainThread]-[registry._register:39]-[INFO]:组件注册 -> 小于等于对象已经在service_registry中注册!
2024-08-15 11:46:58 [MainThread]-[registry._register:39]-[INFO]:组件注册 -> 不等于对象已经在service_registry中注册!
2024-08-15 11:46:58 [MainThread]-[registry._register:39]-[INFO]:组件注册 -> 不为空对象已经在service_registry中注册!
2024-08-15 11:46:58 [MainThread]-[registry._register:39]-[INFO]:组件注册 -> 为空对象已经在service_registry中注册!
2024-08-15 11:46:58 [MainThread]-[registry._register:39]-[INFO]:组件注册 -> 字符串类型相等对象已经在service_registry中注册!
2024-08-15 11:46:58 [MainThread]-[registry._register:39]-[INFO]:组件注册 -> 长度相等对象已经在service_registry中注册!
2024-08-15 11:46:58 [MainThread]-[registry._register:39]-[INFO]:组件注册 -> 长度大于对象已经在service_registry中注册!
2024-08-15 11:46:58 [MainThread]-[registry._register:39]-[INFO]:组件注册 -> 长度大于等于对象已经在service_registry中注册!
2024-08-15 11:46:58 [MainThread]-[registry._register:39]-[INFO]:组件注册 -> 长度小于对象已经在service_registry中注册!
2024-08-15 11:46:58 [MainThread]-[registry._register:39]-[INFO]:组件注册 -> 长度小于等于对象已经在service_registry中注册!
2024-08-15 11:46:58 [MainThread]-[registry._register:39]-[INFO]:组件注册 -> 包含对象已经在service_registry中注册!
2024-08-15 11:46:58 [MainThread]-[registry._register:39]-[INFO]:组件注册 -> 包含常见类型对象已经在service_registry中注册!
2024-08-15 11:46:58 [MainThread]-[registry._register:39]-[INFO]:组件注册 -> 类型匹配对象已经在service_registry中注册!
2024-08-15 11:46:58 [MainThread]-[registry._register:39]-[INFO]:组件注册 -> 正则匹配对象已经在service_registry中注册!
2024-08-15 11:46:58 [MainThread]-[registry._register:39]-[INFO]:组件注册 -> 前缀相等对象已经在service_registry中注册!
2024-08-15 11:46:58 [MainThread]-[registry._register:39]-[INFO]:组件注册 -> 后缀相等对象已经在service_registry中注册!
2024-08-15 11:46:58 [MainThread]-[main.main:13]-[INFO]:启动服务: 0.0.0.0:5001
2024-08-15 13:35:06 [MainThread]-[registry._register:39]-[INFO]:组件注册 -> 相等对象已经在service_registry中注册!
2024-08-15 13:35:06 [MainThread]-[registry._register:39]-[INFO]:组件注册 -> 大于对象已经在service_registry中注册!
2024-08-15 13:35:06 [MainThread]-[registry._register:39]-[INFO]:组件注册 -> 小于对象已经在service_registry中注册!
2024-08-15 13:35:06 [MainThread]-[registry._register:39]-[INFO]:组件注册 -> 大于等于对象已经在service_registry中注册!
2024-08-15 13:35:06 [MainThread]-[registry._register:39]-[INFO]:组件注册 -> 小于等于对象已经在service_registry中注册!
2024-08-15 13:35:06 [MainThread]-[registry._register:39]-[INFO]:组件注册 -> 不等于对象已经在service_registry中注册!
2024-08-15 13:35:06 [MainThread]-[registry._register:39]-[INFO]:组件注册 -> 不为空对象已经在service_registry中注册!
2024-08-15 13:35:06 [MainThread]-[registry._register:39]-[INFO]:组件注册 -> 为空对象已经在service_registry中注册!
2024-08-15 13:35:06 [MainThread]-[registry._register:39]-[INFO]:组件注册 -> 字符串类型相等对象已经在service_registry中注册!
2024-08-15 13:35:06 [MainThread]-[registry._register:39]-[INFO]:组件注册 -> 长度相等对象已经在service_registry中注册!
2024-08-15 13:35:06 [MainThread]-[registry._register:39]-[INFO]:组件注册 -> 长度大于对象已经在service_registry中注册!
2024-08-15 13:35:06 [MainThread]-[registry._register:39]-[INFO]:组件注册 -> 长度大于等于对象已经在service_registry中注册!
2024-08-15 13:35:06 [MainThread]-[registry._register:39]-[INFO]:组件注册 -> 长度小于对象已经在service_registry中注册!
2024-08-15 13:35:06 [MainThread]-[registry._register:39]-[INFO]:组件注册 -> 长度小于等于对象已经在service_registry中注册!
2024-08-15 13:35:06 [MainThread]-[registry._register:39]-[INFO]:组件注册 -> 包含对象已经在service_registry中注册!
2024-08-15 13:35:06 [MainThread]-[registry._register:39]-[INFO]:组件注册 -> 包含常见类型对象已经在service_registry中注册!
2024-08-15 13:35:06 [MainThread]-[registry._register:39]-[INFO]:组件注册 -> 类型匹配对象已经在service_registry中注册!
2024-08-15 13:35:06 [MainThread]-[registry._register:39]-[INFO]:组件注册 -> 正则匹配对象已经在service_registry中注册!
2024-08-15 13:35:06 [MainThread]-[registry._register:39]-[INFO]:组件注册 -> 前缀相等对象已经在service_registry中注册!
2024-08-15 13:35:06 [MainThread]-[registry._register:39]-[INFO]:组件注册 -> 后缀相等对象已经在service_registry中注册!
2024-08-15 13:35:33 [MainThread]-[registry._register:39]-[INFO]:组件注册 -> 相等对象已经在service_registry中注册!
2024-08-15 13:35:33 [MainThread]-[registry._register:39]-[INFO]:组件注册 -> 大于对象已经在service_registry中注册!
2024-08-15 13:35:33 [MainThread]-[registry._register:39]-[INFO]:组件注册 -> 小于对象已经在service_registry中注册!
2024-08-15 13:35:33 [MainThread]-[registry._register:39]-[INFO]:组件注册 -> 大于等于对象已经在service_registry中注册!
2024-08-15 13:35:33 [MainThread]-[registry._register:39]-[INFO]:组件注册 -> 小于等于对象已经在service_registry中注册!
2024-08-15 13:35:33 [MainThread]-[registry._register:39]-[INFO]:组件注册 -> 不等于对象已经在service_registry中注册!
2024-08-15 13:35:33 [MainThread]-[registry._register:39]-[INFO]:组件注册 -> 不为空对象已经在service_registry中注册!
2024-08-15 13:35:33 [MainThread]-[registry._register:39]-[INFO]:组件注册 -> 为空对象已经在service_registry中注册!
2024-08-15 13:35:33 [MainThread]-[registry._register:39]-[INFO]:组件注册 -> 字符串类型相等对象已经在service_registry中注册!
2024-08-15 13:35:33 [MainThread]-[registry._register:39]-[INFO]:组件注册 -> 长度相等对象已经在service_registry中注册!
2024-08-15 13:35:33 [MainThread]-[registry._register:39]-[INFO]:组件注册 -> 长度大于对象已经在service_registry中注册!
2024-08-15 13:35:33 [MainThread]-[registry._register:39]-[INFO]:组件注册 -> 长度大于等于对象已经在service_registry中注册!
2024-08-15 13:35:33 [MainThread]-[registry._register:39]-[INFO]:组件注册 -> 长度小于对象已经在service_registry中注册!
2024-08-15 13:35:33 [MainThread]-[registry._register:39]-[INFO]:组件注册 -> 长度小于等于对象已经在service_registry中注册!
2024-08-15 13:35:33 [MainThread]-[registry._register:39]-[INFO]:组件注册 -> 包含对象已经在service_registry中注册!
2024-08-15 13:35:33 [MainThread]-[registry._register:39]-[INFO]:组件注册 -> 包含常见类型对象已经在service_registry中注册!
2024-08-15 13:35:33 [MainThread]-[registry._register:39]-[INFO]:组件注册 -> 类型匹配对象已经在service_registry中注册!
2024-08-15 13:35:33 [MainThread]-[registry._register:39]-[INFO]:组件注册 -> 正则匹配对象已经在service_registry中注册!
2024-08-15 13:35:33 [MainThread]-[registry._register:39]-[INFO]:组件注册 -> 前缀相等对象已经在service_registry中注册!
2024-08-15 13:35:33 [MainThread]-[registry._register:39]-[INFO]:组件注册 -> 后缀相等对象已经在service_registry中注册!
2024-08-15 13:35:33 [MainThread]-[main.main:13]-[INFO]:启动服务: 0.0.0.0:5001
2024-08-15 13:35:52 [MainThread]-[registry._register:39]-[INFO]:组件注册 -> 相等对象已经在service_registry中注册!
2024-08-15 13:35:52 [MainThread]-[registry._register:39]-[INFO]:组件注册 -> 大于对象已经在service_registry中注册!
2024-08-15 13:35:52 [MainThread]-[registry._register:39]-[INFO]:组件注册 -> 小于对象已经在service_registry中注册!
2024-08-15 13:35:52 [MainThread]-[registry._register:39]-[INFO]:组件注册 -> 大于等于对象已经在service_registry中注册!
2024-08-15 13:35:52 [MainThread]-[registry._register:39]-[INFO]:组件注册 -> 小于等于对象已经在service_registry中注册!
2024-08-15 13:35:52 [MainThread]-[registry._register:39]-[INFO]:组件注册 -> 不等于对象已经在service_registry中注册!
2024-08-15 13:35:52 [MainThread]-[registry._register:39]-[INFO]:组件注册 -> 不为空对象已经在service_registry中注册!
2024-08-15 13:35:52 [MainThread]-[registry._register:39]-[INFO]:组件注册 -> 为空对象已经在service_registry中注册!
2024-08-15 13:35:52 [MainThread]-[registry._register:39]-[INFO]:组件注册 -> 字符串类型相等对象已经在service_registry中注册!
2024-08-15 13:35:52 [MainThread]-[registry._register:39]-[INFO]:组件注册 -> 长度相等对象已经在service_registry中注册!
2024-08-15 13:35:52 [MainThread]-[registry._register:39]-[INFO]:组件注册 -> 长度大于对象已经在service_registry中注册!
2024-08-15 13:35:52 [MainThread]-[registry._register:39]-[INFO]:组件注册 -> 长度大于等于对象已经在service_registry中注册!
2024-08-15 13:35:52 [MainThread]-[registry._register:39]-[INFO]:组件注册 -> 长度小于对象已经在service_registry中注册!
2024-08-15 13:35:52 [MainThread]-[registry._register:39]-[INFO]:组件注册 -> 长度小于等于对象已经在service_registry中注册!
2024-08-15 13:35:52 [MainThread]-[registry._register:39]-[INFO]:组件注册 -> 包含对象已经在service_registry中注册!
2024-08-15 13:35:52 [MainThread]-[registry._register:39]-[INFO]:组件注册 -> 包含常见类型对象已经在service_registry中注册!
2024-08-15 13:35:52 [MainThread]-[registry._register:39]-[INFO]:组件注册 -> 类型匹配对象已经在service_registry中注册!
2024-08-15 13:35:52 [MainThread]-[registry._register:39]-[INFO]:组件注册 -> 正则匹配对象已经在service_registry中注册!
2024-08-15 13:35:52 [MainThread]-[registry._register:39]-[INFO]:组件注册 -> 前缀相等对象已经在service_registry中注册!
2024-08-15 13:35:52 [MainThread]-[registry._register:39]-[INFO]:组件注册 -> 后缀相等对象已经在service_registry中注册!
2024-08-15 13:35:52 [MainThread]-[main.main:13]-[INFO]:启动服务: 0.0.0.0:5001
2024-08-15 13:35:55 [MainThread]-[registry._register:39]-[INFO]:组件注册 -> 相等对象已经在service_registry中注册!
2024-08-15 13:35:55 [MainThread]-[registry._register:39]-[INFO]:组件注册 -> 大于对象已经在service_registry中注册!
2024-08-15 13:35:55 [MainThread]-[registry._register:39]-[INFO]:组件注册 -> 小于对象已经在service_registry中注册!
2024-08-15 13:35:55 [MainThread]-[registry._register:39]-[INFO]:组件注册 -> 大于等于对象已经在service_registry中注册!
2024-08-15 13:35:55 [MainThread]-[registry._register:39]-[INFO]:组件注册 -> 小于等于对象已经在service_registry中注册!
2024-08-15 13:35:55 [MainThread]-[registry._register:39]-[INFO]:组件注册 -> 不等于对象已经在service_registry中注册!
2024-08-15 13:35:55 [MainThread]-[registry._register:39]-[INFO]:组件注册 -> 不为空对象已经在service_registry中注册!
2024-08-15 13:35:55 [MainThread]-[registry._register:39]-[INFO]:组件注册 -> 为空对象已经在service_registry中注册!
2024-08-15 13:35:55 [MainThread]-[registry._register:39]-[INFO]:组件注册 -> 字符串类型相等对象已经在service_registry中注册!
2024-08-15 13:35:55 [MainThread]-[registry._register:39]-[INFO]:组件注册 -> 长度相等对象已经在service_registry中注册!
2024-08-15 13:35:55 [MainThread]-[registry._register:39]-[INFO]:组件注册 -> 长度大于对象已经在service_registry中注册!
2024-08-15 13:35:55 [MainThread]-[registry._register:39]-[INFO]:组件注册 -> 长度大于等于对象已经在service_registry中注册!
2024-08-15 13:35:55 [MainThread]-[registry._register:39]-[INFO]:组件注册 -> 长度小于对象已经在service_registry中注册!
2024-08-15 13:35:55 [MainThread]-[registry._register:39]-[INFO]:组件注册 -> 长度小于等于对象已经在service_registry中注册!
2024-08-15 13:35:55 [MainThread]-[registry._register:39]-[INFO]:组件注册 -> 包含对象已经在service_registry中注册!
2024-08-15 13:35:55 [MainThread]-[registry._register:39]-[INFO]:组件注册 -> 包含常见类型对象已经在service_registry中注册!
2024-08-15 13:35:55 [MainThread]-[registry._register:39]-[INFO]:组件注册 -> 类型匹配对象已经在service_registry中注册!
2024-08-15 13:35:55 [MainThread]-[registry._register:39]-[INFO]:组件注册 -> 正则匹配对象已经在service_registry中注册!
2024-08-15 13:35:55 [MainThread]-[registry._register:39]-[INFO]:组件注册 -> 前缀相等对象已经在service_registry中注册!
2024-08-15 13:35:55 [MainThread]-[registry._register:39]-[INFO]:组件注册 -> 后缀相等对象已经在service_registry中注册!
2024-08-15 13:35:55 [MainThread]-[main.main:13]-[INFO]:启动服务: 0.0.0.0:5001
2024-08-15 14:05:14 [MainThread]-[parser.create_report_detail:37]-[ERROR]:创建报告详情失败 -> Protocol message ClassList has no "name" field.
2024-08-15 14:10:43 [MainThread]-[parser.create_detail_step:62]-[ERROR]:创建报告详情步骤数据失败 -> bad argument type for built-in operation
2024-08-15 14:10:43 [MainThread]-[parser.create_report_detail:38]-[ERROR]:创建报告详情失败 -> 创建报告详情步骤数据失败❌
2024-08-15 14:11:56 [MainThread]-[parser.create_detail_step:63]-[ERROR]:创建报告详情步骤数据失败 -> bad argument type for built-in operation
2024-08-15 14:11:56 [MainThread]-[parser.create_report_detail:38]-[ERROR]:创建报告详情失败 -> 创建报告详情步骤数据失败❌
2024-08-15 14:17:07 [MainThread]-[parser.create_detail_step:61]-[ERROR]:创建报告详情步骤数据失败 -> bad argument type for built-in operation
2024-08-15 14:17:07 [MainThread]-[parser.create_report_detail:38]-[ERROR]:创建报告详情失败 -> 创建报告详情步骤数据失败❌
2024-08-15 14:31:39 [MainThread]-[parser.create_detail_step:64]-[ERROR]:创建报告详情步骤数据失败 -> bad argument type for built-in operation
2024-08-15 14:31:39 [MainThread]-[parser.create_report_detail:38]-[ERROR]:创建报告详情失败 -> 创建报告详情步骤数据失败❌
2024-08-15 14:31:53 [MainThread]-[parser.create_detail_step:64]-[ERROR]:创建报告详情步骤数据失败 -> bad argument type for built-in operation
2024-08-15 14:31:53 [MainThread]-[parser.create_report_detail:38]-[ERROR]:创建报告详情失败 -> 创建报告详情步骤数据失败❌
2024-08-15 14:32:19 [MainThread]-[parser.create_detail_step:64]-[ERROR]:创建报告详情步骤数据失败 -> bad argument type for built-in operation
2024-08-15 14:32:19 [MainThread]-[parser.create_report_detail:38]-[ERROR]:创建报告详情失败 -> 创建报告详情步骤数据失败❌
2024-08-15 14:32:38 [MainThread]-[parser.create_detail_step:64]-[ERROR]:创建报告详情步骤数据失败 -> bad argument type for built-in operation
2024-08-15 14:32:38 [MainThread]-[parser.create_report_detail:38]-[ERROR]:创建报告详情失败 -> 创建报告详情步骤数据失败❌
2024-08-15 14:33:30 [MainThread]-[parser.create_detail_step:63]-[ERROR]:创建报告详情步骤数据失败 -> bad argument type for built-in operation
2024-08-15 14:33:30 [MainThread]-[parser.create_report_detail:38]-[ERROR]:创建报告详情失败 -> 创建报告详情步骤数据失败❌
2024-08-15 14:34:10 [MainThread]-[parser.create_detail_step:63]-[ERROR]:创建报告详情步骤数据失败 -> bad argument type for built-in operation
2024-08-15 14:34:10 [MainThread]-[parser.create_report_detail:38]-[ERROR]:创建报告详情失败 -> 创建报告详情步骤数据失败❌
2024-08-15 14:35:06 [MainThread]-[parser.create_detail_step:63]-[ERROR]:创建报告详情步骤数据失败 -> bad argument type for built-in operation
2024-08-15 14:35:06 [MainThread]-[parser.create_report_detail:38]-[ERROR]:创建报告详情失败 -> 创建报告详情步骤数据失败❌
2024-08-15 14:35:16 [MainThread]-[parser.create_detail_step:63]-[ERROR]:创建报告详情步骤数据失败 -> bad argument type for built-in operation
2024-08-15 14:35:16 [MainThread]-[parser.create_report_detail:38]-[ERROR]:创建报告详情失败 -> 创建报告详情步骤数据失败❌
2024-08-15 14:35:20 [MainThread]-[parser.create_detail_step:63]-[ERROR]:创建报告详情步骤数据失败 -> bad argument type for built-in operation
2024-08-15 14:35:20 [MainThread]-[parser.create_report_detail:38]-[ERROR]:创建报告详情失败 -> 创建报告详情步骤数据失败❌
2024-08-15 14:35:29 [MainThread]-[parser.create_detail_step:64]-[ERROR]:创建报告详情步骤数据失败 -> bad argument type for built-in operation
2024-08-15 14:35:29 [MainThread]-[parser.create_report_detail:38]-[ERROR]:创建报告详情失败 -> 创建报告详情步骤数据失败❌
2024-08-15 14:35:59 [MainThread]-[parser.create_detail_step:64]-[ERROR]:创建报告详情步骤数据失败 -> bad argument type for built-in operation
2024-08-15 14:35:59 [MainThread]-[parser.create_report_detail:38]-[ERROR]:创建报告详情失败 -> 创建报告详情步骤数据失败❌
2024-08-15 14:36:05 [MainThread]-[parser.create_detail_step:64]-[ERROR]:创建报告详情步骤数据失败 -> Protocol message Cases has no "statuscode" field.
2024-08-15 14:36:05 [MainThread]-[parser.create_report_detail:38]-[ERROR]:创建报告详情失败 -> 创建报告详情步骤数据失败❌
2024-08-15 14:36:23 [MainThread]-[parser.create_detail_step:65]-[ERROR]:创建报告详情步骤数据失败 -> Protocol message Cases has no "statuscode" field.
2024-08-15 14:36:23 [MainThread]-[parser.create_report_detail:38]-[ERROR]:创建报告详情失败 -> 创建报告详情步骤数据失败❌
2024-08-15 14:36:31 [MainThread]-[parser.create_detail_step:65]-[ERROR]:创建报告详情步骤数据失败 -> Protocol message Cases has no "statuscode" field.
2024-08-15 14:36:31 [MainThread]-[parser.create_report_detail:38]-[ERROR]:创建报告详情失败 -> 创建报告详情步骤数据失败❌
2024-08-15 14:37:00 [MainThread]-[parser.create_detail_step:67]-[ERROR]:创建报告详情步骤数据失败 -> unbound method Message.ListFields() needs an argument
2024-08-15 14:37:00 [MainThread]-[parser.create_report_detail:40]-[ERROR]:创建报告详情失败 -> 创建报告详情步骤数据失败❌
2024-08-15 14:37:51 [MainThread]-[parser.create_detail_step:67]-[ERROR]:创建报告详情步骤数据失败 -> list.append() takes no keyword arguments
2024-08-15 14:37:51 [MainThread]-[parser.create_report_detail:40]-[ERROR]:创建报告详情失败 -> 创建报告详情步骤数据失败❌
2024-08-15 14:40:19 [MainThread]-[parser.create_report_detail:40]-[ERROR]:创建报告详情失败 -> bad argument type for built-in operation
2024-08-15 14:42:39 [MainThread]-[registry._register:39]-[INFO]:组件注册 -> 相等对象已经在service_registry中注册!
2024-08-15 14:42:39 [MainThread]-[registry._register:39]-[INFO]:组件注册 -> 大于对象已经在service_registry中注册!
2024-08-15 14:42:39 [MainThread]-[registry._register:39]-[INFO]:组件注册 -> 小于对象已经在service_registry中注册!
2024-08-15 14:42:39 [MainThread]-[registry._register:39]-[INFO]:组件注册 -> 大于等于对象已经在service_registry中注册!
2024-08-15 14:42:39 [MainThread]-[registry._register:39]-[INFO]:组件注册 -> 小于等于对象已经在service_registry中注册!
2024-08-15 14:42:39 [MainThread]-[registry._register:39]-[INFO]:组件注册 -> 不等于对象已经在service_registry中注册!
2024-08-15 14:42:39 [MainThread]-[registry._register:39]-[INFO]:组件注册 -> 不为空对象已经在service_registry中注册!
2024-08-15 14:42:39 [MainThread]-[registry._register:39]-[INFO]:组件注册 -> 为空对象已经在service_registry中注册!
2024-08-15 14:42:39 [MainThread]-[registry._register:39]-[INFO]:组件注册 -> 字符串类型相等对象已经在service_registry中注册!
2024-08-15 14:42:39 [MainThread]-[registry._register:39]-[INFO]:组件注册 -> 长度相等对象已经在service_registry中注册!
2024-08-15 14:42:39 [MainThread]-[registry._register:39]-[INFO]:组件注册 -> 长度大于对象已经在service_registry中注册!
2024-08-15 14:42:39 [MainThread]-[registry._register:39]-[INFO]:组件注册 -> 长度大于等于对象已经在service_registry中注册!
2024-08-15 14:42:39 [MainThread]-[registry._register:39]-[INFO]:组件注册 -> 长度小于对象已经在service_registry中注册!
2024-08-15 14:42:39 [MainThread]-[registry._register:39]-[INFO]:组件注册 -> 长度小于等于对象已经在service_registry中注册!
2024-08-15 14:42:39 [MainThread]-[registry._register:39]-[INFO]:组件注册 -> 包含对象已经在service_registry中注册!
2024-08-15 14:42:39 [MainThread]-[registry._register:39]-[INFO]:组件注册 -> 包含常见类型对象已经在service_registry中注册!
2024-08-15 14:42:39 [MainThread]-[registry._register:39]-[INFO]:组件注册 -> 类型匹配对象已经在service_registry中注册!
2024-08-15 14:42:39 [MainThread]-[registry._register:39]-[INFO]:组件注册 -> 正则匹配对象已经在service_registry中注册!
2024-08-15 14:42:39 [MainThread]-[registry._register:39]-[INFO]:组件注册 -> 前缀相等对象已经在service_registry中注册!
2024-08-15 14:42:39 [MainThread]-[registry._register:39]-[INFO]:组件注册 -> 后缀相等对象已经在service_registry中注册!
2024-08-15 14:42:39 [MainThread]-[main.main:13]-[INFO]:启动服务: 0.0.0.0:5001
2024-08-15 14:42:50 [MainThread]-[registry._register:39]-[INFO]:组件注册 -> 相等对象已经在service_registry中注册!
2024-08-15 14:42:50 [MainThread]-[registry._register:39]-[INFO]:组件注册 -> 大于对象已经在service_registry中注册!
2024-08-15 14:42:50 [MainThread]-[registry._register:39]-[INFO]:组件注册 -> 小于对象已经在service_registry中注册!
2024-08-15 14:42:50 [MainThread]-[registry._register:39]-[INFO]:组件注册 -> 大于等于对象已经在service_registry中注册!
2024-08-15 14:42:50 [MainThread]-[registry._register:39]-[INFO]:组件注册 -> 小于等于对象已经在service_registry中注册!
2024-08-15 14:42:50 [MainThread]-[registry._register:39]-[INFO]:组件注册 -> 不等于对象已经在service_registry中注册!
2024-08-15 14:42:50 [MainThread]-[registry._register:39]-[INFO]:组件注册 -> 不为空对象已经在service_registry中注册!
2024-08-15 14:42:50 [MainThread]-[registry._register:39]-[INFO]:组件注册 -> 为空对象已经在service_registry中注册!
2024-08-15 14:42:50 [MainThread]-[registry._register:39]-[INFO]:组件注册 -> 字符串类型相等对象已经在service_registry中注册!
2024-08-15 14:42:50 [MainThread]-[registry._register:39]-[INFO]:组件注册 -> 长度相等对象已经在service_registry中注册!
2024-08-15 14:42:50 [MainThread]-[registry._register:39]-[INFO]:组件注册 -> 长度大于对象已经在service_registry中注册!
2024-08-15 14:42:50 [MainThread]-[registry._register:39]-[INFO]:组件注册 -> 长度大于等于对象已经在service_registry中注册!
2024-08-15 14:42:50 [MainThread]-[registry._register:39]-[INFO]:组件注册 -> 长度小于对象已经在service_registry中注册!
2024-08-15 14:42:50 [MainThread]-[registry._register:39]-[INFO]:组件注册 -> 长度小于等于对象已经在service_registry中注册!
2024-08-15 14:42:50 [MainThread]-[registry._register:39]-[INFO]:组件注册 -> 包含对象已经在service_registry中注册!
2024-08-15 14:42:50 [MainThread]-[registry._register:39]-[INFO]:组件注册 -> 包含常见类型对象已经在service_registry中注册!
2024-08-15 14:42:50 [MainThread]-[registry._register:39]-[INFO]:组件注册 -> 类型匹配对象已经在service_registry中注册!
2024-08-15 14:42:50 [MainThread]-[registry._register:39]-[INFO]:组件注册 -> 正则匹配对象已经在service_registry中注册!
2024-08-15 14:42:50 [MainThread]-[registry._register:39]-[INFO]:组件注册 -> 前缀相等对象已经在service_registry中注册!
2024-08-15 14:42:50 [MainThread]-[registry._register:39]-[INFO]:组件注册 -> 后缀相等对象已经在service_registry中注册!
2024-08-15 14:42:50 [MainThread]-[main.main:13]-[INFO]:启动服务: 0.0.0.0:5001
2024-08-15 14:44:14 [MainThread]-[registry._register:39]-[INFO]:组件注册 -> 相等对象已经在service_registry中注册!
2024-08-15 14:44:14 [MainThread]-[registry._register:39]-[INFO]:组件注册 -> 大于对象已经在service_registry中注册!
2024-08-15 14:44:14 [MainThread]-[registry._register:39]-[INFO]:组件注册 -> 小于对象已经在service_registry中注册!
2024-08-15 14:44:14 [MainThread]-[registry._register:39]-[INFO]:组件注册 -> 大于等于对象已经在service_registry中注册!
2024-08-15 14:44:14 [MainThread]-[registry._register:39]-[INFO]:组件注册 -> 小于等于对象已经在service_registry中注册!
2024-08-15 14:44:14 [MainThread]-[registry._register:39]-[INFO]:组件注册 -> 不等于对象已经在service_registry中注册!
2024-08-15 14:44:14 [MainThread]-[registry._register:39]-[INFO]:组件注册 -> 不为空对象已经在service_registry中注册!
2024-08-15 14:44:14 [MainThread]-[registry._register:39]-[INFO]:组件注册 -> 为空对象已经在service_registry中注册!
2024-08-15 14:44:14 [MainThread]-[registry._register:39]-[INFO]:组件注册 -> 字符串类型相等对象已经在service_registry中注册!
2024-08-15 14:44:14 [MainThread]-[registry._register:39]-[INFO]:组件注册 -> 长度相等对象已经在service_registry中注册!
2024-08-15 14:44:14 [MainThread]-[registry._register:39]-[INFO]:组件注册 -> 长度大于对象已经在service_registry中注册!
2024-08-15 14:44:14 [MainThread]-[registry._register:39]-[INFO]:组件注册 -> 长度大于等于对象已经在service_registry中注册!
2024-08-15 14:44:14 [MainThread]-[registry._register:39]-[INFO]:组件注册 -> 长度小于对象已经在service_registry中注册!
2024-08-15 14:44:14 [MainThread]-[registry._register:39]-[INFO]:组件注册 -> 长度小于等于对象已经在service_registry中注册!
2024-08-15 14:44:14 [MainThread]-[registry._register:39]-[INFO]:组件注册 -> 包含对象已经在service_registry中注册!
2024-08-15 14:44:14 [MainThread]-[registry._register:39]-[INFO]:组件注册 -> 包含常见类型对象已经在service_registry中注册!
2024-08-15 14:44:14 [MainThread]-[registry._register:39]-[INFO]:组件注册 -> 类型匹配对象已经在service_registry中注册!
2024-08-15 14:44:14 [MainThread]-[registry._register:39]-[INFO]:组件注册 -> 正则匹配对象已经在service_registry中注册!
2024-08-15 14:44:14 [MainThread]-[registry._register:39]-[INFO]:组件注册 -> 前缀相等对象已经在service_registry中注册!
2024-08-15 14:44:14 [MainThread]-[registry._register:39]-[INFO]:组件注册 -> 后缀相等对象已经在service_registry中注册!
2024-08-15 14:44:14 [MainThread]-[main.main:13]-[INFO]:启动服务: 0.0.0.0:5001
2024-08-15 14:47:59 [MainThread]-[registry._register:39]-[INFO]:组件注册 -> 相等对象已经在service_registry中注册!
2024-08-15 14:47:59 [MainThread]-[registry._register:39]-[INFO]:组件注册 -> 大于对象已经在service_registry中注册!
2024-08-15 14:47:59 [MainThread]-[registry._register:39]-[INFO]:组件注册 -> 小于对象已经在service_registry中注册!
2024-08-15 14:47:59 [MainThread]-[registry._register:39]-[INFO]:组件注册 -> 大于等于对象已经在service_registry中注册!
2024-08-15 14:47:59 [MainThread]-[registry._register:39]-[INFO]:组件注册 -> 小于等于对象已经在service_registry中注册!
2024-08-15 14:47:59 [MainThread]-[registry._register:39]-[INFO]:组件注册 -> 不等于对象已经在service_registry中注册!
2024-08-15 14:47:59 [MainThread]-[registry._register:39]-[INFO]:组件注册 -> 不为空对象已经在service_registry中注册!
2024-08-15 14:47:59 [MainThread]-[registry._register:39]-[INFO]:组件注册 -> 为空对象已经在service_registry中注册!
2024-08-15 14:47:59 [MainThread]-[registry._register:39]-[INFO]:组件注册 -> 字符串类型相等对象已经在service_registry中注册!
2024-08-15 14:47:59 [MainThread]-[registry._register:39]-[INFO]:组件注册 -> 长度相等对象已经在service_registry中注册!
2024-08-15 14:47:59 [MainThread]-[registry._register:39]-[INFO]:组件注册 -> 长度大于对象已经在service_registry中注册!
2024-08-15 14:47:59 [MainThread]-[registry._register:39]-[INFO]:组件注册 -> 长度大于等于对象已经在service_registry中注册!
2024-08-15 14:47:59 [MainThread]-[registry._register:39]-[INFO]:组件注册 -> 长度小于对象已经在service_registry中注册!
2024-08-15 14:47:59 [MainThread]-[registry._register:39]-[INFO]:组件注册 -> 长度小于等于对象已经在service_registry中注册!
2024-08-15 14:47:59 [MainThread]-[registry._register:39]-[INFO]:组件注册 -> 包含对象已经在service_registry中注册!
2024-08-15 14:47:59 [MainThread]-[registry._register:39]-[INFO]:组件注册 -> 包含常见类型对象已经在service_registry中注册!
2024-08-15 14:47:59 [MainThread]-[registry._register:39]-[INFO]:组件注册 -> 类型匹配对象已经在service_registry中注册!
2024-08-15 14:47:59 [MainThread]-[registry._register:39]-[INFO]:组件注册 -> 正则匹配对象已经在service_registry中注册!
2024-08-15 14:47:59 [MainThread]-[registry._register:39]-[INFO]:组件注册 -> 前缀相等对象已经在service_registry中注册!
2024-08-15 14:47:59 [MainThread]-[registry._register:39]-[INFO]:组件注册 -> 后缀相等对象已经在service_registry中注册!
2024-08-15 14:47:59 [MainThread]-[main.main:13]-[INFO]:启动服务: 0.0.0.0:5001
2024-08-15 14:53:16 [MainThread]-[registry._register:39]-[INFO]:组件注册 -> 相等对象已经在service_registry中注册!
2024-08-15 14:53:16 [MainThread]-[registry._register:39]-[INFO]:组件注册 -> 大于对象已经在service_registry中注册!
2024-08-15 14:53:16 [MainThread]-[registry._register:39]-[INFO]:组件注册 -> 小于对象已经在service_registry中注册!
2024-08-15 14:53:16 [MainThread]-[registry._register:39]-[INFO]:组件注册 -> 大于等于对象已经在service_registry中注册!
2024-08-15 14:53:16 [MainThread]-[registry._register:39]-[INFO]:组件注册 -> 小于等于对象已经在service_registry中注册!
2024-08-15 14:53:16 [MainThread]-[registry._register:39]-[INFO]:组件注册 -> 不等于对象已经在service_registry中注册!
2024-08-15 14:53:16 [MainThread]-[registry._register:39]-[INFO]:组件注册 -> 不为空对象已经在service_registry中注册!
2024-08-15 14:53:16 [MainThread]-[registry._register:39]-[INFO]:组件注册 -> 为空对象已经在service_registry中注册!
2024-08-15 14:53:16 [MainThread]-[registry._register:39]-[INFO]:组件注册 -> 字符串类型相等对象已经在service_registry中注册!
2024-08-15 14:53:16 [MainThread]-[registry._register:39]-[INFO]:组件注册 -> 长度相等对象已经在service_registry中注册!
2024-08-15 14:53:16 [MainThread]-[registry._register:39]-[INFO]:组件注册 -> 长度大于对象已经在service_registry中注册!
2024-08-15 14:53:16 [MainThread]-[registry._register:39]-[INFO]:组件注册 -> 长度大于等于对象已经在service_registry中注册!
2024-08-15 14:53:16 [MainThread]-[registry._register:39]-[INFO]:组件注册 -> 长度小于对象已经在service_registry中注册!
2024-08-15 14:53:16 [MainThread]-[registry._register:39]-[INFO]:组件注册 -> 长度小于等于对象已经在service_registry中注册!
2024-08-15 14:53:16 [MainThread]-[registry._register:39]-[INFO]:组件注册 -> 包含对象已经在service_registry中注册!
2024-08-15 14:53:16 [MainThread]-[registry._register:39]-[INFO]:组件注册 -> 包含常见类型对象已经在service_registry中注册!
2024-08-15 14:53:16 [MainThread]-[registry._register:39]-[INFO]:组件注册 -> 类型匹配对象已经在service_registry中注册!
2024-08-15 14:53:16 [MainThread]-[registry._register:39]-[INFO]:组件注册 -> 正则匹配对象已经在service_registry中注册!
2024-08-15 14:53:16 [MainThread]-[registry._register:39]-[INFO]:组件注册 -> 前缀相等对象已经在service_registry中注册!
2024-08-15 14:53:16 [MainThread]-[registry._register:39]-[INFO]:组件注册 -> 后缀相等对象已经在service_registry中注册!
2024-08-15 14:53:16 [MainThread]-[main.main:13]-[INFO]:启动服务: 0.0.0.0:5001
2024-08-15 14:59:58 [MainThread]-[registry._register:39]-[INFO]:组件注册 -> 相等对象已经在service_registry中注册!
2024-08-15 14:59:58 [MainThread]-[registry._register:39]-[INFO]:组件注册 -> 大于对象已经在service_registry中注册!
2024-08-15 14:59:58 [MainThread]-[registry._register:39]-[INFO]:组件注册 -> 小于对象已经在service_registry中注册!
2024-08-15 14:59:58 [MainThread]-[registry._register:39]-[INFO]:组件注册 -> 大于等于对象已经在service_registry中注册!
2024-08-15 14:59:58 [MainThread]-[registry._register:39]-[INFO]:组件注册 -> 小于等于对象已经在service_registry中注册!
2024-08-15 14:59:58 [MainThread]-[registry._register:39]-[INFO]:组件注册 -> 不等于对象已经在service_registry中注册!
2024-08-15 14:59:58 [MainThread]-[registry._register:39]-[INFO]:组件注册 -> 不为空对象已经在service_registry中注册!
2024-08-15 14:59:58 [MainThread]-[registry._register:39]-[INFO]:组件注册 -> 为空对象已经在service_registry中注册!
2024-08-15 14:59:58 [MainThread]-[registry._register:39]-[INFO]:组件注册 -> 字符串类型相等对象已经在service_registry中注册!
2024-08-15 14:59:58 [MainThread]-[registry._register:39]-[INFO]:组件注册 -> 长度相等对象已经在service_registry中注册!
2024-08-15 14:59:58 [MainThread]-[registry._register:39]-[INFO]:组件注册 -> 长度大于对象已经在service_registry中注册!
2024-08-15 14:59:58 [MainThread]-[registry._register:39]-[INFO]:组件注册 -> 长度大于等于对象已经在service_registry中注册!
2024-08-15 14:59:58 [MainThread]-[registry._register:39]-[INFO]:组件注册 -> 长度小于对象已经在service_registry中注册!
2024-08-15 14:59:58 [MainThread]-[registry._register:39]-[INFO]:组件注册 -> 长度小于等于对象已经在service_registry中注册!
2024-08-15 14:59:58 [MainThread]-[registry._register:39]-[INFO]:组件注册 -> 包含对象已经在service_registry中注册!
2024-08-15 14:59:58 [MainThread]-[registry._register:39]-[INFO]:组件注册 -> 包含常见类型对象已经在service_registry中注册!
2024-08-15 14:59:58 [MainThread]-[registry._register:39]-[INFO]:组件注册 -> 类型匹配对象已经在service_registry中注册!
2024-08-15 14:59:58 [MainThread]-[registry._register:39]-[INFO]:组件注册 -> 正则匹配对象已经在service_registry中注册!
2024-08-15 14:59:58 [MainThread]-[registry._register:39]-[INFO]:组件注册 -> 前缀相等对象已经在service_registry中注册!
2024-08-15 14:59:58 [MainThread]-[registry._register:39]-[INFO]:组件注册 -> 后缀相等对象已经在service_registry中注册!
2024-08-15 14:59:58 [MainThread]-[main.main:13]-[INFO]:启动服务: 0.0.0.0:5001
2024-08-15 16:50:09 [MainThread]-[registry._register:39]-[INFO]:组件注册 -> 相等对象已经在service_registry中注册!
2024-08-15 16:50:09 [MainThread]-[registry._register:39]-[INFO]:组件注册 -> 大于对象已经在service_registry中注册!
2024-08-15 16:50:09 [MainThread]-[registry._register:39]-[INFO]:组件注册 -> 小于对象已经在service_registry中注册!
2024-08-15 16:50:09 [MainThread]-[registry._register:39]-[INFO]:组件注册 -> 大于等于对象已经在service_registry中注册!
2024-08-15 16:50:09 [MainThread]-[registry._register:39]-[INFO]:组件注册 -> 小于等于对象已经在service_registry中注册!
2024-08-15 16:50:09 [MainThread]-[registry._register:39]-[INFO]:组件注册 -> 不等于对象已经在service_registry中注册!
2024-08-15 16:50:09 [MainThread]-[registry._register:39]-[INFO]:组件注册 -> 不为空对象已经在service_registry中注册!
2024-08-15 16:50:09 [MainThread]-[registry._register:39]-[INFO]:组件注册 -> 为空对象已经在service_registry中注册!
2024-08-15 16:50:09 [MainThread]-[registry._register:39]-[INFO]:组件注册 -> 字符串类型相等对象已经在service_registry中注册!
2024-08-15 16:50:09 [MainThread]-[registry._register:39]-[INFO]:组件注册 -> 长度相等对象已经在service_registry中注册!
2024-08-15 16:50:09 [MainThread]-[registry._register:39]-[INFO]:组件注册 -> 长度大于对象已经在service_registry中注册!
2024-08-15 16:50:09 [MainThread]-[registry._register:39]-[INFO]:组件注册 -> 长度大于等于对象已经在service_registry中注册!
2024-08-15 16:50:09 [MainThread]-[registry._register:39]-[INFO]:组件注册 -> 长度小于对象已经在service_registry中注册!
2024-08-15 16:50:09 [MainThread]-[registry._register:39]-[INFO]:组件注册 -> 长度小于等于对象已经在service_registry中注册!
2024-08-15 16:50:09 [MainThread]-[registry._register:39]-[INFO]:组件注册 -> 包含对象已经在service_registry中注册!
2024-08-15 16:50:09 [MainThread]-[registry._register:39]-[INFO]:组件注册 -> 包含常见类型对象已经在service_registry中注册!
2024-08-15 16:50:09 [MainThread]-[registry._register:39]-[INFO]:组件注册 -> 类型匹配对象已经在service_registry中注册!
2024-08-15 16:50:09 [MainThread]-[registry._register:39]-[INFO]:组件注册 -> 正则匹配对象已经在service_registry中注册!
2024-08-15 16:50:09 [MainThread]-[registry._register:39]-[INFO]:组件注册 -> 前缀相等对象已经在service_registry中注册!
2024-08-15 16:50:09 [MainThread]-[registry._register:39]-[INFO]:组件注册 -> 后缀相等对象已经在service_registry中注册!
2024-08-15 16:50:10 [MainThread]-[main.main:13]-[INFO]:启动服务: 0.0.0.0:5001
2024-08-15 16:50:57 [MainThread]-[registry._register:39]-[INFO]:组件注册 -> 相等对象已经在service_registry中注册!
2024-08-15 16:50:57 [MainThread]-[registry._register:39]-[INFO]:组件注册 -> 大于对象已经在service_registry中注册!
2024-08-15 16:50:57 [MainThread]-[registry._register:39]-[INFO]:组件注册 -> 小于对象已经在service_registry中注册!
2024-08-15 16:50:57 [MainThread]-[registry._register:39]-[INFO]:组件注册 -> 大于等于对象已经在service_registry中注册!
2024-08-15 16:50:57 [MainThread]-[registry._register:39]-[INFO]:组件注册 -> 小于等于对象已经在service_registry中注册!
2024-08-15 16:50:57 [MainThread]-[registry._register:39]-[INFO]:组件注册 -> 不等于对象已经在service_registry中注册!
2024-08-15 16:50:57 [MainThread]-[registry._register:39]-[INFO]:组件注册 -> 不为空对象已经在service_registry中注册!
2024-08-15 16:50:57 [MainThread]-[registry._register:39]-[INFO]:组件注册 -> 为空对象已经在service_registry中注册!
2024-08-15 16:50:57 [MainThread]-[registry._register:39]-[INFO]:组件注册 -> 字符串类型相等对象已经在service_registry中注册!
2024-08-15 16:50:57 [MainThread]-[registry._register:39]-[INFO]:组件注册 -> 长度相等对象已经在service_registry中注册!
2024-08-15 16:50:57 [MainThread]-[registry._register:39]-[INFO]:组件注册 -> 长度大于对象已经在service_registry中注册!
2024-08-15 16:50:57 [MainThread]-[registry._register:39]-[INFO]:组件注册 -> 长度大于等于对象已经在service_registry中注册!
2024-08-15 16:50:57 [MainThread]-[registry._register:39]-[INFO]:组件注册 -> 长度小于对象已经在service_registry中注册!
2024-08-15 16:50:57 [MainThread]-[registry._register:39]-[INFO]:组件注册 -> 长度小于等于对象已经在service_registry中注册!
2024-08-15 16:50:57 [MainThread]-[registry._register:39]-[INFO]:组件注册 -> 包含对象已经在service_registry中注册!
2024-08-15 16:50:57 [MainThread]-[registry._register:39]-[INFO]:组件注册 -> 包含常见类型对象已经在service_registry中注册!
2024-08-15 16:50:57 [MainThread]-[registry._register:39]-[INFO]:组件注册 -> 类型匹配对象已经在service_registry中注册!
2024-08-15 16:50:57 [MainThread]-[registry._register:39]-[INFO]:组件注册 -> 正则匹配对象已经在service_registry中注册!
2024-08-15 16:50:57 [MainThread]-[registry._register:39]-[INFO]:组件注册 -> 前缀相等对象已经在service_registry中注册!
2024-08-15 16:50:57 [MainThread]-[registry._register:39]-[INFO]:组件注册 -> 后缀相等对象已经在service_registry中注册!
2024-08-15 16:50:57 [MainThread]-[main.main:13]-[INFO]:启动服务: 0.0.0.0:5001
2024-08-15 16:51:52 [MainThread]-[registry._register:39]-[INFO]:组件注册 -> 相等对象已经在service_registry中注册!
2024-08-15 16:51:52 [MainThread]-[registry._register:39]-[INFO]:组件注册 -> 大于对象已经在service_registry中注册!
2024-08-15 16:51:52 [MainThread]-[registry._register:39]-[INFO]:组件注册 -> 小于对象已经在service_registry中注册!
2024-08-15 16:51:52 [MainThread]-[registry._register:39]-[INFO]:组件注册 -> 大于等于对象已经在service_registry中注册!
2024-08-15 16:51:52 [MainThread]-[registry._register:39]-[INFO]:组件注册 -> 小于等于对象已经在service_registry中注册!
2024-08-15 16:51:52 [MainThread]-[registry._register:39]-[INFO]:组件注册 -> 不等于对象已经在service_registry中注册!
2024-08-15 16:51:52 [MainThread]-[registry._register:39]-[INFO]:组件注册 -> 不为空对象已经在service_registry中注册!
2024-08-15 16:51:52 [MainThread]-[registry._register:39]-[INFO]:组件注册 -> 为空对象已经在service_registry中注册!
2024-08-15 16:51:52 [MainThread]-[registry._register:39]-[INFO]:组件注册 -> 字符串类型相等对象已经在service_registry中注册!
2024-08-15 16:51:52 [MainThread]-[registry._register:39]-[INFO]:组件注册 -> 长度相等对象已经在service_registry中注册!
2024-08-15 16:51:52 [MainThread]-[registry._register:39]-[INFO]:组件注册 -> 长度大于对象已经在service_registry中注册!
2024-08-15 16:51:52 [MainThread]-[registry._register:39]-[INFO]:组件注册 -> 长度大于等于对象已经在service_registry中注册!
2024-08-15 16:51:52 [MainThread]-[registry._register:39]-[INFO]:组件注册 -> 长度小于对象已经在service_registry中注册!
2024-08-15 16:51:52 [MainThread]-[registry._register:39]-[INFO]:组件注册 -> 长度小于等于对象已经在service_registry中注册!
2024-08-15 16:51:52 [MainThread]-[registry._register:39]-[INFO]:组件注册 -> 包含对象已经在service_registry中注册!
2024-08-15 16:51:52 [MainThread]-[registry._register:39]-[INFO]:组件注册 -> 包含常见类型对象已经在service_registry中注册!
2024-08-15 16:51:52 [MainThread]-[registry._register:39]-[INFO]:组件注册 -> 类型匹配对象已经在service_registry中注册!
2024-08-15 16:51:52 [MainThread]-[registry._register:39]-[INFO]:组件注册 -> 正则匹配对象已经在service_registry中注册!
2024-08-15 16:51:52 [MainThread]-[registry._register:39]-[INFO]:组件注册 -> 前缀相等对象已经在service_registry中注册!
2024-08-15 16:51:52 [MainThread]-[registry._register:39]-[INFO]:组件注册 -> 后缀相等对象已经在service_registry中注册!
2024-08-15 16:51:52 [MainThread]-[main.main:13]-[INFO]:启动服务: 0.0.0.0:5001
2024-08-15 16:58:23 [MainThread]-[registry._register:39]-[INFO]:组件注册 -> 相等对象已经在service_registry中注册!
2024-08-15 16:58:23 [MainThread]-[registry._register:39]-[INFO]:组件注册 -> 大于对象已经在service_registry中注册!
2024-08-15 16:58:23 [MainThread]-[registry._register:39]-[INFO]:组件注册 -> 小于对象已经在service_registry中注册!
2024-08-15 16:58:23 [MainThread]-[registry._register:39]-[INFO]:组件注册 -> 大于等于对象已经在service_registry中注册!
2024-08-15 16:58:23 [MainThread]-[registry._register:39]-[INFO]:组件注册 -> 小于等于对象已经在service_registry中注册!
2024-08-15 16:58:23 [MainThread]-[registry._register:39]-[INFO]:组件注册 -> 不等于对象已经在service_registry中注册!
2024-08-15 16:58:23 [MainThread]-[registry._register:39]-[INFO]:组件注册 -> 不为空对象已经在service_registry中注册!
2024-08-15 16:58:23 [MainThread]-[registry._register:39]-[INFO]:组件注册 -> 为空对象已经在service_registry中注册!
2024-08-15 16:58:23 [MainThread]-[registry._register:39]-[INFO]:组件注册 -> 字符串类型相等对象已经在service_registry中注册!
2024-08-15 16:58:23 [MainThread]-[registry._register:39]-[INFO]:组件注册 -> 长度相等对象已经在service_registry中注册!
2024-08-15 16:58:23 [MainThread]-[registry._register:39]-[INFO]:组件注册 -> 长度大于对象已经在service_registry中注册!
2024-08-15 16:58:23 [MainThread]-[registry._register:39]-[INFO]:组件注册 -> 长度大于等于对象已经在service_registry中注册!
2024-08-15 16:58:23 [MainThread]-[registry._register:39]-[INFO]:组件注册 -> 长度小于对象已经在service_registry中注册!
2024-08-15 16:58:23 [MainThread]-[registry._register:39]-[INFO]:组件注册 -> 长度小于等于对象已经在service_registry中注册!
2024-08-15 16:58:23 [MainThread]-[registry._register:39]-[INFO]:组件注册 -> 包含对象已经在service_registry中注册!
2024-08-15 16:58:23 [MainThread]-[registry._register:39]-[INFO]:组件注册 -> 包含常见类型对象已经在service_registry中注册!
2024-08-15 16:58:23 [MainThread]-[registry._register:39]-[INFO]:组件注册 -> 类型匹配对象已经在service_registry中注册!
2024-08-15 16:58:23 [MainThread]-[registry._register:39]-[INFO]:组件注册 -> 正则匹配对象已经在service_registry中注册!
2024-08-15 16:58:23 [MainThread]-[registry._register:39]-[INFO]:组件注册 -> 前缀相等对象已经在service_registry中注册!
2024-08-15 16:58:23 [MainThread]-[registry._register:39]-[INFO]:组件注册 -> 后缀相等对象已经在service_registry中注册!
2024-08-15 16:58:23 [MainThread]-[main.main:13]-[INFO]:启动服务: 0.0.0.0:5001
2024-08-15 17:00:22 [MainThread]-[registry._register:39]-[INFO]:组件注册 -> 相等对象已经在service_registry中注册!
2024-08-15 17:00:22 [MainThread]-[registry._register:39]-[INFO]:组件注册 -> 大于对象已经在service_registry中注册!
2024-08-15 17:00:22 [MainThread]-[registry._register:39]-[INFO]:组件注册 -> 小于对象已经在service_registry中注册!
2024-08-15 17:00:22 [MainThread]-[registry._register:39]-[INFO]:组件注册 -> 大于等于对象已经在service_registry中注册!
2024-08-15 17:00:22 [MainThread]-[registry._register:39]-[INFO]:组件注册 -> 小于等于对象已经在service_registry中注册!
2024-08-15 17:00:22 [MainThread]-[registry._register:39]-[INFO]:组件注册 -> 不等于对象已经在service_registry中注册!
2024-08-15 17:00:22 [MainThread]-[registry._register:39]-[INFO]:组件注册 -> 不为空对象已经在service_registry中注册!
2024-08-15 17:00:22 [MainThread]-[registry._register:39]-[INFO]:组件注册 -> 为空对象已经在service_registry中注册!
2024-08-15 17:00:22 [MainThread]-[registry._register:39]-[INFO]:组件注册 -> 字符串类型相等对象已经在service_registry中注册!
2024-08-15 17:00:22 [MainThread]-[registry._register:39]-[INFO]:组件注册 -> 长度相等对象已经在service_registry中注册!
2024-08-15 17:00:22 [MainThread]-[registry._register:39]-[INFO]:组件注册 -> 长度大于对象已经在service_registry中注册!
2024-08-15 17:00:22 [MainThread]-[registry._register:39]-[INFO]:组件注册 -> 长度大于等于对象已经在service_registry中注册!
2024-08-15 17:00:22 [MainThread]-[registry._register:39]-[INFO]:组件注册 -> 长度小于对象已经在service_registry中注册!
2024-08-15 17:00:22 [MainThread]-[registry._register:39]-[INFO]:组件注册 -> 长度小于等于对象已经在service_registry中注册!
2024-08-15 17:00:22 [MainThread]-[registry._register:39]-[INFO]:组件注册 -> 包含对象已经在service_registry中注册!
2024-08-15 17:00:22 [MainThread]-[registry._register:39]-[INFO]:组件注册 -> 包含常见类型对象已经在service_registry中注册!
2024-08-15 17:00:22 [MainThread]-[registry._register:39]-[INFO]:组件注册 -> 类型匹配对象已经在service_registry中注册!
2024-08-15 17:00:22 [MainThread]-[registry._register:39]-[INFO]:组件注册 -> 正则匹配对象已经在service_registry中注册!
2024-08-15 17:00:22 [MainThread]-[registry._register:39]-[INFO]:组件注册 -> 前缀相等对象已经在service_registry中注册!
2024-08-15 17:00:22 [MainThread]-[registry._register:39]-[INFO]:组件注册 -> 后缀相等对象已经在service_registry中注册!
2024-08-15 17:00:22 [MainThread]-[main.main:13]-[INFO]:启动服务: 0.0.0.0:5001
2024-08-15 17:01:32 [MainThread]-[registry._register:39]-[INFO]:组件注册 -> 相等对象已经在service_registry中注册!
2024-08-15 17:01:32 [MainThread]-[registry._register:39]-[INFO]:组件注册 -> 大于对象已经在service_registry中注册!
2024-08-15 17:01:32 [MainThread]-[registry._register:39]-[INFO]:组件注册 -> 小于对象已经在service_registry中注册!
2024-08-15 17:01:32 [MainThread]-[registry._register:39]-[INFO]:组件注册 -> 大于等于对象已经在service_registry中注册!
2024-08-15 17:01:32 [MainThread]-[registry._register:39]-[INFO]:组件注册 -> 小于等于对象已经在service_registry中注册!
2024-08-15 17:01:32 [MainThread]-[registry._register:39]-[INFO]:组件注册 -> 不等于对象已经在service_registry中注册!
2024-08-15 17:01:32 [MainThread]-[registry._register:39]-[INFO]:组件注册 -> 不为空对象已经在service_registry中注册!
2024-08-15 17:01:32 [MainThread]-[registry._register:39]-[INFO]:组件注册 -> 为空对象已经在service_registry中注册!
2024-08-15 17:01:32 [MainThread]-[registry._register:39]-[INFO]:组件注册 -> 字符串类型相等对象已经在service_registry中注册!
2024-08-15 17:01:32 [MainThread]-[registry._register:39]-[INFO]:组件注册 -> 长度相等对象已经在service_registry中注册!
2024-08-15 17:01:32 [MainThread]-[registry._register:39]-[INFO]:组件注册 -> 长度大于对象已经在service_registry中注册!
2024-08-15 17:01:32 [MainThread]-[registry._register:39]-[INFO]:组件注册 -> 长度大于等于对象已经在service_registry中注册!
2024-08-15 17:01:32 [MainThread]-[registry._register:39]-[INFO]:组件注册 -> 长度小于对象已经在service_registry中注册!
2024-08-15 17:01:32 [MainThread]-[registry._register:39]-[INFO]:组件注册 -> 长度小于等于对象已经在service_registry中注册!
2024-08-15 17:01:32 [MainThread]-[registry._register:39]-[INFO]:组件注册 -> 包含对象已经在service_registry中注册!
2024-08-15 17:01:32 [MainThread]-[registry._register:39]-[INFO]:组件注册 -> 包含常见类型对象已经在service_registry中注册!
2024-08-15 17:01:32 [MainThread]-[registry._register:39]-[INFO]:组件注册 -> 类型匹配对象已经在service_registry中注册!
2024-08-15 17:01:32 [MainThread]-[registry._register:39]-[INFO]:组件注册 -> 正则匹配对象已经在service_registry中注册!
2024-08-15 17:01:32 [MainThread]-[registry._register:39]-[INFO]:组件注册 -> 前缀相等对象已经在service_registry中注册!
2024-08-15 17:01:32 [MainThread]-[registry._register:39]-[INFO]:组件注册 -> 后缀相等对象已经在service_registry中注册!
2024-08-15 17:01:32 [MainThread]-[main.main:13]-[INFO]:启动服务: 0.0.0.0:5001
2024-08-15 17:04:24 [MainThread]-[registry._register:39]-[INFO]:组件注册 -> 相等对象已经在service_registry中注册!
2024-08-15 17:04:24 [MainThread]-[registry._register:39]-[INFO]:组件注册 -> 大于对象已经在service_registry中注册!
2024-08-15 17:04:24 [MainThread]-[registry._register:39]-[INFO]:组件注册 -> 小于对象已经在service_registry中注册!
2024-08-15 17:04:24 [MainThread]-[registry._register:39]-[INFO]:组件注册 -> 大于等于对象已经在service_registry中注册!
2024-08-15 17:04:24 [MainThread]-[registry._register:39]-[INFO]:组件注册 -> 小于等于对象已经在service_registry中注册!
2024-08-15 17:04:24 [MainThread]-[registry._register:39]-[INFO]:组件注册 -> 不等于对象已经在service_registry中注册!
2024-08-15 17:04:24 [MainThread]-[registry._register:39]-[INFO]:组件注册 -> 不为空对象已经在service_registry中注册!
2024-08-15 17:04:24 [MainThread]-[registry._register:39]-[INFO]:组件注册 -> 为空对象已经在service_registry中注册!
2024-08-15 17:04:24 [MainThread]-[registry._register:39]-[INFO]:组件注册 -> 字符串类型相等对象已经在service_registry中注册!
2024-08-15 17:04:24 [MainThread]-[registry._register:39]-[INFO]:组件注册 -> 长度相等对象已经在service_registry中注册!
2024-08-15 17:04:24 [MainThread]-[registry._register:39]-[INFO]:组件注册 -> 长度大于对象已经在service_registry中注册!
2024-08-15 17:04:24 [MainThread]-[registry._register:39]-[INFO]:组件注册 -> 长度大于等于对象已经在service_registry中注册!
2024-08-15 17:04:24 [MainThread]-[registry._register:39]-[INFO]:组件注册 -> 长度小于对象已经在service_registry中注册!
2024-08-15 17:04:24 [MainThread]-[registry._register:39]-[INFO]:组件注册 -> 长度小于等于对象已经在service_registry中注册!
2024-08-15 17:04:24 [MainThread]-[registry._register:39]-[INFO]:组件注册 -> 包含对象已经在service_registry中注册!
2024-08-15 17:04:24 [MainThread]-[registry._register:39]-[INFO]:组件注册 -> 包含常见类型对象已经在service_registry中注册!
2024-08-15 17:04:24 [MainThread]-[registry._register:39]-[INFO]:组件注册 -> 类型匹配对象已经在service_registry中注册!
2024-08-15 17:04:24 [MainThread]-[registry._register:39]-[INFO]:组件注册 -> 正则匹配对象已经在service_registry中注册!
2024-08-15 17:04:24 [MainThread]-[registry._register:39]-[INFO]:组件注册 -> 前缀相等对象已经在service_registry中注册!
2024-08-15 17:04:24 [MainThread]-[registry._register:39]-[INFO]:组件注册 -> 后缀相等对象已经在service_registry中注册!
2024-08-15 17:04:24 [MainThread]-[main.main:13]-[INFO]:启动服务: 0.0.0.0:5001
2024-08-15 17:04:28 [ThreadPoolExecutor-0_0]-[base.__send_request:444]-[INFO]:--------  request info ----------
{
    "url": "http://httpbin.org/post",
    "method": "POST",
    "headers": {}
}
--------  response info ----------
{
  "args": {},
  "data": "",
  "files": {},
  "form": {},
  "headers": {
    "Accept": "*/*",
    "Accept-Encoding": "gzip, deflate, br",
    "Content-Length": "0",
    "Host": "httpbin.org",
    "User-Agent": "python-requests/2.32.3",
    "X-Amzn-Trace-Id": "Root=1-66bdc49b-0380706b23b032f4333f60d6"
  },
  "json": null,
  "origin": "107.172.57.49",
  "url": "http://httpbin.org/post"
}
